<?xml version="1.0" encoding="UTF-8"?>
<testsuite xmlns:xsi="http://www.w3.org/2001/XMLSchema-instance" xsi:noNamespaceSchemaLocation="https://maven.apache.org/surefire/maven-failsafe-plugin/xsd/failsafe-test-report-3.0.xsd" version="3.0" name="starter.CucumberTestSuite" time="38.704" tests="51" errors="0" skipped="0" failures="1">
  <properties>
    <property name="java.specification.version" value="17"/>
    <property name="sun.cpu.isalist" value="amd64"/>
    <property name="sun.jnu.encoding" value="Cp1252"/>
    <property name="java.class.path" value="D:\SEMESTER 5\All Section\Section 3 - Code Competence\Code Competence KM QA 2\Weekly2\target\test-classes;C:\Users\Lenovo\.m2\repository\net\serenity-bdd\serenity-core\3.6.12\serenity-core-3.6.12.jar;C:\Users\Lenovo\.m2\repository\net\serenity-bdd\serenity-model\3.6.12\serenity-model-3.6.12.jar;C:\Users\Lenovo\.m2\repository\org\apache\commons\commons-text\1.10.0\commons-text-1.10.0.jar;C:\Users\Lenovo\.m2\repository\commons-net\commons-net\3.9.0\commons-net-3.9.0.jar;C:\Users\Lenovo\.m2\repository\com\google\guava\guava\31.1-jre\guava-31.1-jre.jar;C:\Users\Lenovo\.m2\repository\com\google\guava\failureaccess\1.0.1\failureaccess-1.0.1.jar;C:\Users\Lenovo\.m2\repository\com\google\guava\listenablefuture\9999.0-empty-to-avoid-conflict-with-guava\listenablefuture-9999.0-empty-to-avoid-conflict-with-guava.jar;C:\Users\Lenovo\.m2\repository\com\google\code\findbugs\jsr305\3.0.2\jsr305-3.0.2.jar;C:\Users\Lenovo\.m2\repository\org\checkerframework\checker-qual\3.12.0\checker-qual-3.12.0.jar;C:\Users\Lenovo\.m2\repository\com\google\errorprone\error_prone_annotations\2.11.0\error_prone_annotations-2.11.0.jar;C:\Users\Lenovo\.m2\repository\com\google\j2objc\j2objc-annotations\1.3\j2objc-annotations-1.3.jar;C:\Users\Lenovo\.m2\repository\com\google\inject\guice\5.1.0\guice-5.1.0.jar;C:\Users\Lenovo\.m2\repository\javax\inject\javax.inject\1\javax.inject-1.jar;C:\Users\Lenovo\.m2\repository\aopalliance\aopalliance\1.0\aopalliance-1.0.jar;C:\Users\Lenovo\.m2\repository\org\jsoup\jsoup\1.14.3\jsoup-1.14.3.jar;C:\Users\Lenovo\.m2\repository\com\thoughtworks\xstream\xstream\1.4.20\xstream-1.4.20.jar;C:\Users\Lenovo\.m2\repository\io\github\x-stream\mxparser\1.2.2\mxparser-1.2.2.jar;C:\Users\Lenovo\.m2\repository\xmlpull\xmlpull\1.1.3.1\xmlpull-1.1.3.1.jar;C:\Users\Lenovo\.m2\repository\com\typesafe\config\1.4.2\config-1.4.2.jar;C:\Users\Lenovo\.m2\repository\org\imgscalr\imgscalr-lib\4.2\imgscalr-lib-4.2.jar;C:\Users\Lenovo\.m2\repository\org\awaitility\awaitility\4.2.0\awaitility-4.2.0.jar;C:\Users\Lenovo\.m2\repository\org\freemarker\freemarker\2.3.31\freemarker-2.3.31.jar;C:\Users\Lenovo\.m2\repository\io\github\classgraph\classgraph\4.8.138\classgraph-4.8.138.jar;C:\Users\Lenovo\.m2\repository\net\sourceforge\jexcelapi\jxl\2.6.12\jxl-2.6.12.jar;C:\Users\Lenovo\.m2\repository\net\bytebuddy\byte-buddy-agent\1.12.22\byte-buddy-agent-1.12.22.jar;C:\Users\Lenovo\.m2\repository\org\objenesis\objenesis\3.1\objenesis-3.1.jar;C:\Users\Lenovo\.m2\repository\net\serenity-bdd\serenity-reports\3.6.12\serenity-reports-3.6.12.jar;C:\Users\Lenovo\.m2\repository\net\serenity-bdd\serenity-stats\3.6.12\serenity-stats-3.6.12.jar;C:\Users\Lenovo\.m2\repository\net\serenity-bdd\serenity-reports-configuration\3.6.12\serenity-reports-configuration-3.6.12.jar;C:\Users\Lenovo\.m2\repository\com\vladsch\flexmark\flexmark-all\0.34.30\flexmark-all-0.34.30.jar;C:\Users\Lenovo\.m2\repository\com\vladsch\flexmark\flexmark\0.34.30\flexmark-0.34.30.jar;C:\Users\Lenovo\.m2\repository\com\vladsch\flexmark\flexmark-ext-abbreviation\0.34.30\flexmark-ext-abbreviation-0.34.30.jar;C:\Users\Lenovo\.m2\repository\com\vladsch\flexmark\flexmark-ext-admonition\0.34.30\flexmark-ext-admonition-0.34.30.jar;C:\Users\Lenovo\.m2\repository\com\vladsch\flexmark\flexmark-ext-anchorlink\0.34.30\flexmark-ext-anchorlink-0.34.30.jar;C:\Users\Lenovo\.m2\repository\com\vladsch\flexmark\flexmark-ext-aside\0.34.30\flexmark-ext-aside-0.34.30.jar;C:\Users\Lenovo\.m2\repository\com\vladsch\flexmark\flexmark-ext-attributes\0.34.30\flexmark-ext-attributes-0.34.30.jar;C:\Users\Lenovo\.m2\repository\com\vladsch\flexmark\flexmark-ext-autolink\0.34.30\flexmark-ext-autolink-0.34.30.jar;C:\Users\Lenovo\.m2\repository\org\nibor\autolink\autolink\0.6.0\autolink-0.6.0.jar;C:\Users\Lenovo\.m2\repository\com\vladsch\flexmark\flexmark-ext-definition\0.34.30\flexmark-ext-definition-0.34.30.jar;C:\Users\Lenovo\.m2\repository\com\vladsch\flexmark\flexmark-ext-emoji\0.34.30\flexmark-ext-emoji-0.34.30.jar;C:\Users\Lenovo\.m2\repository\com\vladsch\flexmark\flexmark-ext-enumerated-reference\0.34.30\flexmark-ext-enumerated-reference-0.34.30.jar;C:\Users\Lenovo\.m2\repository\com\vladsch\flexmark\flexmark-ext-escaped-character\0.34.30\flexmark-ext-escaped-character-0.34.30.jar;C:\Users\Lenovo\.m2\repository\com\vladsch\flexmark\flexmark-ext-footnotes\0.34.30\flexmark-ext-footnotes-0.34.30.jar;C:\Users\Lenovo\.m2\repository\com\vladsch\flexmark\flexmark-ext-gfm-issues\0.34.30\flexmark-ext-gfm-issues-0.34.30.jar;C:\Users\Lenovo\.m2\repository\com\vladsch\flexmark\flexmark-ext-gfm-strikethrough\0.34.30\flexmark-ext-gfm-strikethrough-0.34.30.jar;C:\Users\Lenovo\.m2\repository\com\vladsch\flexmark\flexmark-ext-gfm-tables\0.34.30\flexmark-ext-gfm-tables-0.34.30.jar;C:\Users\Lenovo\.m2\repository\com\vladsch\flexmark\flexmark-ext-gfm-tasklist\0.34.30\flexmark-ext-gfm-tasklist-0.34.30.jar;C:\Users\Lenovo\.m2\repository\com\vladsch\flexmark\flexmark-ext-gfm-users\0.34.30\flexmark-ext-gfm-users-0.34.30.jar;C:\Users\Lenovo\.m2\repository\com\vladsch\flexmark\flexmark-ext-gitlab\0.34.30\flexmark-ext-gitlab-0.34.30.jar;C:\Users\Lenovo\.m2\repository\com\vladsch\flexmark\flexmark-ext-jekyll-front-matter\0.34.30\flexmark-ext-jekyll-front-matter-0.34.30.jar;C:\Users\Lenovo\.m2\repository\com\vladsch\flexmark\flexmark-ext-jekyll-tag\0.34.30\flexmark-ext-jekyll-tag-0.34.30.jar;C:\Users\Lenovo\.m2\repository\com\vladsch\flexmark\flexmark-ext-media-tags\0.34.30\flexmark-ext-media-tags-0.34.30.jar;C:\Users\Lenovo\.m2\repository\com\vladsch\flexmark\flexmark-test-util\0.34.30\flexmark-test-util-0.34.30.jar;C:\Users\Lenovo\.m2\repository\com\vladsch\flexmark\flexmark-ext-ins\0.34.30\flexmark-ext-ins-0.34.30.jar;C:\Users\Lenovo\.m2\repository\com\vladsch\flexmark\flexmark-ext-xwiki-macros\0.34.30\flexmark-ext-xwiki-macros-0.34.30.jar;C:\Users\Lenovo\.m2\repository\com\vladsch\flexmark\flexmark-ext-superscript\0.34.30\flexmark-ext-superscript-0.34.30.jar;C:\Users\Lenovo\.m2\repository\com\vladsch\flexmark\flexmark-ext-tables\0.34.30\flexmark-ext-tables-0.34.30.jar;C:\Users\Lenovo\.m2\repository\com\vladsch\flexmark\flexmark-ext-toc\0.34.30\flexmark-ext-toc-0.34.30.jar;C:\Users\Lenovo\.m2\repository\com\vladsch\flexmark\flexmark-ext-typographic\0.34.30\flexmark-ext-typographic-0.34.30.jar;C:\Users\Lenovo\.m2\repository\com\vladsch\flexmark\flexmark-ext-wikilink\0.34.30\flexmark-ext-wikilink-0.34.30.jar;C:\Users\Lenovo\.m2\repository\com\vladsch\flexmark\flexmark-ext-yaml-front-matter\0.34.30\flexmark-ext-yaml-front-matter-0.34.30.jar;C:\Users\Lenovo\.m2\repository\com\vladsch\flexmark\flexmark-ext-youtube-embedded\0.34.30\flexmark-ext-youtube-embedded-0.34.30.jar;C:\Users\Lenovo\.m2\repository\com\vladsch\flexmark\flexmark-formatter\0.34.30\flexmark-formatter-0.34.30.jar;C:\Users\Lenovo\.m2\repository\com\vladsch\flexmark\flexmark-html-parser\0.34.30\flexmark-html-parser-0.34.30.jar;C:\Users\Lenovo\.m2\repository\com\vladsch\flexmark\flexmark-jira-converter\0.34.30\flexmark-jira-converter-0.34.30.jar;C:\Users\Lenovo\.m2\repository\com\vladsch\flexmark\flexmark-pdf-converter\0.34.30\flexmark-pdf-converter-0.34.30.jar;C:\Users\Lenovo\.m2\repository\com\openhtmltopdf\openhtmltopdf-core\0.0.1-RC13\openhtmltopdf-core-0.0.1-RC13.jar;C:\Users\Lenovo\.m2\repository\com\openhtmltopdf\openhtmltopdf-pdfbox\0.0.1-RC13\openhtmltopdf-pdfbox-0.0.1-RC13.jar;C:\Users\Lenovo\.m2\repository\org\apache\pdfbox\pdfbox\2.0.8\pdfbox-2.0.8.jar;C:\Users\Lenovo\.m2\repository\org\apache\pdfbox\fontbox\2.0.8\fontbox-2.0.8.jar;C:\Users\Lenovo\.m2\repository\org\apache\pdfbox\xmpbox\2.0.8\xmpbox-2.0.8.jar;C:\Users\Lenovo\.m2\repository\de\rototor\pdfbox\graphics2d\0.12\graphics2d-0.12.jar;C:\Users\Lenovo\.m2\repository\com\openhtmltopdf\openhtmltopdf-rtl-support\0.0.1-RC13\openhtmltopdf-rtl-support-0.0.1-RC13.jar;C:\Users\Lenovo\.m2\repository\com\ibm\icu\icu4j\59.1\icu4j-59.1.jar;C:\Users\Lenovo\.m2\repository\com\openhtmltopdf\openhtmltopdf-jsoup-dom-converter\0.0.1-RC13\openhtmltopdf-jsoup-dom-converter-0.0.1-RC13.jar;C:\Users\Lenovo\.m2\repository\com\vladsch\flexmark\flexmark-profile-pegdown\0.34.30\flexmark-profile-pegdown-0.34.30.jar;C:\Users\Lenovo\.m2\repository\com\vladsch\flexmark\flexmark-util\0.34.30\flexmark-util-0.34.30.jar;C:\Users\Lenovo\.m2\repository\com\vladsch\flexmark\flexmark-youtrack-converter\0.34.30\flexmark-youtrack-converter-0.34.30.jar;C:\Users\Lenovo\.m2\repository\es\nitaur\markdown\txtmark\0.16\txtmark-0.16.jar;C:\Users\Lenovo\.m2\repository\net\serenity-bdd\serenity-report-resources\3.6.12\serenity-report-resources-3.6.12.jar;C:\Users\Lenovo\.m2\repository\com\google\code\gson\gson\2.9.0\gson-2.9.0.jar;C:\Users\Lenovo\.m2\repository\com\fasterxml\jackson\core\jackson-core\2.14.2\jackson-core-2.14.2.jar;C:\Users\Lenovo\.m2\repository\com\fasterxml\jackson\core\jackson-databind\2.14.2\jackson-databind-2.14.2.jar;C:\Users\Lenovo\.m2\repository\com\fasterxml\jackson\core\jackson-annotations\2.14.2\jackson-annotations-2.14.2.jar;C:\Users\Lenovo\.m2\repository\commons-codec\commons-codec\1.15\commons-codec-1.15.jar;C:\Users\Lenovo\.m2\repository\commons-io\commons-io\2.11.0\commons-io-2.11.0.jar;C:\Users\Lenovo\.m2\repository\org\apache\httpcomponents\httpclient\4.5.13\httpclient-4.5.13.jar;C:\Users\Lenovo\.m2\repository\org\apache\httpcomponents\httpcore\4.4.13\httpcore-4.4.13.jar;C:\Users\Lenovo\.m2\repository\commons-logging\commons-logging\1.2\commons-logging-1.2.jar;C:\Users\Lenovo\.m2\repository\org\seleniumhq\selenium\selenium-java\4.8.0\selenium-java-4.8.0.jar;C:\Users\Lenovo\.m2\repository\org\seleniumhq\selenium\selenium-devtools-v107\4.8.0\selenium-devtools-v107-4.8.0.jar;C:\Users\Lenovo\.m2\repository\org\seleniumhq\selenium\selenium-devtools-v108\4.8.0\selenium-devtools-v108-4.8.0.jar;C:\Users\Lenovo\.m2\repository\org\seleniumhq\selenium\selenium-devtools-v109\4.8.0\selenium-devtools-v109-4.8.0.jar;C:\Users\Lenovo\.m2\repository\org\seleniumhq\selenium\selenium-devtools-v85\4.8.0\selenium-devtools-v85-4.8.0.jar;C:\Users\Lenovo\.m2\repository\org\seleniumhq\selenium\selenium-remote-driver\4.8.0\selenium-remote-driver-4.8.0.jar;C:\Users\Lenovo\.m2\repository\io\netty\netty-buffer\4.1.87.Final\netty-buffer-4.1.87.Final.jar;C:\Users\Lenovo\.m2\repository\io\netty\netty-codec-http\4.1.87.Final\netty-codec-http-4.1.87.Final.jar;C:\Users\Lenovo\.m2\repository\io\netty\netty-codec\4.1.87.Final\netty-codec-4.1.87.Final.jar;C:\Users\Lenovo\.m2\repository\io\netty\netty-handler\4.1.87.Final\netty-handler-4.1.87.Final.jar;C:\Users\Lenovo\.m2\repository\io\netty\netty-common\4.1.87.Final\netty-common-4.1.87.Final.jar;C:\Users\Lenovo\.m2\repository\io\netty\netty-transport-classes-epoll\4.1.87.Final\netty-transport-classes-epoll-4.1.87.Final.jar;C:\Users\Lenovo\.m2\repository\io\netty\netty-transport-classes-kqueue\4.1.87.Final\netty-transport-classes-kqueue-4.1.87.Final.jar;C:\Users\Lenovo\.m2\repository\io\netty\netty-transport-native-epoll\4.1.87.Final\netty-transport-native-epoll-4.1.87.Final.jar;C:\Users\Lenovo\.m2\repository\io\netty\netty-transport-native-kqueue\4.1.87.Final\netty-transport-native-kqueue-4.1.87.Final.jar;C:\Users\Lenovo\.m2\repository\io\netty\netty-transport-native-unix-common\4.1.87.Final\netty-transport-native-unix-common-4.1.87.Final.jar;C:\Users\Lenovo\.m2\repository\io\netty\netty-transport\4.1.87.Final\netty-transport-4.1.87.Final.jar;C:\Users\Lenovo\.m2\repository\io\netty\netty-resolver\4.1.87.Final\netty-resolver-4.1.87.Final.jar;C:\Users\Lenovo\.m2\repository\io\opentelemetry\opentelemetry-api\1.22.0\opentelemetry-api-1.22.0.jar;C:\Users\Lenovo\.m2\repository\io\opentelemetry\opentelemetry-context\1.22.0\opentelemetry-context-1.22.0.jar;C:\Users\Lenovo\.m2\repository\io\opentelemetry\opentelemetry-exporter-logging\1.22.0\opentelemetry-exporter-logging-1.22.0.jar;C:\Users\Lenovo\.m2\repository\io\opentelemetry\opentelemetry-sdk-metrics\1.22.0\opentelemetry-sdk-metrics-1.22.0.jar;C:\Users\Lenovo\.m2\repository\io\opentelemetry\opentelemetry-sdk-logs\1.22.0-alpha\opentelemetry-sdk-logs-1.22.0-alpha.jar;C:\Users\Lenovo\.m2\repository\io\opentelemetry\opentelemetry-api-logs\1.22.0-alpha\opentelemetry-api-logs-1.22.0-alpha.jar;C:\Users\Lenovo\.m2\repository\io\opentelemetry\opentelemetry-sdk-common\1.22.0\opentelemetry-sdk-common-1.22.0.jar;C:\Users\Lenovo\.m2\repository\io\opentelemetry\opentelemetry-sdk-extension-autoconfigure-spi\1.22.0\opentelemetry-sdk-extension-autoconfigure-spi-1.22.0.jar;C:\Users\Lenovo\.m2\repository\io\opentelemetry\opentelemetry-sdk-extension-autoconfigure\1.22.0-alpha\opentelemetry-sdk-extension-autoconfigure-1.22.0-alpha.jar;C:\Users\Lenovo\.m2\repository\io\opentelemetry\opentelemetry-sdk-trace\1.22.0\opentelemetry-sdk-trace-1.22.0.jar;C:\Users\Lenovo\.m2\repository\io\opentelemetry\opentelemetry-sdk\1.22.0\opentelemetry-sdk-1.22.0.jar;C:\Users\Lenovo\.m2\repository\io\opentelemetry\opentelemetry-semconv\1.22.0-alpha\opentelemetry-semconv-1.22.0-alpha.jar;C:\Users\Lenovo\.m2\repository\io\ous\jtoml\2.0.0\jtoml-2.0.0.jar;C:\Users\Lenovo\.m2\repository\org\apache\commons\commons-exec\1.3\commons-exec-1.3.jar;C:\Users\Lenovo\.m2\repository\org\asynchttpclient\async-http-client\2.12.3\async-http-client-2.12.3.jar;C:\Users\Lenovo\.m2\repository\org\asynchttpclient\async-http-client-netty-utils\2.12.3\async-http-client-netty-utils-2.12.3.jar;C:\Users\Lenovo\.m2\repository\io\netty\netty-codec-socks\4.1.60.Final\netty-codec-socks-4.1.60.Final.jar;C:\Users\Lenovo\.m2\repository\io\netty\netty-handler-proxy\4.1.60.Final\netty-handler-proxy-4.1.60.Final.jar;C:\Users\Lenovo\.m2\repository\io\netty\netty-transport-native-epoll\4.1.60.Final\netty-transport-native-epoll-4.1.60.Final-linux-x86_64.jar;C:\Users\Lenovo\.m2\repository\io\netty\netty-transport-native-kqueue\4.1.60.Final\netty-transport-native-kqueue-4.1.60.Final-osx-x86_64.jar;C:\Users\Lenovo\.m2\repository\org\reactivestreams\reactive-streams\1.0.3\reactive-streams-1.0.3.jar;C:\Users\Lenovo\.m2\repository\com\typesafe\netty\netty-reactive-streams\2.0.4\netty-reactive-streams-2.0.4.jar;C:\Users\Lenovo\.m2\repository\org\seleniumhq\selenium\selenium-manager\4.8.0\selenium-manager-4.8.0.jar;C:\Users\Lenovo\.m2\repository\org\seleniumhq\selenium\selenium-safari-driver\4.8.0\selenium-safari-driver-4.8.0.jar;C:\Users\Lenovo\.m2\repository\org\seleniumhq\selenium\selenium-api\4.8.0\selenium-api-4.8.0.jar;C:\Users\Lenovo\.m2\repository\org\seleniumhq\selenium\selenium-support\4.8.0\selenium-support-4.8.0.jar;C:\Users\Lenovo\.m2\repository\com\google\auto\service\auto-service-annotations\1.0.1\auto-service-annotations-1.0.1.jar;C:\Users\Lenovo\.m2\repository\com\google\auto\service\auto-service\1.0.1\auto-service-1.0.1.jar;C:\Users\Lenovo\.m2\repository\com\google\auto\auto-common\1.2\auto-common-1.2.jar;C:\Users\Lenovo\.m2\repository\org\seleniumhq\selenium\selenium-json\4.8.0\selenium-json-4.8.0.jar;C:\Users\Lenovo\.m2\repository\org\seleniumhq\selenium\selenium-chrome-driver\4.8.0\selenium-chrome-driver-4.8.0.jar;C:\Users\Lenovo\.m2\repository\org\seleniumhq\selenium\selenium-chromium-driver\4.8.0\selenium-chromium-driver-4.8.0.jar;C:\Users\Lenovo\.m2\repository\org\seleniumhq\selenium\selenium-firefox-driver\4.8.0\selenium-firefox-driver-4.8.0.jar;C:\Users\Lenovo\.m2\repository\org\seleniumhq\selenium\selenium-http\4.8.0\selenium-http-4.8.0.jar;C:\Users\Lenovo\.m2\repository\dev\failsafe\failsafe\3.3.0\failsafe-3.3.0.jar;C:\Users\Lenovo\.m2\repository\org\seleniumhq\selenium\selenium-edge-driver\4.8.0\selenium-edge-driver-4.8.0.jar;C:\Users\Lenovo\.m2\repository\org\seleniumhq\selenium\selenium-ie-driver\4.8.0\selenium-ie-driver-4.8.0.jar;C:\Users\Lenovo\.m2\repository\org\projectlombok\lombok\1.18.20\lombok-1.18.20.jar;C:\Users\Lenovo\.m2\repository\io\appium\java-client\8.3.0\java-client-8.3.0.jar;C:\Users\Lenovo\.m2\repository\commons-validator\commons-validator\1.7\commons-validator-1.7.jar;C:\Users\Lenovo\.m2\repository\commons-digester\commons-digester\2.1\commons-digester-2.1.jar;C:\Users\Lenovo\.m2\repository\org\apache\groovy\groovy\4.0.6\groovy-4.0.6.jar;C:\Users\Lenovo\.m2\repository\net\sf\opencsv\opencsv\2.0\opencsv-2.0.jar;C:\Users\Lenovo\.m2\repository\commons-beanutils\commons-beanutils\1.9.4\commons-beanutils-1.9.4.jar;C:\Users\Lenovo\.m2\repository\org\apache\commons\commons-lang3\3.12.0\commons-lang3-3.12.0.jar;C:\Users\Lenovo\.m2\repository\commons-collections\commons-collections\3.2.2\commons-collections-3.2.2.jar;C:\Users\Lenovo\.m2\repository\org\fluentlenium\fluentlenium-core\0.10.2\fluentlenium-core-0.10.2.jar;C:\Users\Lenovo\.m2\repository\io\github\bonigarcia\webdrivermanager\5.3.0\webdrivermanager-5.3.0.jar;C:\Users\Lenovo\.m2\repository\com\github\docker-java\docker-java\3.2.13\docker-java-3.2.13.jar;C:\Users\Lenovo\.m2\repository\com\github\docker-java\docker-java-core\3.2.13\docker-java-core-3.2.13.jar;C:\Users\Lenovo\.m2\repository\com\github\docker-java\docker-java-api\3.2.13\docker-java-api-3.2.13.jar;C:\Users\Lenovo\.m2\repository\org\apache\commons\commons-compress\1.21\commons-compress-1.21.jar;C:\Users\Lenovo\.m2\repository\org\bouncycastle\bcpkix-jdk15on\1.64\bcpkix-jdk15on-1.64.jar;C:\Users\Lenovo\.m2\repository\org\bouncycastle\bcprov-jdk15on\1.64\bcprov-jdk15on-1.64.jar;C:\Users\Lenovo\.m2\repository\org\slf4j\jcl-over-slf4j\1.7.30\jcl-over-slf4j-1.7.30.jar;C:\Users\Lenovo\.m2\repository\com\github\docker-java\docker-java-transport-httpclient5\3.2.13\docker-java-transport-httpclient5-3.2.13.jar;C:\Users\Lenovo\.m2\repository\com\github\docker-java\docker-java-transport\3.2.13\docker-java-transport-3.2.13.jar;C:\Users\Lenovo\.m2\repository\net\java\dev\jna\jna\5.8.0\jna-5.8.0.jar;C:\Users\Lenovo\.m2\repository\org\brotli\dec\0.1.2\dec-0.1.2.jar;C:\Users\Lenovo\.m2\repository\org\apache\httpcomponents\client5\httpclient5\5.1.3\httpclient5-5.1.3.jar;C:\Users\Lenovo\.m2\repository\org\apache\httpcomponents\core5\httpcore5\5.1.3\httpcore5-5.1.3.jar;C:\Users\Lenovo\.m2\repository\org\apache\httpcomponents\core5\httpcore5-h2\5.1.3\httpcore5-h2-5.1.3.jar;C:\Users\Lenovo\.m2\repository\com\jhlabs\filters\2.0.235\filters-2.0.235.jar;C:\Users\Lenovo\.m2\repository\com\paulhammant\ngwebdriver\1.1.6\ngwebdriver-1.1.6.jar;C:\Users\Lenovo\.m2\repository\joda-time\joda-time\2.8.2\joda-time-2.8.2.jar;C:\Users\Lenovo\.m2\repository\org\hamcrest\hamcrest\2.2\hamcrest-2.2.jar;C:\Users\Lenovo\.m2\repository\com\google\jimfs\jimfs\1.2\jimfs-1.2.jar;C:\Users\Lenovo\.m2\repository\org\mockito\mockito-core\3.3.3\mockito-core-3.3.3.jar;C:\Users\Lenovo\.m2\repository\javax\xml\bind\jaxb-api\2.3.1\jaxb-api-2.3.1.jar;C:\Users\Lenovo\.m2\repository\javax\activation\javax.activation-api\1.2.0\javax.activation-api-1.2.0.jar;C:\Users\Lenovo\.m2\repository\com\sun\xml\bind\jaxb-core\2.3.0.1\jaxb-core-2.3.0.1.jar;C:\Users\Lenovo\.m2\repository\com\sun\xml\bind\jaxb-impl\2.3.3\jaxb-impl-2.3.3.jar;C:\Users\Lenovo\.m2\repository\jakarta\xml\bind\jakarta.xml.bind-api\2.3.3\jakarta.xml.bind-api-2.3.3.jar;C:\Users\Lenovo\.m2\repository\com\sun\activation\jakarta.activation\1.2.2\jakarta.activation-1.2.2.jar;C:\Users\Lenovo\.m2\repository\javax\activation\activation\1.1.1\activation-1.1.1.jar;C:\Users\Lenovo\.m2\repository\net\serenity-bdd\serenity-rest-assured\3.6.12\serenity-rest-assured-3.6.12.jar;C:\Users\Lenovo\.m2\repository\io\rest-assured\rest-assured\5.2.0\rest-assured-5.2.0.jar;C:\Users\Lenovo\.m2\repository\org\apache\httpcomponents\httpmime\4.5.13\httpmime-4.5.13.jar;C:\Users\Lenovo\.m2\repository\org\ccil\cowan\tagsoup\tagsoup\1.2.1\tagsoup-1.2.1.jar;C:\Users\Lenovo\.m2\repository\io\rest-assured\json-path\5.2.0\json-path-5.2.0.jar;C:\Users\Lenovo\.m2\repository\io\rest-assured\rest-assured-common\5.2.0\rest-assured-common-5.2.0.jar;C:\Users\Lenovo\.m2\repository\io\rest-assured\xml-path\5.2.0\xml-path-5.2.0.jar;C:\Users\Lenovo\.m2\repository\org\apache\groovy\groovy-json\4.0.6\groovy-json-4.0.6.jar;C:\Users\Lenovo\.m2\repository\org\apache\groovy\groovy-xml\4.0.6\groovy-xml-4.0.6.jar;C:\Users\Lenovo\.m2\repository\org\opentest4j\opentest4j\1.2.0\opentest4j-1.2.0.jar;C:\Users\Lenovo\.m2\repository\net\serenity-bdd\serenity-cucumber\3.6.12\serenity-cucumber-3.6.12.jar;C:\Users\Lenovo\.m2\repository\io\cucumber\cucumber-core\7.11.0\cucumber-core-7.11.0.jar;C:\Users\Lenovo\.m2\repository\io\cucumber\cucumber-gherkin\7.11.0\cucumber-gherkin-7.11.0.jar;C:\Users\Lenovo\.m2\repository\io\cucumber\cucumber-gherkin-messages\7.11.0\cucumber-gherkin-messages-7.11.0.jar;C:\Users\Lenovo\.m2\repository\io\cucumber\gherkin\26.0.3\gherkin-26.0.3.jar;C:\Users\Lenovo\.m2\repository\io\cucumber\messages\21.0.1\messages-21.0.1.jar;C:\Users\Lenovo\.m2\repository\io\cucumber\tag-expressions\5.0.1\tag-expressions-5.0.1.jar;C:\Users\Lenovo\.m2\repository\io\cucumber\cucumber-expressions\16.1.1\cucumber-expressions-16.1.1.jar;C:\Users\Lenovo\.m2\repository\io\cucumber\datatable\7.11.0\datatable-7.11.0.jar;C:\Users\Lenovo\.m2\repository\io\cucumber\cucumber-plugin\7.11.0\cucumber-plugin-7.11.0.jar;C:\Users\Lenovo\.m2\repository\io\cucumber\docstring\7.11.0\docstring-7.11.0.jar;C:\Users\Lenovo\.m2\repository\io\cucumber\html-formatter\20.2.1\html-formatter-20.2.1.jar;C:\Users\Lenovo\.m2\repository\io\cucumber\junit-xml-formatter\0.1.0\junit-xml-formatter-0.1.0.jar;C:\Users\Lenovo\.m2\repository\io\cucumber\ci-environment\9.1.0\ci-environment-9.1.0.jar;C:\Users\Lenovo\.m2\repository\io\cucumber\cucumber-java\7.11.0\cucumber-java-7.11.0.jar;C:\Users\Lenovo\.m2\repository\io\cucumber\cucumber-junit\7.11.0\cucumber-junit-7.11.0.jar;C:\Users\Lenovo\.m2\repository\org\apache\commons\commons-csv\1.5\commons-csv-1.5.jar;C:\Users\Lenovo\.m2\repository\net\serenity-bdd\serenity-screenplay\3.6.12\serenity-screenplay-3.6.12.jar;C:\Users\Lenovo\.m2\repository\net\serenity-bdd\serenity-screenplay-webdriver\3.6.12\serenity-screenplay-webdriver-3.6.12.jar;C:\Users\Lenovo\.m2\repository\net\serenity-bdd\serenity-ensure\3.6.12\serenity-ensure-3.6.12.jar;C:\Users\Lenovo\.m2\repository\net\serenity-bdd\serenity-junit\3.6.12\serenity-junit-3.6.12.jar;C:\Users\Lenovo\.m2\repository\org\jetbrains\kotlin\kotlin-stdlib\1.7.21\kotlin-stdlib-1.7.21.jar;C:\Users\Lenovo\.m2\repository\org\jetbrains\kotlin\kotlin-stdlib-common\1.7.21\kotlin-stdlib-common-1.7.21.jar;C:\Users\Lenovo\.m2\repository\org\jetbrains\annotations\13.0\annotations-13.0.jar;C:\Users\Lenovo\.m2\repository\org\junit\platform\junit-platform-launcher\1.9.2\junit-platform-launcher-1.9.2.jar;C:\Users\Lenovo\.m2\repository\org\junit\platform\junit-platform-engine\1.9.2\junit-platform-engine-1.9.2.jar;C:\Users\Lenovo\.m2\repository\org\junit\platform\junit-platform-commons\1.9.2\junit-platform-commons-1.9.2.jar;C:\Users\Lenovo\.m2\repository\org\apiguardian\apiguardian-api\1.1.2\apiguardian-api-1.1.2.jar;C:\Users\Lenovo\.m2\repository\org\junit\jupiter\junit-jupiter-engine\5.9.2\junit-jupiter-engine-5.9.2.jar;C:\Users\Lenovo\.m2\repository\org\junit\jupiter\junit-jupiter-api\5.9.2\junit-jupiter-api-5.9.2.jar;C:\Users\Lenovo\.m2\repository\org\junit\vintage\junit-vintage-engine\5.9.2\junit-vintage-engine-5.9.2.jar;C:\Users\Lenovo\.m2\repository\junit\junit\4.13.2\junit-4.13.2.jar;C:\Users\Lenovo\.m2\repository\org\hamcrest\hamcrest-core\1.3\hamcrest-core-1.3.jar;C:\Users\Lenovo\.m2\repository\ch\qos\logback\logback-classic\1.4.6\logback-classic-1.4.6.jar;C:\Users\Lenovo\.m2\repository\ch\qos\logback\logback-core\1.4.6\logback-core-1.4.6.jar;C:\Users\Lenovo\.m2\repository\org\slf4j\slf4j-api\2.0.4\slf4j-api-2.0.4.jar;C:\Users\Lenovo\.m2\repository\org\assertj\assertj-core\3.24.2\assertj-core-3.24.2.jar;C:\Users\Lenovo\.m2\repository\net\bytebuddy\byte-buddy\1.12.21\byte-buddy-1.12.21.jar;C:\Users\Lenovo\.m2\repository\com\googlecode\json-simple\json-simple\1.1.1\json-simple-1.1.1.jar;C:\Users\Lenovo\.m2\repository\org\testng\testng\7.7.0\testng-7.7.0.jar;C:\Users\Lenovo\.m2\repository\com\beust\jcommander\1.82\jcommander-1.82.jar;C:\Users\Lenovo\.m2\repository\org\webjars\jquery\3.6.1\jquery-3.6.1.jar;"/>
    <property name="java.vm.vendor" value="Oracle Corporation"/>
    <property name="sun.arch.data.model" value="64"/>
    <property name="user.variant" value=""/>
    <property name="java.vendor.url" value="https://java.oracle.com/"/>
    <property name="user.timezone" value="Asia/Bangkok"/>
    <property name="os.name" value="Windows 11"/>
    <property name="java.vm.specification.version" value="17"/>
    <property name="sun.java.launcher" value="SUN_STANDARD"/>
    <property name="user.country" value="US"/>
    <property name="sun.boot.library.path" value="C:\Program Files\Java\jdk-17\bin"/>
    <property name="sun.java.command" value="org.apache.maven.surefire.booter.ForkedBooter C:\Users\Lenovo\AppData\Local\Temp\surefire9071994969808168435 2023-10-06T14-52-33_534-jvmRun1 surefire10013252726715533209tmp surefire_017003123208157708948tmp"/>
    <property name="jdk.debug" value="release"/>
    <property name="surefire.test.class.path" value="D:\SEMESTER 5\All Section\Section 3 - Code Competence\Code Competence KM QA 2\Weekly2\target\test-classes;C:\Users\Lenovo\.m2\repository\net\serenity-bdd\serenity-core\3.6.12\serenity-core-3.6.12.jar;C:\Users\Lenovo\.m2\repository\net\serenity-bdd\serenity-model\3.6.12\serenity-model-3.6.12.jar;C:\Users\Lenovo\.m2\repository\org\apache\commons\commons-text\1.10.0\commons-text-1.10.0.jar;C:\Users\Lenovo\.m2\repository\commons-net\commons-net\3.9.0\commons-net-3.9.0.jar;C:\Users\Lenovo\.m2\repository\com\google\guava\guava\31.1-jre\guava-31.1-jre.jar;C:\Users\Lenovo\.m2\repository\com\google\guava\failureaccess\1.0.1\failureaccess-1.0.1.jar;C:\Users\Lenovo\.m2\repository\com\google\guava\listenablefuture\9999.0-empty-to-avoid-conflict-with-guava\listenablefuture-9999.0-empty-to-avoid-conflict-with-guava.jar;C:\Users\Lenovo\.m2\repository\com\google\code\findbugs\jsr305\3.0.2\jsr305-3.0.2.jar;C:\Users\Lenovo\.m2\repository\org\checkerframework\checker-qual\3.12.0\checker-qual-3.12.0.jar;C:\Users\Lenovo\.m2\repository\com\google\errorprone\error_prone_annotations\2.11.0\error_prone_annotations-2.11.0.jar;C:\Users\Lenovo\.m2\repository\com\google\j2objc\j2objc-annotations\1.3\j2objc-annotations-1.3.jar;C:\Users\Lenovo\.m2\repository\com\google\inject\guice\5.1.0\guice-5.1.0.jar;C:\Users\Lenovo\.m2\repository\javax\inject\javax.inject\1\javax.inject-1.jar;C:\Users\Lenovo\.m2\repository\aopalliance\aopalliance\1.0\aopalliance-1.0.jar;C:\Users\Lenovo\.m2\repository\org\jsoup\jsoup\1.14.3\jsoup-1.14.3.jar;C:\Users\Lenovo\.m2\repository\com\thoughtworks\xstream\xstream\1.4.20\xstream-1.4.20.jar;C:\Users\Lenovo\.m2\repository\io\github\x-stream\mxparser\1.2.2\mxparser-1.2.2.jar;C:\Users\Lenovo\.m2\repository\xmlpull\xmlpull\1.1.3.1\xmlpull-1.1.3.1.jar;C:\Users\Lenovo\.m2\repository\com\typesafe\config\1.4.2\config-1.4.2.jar;C:\Users\Lenovo\.m2\repository\org\imgscalr\imgscalr-lib\4.2\imgscalr-lib-4.2.jar;C:\Users\Lenovo\.m2\repository\org\awaitility\awaitility\4.2.0\awaitility-4.2.0.jar;C:\Users\Lenovo\.m2\repository\org\freemarker\freemarker\2.3.31\freemarker-2.3.31.jar;C:\Users\Lenovo\.m2\repository\io\github\classgraph\classgraph\4.8.138\classgraph-4.8.138.jar;C:\Users\Lenovo\.m2\repository\net\sourceforge\jexcelapi\jxl\2.6.12\jxl-2.6.12.jar;C:\Users\Lenovo\.m2\repository\net\bytebuddy\byte-buddy-agent\1.12.22\byte-buddy-agent-1.12.22.jar;C:\Users\Lenovo\.m2\repository\org\objenesis\objenesis\3.1\objenesis-3.1.jar;C:\Users\Lenovo\.m2\repository\net\serenity-bdd\serenity-reports\3.6.12\serenity-reports-3.6.12.jar;C:\Users\Lenovo\.m2\repository\net\serenity-bdd\serenity-stats\3.6.12\serenity-stats-3.6.12.jar;C:\Users\Lenovo\.m2\repository\net\serenity-bdd\serenity-reports-configuration\3.6.12\serenity-reports-configuration-3.6.12.jar;C:\Users\Lenovo\.m2\repository\com\vladsch\flexmark\flexmark-all\0.34.30\flexmark-all-0.34.30.jar;C:\Users\Lenovo\.m2\repository\com\vladsch\flexmark\flexmark\0.34.30\flexmark-0.34.30.jar;C:\Users\Lenovo\.m2\repository\com\vladsch\flexmark\flexmark-ext-abbreviation\0.34.30\flexmark-ext-abbreviation-0.34.30.jar;C:\Users\Lenovo\.m2\repository\com\vladsch\flexmark\flexmark-ext-admonition\0.34.30\flexmark-ext-admonition-0.34.30.jar;C:\Users\Lenovo\.m2\repository\com\vladsch\flexmark\flexmark-ext-anchorlink\0.34.30\flexmark-ext-anchorlink-0.34.30.jar;C:\Users\Lenovo\.m2\repository\com\vladsch\flexmark\flexmark-ext-aside\0.34.30\flexmark-ext-aside-0.34.30.jar;C:\Users\Lenovo\.m2\repository\com\vladsch\flexmark\flexmark-ext-attributes\0.34.30\flexmark-ext-attributes-0.34.30.jar;C:\Users\Lenovo\.m2\repository\com\vladsch\flexmark\flexmark-ext-autolink\0.34.30\flexmark-ext-autolink-0.34.30.jar;C:\Users\Lenovo\.m2\repository\org\nibor\autolink\autolink\0.6.0\autolink-0.6.0.jar;C:\Users\Lenovo\.m2\repository\com\vladsch\flexmark\flexmark-ext-definition\0.34.30\flexmark-ext-definition-0.34.30.jar;C:\Users\Lenovo\.m2\repository\com\vladsch\flexmark\flexmark-ext-emoji\0.34.30\flexmark-ext-emoji-0.34.30.jar;C:\Users\Lenovo\.m2\repository\com\vladsch\flexmark\flexmark-ext-enumerated-reference\0.34.30\flexmark-ext-enumerated-reference-0.34.30.jar;C:\Users\Lenovo\.m2\repository\com\vladsch\flexmark\flexmark-ext-escaped-character\0.34.30\flexmark-ext-escaped-character-0.34.30.jar;C:\Users\Lenovo\.m2\repository\com\vladsch\flexmark\flexmark-ext-footnotes\0.34.30\flexmark-ext-footnotes-0.34.30.jar;C:\Users\Lenovo\.m2\repository\com\vladsch\flexmark\flexmark-ext-gfm-issues\0.34.30\flexmark-ext-gfm-issues-0.34.30.jar;C:\Users\Lenovo\.m2\repository\com\vladsch\flexmark\flexmark-ext-gfm-strikethrough\0.34.30\flexmark-ext-gfm-strikethrough-0.34.30.jar;C:\Users\Lenovo\.m2\repository\com\vladsch\flexmark\flexmark-ext-gfm-tables\0.34.30\flexmark-ext-gfm-tables-0.34.30.jar;C:\Users\Lenovo\.m2\repository\com\vladsch\flexmark\flexmark-ext-gfm-tasklist\0.34.30\flexmark-ext-gfm-tasklist-0.34.30.jar;C:\Users\Lenovo\.m2\repository\com\vladsch\flexmark\flexmark-ext-gfm-users\0.34.30\flexmark-ext-gfm-users-0.34.30.jar;C:\Users\Lenovo\.m2\repository\com\vladsch\flexmark\flexmark-ext-gitlab\0.34.30\flexmark-ext-gitlab-0.34.30.jar;C:\Users\Lenovo\.m2\repository\com\vladsch\flexmark\flexmark-ext-jekyll-front-matter\0.34.30\flexmark-ext-jekyll-front-matter-0.34.30.jar;C:\Users\Lenovo\.m2\repository\com\vladsch\flexmark\flexmark-ext-jekyll-tag\0.34.30\flexmark-ext-jekyll-tag-0.34.30.jar;C:\Users\Lenovo\.m2\repository\com\vladsch\flexmark\flexmark-ext-media-tags\0.34.30\flexmark-ext-media-tags-0.34.30.jar;C:\Users\Lenovo\.m2\repository\com\vladsch\flexmark\flexmark-test-util\0.34.30\flexmark-test-util-0.34.30.jar;C:\Users\Lenovo\.m2\repository\com\vladsch\flexmark\flexmark-ext-ins\0.34.30\flexmark-ext-ins-0.34.30.jar;C:\Users\Lenovo\.m2\repository\com\vladsch\flexmark\flexmark-ext-xwiki-macros\0.34.30\flexmark-ext-xwiki-macros-0.34.30.jar;C:\Users\Lenovo\.m2\repository\com\vladsch\flexmark\flexmark-ext-superscript\0.34.30\flexmark-ext-superscript-0.34.30.jar;C:\Users\Lenovo\.m2\repository\com\vladsch\flexmark\flexmark-ext-tables\0.34.30\flexmark-ext-tables-0.34.30.jar;C:\Users\Lenovo\.m2\repository\com\vladsch\flexmark\flexmark-ext-toc\0.34.30\flexmark-ext-toc-0.34.30.jar;C:\Users\Lenovo\.m2\repository\com\vladsch\flexmark\flexmark-ext-typographic\0.34.30\flexmark-ext-typographic-0.34.30.jar;C:\Users\Lenovo\.m2\repository\com\vladsch\flexmark\flexmark-ext-wikilink\0.34.30\flexmark-ext-wikilink-0.34.30.jar;C:\Users\Lenovo\.m2\repository\com\vladsch\flexmark\flexmark-ext-yaml-front-matter\0.34.30\flexmark-ext-yaml-front-matter-0.34.30.jar;C:\Users\Lenovo\.m2\repository\com\vladsch\flexmark\flexmark-ext-youtube-embedded\0.34.30\flexmark-ext-youtube-embedded-0.34.30.jar;C:\Users\Lenovo\.m2\repository\com\vladsch\flexmark\flexmark-formatter\0.34.30\flexmark-formatter-0.34.30.jar;C:\Users\Lenovo\.m2\repository\com\vladsch\flexmark\flexmark-html-parser\0.34.30\flexmark-html-parser-0.34.30.jar;C:\Users\Lenovo\.m2\repository\com\vladsch\flexmark\flexmark-jira-converter\0.34.30\flexmark-jira-converter-0.34.30.jar;C:\Users\Lenovo\.m2\repository\com\vladsch\flexmark\flexmark-pdf-converter\0.34.30\flexmark-pdf-converter-0.34.30.jar;C:\Users\Lenovo\.m2\repository\com\openhtmltopdf\openhtmltopdf-core\0.0.1-RC13\openhtmltopdf-core-0.0.1-RC13.jar;C:\Users\Lenovo\.m2\repository\com\openhtmltopdf\openhtmltopdf-pdfbox\0.0.1-RC13\openhtmltopdf-pdfbox-0.0.1-RC13.jar;C:\Users\Lenovo\.m2\repository\org\apache\pdfbox\pdfbox\2.0.8\pdfbox-2.0.8.jar;C:\Users\Lenovo\.m2\repository\org\apache\pdfbox\fontbox\2.0.8\fontbox-2.0.8.jar;C:\Users\Lenovo\.m2\repository\org\apache\pdfbox\xmpbox\2.0.8\xmpbox-2.0.8.jar;C:\Users\Lenovo\.m2\repository\de\rototor\pdfbox\graphics2d\0.12\graphics2d-0.12.jar;C:\Users\Lenovo\.m2\repository\com\openhtmltopdf\openhtmltopdf-rtl-support\0.0.1-RC13\openhtmltopdf-rtl-support-0.0.1-RC13.jar;C:\Users\Lenovo\.m2\repository\com\ibm\icu\icu4j\59.1\icu4j-59.1.jar;C:\Users\Lenovo\.m2\repository\com\openhtmltopdf\openhtmltopdf-jsoup-dom-converter\0.0.1-RC13\openhtmltopdf-jsoup-dom-converter-0.0.1-RC13.jar;C:\Users\Lenovo\.m2\repository\com\vladsch\flexmark\flexmark-profile-pegdown\0.34.30\flexmark-profile-pegdown-0.34.30.jar;C:\Users\Lenovo\.m2\repository\com\vladsch\flexmark\flexmark-util\0.34.30\flexmark-util-0.34.30.jar;C:\Users\Lenovo\.m2\repository\com\vladsch\flexmark\flexmark-youtrack-converter\0.34.30\flexmark-youtrack-converter-0.34.30.jar;C:\Users\Lenovo\.m2\repository\es\nitaur\markdown\txtmark\0.16\txtmark-0.16.jar;C:\Users\Lenovo\.m2\repository\net\serenity-bdd\serenity-report-resources\3.6.12\serenity-report-resources-3.6.12.jar;C:\Users\Lenovo\.m2\repository\com\google\code\gson\gson\2.9.0\gson-2.9.0.jar;C:\Users\Lenovo\.m2\repository\com\fasterxml\jackson\core\jackson-core\2.14.2\jackson-core-2.14.2.jar;C:\Users\Lenovo\.m2\repository\com\fasterxml\jackson\core\jackson-databind\2.14.2\jackson-databind-2.14.2.jar;C:\Users\Lenovo\.m2\repository\com\fasterxml\jackson\core\jackson-annotations\2.14.2\jackson-annotations-2.14.2.jar;C:\Users\Lenovo\.m2\repository\commons-codec\commons-codec\1.15\commons-codec-1.15.jar;C:\Users\Lenovo\.m2\repository\commons-io\commons-io\2.11.0\commons-io-2.11.0.jar;C:\Users\Lenovo\.m2\repository\org\apache\httpcomponents\httpclient\4.5.13\httpclient-4.5.13.jar;C:\Users\Lenovo\.m2\repository\org\apache\httpcomponents\httpcore\4.4.13\httpcore-4.4.13.jar;C:\Users\Lenovo\.m2\repository\commons-logging\commons-logging\1.2\commons-logging-1.2.jar;C:\Users\Lenovo\.m2\repository\org\seleniumhq\selenium\selenium-java\4.8.0\selenium-java-4.8.0.jar;C:\Users\Lenovo\.m2\repository\org\seleniumhq\selenium\selenium-devtools-v107\4.8.0\selenium-devtools-v107-4.8.0.jar;C:\Users\Lenovo\.m2\repository\org\seleniumhq\selenium\selenium-devtools-v108\4.8.0\selenium-devtools-v108-4.8.0.jar;C:\Users\Lenovo\.m2\repository\org\seleniumhq\selenium\selenium-devtools-v109\4.8.0\selenium-devtools-v109-4.8.0.jar;C:\Users\Lenovo\.m2\repository\org\seleniumhq\selenium\selenium-devtools-v85\4.8.0\selenium-devtools-v85-4.8.0.jar;C:\Users\Lenovo\.m2\repository\org\seleniumhq\selenium\selenium-remote-driver\4.8.0\selenium-remote-driver-4.8.0.jar;C:\Users\Lenovo\.m2\repository\io\netty\netty-buffer\4.1.87.Final\netty-buffer-4.1.87.Final.jar;C:\Users\Lenovo\.m2\repository\io\netty\netty-codec-http\4.1.87.Final\netty-codec-http-4.1.87.Final.jar;C:\Users\Lenovo\.m2\repository\io\netty\netty-codec\4.1.87.Final\netty-codec-4.1.87.Final.jar;C:\Users\Lenovo\.m2\repository\io\netty\netty-handler\4.1.87.Final\netty-handler-4.1.87.Final.jar;C:\Users\Lenovo\.m2\repository\io\netty\netty-common\4.1.87.Final\netty-common-4.1.87.Final.jar;C:\Users\Lenovo\.m2\repository\io\netty\netty-transport-classes-epoll\4.1.87.Final\netty-transport-classes-epoll-4.1.87.Final.jar;C:\Users\Lenovo\.m2\repository\io\netty\netty-transport-classes-kqueue\4.1.87.Final\netty-transport-classes-kqueue-4.1.87.Final.jar;C:\Users\Lenovo\.m2\repository\io\netty\netty-transport-native-epoll\4.1.87.Final\netty-transport-native-epoll-4.1.87.Final.jar;C:\Users\Lenovo\.m2\repository\io\netty\netty-transport-native-kqueue\4.1.87.Final\netty-transport-native-kqueue-4.1.87.Final.jar;C:\Users\Lenovo\.m2\repository\io\netty\netty-transport-native-unix-common\4.1.87.Final\netty-transport-native-unix-common-4.1.87.Final.jar;C:\Users\Lenovo\.m2\repository\io\netty\netty-transport\4.1.87.Final\netty-transport-4.1.87.Final.jar;C:\Users\Lenovo\.m2\repository\io\netty\netty-resolver\4.1.87.Final\netty-resolver-4.1.87.Final.jar;C:\Users\Lenovo\.m2\repository\io\opentelemetry\opentelemetry-api\1.22.0\opentelemetry-api-1.22.0.jar;C:\Users\Lenovo\.m2\repository\io\opentelemetry\opentelemetry-context\1.22.0\opentelemetry-context-1.22.0.jar;C:\Users\Lenovo\.m2\repository\io\opentelemetry\opentelemetry-exporter-logging\1.22.0\opentelemetry-exporter-logging-1.22.0.jar;C:\Users\Lenovo\.m2\repository\io\opentelemetry\opentelemetry-sdk-metrics\1.22.0\opentelemetry-sdk-metrics-1.22.0.jar;C:\Users\Lenovo\.m2\repository\io\opentelemetry\opentelemetry-sdk-logs\1.22.0-alpha\opentelemetry-sdk-logs-1.22.0-alpha.jar;C:\Users\Lenovo\.m2\repository\io\opentelemetry\opentelemetry-api-logs\1.22.0-alpha\opentelemetry-api-logs-1.22.0-alpha.jar;C:\Users\Lenovo\.m2\repository\io\opentelemetry\opentelemetry-sdk-common\1.22.0\opentelemetry-sdk-common-1.22.0.jar;C:\Users\Lenovo\.m2\repository\io\opentelemetry\opentelemetry-sdk-extension-autoconfigure-spi\1.22.0\opentelemetry-sdk-extension-autoconfigure-spi-1.22.0.jar;C:\Users\Lenovo\.m2\repository\io\opentelemetry\opentelemetry-sdk-extension-autoconfigure\1.22.0-alpha\opentelemetry-sdk-extension-autoconfigure-1.22.0-alpha.jar;C:\Users\Lenovo\.m2\repository\io\opentelemetry\opentelemetry-sdk-trace\1.22.0\opentelemetry-sdk-trace-1.22.0.jar;C:\Users\Lenovo\.m2\repository\io\opentelemetry\opentelemetry-sdk\1.22.0\opentelemetry-sdk-1.22.0.jar;C:\Users\Lenovo\.m2\repository\io\opentelemetry\opentelemetry-semconv\1.22.0-alpha\opentelemetry-semconv-1.22.0-alpha.jar;C:\Users\Lenovo\.m2\repository\io\ous\jtoml\2.0.0\jtoml-2.0.0.jar;C:\Users\Lenovo\.m2\repository\org\apache\commons\commons-exec\1.3\commons-exec-1.3.jar;C:\Users\Lenovo\.m2\repository\org\asynchttpclient\async-http-client\2.12.3\async-http-client-2.12.3.jar;C:\Users\Lenovo\.m2\repository\org\asynchttpclient\async-http-client-netty-utils\2.12.3\async-http-client-netty-utils-2.12.3.jar;C:\Users\Lenovo\.m2\repository\io\netty\netty-codec-socks\4.1.60.Final\netty-codec-socks-4.1.60.Final.jar;C:\Users\Lenovo\.m2\repository\io\netty\netty-handler-proxy\4.1.60.Final\netty-handler-proxy-4.1.60.Final.jar;C:\Users\Lenovo\.m2\repository\io\netty\netty-transport-native-epoll\4.1.60.Final\netty-transport-native-epoll-4.1.60.Final-linux-x86_64.jar;C:\Users\Lenovo\.m2\repository\io\netty\netty-transport-native-kqueue\4.1.60.Final\netty-transport-native-kqueue-4.1.60.Final-osx-x86_64.jar;C:\Users\Lenovo\.m2\repository\org\reactivestreams\reactive-streams\1.0.3\reactive-streams-1.0.3.jar;C:\Users\Lenovo\.m2\repository\com\typesafe\netty\netty-reactive-streams\2.0.4\netty-reactive-streams-2.0.4.jar;C:\Users\Lenovo\.m2\repository\org\seleniumhq\selenium\selenium-manager\4.8.0\selenium-manager-4.8.0.jar;C:\Users\Lenovo\.m2\repository\org\seleniumhq\selenium\selenium-safari-driver\4.8.0\selenium-safari-driver-4.8.0.jar;C:\Users\Lenovo\.m2\repository\org\seleniumhq\selenium\selenium-api\4.8.0\selenium-api-4.8.0.jar;C:\Users\Lenovo\.m2\repository\org\seleniumhq\selenium\selenium-support\4.8.0\selenium-support-4.8.0.jar;C:\Users\Lenovo\.m2\repository\com\google\auto\service\auto-service-annotations\1.0.1\auto-service-annotations-1.0.1.jar;C:\Users\Lenovo\.m2\repository\com\google\auto\service\auto-service\1.0.1\auto-service-1.0.1.jar;C:\Users\Lenovo\.m2\repository\com\google\auto\auto-common\1.2\auto-common-1.2.jar;C:\Users\Lenovo\.m2\repository\org\seleniumhq\selenium\selenium-json\4.8.0\selenium-json-4.8.0.jar;C:\Users\Lenovo\.m2\repository\org\seleniumhq\selenium\selenium-chrome-driver\4.8.0\selenium-chrome-driver-4.8.0.jar;C:\Users\Lenovo\.m2\repository\org\seleniumhq\selenium\selenium-chromium-driver\4.8.0\selenium-chromium-driver-4.8.0.jar;C:\Users\Lenovo\.m2\repository\org\seleniumhq\selenium\selenium-firefox-driver\4.8.0\selenium-firefox-driver-4.8.0.jar;C:\Users\Lenovo\.m2\repository\org\seleniumhq\selenium\selenium-http\4.8.0\selenium-http-4.8.0.jar;C:\Users\Lenovo\.m2\repository\dev\failsafe\failsafe\3.3.0\failsafe-3.3.0.jar;C:\Users\Lenovo\.m2\repository\org\seleniumhq\selenium\selenium-edge-driver\4.8.0\selenium-edge-driver-4.8.0.jar;C:\Users\Lenovo\.m2\repository\org\seleniumhq\selenium\selenium-ie-driver\4.8.0\selenium-ie-driver-4.8.0.jar;C:\Users\Lenovo\.m2\repository\org\projectlombok\lombok\1.18.20\lombok-1.18.20.jar;C:\Users\Lenovo\.m2\repository\io\appium\java-client\8.3.0\java-client-8.3.0.jar;C:\Users\Lenovo\.m2\repository\commons-validator\commons-validator\1.7\commons-validator-1.7.jar;C:\Users\Lenovo\.m2\repository\commons-digester\commons-digester\2.1\commons-digester-2.1.jar;C:\Users\Lenovo\.m2\repository\org\apache\groovy\groovy\4.0.6\groovy-4.0.6.jar;C:\Users\Lenovo\.m2\repository\net\sf\opencsv\opencsv\2.0\opencsv-2.0.jar;C:\Users\Lenovo\.m2\repository\commons-beanutils\commons-beanutils\1.9.4\commons-beanutils-1.9.4.jar;C:\Users\Lenovo\.m2\repository\org\apache\commons\commons-lang3\3.12.0\commons-lang3-3.12.0.jar;C:\Users\Lenovo\.m2\repository\commons-collections\commons-collections\3.2.2\commons-collections-3.2.2.jar;C:\Users\Lenovo\.m2\repository\org\fluentlenium\fluentlenium-core\0.10.2\fluentlenium-core-0.10.2.jar;C:\Users\Lenovo\.m2\repository\io\github\bonigarcia\webdrivermanager\5.3.0\webdrivermanager-5.3.0.jar;C:\Users\Lenovo\.m2\repository\com\github\docker-java\docker-java\3.2.13\docker-java-3.2.13.jar;C:\Users\Lenovo\.m2\repository\com\github\docker-java\docker-java-core\3.2.13\docker-java-core-3.2.13.jar;C:\Users\Lenovo\.m2\repository\com\github\docker-java\docker-java-api\3.2.13\docker-java-api-3.2.13.jar;C:\Users\Lenovo\.m2\repository\org\apache\commons\commons-compress\1.21\commons-compress-1.21.jar;C:\Users\Lenovo\.m2\repository\org\bouncycastle\bcpkix-jdk15on\1.64\bcpkix-jdk15on-1.64.jar;C:\Users\Lenovo\.m2\repository\org\bouncycastle\bcprov-jdk15on\1.64\bcprov-jdk15on-1.64.jar;C:\Users\Lenovo\.m2\repository\org\slf4j\jcl-over-slf4j\1.7.30\jcl-over-slf4j-1.7.30.jar;C:\Users\Lenovo\.m2\repository\com\github\docker-java\docker-java-transport-httpclient5\3.2.13\docker-java-transport-httpclient5-3.2.13.jar;C:\Users\Lenovo\.m2\repository\com\github\docker-java\docker-java-transport\3.2.13\docker-java-transport-3.2.13.jar;C:\Users\Lenovo\.m2\repository\net\java\dev\jna\jna\5.8.0\jna-5.8.0.jar;C:\Users\Lenovo\.m2\repository\org\brotli\dec\0.1.2\dec-0.1.2.jar;C:\Users\Lenovo\.m2\repository\org\apache\httpcomponents\client5\httpclient5\5.1.3\httpclient5-5.1.3.jar;C:\Users\Lenovo\.m2\repository\org\apache\httpcomponents\core5\httpcore5\5.1.3\httpcore5-5.1.3.jar;C:\Users\Lenovo\.m2\repository\org\apache\httpcomponents\core5\httpcore5-h2\5.1.3\httpcore5-h2-5.1.3.jar;C:\Users\Lenovo\.m2\repository\com\jhlabs\filters\2.0.235\filters-2.0.235.jar;C:\Users\Lenovo\.m2\repository\com\paulhammant\ngwebdriver\1.1.6\ngwebdriver-1.1.6.jar;C:\Users\Lenovo\.m2\repository\joda-time\joda-time\2.8.2\joda-time-2.8.2.jar;C:\Users\Lenovo\.m2\repository\org\hamcrest\hamcrest\2.2\hamcrest-2.2.jar;C:\Users\Lenovo\.m2\repository\com\google\jimfs\jimfs\1.2\jimfs-1.2.jar;C:\Users\Lenovo\.m2\repository\org\mockito\mockito-core\3.3.3\mockito-core-3.3.3.jar;C:\Users\Lenovo\.m2\repository\javax\xml\bind\jaxb-api\2.3.1\jaxb-api-2.3.1.jar;C:\Users\Lenovo\.m2\repository\javax\activation\javax.activation-api\1.2.0\javax.activation-api-1.2.0.jar;C:\Users\Lenovo\.m2\repository\com\sun\xml\bind\jaxb-core\2.3.0.1\jaxb-core-2.3.0.1.jar;C:\Users\Lenovo\.m2\repository\com\sun\xml\bind\jaxb-impl\2.3.3\jaxb-impl-2.3.3.jar;C:\Users\Lenovo\.m2\repository\jakarta\xml\bind\jakarta.xml.bind-api\2.3.3\jakarta.xml.bind-api-2.3.3.jar;C:\Users\Lenovo\.m2\repository\com\sun\activation\jakarta.activation\1.2.2\jakarta.activation-1.2.2.jar;C:\Users\Lenovo\.m2\repository\javax\activation\activation\1.1.1\activation-1.1.1.jar;C:\Users\Lenovo\.m2\repository\net\serenity-bdd\serenity-rest-assured\3.6.12\serenity-rest-assured-3.6.12.jar;C:\Users\Lenovo\.m2\repository\io\rest-assured\rest-assured\5.2.0\rest-assured-5.2.0.jar;C:\Users\Lenovo\.m2\repository\org\apache\httpcomponents\httpmime\4.5.13\httpmime-4.5.13.jar;C:\Users\Lenovo\.m2\repository\org\ccil\cowan\tagsoup\tagsoup\1.2.1\tagsoup-1.2.1.jar;C:\Users\Lenovo\.m2\repository\io\rest-assured\json-path\5.2.0\json-path-5.2.0.jar;C:\Users\Lenovo\.m2\repository\io\rest-assured\rest-assured-common\5.2.0\rest-assured-common-5.2.0.jar;C:\Users\Lenovo\.m2\repository\io\rest-assured\xml-path\5.2.0\xml-path-5.2.0.jar;C:\Users\Lenovo\.m2\repository\org\apache\groovy\groovy-json\4.0.6\groovy-json-4.0.6.jar;C:\Users\Lenovo\.m2\repository\org\apache\groovy\groovy-xml\4.0.6\groovy-xml-4.0.6.jar;C:\Users\Lenovo\.m2\repository\org\opentest4j\opentest4j\1.2.0\opentest4j-1.2.0.jar;C:\Users\Lenovo\.m2\repository\net\serenity-bdd\serenity-cucumber\3.6.12\serenity-cucumber-3.6.12.jar;C:\Users\Lenovo\.m2\repository\io\cucumber\cucumber-core\7.11.0\cucumber-core-7.11.0.jar;C:\Users\Lenovo\.m2\repository\io\cucumber\cucumber-gherkin\7.11.0\cucumber-gherkin-7.11.0.jar;C:\Users\Lenovo\.m2\repository\io\cucumber\cucumber-gherkin-messages\7.11.0\cucumber-gherkin-messages-7.11.0.jar;C:\Users\Lenovo\.m2\repository\io\cucumber\gherkin\26.0.3\gherkin-26.0.3.jar;C:\Users\Lenovo\.m2\repository\io\cucumber\messages\21.0.1\messages-21.0.1.jar;C:\Users\Lenovo\.m2\repository\io\cucumber\tag-expressions\5.0.1\tag-expressions-5.0.1.jar;C:\Users\Lenovo\.m2\repository\io\cucumber\cucumber-expressions\16.1.1\cucumber-expressions-16.1.1.jar;C:\Users\Lenovo\.m2\repository\io\cucumber\datatable\7.11.0\datatable-7.11.0.jar;C:\Users\Lenovo\.m2\repository\io\cucumber\cucumber-plugin\7.11.0\cucumber-plugin-7.11.0.jar;C:\Users\Lenovo\.m2\repository\io\cucumber\docstring\7.11.0\docstring-7.11.0.jar;C:\Users\Lenovo\.m2\repository\io\cucumber\html-formatter\20.2.1\html-formatter-20.2.1.jar;C:\Users\Lenovo\.m2\repository\io\cucumber\junit-xml-formatter\0.1.0\junit-xml-formatter-0.1.0.jar;C:\Users\Lenovo\.m2\repository\io\cucumber\ci-environment\9.1.0\ci-environment-9.1.0.jar;C:\Users\Lenovo\.m2\repository\io\cucumber\cucumber-java\7.11.0\cucumber-java-7.11.0.jar;C:\Users\Lenovo\.m2\repository\io\cucumber\cucumber-junit\7.11.0\cucumber-junit-7.11.0.jar;C:\Users\Lenovo\.m2\repository\org\apache\commons\commons-csv\1.5\commons-csv-1.5.jar;C:\Users\Lenovo\.m2\repository\net\serenity-bdd\serenity-screenplay\3.6.12\serenity-screenplay-3.6.12.jar;C:\Users\Lenovo\.m2\repository\net\serenity-bdd\serenity-screenplay-webdriver\3.6.12\serenity-screenplay-webdriver-3.6.12.jar;C:\Users\Lenovo\.m2\repository\net\serenity-bdd\serenity-ensure\3.6.12\serenity-ensure-3.6.12.jar;C:\Users\Lenovo\.m2\repository\net\serenity-bdd\serenity-junit\3.6.12\serenity-junit-3.6.12.jar;C:\Users\Lenovo\.m2\repository\org\jetbrains\kotlin\kotlin-stdlib\1.7.21\kotlin-stdlib-1.7.21.jar;C:\Users\Lenovo\.m2\repository\org\jetbrains\kotlin\kotlin-stdlib-common\1.7.21\kotlin-stdlib-common-1.7.21.jar;C:\Users\Lenovo\.m2\repository\org\jetbrains\annotations\13.0\annotations-13.0.jar;C:\Users\Lenovo\.m2\repository\org\junit\platform\junit-platform-launcher\1.9.2\junit-platform-launcher-1.9.2.jar;C:\Users\Lenovo\.m2\repository\org\junit\platform\junit-platform-engine\1.9.2\junit-platform-engine-1.9.2.jar;C:\Users\Lenovo\.m2\repository\org\junit\platform\junit-platform-commons\1.9.2\junit-platform-commons-1.9.2.jar;C:\Users\Lenovo\.m2\repository\org\apiguardian\apiguardian-api\1.1.2\apiguardian-api-1.1.2.jar;C:\Users\Lenovo\.m2\repository\org\junit\jupiter\junit-jupiter-engine\5.9.2\junit-jupiter-engine-5.9.2.jar;C:\Users\Lenovo\.m2\repository\org\junit\jupiter\junit-jupiter-api\5.9.2\junit-jupiter-api-5.9.2.jar;C:\Users\Lenovo\.m2\repository\org\junit\vintage\junit-vintage-engine\5.9.2\junit-vintage-engine-5.9.2.jar;C:\Users\Lenovo\.m2\repository\junit\junit\4.13.2\junit-4.13.2.jar;C:\Users\Lenovo\.m2\repository\org\hamcrest\hamcrest-core\1.3\hamcrest-core-1.3.jar;C:\Users\Lenovo\.m2\repository\ch\qos\logback\logback-classic\1.4.6\logback-classic-1.4.6.jar;C:\Users\Lenovo\.m2\repository\ch\qos\logback\logback-core\1.4.6\logback-core-1.4.6.jar;C:\Users\Lenovo\.m2\repository\org\slf4j\slf4j-api\2.0.4\slf4j-api-2.0.4.jar;C:\Users\Lenovo\.m2\repository\org\assertj\assertj-core\3.24.2\assertj-core-3.24.2.jar;C:\Users\Lenovo\.m2\repository\net\bytebuddy\byte-buddy\1.12.21\byte-buddy-1.12.21.jar;C:\Users\Lenovo\.m2\repository\com\googlecode\json-simple\json-simple\1.1.1\json-simple-1.1.1.jar;C:\Users\Lenovo\.m2\repository\org\testng\testng\7.7.0\testng-7.7.0.jar;C:\Users\Lenovo\.m2\repository\com\beust\jcommander\1.82\jcommander-1.82.jar;C:\Users\Lenovo\.m2\repository\org\webjars\jquery\3.6.1\jquery-3.6.1.jar;"/>
    <property name="sun.cpu.endian" value="little"/>
    <property name="user.home" value="C:\Users\Lenovo"/>
    <property name="user.language" value="en"/>
    <property name="java.specification.vendor" value="Oracle Corporation"/>
    <property name="jdk.module.path" value="D:\SEMESTER 5\All Section\Section 3 - Code Competence\Code Competence KM QA 2\Weekly2\target\CodeCompetence2-1.0-SNAPSHOT.jar"/>
    <property name="java.version.date" value="2023-07-18"/>
    <property name="java.home" value="C:\Program Files\Java\jdk-17"/>
    <property name="file.separator" value="\"/>
    <property name="basedir" value="D:\SEMESTER 5\All Section\Section 3 - Code Competence\Code Competence KM QA 2\Weekly2"/>
    <property name="java.vm.compressedOopsMode" value="Zero based"/>
    <property name="line.separator" value="&#10;"/>
    <property name="java.vm.specification.vendor" value="Oracle Corporation"/>
    <property name="java.specification.name" value="Java Platform API Specification"/>
    <property name="surefire.real.class.path" value="C:\Users\Lenovo\.m2\repository\org\apache\maven\surefire\surefire-booter\3.0.0-M5\surefire-booter-3.0.0-M5.jar;C:\Users\Lenovo\.m2\repository\org\apache\maven\surefire\surefire-api\3.0.0-M5\surefire-api-3.0.0-M5.jar;C:\Users\Lenovo\.m2\repository\org\apache\maven\surefire\surefire-logger-api\3.0.0-M5\surefire-logger-api-3.0.0-M5.jar;C:\Users\Lenovo\.m2\repository\org\apache\maven\surefire\surefire-shared-utils\3.0.0-M4\surefire-shared-utils-3.0.0-M4.jar;C:\Users\Lenovo\.m2\repository\org\apache\maven\surefire\surefire-extensions-spi\3.0.0-M5\surefire-extensions-spi-3.0.0-M5.jar;D:\SEMESTER 5\All Section\Section 3 - Code Competence\Code Competence KM QA 2\Weekly2\target\test-classes;C:\Users\Lenovo\.m2\repository\net\serenity-bdd\serenity-core\3.6.12\serenity-core-3.6.12.jar;C:\Users\Lenovo\.m2\repository\net\serenity-bdd\serenity-model\3.6.12\serenity-model-3.6.12.jar;C:\Users\Lenovo\.m2\repository\org\apache\commons\commons-text\1.10.0\commons-text-1.10.0.jar;C:\Users\Lenovo\.m2\repository\commons-net\commons-net\3.9.0\commons-net-3.9.0.jar;C:\Users\Lenovo\.m2\repository\com\google\guava\guava\31.1-jre\guava-31.1-jre.jar;C:\Users\Lenovo\.m2\repository\com\google\guava\failureaccess\1.0.1\failureaccess-1.0.1.jar;C:\Users\Lenovo\.m2\repository\com\google\guava\listenablefuture\9999.0-empty-to-avoid-conflict-with-guava\listenablefuture-9999.0-empty-to-avoid-conflict-with-guava.jar;C:\Users\Lenovo\.m2\repository\com\google\code\findbugs\jsr305\3.0.2\jsr305-3.0.2.jar;C:\Users\Lenovo\.m2\repository\org\checkerframework\checker-qual\3.12.0\checker-qual-3.12.0.jar;C:\Users\Lenovo\.m2\repository\com\google\errorprone\error_prone_annotations\2.11.0\error_prone_annotations-2.11.0.jar;C:\Users\Lenovo\.m2\repository\com\google\j2objc\j2objc-annotations\1.3\j2objc-annotations-1.3.jar;C:\Users\Lenovo\.m2\repository\com\google\inject\guice\5.1.0\guice-5.1.0.jar;C:\Users\Lenovo\.m2\repository\javax\inject\javax.inject\1\javax.inject-1.jar;C:\Users\Lenovo\.m2\repository\aopalliance\aopalliance\1.0\aopalliance-1.0.jar;C:\Users\Lenovo\.m2\repository\org\jsoup\jsoup\1.14.3\jsoup-1.14.3.jar;C:\Users\Lenovo\.m2\repository\com\thoughtworks\xstream\xstream\1.4.20\xstream-1.4.20.jar;C:\Users\Lenovo\.m2\repository\io\github\x-stream\mxparser\1.2.2\mxparser-1.2.2.jar;C:\Users\Lenovo\.m2\repository\xmlpull\xmlpull\1.1.3.1\xmlpull-1.1.3.1.jar;C:\Users\Lenovo\.m2\repository\com\typesafe\config\1.4.2\config-1.4.2.jar;C:\Users\Lenovo\.m2\repository\org\imgscalr\imgscalr-lib\4.2\imgscalr-lib-4.2.jar;C:\Users\Lenovo\.m2\repository\org\awaitility\awaitility\4.2.0\awaitility-4.2.0.jar;C:\Users\Lenovo\.m2\repository\org\freemarker\freemarker\2.3.31\freemarker-2.3.31.jar;C:\Users\Lenovo\.m2\repository\io\github\classgraph\classgraph\4.8.138\classgraph-4.8.138.jar;C:\Users\Lenovo\.m2\repository\net\sourceforge\jexcelapi\jxl\2.6.12\jxl-2.6.12.jar;C:\Users\Lenovo\.m2\repository\net\bytebuddy\byte-buddy-agent\1.12.22\byte-buddy-agent-1.12.22.jar;C:\Users\Lenovo\.m2\repository\org\objenesis\objenesis\3.1\objenesis-3.1.jar;C:\Users\Lenovo\.m2\repository\net\serenity-bdd\serenity-reports\3.6.12\serenity-reports-3.6.12.jar;C:\Users\Lenovo\.m2\repository\net\serenity-bdd\serenity-stats\3.6.12\serenity-stats-3.6.12.jar;C:\Users\Lenovo\.m2\repository\net\serenity-bdd\serenity-reports-configuration\3.6.12\serenity-reports-configuration-3.6.12.jar;C:\Users\Lenovo\.m2\repository\com\vladsch\flexmark\flexmark-all\0.34.30\flexmark-all-0.34.30.jar;C:\Users\Lenovo\.m2\repository\com\vladsch\flexmark\flexmark\0.34.30\flexmark-0.34.30.jar;C:\Users\Lenovo\.m2\repository\com\vladsch\flexmark\flexmark-ext-abbreviation\0.34.30\flexmark-ext-abbreviation-0.34.30.jar;C:\Users\Lenovo\.m2\repository\com\vladsch\flexmark\flexmark-ext-admonition\0.34.30\flexmark-ext-admonition-0.34.30.jar;C:\Users\Lenovo\.m2\repository\com\vladsch\flexmark\flexmark-ext-anchorlink\0.34.30\flexmark-ext-anchorlink-0.34.30.jar;C:\Users\Lenovo\.m2\repository\com\vladsch\flexmark\flexmark-ext-aside\0.34.30\flexmark-ext-aside-0.34.30.jar;C:\Users\Lenovo\.m2\repository\com\vladsch\flexmark\flexmark-ext-attributes\0.34.30\flexmark-ext-attributes-0.34.30.jar;C:\Users\Lenovo\.m2\repository\com\vladsch\flexmark\flexmark-ext-autolink\0.34.30\flexmark-ext-autolink-0.34.30.jar;C:\Users\Lenovo\.m2\repository\org\nibor\autolink\autolink\0.6.0\autolink-0.6.0.jar;C:\Users\Lenovo\.m2\repository\com\vladsch\flexmark\flexmark-ext-definition\0.34.30\flexmark-ext-definition-0.34.30.jar;C:\Users\Lenovo\.m2\repository\com\vladsch\flexmark\flexmark-ext-emoji\0.34.30\flexmark-ext-emoji-0.34.30.jar;C:\Users\Lenovo\.m2\repository\com\vladsch\flexmark\flexmark-ext-enumerated-reference\0.34.30\flexmark-ext-enumerated-reference-0.34.30.jar;C:\Users\Lenovo\.m2\repository\com\vladsch\flexmark\flexmark-ext-escaped-character\0.34.30\flexmark-ext-escaped-character-0.34.30.jar;C:\Users\Lenovo\.m2\repository\com\vladsch\flexmark\flexmark-ext-footnotes\0.34.30\flexmark-ext-footnotes-0.34.30.jar;C:\Users\Lenovo\.m2\repository\com\vladsch\flexmark\flexmark-ext-gfm-issues\0.34.30\flexmark-ext-gfm-issues-0.34.30.jar;C:\Users\Lenovo\.m2\repository\com\vladsch\flexmark\flexmark-ext-gfm-strikethrough\0.34.30\flexmark-ext-gfm-strikethrough-0.34.30.jar;C:\Users\Lenovo\.m2\repository\com\vladsch\flexmark\flexmark-ext-gfm-tables\0.34.30\flexmark-ext-gfm-tables-0.34.30.jar;C:\Users\Lenovo\.m2\repository\com\vladsch\flexmark\flexmark-ext-gfm-tasklist\0.34.30\flexmark-ext-gfm-tasklist-0.34.30.jar;C:\Users\Lenovo\.m2\repository\com\vladsch\flexmark\flexmark-ext-gfm-users\0.34.30\flexmark-ext-gfm-users-0.34.30.jar;C:\Users\Lenovo\.m2\repository\com\vladsch\flexmark\flexmark-ext-gitlab\0.34.30\flexmark-ext-gitlab-0.34.30.jar;C:\Users\Lenovo\.m2\repository\com\vladsch\flexmark\flexmark-ext-jekyll-front-matter\0.34.30\flexmark-ext-jekyll-front-matter-0.34.30.jar;C:\Users\Lenovo\.m2\repository\com\vladsch\flexmark\flexmark-ext-jekyll-tag\0.34.30\flexmark-ext-jekyll-tag-0.34.30.jar;C:\Users\Lenovo\.m2\repository\com\vladsch\flexmark\flexmark-ext-media-tags\0.34.30\flexmark-ext-media-tags-0.34.30.jar;C:\Users\Lenovo\.m2\repository\com\vladsch\flexmark\flexmark-test-util\0.34.30\flexmark-test-util-0.34.30.jar;C:\Users\Lenovo\.m2\repository\com\vladsch\flexmark\flexmark-ext-ins\0.34.30\flexmark-ext-ins-0.34.30.jar;C:\Users\Lenovo\.m2\repository\com\vladsch\flexmark\flexmark-ext-xwiki-macros\0.34.30\flexmark-ext-xwiki-macros-0.34.30.jar;C:\Users\Lenovo\.m2\repository\com\vladsch\flexmark\flexmark-ext-superscript\0.34.30\flexmark-ext-superscript-0.34.30.jar;C:\Users\Lenovo\.m2\repository\com\vladsch\flexmark\flexmark-ext-tables\0.34.30\flexmark-ext-tables-0.34.30.jar;C:\Users\Lenovo\.m2\repository\com\vladsch\flexmark\flexmark-ext-toc\0.34.30\flexmark-ext-toc-0.34.30.jar;C:\Users\Lenovo\.m2\repository\com\vladsch\flexmark\flexmark-ext-typographic\0.34.30\flexmark-ext-typographic-0.34.30.jar;C:\Users\Lenovo\.m2\repository\com\vladsch\flexmark\flexmark-ext-wikilink\0.34.30\flexmark-ext-wikilink-0.34.30.jar;C:\Users\Lenovo\.m2\repository\com\vladsch\flexmark\flexmark-ext-yaml-front-matter\0.34.30\flexmark-ext-yaml-front-matter-0.34.30.jar;C:\Users\Lenovo\.m2\repository\com\vladsch\flexmark\flexmark-ext-youtube-embedded\0.34.30\flexmark-ext-youtube-embedded-0.34.30.jar;C:\Users\Lenovo\.m2\repository\com\vladsch\flexmark\flexmark-formatter\0.34.30\flexmark-formatter-0.34.30.jar;C:\Users\Lenovo\.m2\repository\com\vladsch\flexmark\flexmark-html-parser\0.34.30\flexmark-html-parser-0.34.30.jar;C:\Users\Lenovo\.m2\repository\com\vladsch\flexmark\flexmark-jira-converter\0.34.30\flexmark-jira-converter-0.34.30.jar;C:\Users\Lenovo\.m2\repository\com\vladsch\flexmark\flexmark-pdf-converter\0.34.30\flexmark-pdf-converter-0.34.30.jar;C:\Users\Lenovo\.m2\repository\com\openhtmltopdf\openhtmltopdf-core\0.0.1-RC13\openhtmltopdf-core-0.0.1-RC13.jar;C:\Users\Lenovo\.m2\repository\com\openhtmltopdf\openhtmltopdf-pdfbox\0.0.1-RC13\openhtmltopdf-pdfbox-0.0.1-RC13.jar;C:\Users\Lenovo\.m2\repository\org\apache\pdfbox\pdfbox\2.0.8\pdfbox-2.0.8.jar;C:\Users\Lenovo\.m2\repository\org\apache\pdfbox\fontbox\2.0.8\fontbox-2.0.8.jar;C:\Users\Lenovo\.m2\repository\org\apache\pdfbox\xmpbox\2.0.8\xmpbox-2.0.8.jar;C:\Users\Lenovo\.m2\repository\de\rototor\pdfbox\graphics2d\0.12\graphics2d-0.12.jar;C:\Users\Lenovo\.m2\repository\com\openhtmltopdf\openhtmltopdf-rtl-support\0.0.1-RC13\openhtmltopdf-rtl-support-0.0.1-RC13.jar;C:\Users\Lenovo\.m2\repository\com\ibm\icu\icu4j\59.1\icu4j-59.1.jar;C:\Users\Lenovo\.m2\repository\com\openhtmltopdf\openhtmltopdf-jsoup-dom-converter\0.0.1-RC13\openhtmltopdf-jsoup-dom-converter-0.0.1-RC13.jar;C:\Users\Lenovo\.m2\repository\com\vladsch\flexmark\flexmark-profile-pegdown\0.34.30\flexmark-profile-pegdown-0.34.30.jar;C:\Users\Lenovo\.m2\repository\com\vladsch\flexmark\flexmark-util\0.34.30\flexmark-util-0.34.30.jar;C:\Users\Lenovo\.m2\repository\com\vladsch\flexmark\flexmark-youtrack-converter\0.34.30\flexmark-youtrack-converter-0.34.30.jar;C:\Users\Lenovo\.m2\repository\es\nitaur\markdown\txtmark\0.16\txtmark-0.16.jar;C:\Users\Lenovo\.m2\repository\net\serenity-bdd\serenity-report-resources\3.6.12\serenity-report-resources-3.6.12.jar;C:\Users\Lenovo\.m2\repository\com\google\code\gson\gson\2.9.0\gson-2.9.0.jar;C:\Users\Lenovo\.m2\repository\com\fasterxml\jackson\core\jackson-core\2.14.2\jackson-core-2.14.2.jar;C:\Users\Lenovo\.m2\repository\com\fasterxml\jackson\core\jackson-databind\2.14.2\jackson-databind-2.14.2.jar;C:\Users\Lenovo\.m2\repository\com\fasterxml\jackson\core\jackson-annotations\2.14.2\jackson-annotations-2.14.2.jar;C:\Users\Lenovo\.m2\repository\commons-codec\commons-codec\1.15\commons-codec-1.15.jar;C:\Users\Lenovo\.m2\repository\commons-io\commons-io\2.11.0\commons-io-2.11.0.jar;C:\Users\Lenovo\.m2\repository\org\apache\httpcomponents\httpclient\4.5.13\httpclient-4.5.13.jar;C:\Users\Lenovo\.m2\repository\org\apache\httpcomponents\httpcore\4.4.13\httpcore-4.4.13.jar;C:\Users\Lenovo\.m2\repository\commons-logging\commons-logging\1.2\commons-logging-1.2.jar;C:\Users\Lenovo\.m2\repository\org\seleniumhq\selenium\selenium-java\4.8.0\selenium-java-4.8.0.jar;C:\Users\Lenovo\.m2\repository\org\seleniumhq\selenium\selenium-devtools-v107\4.8.0\selenium-devtools-v107-4.8.0.jar;C:\Users\Lenovo\.m2\repository\org\seleniumhq\selenium\selenium-devtools-v108\4.8.0\selenium-devtools-v108-4.8.0.jar;C:\Users\Lenovo\.m2\repository\org\seleniumhq\selenium\selenium-devtools-v109\4.8.0\selenium-devtools-v109-4.8.0.jar;C:\Users\Lenovo\.m2\repository\org\seleniumhq\selenium\selenium-devtools-v85\4.8.0\selenium-devtools-v85-4.8.0.jar;C:\Users\Lenovo\.m2\repository\org\seleniumhq\selenium\selenium-remote-driver\4.8.0\selenium-remote-driver-4.8.0.jar;C:\Users\Lenovo\.m2\repository\io\netty\netty-buffer\4.1.87.Final\netty-buffer-4.1.87.Final.jar;C:\Users\Lenovo\.m2\repository\io\netty\netty-codec-http\4.1.87.Final\netty-codec-http-4.1.87.Final.jar;C:\Users\Lenovo\.m2\repository\io\netty\netty-codec\4.1.87.Final\netty-codec-4.1.87.Final.jar;C:\Users\Lenovo\.m2\repository\io\netty\netty-handler\4.1.87.Final\netty-handler-4.1.87.Final.jar;C:\Users\Lenovo\.m2\repository\io\netty\netty-common\4.1.87.Final\netty-common-4.1.87.Final.jar;C:\Users\Lenovo\.m2\repository\io\netty\netty-transport-classes-epoll\4.1.87.Final\netty-transport-classes-epoll-4.1.87.Final.jar;C:\Users\Lenovo\.m2\repository\io\netty\netty-transport-classes-kqueue\4.1.87.Final\netty-transport-classes-kqueue-4.1.87.Final.jar;C:\Users\Lenovo\.m2\repository\io\netty\netty-transport-native-epoll\4.1.87.Final\netty-transport-native-epoll-4.1.87.Final.jar;C:\Users\Lenovo\.m2\repository\io\netty\netty-transport-native-kqueue\4.1.87.Final\netty-transport-native-kqueue-4.1.87.Final.jar;C:\Users\Lenovo\.m2\repository\io\netty\netty-transport-native-unix-common\4.1.87.Final\netty-transport-native-unix-common-4.1.87.Final.jar;C:\Users\Lenovo\.m2\repository\io\netty\netty-transport\4.1.87.Final\netty-transport-4.1.87.Final.jar;C:\Users\Lenovo\.m2\repository\io\netty\netty-resolver\4.1.87.Final\netty-resolver-4.1.87.Final.jar;C:\Users\Lenovo\.m2\repository\io\opentelemetry\opentelemetry-api\1.22.0\opentelemetry-api-1.22.0.jar;C:\Users\Lenovo\.m2\repository\io\opentelemetry\opentelemetry-context\1.22.0\opentelemetry-context-1.22.0.jar;C:\Users\Lenovo\.m2\repository\io\opentelemetry\opentelemetry-exporter-logging\1.22.0\opentelemetry-exporter-logging-1.22.0.jar;C:\Users\Lenovo\.m2\repository\io\opentelemetry\opentelemetry-sdk-metrics\1.22.0\opentelemetry-sdk-metrics-1.22.0.jar;C:\Users\Lenovo\.m2\repository\io\opentelemetry\opentelemetry-sdk-logs\1.22.0-alpha\opentelemetry-sdk-logs-1.22.0-alpha.jar;C:\Users\Lenovo\.m2\repository\io\opentelemetry\opentelemetry-api-logs\1.22.0-alpha\opentelemetry-api-logs-1.22.0-alpha.jar;C:\Users\Lenovo\.m2\repository\io\opentelemetry\opentelemetry-sdk-common\1.22.0\opentelemetry-sdk-common-1.22.0.jar;C:\Users\Lenovo\.m2\repository\io\opentelemetry\opentelemetry-sdk-extension-autoconfigure-spi\1.22.0\opentelemetry-sdk-extension-autoconfigure-spi-1.22.0.jar;C:\Users\Lenovo\.m2\repository\io\opentelemetry\opentelemetry-sdk-extension-autoconfigure\1.22.0-alpha\opentelemetry-sdk-extension-autoconfigure-1.22.0-alpha.jar;C:\Users\Lenovo\.m2\repository\io\opentelemetry\opentelemetry-sdk-trace\1.22.0\opentelemetry-sdk-trace-1.22.0.jar;C:\Users\Lenovo\.m2\repository\io\opentelemetry\opentelemetry-sdk\1.22.0\opentelemetry-sdk-1.22.0.jar;C:\Users\Lenovo\.m2\repository\io\opentelemetry\opentelemetry-semconv\1.22.0-alpha\opentelemetry-semconv-1.22.0-alpha.jar;C:\Users\Lenovo\.m2\repository\io\ous\jtoml\2.0.0\jtoml-2.0.0.jar;C:\Users\Lenovo\.m2\repository\org\apache\commons\commons-exec\1.3\commons-exec-1.3.jar;C:\Users\Lenovo\.m2\repository\org\asynchttpclient\async-http-client\2.12.3\async-http-client-2.12.3.jar;C:\Users\Lenovo\.m2\repository\org\asynchttpclient\async-http-client-netty-utils\2.12.3\async-http-client-netty-utils-2.12.3.jar;C:\Users\Lenovo\.m2\repository\io\netty\netty-codec-socks\4.1.60.Final\netty-codec-socks-4.1.60.Final.jar;C:\Users\Lenovo\.m2\repository\io\netty\netty-handler-proxy\4.1.60.Final\netty-handler-proxy-4.1.60.Final.jar;C:\Users\Lenovo\.m2\repository\io\netty\netty-transport-native-epoll\4.1.60.Final\netty-transport-native-epoll-4.1.60.Final-linux-x86_64.jar;C:\Users\Lenovo\.m2\repository\io\netty\netty-transport-native-kqueue\4.1.60.Final\netty-transport-native-kqueue-4.1.60.Final-osx-x86_64.jar;C:\Users\Lenovo\.m2\repository\org\reactivestreams\reactive-streams\1.0.3\reactive-streams-1.0.3.jar;C:\Users\Lenovo\.m2\repository\com\typesafe\netty\netty-reactive-streams\2.0.4\netty-reactive-streams-2.0.4.jar;C:\Users\Lenovo\.m2\repository\org\seleniumhq\selenium\selenium-manager\4.8.0\selenium-manager-4.8.0.jar;C:\Users\Lenovo\.m2\repository\org\seleniumhq\selenium\selenium-safari-driver\4.8.0\selenium-safari-driver-4.8.0.jar;C:\Users\Lenovo\.m2\repository\org\seleniumhq\selenium\selenium-api\4.8.0\selenium-api-4.8.0.jar;C:\Users\Lenovo\.m2\repository\org\seleniumhq\selenium\selenium-support\4.8.0\selenium-support-4.8.0.jar;C:\Users\Lenovo\.m2\repository\com\google\auto\service\auto-service-annotations\1.0.1\auto-service-annotations-1.0.1.jar;C:\Users\Lenovo\.m2\repository\com\google\auto\service\auto-service\1.0.1\auto-service-1.0.1.jar;C:\Users\Lenovo\.m2\repository\com\google\auto\auto-common\1.2\auto-common-1.2.jar;C:\Users\Lenovo\.m2\repository\org\seleniumhq\selenium\selenium-json\4.8.0\selenium-json-4.8.0.jar;C:\Users\Lenovo\.m2\repository\org\seleniumhq\selenium\selenium-chrome-driver\4.8.0\selenium-chrome-driver-4.8.0.jar;C:\Users\Lenovo\.m2\repository\org\seleniumhq\selenium\selenium-chromium-driver\4.8.0\selenium-chromium-driver-4.8.0.jar;C:\Users\Lenovo\.m2\repository\org\seleniumhq\selenium\selenium-firefox-driver\4.8.0\selenium-firefox-driver-4.8.0.jar;C:\Users\Lenovo\.m2\repository\org\seleniumhq\selenium\selenium-http\4.8.0\selenium-http-4.8.0.jar;C:\Users\Lenovo\.m2\repository\dev\failsafe\failsafe\3.3.0\failsafe-3.3.0.jar;C:\Users\Lenovo\.m2\repository\org\seleniumhq\selenium\selenium-edge-driver\4.8.0\selenium-edge-driver-4.8.0.jar;C:\Users\Lenovo\.m2\repository\org\seleniumhq\selenium\selenium-ie-driver\4.8.0\selenium-ie-driver-4.8.0.jar;C:\Users\Lenovo\.m2\repository\org\projectlombok\lombok\1.18.20\lombok-1.18.20.jar;C:\Users\Lenovo\.m2\repository\io\appium\java-client\8.3.0\java-client-8.3.0.jar;C:\Users\Lenovo\.m2\repository\commons-validator\commons-validator\1.7\commons-validator-1.7.jar;C:\Users\Lenovo\.m2\repository\commons-digester\commons-digester\2.1\commons-digester-2.1.jar;C:\Users\Lenovo\.m2\repository\org\apache\groovy\groovy\4.0.6\groovy-4.0.6.jar;C:\Users\Lenovo\.m2\repository\net\sf\opencsv\opencsv\2.0\opencsv-2.0.jar;C:\Users\Lenovo\.m2\repository\commons-beanutils\commons-beanutils\1.9.4\commons-beanutils-1.9.4.jar;C:\Users\Lenovo\.m2\repository\org\apache\commons\commons-lang3\3.12.0\commons-lang3-3.12.0.jar;C:\Users\Lenovo\.m2\repository\commons-collections\commons-collections\3.2.2\commons-collections-3.2.2.jar;C:\Users\Lenovo\.m2\repository\org\fluentlenium\fluentlenium-core\0.10.2\fluentlenium-core-0.10.2.jar;C:\Users\Lenovo\.m2\repository\io\github\bonigarcia\webdrivermanager\5.3.0\webdrivermanager-5.3.0.jar;C:\Users\Lenovo\.m2\repository\com\github\docker-java\docker-java\3.2.13\docker-java-3.2.13.jar;C:\Users\Lenovo\.m2\repository\com\github\docker-java\docker-java-core\3.2.13\docker-java-core-3.2.13.jar;C:\Users\Lenovo\.m2\repository\com\github\docker-java\docker-java-api\3.2.13\docker-java-api-3.2.13.jar;C:\Users\Lenovo\.m2\repository\org\apache\commons\commons-compress\1.21\commons-compress-1.21.jar;C:\Users\Lenovo\.m2\repository\org\bouncycastle\bcpkix-jdk15on\1.64\bcpkix-jdk15on-1.64.jar;C:\Users\Lenovo\.m2\repository\org\bouncycastle\bcprov-jdk15on\1.64\bcprov-jdk15on-1.64.jar;C:\Users\Lenovo\.m2\repository\org\slf4j\jcl-over-slf4j\1.7.30\jcl-over-slf4j-1.7.30.jar;C:\Users\Lenovo\.m2\repository\com\github\docker-java\docker-java-transport-httpclient5\3.2.13\docker-java-transport-httpclient5-3.2.13.jar;C:\Users\Lenovo\.m2\repository\com\github\docker-java\docker-java-transport\3.2.13\docker-java-transport-3.2.13.jar;C:\Users\Lenovo\.m2\repository\net\java\dev\jna\jna\5.8.0\jna-5.8.0.jar;C:\Users\Lenovo\.m2\repository\org\brotli\dec\0.1.2\dec-0.1.2.jar;C:\Users\Lenovo\.m2\repository\org\apache\httpcomponents\client5\httpclient5\5.1.3\httpclient5-5.1.3.jar;C:\Users\Lenovo\.m2\repository\org\apache\httpcomponents\core5\httpcore5\5.1.3\httpcore5-5.1.3.jar;C:\Users\Lenovo\.m2\repository\org\apache\httpcomponents\core5\httpcore5-h2\5.1.3\httpcore5-h2-5.1.3.jar;C:\Users\Lenovo\.m2\repository\com\jhlabs\filters\2.0.235\filters-2.0.235.jar;C:\Users\Lenovo\.m2\repository\com\paulhammant\ngwebdriver\1.1.6\ngwebdriver-1.1.6.jar;C:\Users\Lenovo\.m2\repository\joda-time\joda-time\2.8.2\joda-time-2.8.2.jar;C:\Users\Lenovo\.m2\repository\org\hamcrest\hamcrest\2.2\hamcrest-2.2.jar;C:\Users\Lenovo\.m2\repository\com\google\jimfs\jimfs\1.2\jimfs-1.2.jar;C:\Users\Lenovo\.m2\repository\org\mockito\mockito-core\3.3.3\mockito-core-3.3.3.jar;C:\Users\Lenovo\.m2\repository\javax\xml\bind\jaxb-api\2.3.1\jaxb-api-2.3.1.jar;C:\Users\Lenovo\.m2\repository\javax\activation\javax.activation-api\1.2.0\javax.activation-api-1.2.0.jar;C:\Users\Lenovo\.m2\repository\com\sun\xml\bind\jaxb-core\2.3.0.1\jaxb-core-2.3.0.1.jar;C:\Users\Lenovo\.m2\repository\com\sun\xml\bind\jaxb-impl\2.3.3\jaxb-impl-2.3.3.jar;C:\Users\Lenovo\.m2\repository\jakarta\xml\bind\jakarta.xml.bind-api\2.3.3\jakarta.xml.bind-api-2.3.3.jar;C:\Users\Lenovo\.m2\repository\com\sun\activation\jakarta.activation\1.2.2\jakarta.activation-1.2.2.jar;C:\Users\Lenovo\.m2\repository\javax\activation\activation\1.1.1\activation-1.1.1.jar;C:\Users\Lenovo\.m2\repository\net\serenity-bdd\serenity-rest-assured\3.6.12\serenity-rest-assured-3.6.12.jar;C:\Users\Lenovo\.m2\repository\io\rest-assured\rest-assured\5.2.0\rest-assured-5.2.0.jar;C:\Users\Lenovo\.m2\repository\org\apache\httpcomponents\httpmime\4.5.13\httpmime-4.5.13.jar;C:\Users\Lenovo\.m2\repository\org\ccil\cowan\tagsoup\tagsoup\1.2.1\tagsoup-1.2.1.jar;C:\Users\Lenovo\.m2\repository\io\rest-assured\json-path\5.2.0\json-path-5.2.0.jar;C:\Users\Lenovo\.m2\repository\io\rest-assured\rest-assured-common\5.2.0\rest-assured-common-5.2.0.jar;C:\Users\Lenovo\.m2\repository\io\rest-assured\xml-path\5.2.0\xml-path-5.2.0.jar;C:\Users\Lenovo\.m2\repository\org\apache\groovy\groovy-json\4.0.6\groovy-json-4.0.6.jar;C:\Users\Lenovo\.m2\repository\org\apache\groovy\groovy-xml\4.0.6\groovy-xml-4.0.6.jar;C:\Users\Lenovo\.m2\repository\org\opentest4j\opentest4j\1.2.0\opentest4j-1.2.0.jar;C:\Users\Lenovo\.m2\repository\net\serenity-bdd\serenity-cucumber\3.6.12\serenity-cucumber-3.6.12.jar;C:\Users\Lenovo\.m2\repository\io\cucumber\cucumber-core\7.11.0\cucumber-core-7.11.0.jar;C:\Users\Lenovo\.m2\repository\io\cucumber\cucumber-gherkin\7.11.0\cucumber-gherkin-7.11.0.jar;C:\Users\Lenovo\.m2\repository\io\cucumber\cucumber-gherkin-messages\7.11.0\cucumber-gherkin-messages-7.11.0.jar;C:\Users\Lenovo\.m2\repository\io\cucumber\gherkin\26.0.3\gherkin-26.0.3.jar;C:\Users\Lenovo\.m2\repository\io\cucumber\messages\21.0.1\messages-21.0.1.jar;C:\Users\Lenovo\.m2\repository\io\cucumber\tag-expressions\5.0.1\tag-expressions-5.0.1.jar;C:\Users\Lenovo\.m2\repository\io\cucumber\cucumber-expressions\16.1.1\cucumber-expressions-16.1.1.jar;C:\Users\Lenovo\.m2\repository\io\cucumber\datatable\7.11.0\datatable-7.11.0.jar;C:\Users\Lenovo\.m2\repository\io\cucumber\cucumber-plugin\7.11.0\cucumber-plugin-7.11.0.jar;C:\Users\Lenovo\.m2\repository\io\cucumber\docstring\7.11.0\docstring-7.11.0.jar;C:\Users\Lenovo\.m2\repository\io\cucumber\html-formatter\20.2.1\html-formatter-20.2.1.jar;C:\Users\Lenovo\.m2\repository\io\cucumber\junit-xml-formatter\0.1.0\junit-xml-formatter-0.1.0.jar;C:\Users\Lenovo\.m2\repository\io\cucumber\ci-environment\9.1.0\ci-environment-9.1.0.jar;C:\Users\Lenovo\.m2\repository\io\cucumber\cucumber-java\7.11.0\cucumber-java-7.11.0.jar;C:\Users\Lenovo\.m2\repository\io\cucumber\cucumber-junit\7.11.0\cucumber-junit-7.11.0.jar;C:\Users\Lenovo\.m2\repository\org\apache\commons\commons-csv\1.5\commons-csv-1.5.jar;C:\Users\Lenovo\.m2\repository\net\serenity-bdd\serenity-screenplay\3.6.12\serenity-screenplay-3.6.12.jar;C:\Users\Lenovo\.m2\repository\net\serenity-bdd\serenity-screenplay-webdriver\3.6.12\serenity-screenplay-webdriver-3.6.12.jar;C:\Users\Lenovo\.m2\repository\net\serenity-bdd\serenity-ensure\3.6.12\serenity-ensure-3.6.12.jar;C:\Users\Lenovo\.m2\repository\net\serenity-bdd\serenity-junit\3.6.12\serenity-junit-3.6.12.jar;C:\Users\Lenovo\.m2\repository\org\jetbrains\kotlin\kotlin-stdlib\1.7.21\kotlin-stdlib-1.7.21.jar;C:\Users\Lenovo\.m2\repository\org\jetbrains\kotlin\kotlin-stdlib-common\1.7.21\kotlin-stdlib-common-1.7.21.jar;C:\Users\Lenovo\.m2\repository\org\jetbrains\annotations\13.0\annotations-13.0.jar;C:\Users\Lenovo\.m2\repository\org\junit\platform\junit-platform-launcher\1.9.2\junit-platform-launcher-1.9.2.jar;C:\Users\Lenovo\.m2\repository\org\junit\platform\junit-platform-engine\1.9.2\junit-platform-engine-1.9.2.jar;C:\Users\Lenovo\.m2\repository\org\junit\platform\junit-platform-commons\1.9.2\junit-platform-commons-1.9.2.jar;C:\Users\Lenovo\.m2\repository\org\apiguardian\apiguardian-api\1.1.2\apiguardian-api-1.1.2.jar;C:\Users\Lenovo\.m2\repository\org\junit\jupiter\junit-jupiter-engine\5.9.2\junit-jupiter-engine-5.9.2.jar;C:\Users\Lenovo\.m2\repository\org\junit\jupiter\junit-jupiter-api\5.9.2\junit-jupiter-api-5.9.2.jar;C:\Users\Lenovo\.m2\repository\org\junit\vintage\junit-vintage-engine\5.9.2\junit-vintage-engine-5.9.2.jar;C:\Users\Lenovo\.m2\repository\junit\junit\4.13.2\junit-4.13.2.jar;C:\Users\Lenovo\.m2\repository\org\hamcrest\hamcrest-core\1.3\hamcrest-core-1.3.jar;C:\Users\Lenovo\.m2\repository\ch\qos\logback\logback-classic\1.4.6\logback-classic-1.4.6.jar;C:\Users\Lenovo\.m2\repository\ch\qos\logback\logback-core\1.4.6\logback-core-1.4.6.jar;C:\Users\Lenovo\.m2\repository\org\slf4j\slf4j-api\2.0.4\slf4j-api-2.0.4.jar;C:\Users\Lenovo\.m2\repository\org\assertj\assertj-core\3.24.2\assertj-core-3.24.2.jar;C:\Users\Lenovo\.m2\repository\net\bytebuddy\byte-buddy\1.12.21\byte-buddy-1.12.21.jar;C:\Users\Lenovo\.m2\repository\com\googlecode\json-simple\json-simple\1.1.1\json-simple-1.1.1.jar;C:\Users\Lenovo\.m2\repository\org\testng\testng\7.7.0\testng-7.7.0.jar;C:\Users\Lenovo\.m2\repository\com\beust\jcommander\1.82\jcommander-1.82.jar;C:\Users\Lenovo\.m2\repository\org\webjars\jquery\3.6.1\jquery-3.6.1.jar;C:\Users\Lenovo\.m2\repository\org\apache\maven\surefire\surefire-junit-platform\3.0.0-M5\surefire-junit-platform-3.0.0-M5.jar;C:\Users\Lenovo\.m2\repository\org\apache\maven\surefire\common-java5\3.0.0-M5\common-java5-3.0.0-M5.jar"/>
    <property name="user.script" value=""/>
    <property name="sun.management.compiler" value="HotSpot 64-Bit Tiered Compilers"/>
    <property name="java.runtime.version" value="17.0.8+9-LTS-211"/>
    <property name="user.name" value="Lenovo"/>
    <property name="path.separator" value=";"/>
    <property name="os.version" value="10.0"/>
    <property name="java.runtime.name" value="Java(TM) SE Runtime Environment"/>
    <property name="file.encoding" value="Cp1252"/>
    <property name="webdriver.base.url" value=""/>
    <property name="java.vm.name" value="Java HotSpot(TM) 64-Bit Server VM"/>
    <property name="localRepository" value="C:\Users\Lenovo\.m2\repository"/>
    <property name="java.vendor.url.bug" value="https://bugreport.java.com/bugreport/"/>
    <property name="java.io.tmpdir" value="C:\Users\Lenovo\AppData\Local\Temp\"/>
    <property name="java.version" value="17.0.8"/>
    <property name="user.dir" value="D:\SEMESTER 5\All Section\Section 3 - Code Competence\Code Competence KM QA 2\Weekly2"/>
    <property name="os.arch" value="amd64"/>
    <property name="java.vm.specification.name" value="Java Virtual Machine Specification"/>
    <property name="sun.os.patch.level" value=""/>
    <property name="native.encoding" value="Cp1252"/>
    <property name="java.library.path" value="C:\Program Files\Java\jdk-17\bin;C:\WINDOWS\Sun\Java\bin;C:\WINDOWS\system32;C:\WINDOWS;C:\Program Files\Python311\Scripts\;C:\Program Files\Python311\;C:\Program Files\Common Files\Oracle\Java\javapath;C:\WINDOWS\system32;C:\WINDOWS;C:\WINDOWS\System32\Wbem;C:\WINDOWS\System32\WindowsPowerShell\v1.0\;C:\WINDOWS\System32\OpenSSH\;C:\Program Files\Microsoft VS Code\bin;C:\Program Files\Cloudflare\Cloudflare WARP\;C:\mingw32\bin;C:\Program Files\nodejs\;C:\Program Files\Git\cmd;C:\xampp\php;C:\composer;C:\Program Files\Java\jdk-17\bin;D:\maven\apache-maven-3.9.4\bin;C:\Users\Lenovo\AppData\Roaming\npm;C:\Users\Lenovo\AppData\Local\Microsoft\WindowsApps;C:\Users\Lenovo\AppData\Local\spicetify;C:\Users\Lenovo\AppData\Roaming\Composer\vendor\bin;."/>
    <property name="java.vm.info" value="mixed mode"/>
    <property name="java.vendor" value="Oracle Corporation"/>
    <property name="java.vm.version" value="17.0.8+9-LTS-211"/>
    <property name="sun.io.unicode.encoding" value="UnicodeLittle"/>
    <property name="java.class.version" value="61.0"/>
  </properties>
  <testcase name="[Positive] - CART_ GET all detail data cart with valid endpoints" classname="Cart" time="3.623">
    <system-out><![CDATA[14:52:35.885 [main] DEBUG net.thucydides.core.guice.Injectors -- Created injector for module net.thucydides.core.guice.ThucydidesModule
14:52:36.107 [main] INFO io.cucumber.core.plugin.SerenityReporter -- Running feature from file:///D:/SEMESTER%205/All%20Section/Section%203%20-%20Code%20Competence/Code%20Competence%20KM%20QA%202/Weekly2/src/test/resources/Cart.feature
14:52:36.108 [main] WARN io.cucumber.core.plugin.SerenityReporter -- Feature from file:///D:/SEMESTER%205/All%20Section/Section%203%20-%20Code%20Competence/Code%20Competence%20KM%20QA%202/Weekly2/src/test/resources/Cart.feature is not under the 'features' directory. Requirements report will not be correctly generated!
14:52:36.242 [main] DEBUG net.thucydides.core.guice.Injectors -- Created injector for module net.thucydides.core.guice.webdriver.WebDriverModule
14:52:36.262 [main] INFO  -- 

-------------------------------------------------------------------------------------
     _______. _______ .______       _______ .__   __.  __  .___________.____    ____ 
    /       ||   ____||   _  \     |   ____||  \ |  | |  | |           |\   \  /   / 
   |   (----`|  |__   |  |_)  |    |  |__   |   \|  | |  | `---|  |----` \   \/   /  
    \   \    |   __|  |      /     |   __|  |  . `  | |  |     |  |       \_    _/   
.----)   |   |  |____ |  |\  \----.|  |____ |  |\   | |  |     |  |         |  |     
|_______/    |_______|| _| `._____||_______||__| \__| |__|     |__|         |__|    
                                                                                     
 News and tutorials at http://www.serenity-bdd.info                                  
 Documentation at https://wakaleo.gitbooks.io/the-serenity-book/content/             
 Join the Serenity Community on Gitter: https://gitter.im/serenity-bdd/serenity-core 
 Serenity BDD Support and Training at http://serenity-bdd.info/#/trainingandsupport  
-------------------------------------------------------------------------------------

14:52:36.264 [main] DEBUG net.thucydides.core.steps.StepEventBus -- Test suite started for story net.thucydides.core.model.Story@8dc9a9b6
14:52:36.268 [main] INFO  -- Test Suite Started: Cart
14:52:36.288 [main] INFO io.cucumber.core.plugin.SerenityReporter -- Running feature from file:///D:/SEMESTER%205/All%20Section/Section%203%20-%20Code%20Competence/Code%20Competence%20KM%20QA%202/Weekly2/src/test/resources/Login.feature
14:52:36.288 [main] WARN io.cucumber.core.plugin.SerenityReporter -- Feature from file:///D:/SEMESTER%205/All%20Section/Section%203%20-%20Code%20Competence/Code%20Competence%20KM%20QA%202/Weekly2/src/test/resources/Login.feature is not under the 'features' directory. Requirements report will not be correctly generated!
14:52:36.291 [main] DEBUG net.thucydides.core.steps.StepEventBus -- Test suite started for story net.thucydides.core.model.Story@b7657a3a
14:52:36.291 [main] INFO  -- Test Suite Started: Login
14:52:36.291 [main] INFO io.cucumber.core.plugin.SerenityReporter -- Running feature from file:///D:/SEMESTER%205/All%20Section/Section%203%20-%20Code%20Competence/Code%20Competence%20KM%20QA%202/Weekly2/src/test/resources/Product.feature
14:52:36.291 [main] WARN io.cucumber.core.plugin.SerenityReporter -- Feature from file:///D:/SEMESTER%205/All%20Section/Section%203%20-%20Code%20Competence/Code%20Competence%20KM%20QA%202/Weekly2/src/test/resources/Product.feature is not under the 'features' directory. Requirements report will not be correctly generated!
14:52:36.295 [main] DEBUG net.thucydides.core.steps.StepEventBus -- Test suite started for story net.thucydides.core.model.Story@77d3c87a
14:52:36.296 [main] INFO  -- Test Suite Started: Product
14:52:36.296 [main] INFO io.cucumber.core.plugin.SerenityReporter -- Running feature from file:///D:/SEMESTER%205/All%20Section/Section%203%20-%20Code%20Competence/Code%20Competence%20KM%20QA%202/Weekly2/src/test/resources/User.feature
14:52:36.296 [main] WARN io.cucumber.core.plugin.SerenityReporter -- Feature from file:///D:/SEMESTER%205/All%20Section/Section%203%20-%20Code%20Competence/Code%20Competence%20KM%20QA%202/Weekly2/src/test/resources/User.feature is not under the 'features' directory. Requirements report will not be correctly generated!
14:52:36.301 [main] DEBUG net.thucydides.core.steps.StepEventBus -- Test suite started for story net.thucydides.core.model.Story@11de416
14:52:36.301 [main] INFO  -- Test Suite Started: User
14:52:36.302 [main] INFO io.cucumber.core.plugin.SerenityReporter -- Running feature from file:///D:/SEMESTER%205/All%20Section/Section%203%20-%20Code%20Competence/Code%20Competence%20KM%20QA%202/Weekly2/src/test/resources/Cart.feature
14:52:36.302 [main] WARN io.cucumber.core.plugin.SerenityReporter -- Feature from file:///D:/SEMESTER%205/All%20Section/Section%203%20-%20Code%20Competence/Code%20Competence%20KM%20QA%202/Weekly2/src/test/resources/Cart.feature is not under the 'features' directory. Requirements report will not be correctly generated!
14:52:36.304 [main] DEBUG net.thucydides.core.steps.StepEventBus -- Test suite started for story net.thucydides.core.model.Story@8dc9a9b6
14:52:36.304 [main] INFO  -- Test Suite Started: Cart

Scenario: [Positive] - CART_ GET all detail data cart with valid endpoints &amp#27;[90m# src/test/resources/Cart.feature:3&amp#27;[0m
14:52:36.391 [main] INFO io.cucumber.core.plugin.SerenityReporter -- Running feature from file:///D:/SEMESTER%205/All%20Section/Section%203%20-%20Code%20Competence/Code%20Competence%20KM%20QA%202/Weekly2/src/test/resources/Cart.feature
14:52:36.391 [main] WARN io.cucumber.core.plugin.SerenityReporter -- Feature from file:///D:/SEMESTER%205/All%20Section/Section%203%20-%20Code%20Competence/Code%20Competence%20KM%20QA%202/Weekly2/src/test/resources/Cart.feature is not under the 'features' directory. Requirements report will not be correctly generated!
14:52:36.487 [main] INFO  -- 
  _____   ___   ___   _____     ___   _____     _     ___   _____   ___   ___  
 |_   _| | __| / __| |_   _|   / __| |_   _|   /_\   | _ \ |_   _| | __| |   \ 
   | |   | _|  \__ \   | |     \__ \   | |    / _ \  |   /   | |   | _|  | |) |
   |_|   |___| |___/   |_|     |___/   |_|   /_/ \_\ |_|_\   |_|   |___| |___/ 

[Positive] - CART_ GET all detail data cart with valid endpoints(cart;[positive]---cart--get-all-detail-data-cart-with-valid-endpoints)
--------------------------------------------------------------------------------
14:52:36.866 [main] DEBUG net.thucydides.core.steps.StepInterceptor -- STARTING STEP: CartSteps.getAPIAllCartValidEndpoint - I GET API all cart with valid endpoints
14:52:36.869 [main] DEBUG net.thucydides.core.steps.StepInterceptor -- STEP DONE: I GET API all cart with valid endpoints
  &amp#27;[32mGiven &amp#27;[0m&amp#27;[32mI GET API all cart with valid endpoints&amp#27;[0m                            &amp#27;[90m# starter.stepdefinition.CartSteps.getAPIAllCartValidEndpoint()&amp#27;[0m
14:52:36.880 [main] DEBUG net.thucydides.core.steps.StepInterceptor -- STARTING STEP: CartSteps.getRequestAllCartWithValidEndpoint - I GET HTTP request all cart data with valid endpoints
14:52:38.156 [main] DEBUG net.thucydides.core.steps.StepInterceptor -- STARTING STEP: Cart.getRequestAllCartWithValidEndpoint - I GET API all cart with valid endpoints
14:52:38.156 [main] DEBUG net.thucydides.core.steps.StepInterceptor -- STEP DONE: I GET API all cart with valid endpoints
14:52:38.707 [main] DEBUG org.apache.http.impl.conn.BasicClientConnectionManager -- Get connection for route {s}->https://fakestoreapi.com:443
14:52:38.750 [main] DEBUG org.apache.http.impl.conn.DefaultClientConnectionOperator -- Connecting to fakestoreapi.com:443
14:52:38.972 [main] DEBUG org.apache.http.client.protocol.RequestAddCookies -- CookieSpec selected: ignoreCookies
14:52:38.974 [main] DEBUG org.apache.http.client.protocol.RequestAuthCache -- Auth cache not set in the context
14:52:38.974 [main] DEBUG org.apache.http.client.protocol.RequestTargetAuthentication -- Target auth state: UNCHALLENGED
14:52:38.974 [main] DEBUG org.apache.http.client.protocol.RequestProxyAuthentication -- Proxy auth state: UNCHALLENGED
14:52:38.974 [main] DEBUG org.apache.http.impl.client.DefaultHttpClient -- Attempt 1 to execute request
14:52:38.974 [main] DEBUG org.apache.http.impl.conn.DefaultClientConnection -- Sending request: GET /carts HTTP/1.1
14:52:38.974 [main] DEBUG org.apache.http.wire --  >> "GET /carts HTTP/1.1[\r][\n]"
14:52:38.975 [main] DEBUG org.apache.http.wire --  >> "Accept: */*[\r][\n]"
14:52:38.975 [main] DEBUG org.apache.http.wire --  >> "Host: fakestoreapi.com[\r][\n]"
14:52:38.975 [main] DEBUG org.apache.http.wire --  >> "Connection: Keep-Alive[\r][\n]"
14:52:38.975 [main] DEBUG org.apache.http.wire --  >> "User-Agent: Apache-HttpClient/4.5.13 (Java/17.0.8)[\r][\n]"
14:52:38.975 [main] DEBUG org.apache.http.wire --  >> "Accept-Encoding: gzip,deflate[\r][\n]"
14:52:38.975 [main] DEBUG org.apache.http.wire --  >> "[\r][\n]"
14:52:38.975 [main] DEBUG org.apache.http.headers -- >> GET /carts HTTP/1.1
14:52:38.975 [main] DEBUG org.apache.http.headers -- >> Accept: */*
14:52:38.975 [main] DEBUG org.apache.http.headers -- >> Host: fakestoreapi.com
14:52:38.975 [main] DEBUG org.apache.http.headers -- >> Connection: Keep-Alive
14:52:38.975 [main] DEBUG org.apache.http.headers -- >> User-Agent: Apache-HttpClient/4.5.13 (Java/17.0.8)
14:52:38.975 [main] DEBUG org.apache.http.headers -- >> Accept-Encoding: gzip,deflate
14:52:39.839 [main] DEBUG org.apache.http.wire --  << "HTTP/1.1 200 OK[\r][\n]"
14:52:39.840 [main] DEBUG org.apache.http.wire --  << "Date: Fri, 06 Oct 2023 07:52:40 GMT[\r][\n]"
14:52:39.840 [main] DEBUG org.apache.http.wire --  << "Content-Type: application/json; charset=utf-8[\r][\n]"
14:52:39.840 [main] DEBUG org.apache.http.wire --  << "Transfer-Encoding: chunked[\r][\n]"
14:52:39.840 [main] DEBUG org.apache.http.wire --  << "Connection: keep-alive[\r][\n]"
14:52:39.840 [main] DEBUG org.apache.http.wire --  << "Access-Control-Allow-Origin: *[\r][\n]"
14:52:39.840 [main] DEBUG org.apache.http.wire --  << "Etag: W/"3a8-j3C8983spvK8GpaSYa+SyYlAS2A"[\r][\n]"
14:52:39.840 [main] DEBUG org.apache.http.wire --  << "X-Powered-By: Express[\r][\n]"
14:52:39.840 [main] DEBUG org.apache.http.wire --  << "CF-Cache-Status: DYNAMIC[\r][\n]"
14:52:39.840 [main] DEBUG org.apache.http.wire --  << "Report-To: {"endpoints":[{"url":"https:\/\/a.nel.cloudflare.com\/report\/v3?s=kYp%2FbkBWCynSAE3Hf9e5PP5uHdskguh2%2Fi3bBXxT%2F0Ok1n9N%2B3u0emKNynaUCter4JrhVYjj7d9%2F2OCCN%2FZ7mFwzfWqJ0wCYg3Ruejzn2MiwRBjOsrmLuzlpxdHjF%2BmttP2p"}],"group":"cf-nel","max_age":604800}[\r][\n]"
14:52:39.840 [main] DEBUG org.apache.http.wire --  << "NEL: {"success_fraction":0,"report_to":"cf-nel","max_age":604800}[\r][\n]"
14:52:39.840 [main] DEBUG org.apache.http.wire --  << "Server: cloudflare[\r][\n]"
14:52:39.840 [main] DEBUG org.apache.http.wire --  << "CF-RAY: 811c53824b7840a9-SIN[\r][\n]"
14:52:39.840 [main] DEBUG org.apache.http.wire --  << "Content-Encoding: gzip[\r][\n]"
14:52:39.840 [main] DEBUG org.apache.http.wire --  << "alt-svc: h3=":443"; ma=86400[\r][\n]"
14:52:39.840 [main] DEBUG org.apache.http.wire --  << "[\r][\n]"
14:52:39.841 [main] DEBUG org.apache.http.impl.conn.DefaultClientConnection -- Receiving response: HTTP/1.1 200 OK
14:52:39.841 [main] DEBUG org.apache.http.headers -- << HTTP/1.1 200 OK
14:52:39.841 [main] DEBUG org.apache.http.headers -- << Date: Fri, 06 Oct 2023 07:52:40 GMT
14:52:39.841 [main] DEBUG org.apache.http.headers -- << Content-Type: application/json; charset=utf-8
14:52:39.841 [main] DEBUG org.apache.http.headers -- << Transfer-Encoding: chunked
14:52:39.841 [main] DEBUG org.apache.http.headers -- << Connection: keep-alive
14:52:39.841 [main] DEBUG org.apache.http.headers -- << Access-Control-Allow-Origin: *
14:52:39.841 [main] DEBUG org.apache.http.headers -- << Etag: W/"3a8-j3C8983spvK8GpaSYa+SyYlAS2A"
14:52:39.841 [main] DEBUG org.apache.http.headers -- << X-Powered-By: Express
14:52:39.841 [main] DEBUG org.apache.http.headers -- << CF-Cache-Status: DYNAMIC
14:52:39.841 [main] DEBUG org.apache.http.headers -- << Report-To: {"endpoints":[{"url":"https:\/\/a.nel.cloudflare.com\/report\/v3?s=kYp%2FbkBWCynSAE3Hf9e5PP5uHdskguh2%2Fi3bBXxT%2F0Ok1n9N%2B3u0emKNynaUCter4JrhVYjj7d9%2F2OCCN%2FZ7mFwzfWqJ0wCYg3Ruejzn2MiwRBjOsrmLuzlpxdHjF%2BmttP2p"}],"group":"cf-nel","max_age":604800}
14:52:39.841 [main] DEBUG org.apache.http.headers -- << NEL: {"success_fraction":0,"report_to":"cf-nel","max_age":604800}
14:52:39.841 [main] DEBUG org.apache.http.headers -- << Server: cloudflare
14:52:39.841 [main] DEBUG org.apache.http.headers -- << CF-RAY: 811c53824b7840a9-SIN
14:52:39.841 [main] DEBUG org.apache.http.headers -- << Content-Encoding: gzip
14:52:39.841 [main] DEBUG org.apache.http.headers -- << alt-svc: h3=":443"; ma=86400
14:52:39.844 [main] DEBUG org.apache.http.impl.client.DefaultHttpClient -- Connection can be kept alive indefinitely
14:52:39.852 [main] DEBUG io.restassured.internal.RestAssuredHttpBuilder -- Parsing response as: application/json; charset=utf-8
14:52:39.852 [main] DEBUG org.apache.http.wire --  << "da[\r][\n]"
14:52:39.852 [main] DEBUG org.apache.http.wire --  << "[0x1f][0x8b][0x8][0x0][0x0][0x0][0x0][0x0][0x0][0x3][0xa4][0x92][0xcb][\n]"
14:52:39.852 [main] DEBUG org.apache.http.wire --  << "[0x83]0[0x10]E[0xff]e[0xd6][0xb1]L&[0xbe][0x9a]?[0xe8][0xbe][0xab][0x8a][0x88]T[0x17]n[0xfa][0xd0]X([0xe2][0xbf][0x97][0xd6][0x96][0x98][0x4]-*d[0x91]p3[0xcc][0xb9]w&[0xe9][0xa0]*@r[0x6]mS[0xd6][0x87][0xe1]Z[0xe4][0xaa][0x4][0x9][0x84][0x84][0x1e][\n]"
14:52:39.852 [main] DEBUG org.apache.http.wire --  << "[0xf][0xe9][0x88](?g[0x87][0x88]'`p[0xab][0xaf]E{V[\r][0xc8][0xa4][0xfb]=[0xbe][0xc5][0xf7]6[0xbf][0xa8]J=A[0xfa]=3D[0x1a][0x8b][0xdc][0x12][0xc5]X[0xc][0xfb][0x94]A[0x96]=@[0xe2][0xfb][5[0x14]O[0x11][0xf2]%[0x84]4Gh[0xe0]s[0xb4][0xd4]`[0xac][0x92][0x8b](4"[0xb9]![0xf2]u![0x92][0x5][0xb1]7Ct |[\r]![0xdc][0x9c][0xf8][0xda]I:}[0x82][0xe9]>[0x8b][0xcc]FsK[0x11][0xff]1[0x1b]j[0x8]S[0xe2]8[0x17]97vF[0xb8][0x18][0x91][0xc6][0x88]7aL[0xfa]M_[0x0][0x0][0x0][0xff][0xff][0x3][0x0][0xa4]c}[0x94][0xa8][0x3][0x0][0x0]"
14:52:39.852 [main] DEBUG org.apache.http.wire --  << "[\r][\n]"
14:52:39.853 [main] DEBUG org.apache.http.wire --  << "0[\r][\n]"
14:52:39.853 [main] DEBUG org.apache.http.wire --  << "[\r][\n]"
14:52:39.853 [main] DEBUG io.restassured.internal.RestAssuredHttpBuilder -- Parsed data to instance of: class org.apache.http.conn.EofSensorInputStream
14:52:39.889 [main] DEBUG org.apache.http.impl.conn.BasicClientConnectionManager -- Releasing connection org.apache.http.impl.conn.ManagedClientConnectionImpl@c2e33
14:52:39.889 [main] DEBUG org.apache.http.impl.conn.BasicClientConnectionManager -- Connection can be kept alive indefinitely
14:52:39.906 [main] DEBUG net.thucydides.core.steps.StepInterceptor -- STEP DONE: I GET HTTP request all cart data with valid endpoints
  &amp#27;[32mWhen &amp#27;[0m&amp#27;[32mI GET HTTP request all cart data with valid endpoints&amp#27;[0m               &amp#27;[90m# starter.stepdefinition.CartSteps.getRequestAllCartWithValidEndpoint()&amp#27;[0m
14:52:39.909 [main] DEBUG net.thucydides.core.steps.StepInterceptor -- STARTING STEP: CartSteps.eceiveValidGETAllCartResponseCode200 - I receive valid GET all cart response code 200
14:52:39.924 [main] DEBUG net.thucydides.core.steps.StepInterceptor -- STEP DONE: I receive valid GET all cart response code 200
  &amp#27;[32mThen &amp#27;[0m&amp#27;[32mI receive valid GET all cart response code 200&amp#27;[0m                      &amp#27;[90m# starter.stepdefinition.CartSteps.eceiveValidGETAllCartResponseCode200()&amp#27;[0m
14:52:39.927 [main] INFO  -- 
  _____   ___   ___   _____     ___     _     ___   ___   ___   ___  
 |_   _| | __| / __| |_   _|   | _ \   /_\   / __| / __| | __| |   \ 
   | |   | _|  \__ \   | |     |  _/  / _ \  \__ \ \__ \ | _|  | |) |
   |_|   |___| |___/   |_|     |_|   /_/ \_\ |___/ |___/ |___| |___/ 

[Positive] - CART_ GET all detail data cart with valid endpoints
----------------------------------------------------------------------
]]></system-out>
  </testcase>
  <testcase name="[Negative] - CART_GET all detail data cart with invalid endpoints" classname="Cart" time="0.868">
    <system-out><![CDATA[
Scenario: [Negative] - CART_GET all detail data cart with invalid endpoints &amp#27;[90m# src/test/resources/Cart.feature:8&amp#27;[0m
14:52:39.941 [main] INFO io.cucumber.core.plugin.SerenityReporter -- Running feature from file:///D:/SEMESTER%205/All%20Section/Section%203%20-%20Code%20Competence/Code%20Competence%20KM%20QA%202/Weekly2/src/test/resources/Cart.feature
14:52:39.941 [main] WARN io.cucumber.core.plugin.SerenityReporter -- Feature from file:///D:/SEMESTER%205/All%20Section/Section%203%20-%20Code%20Competence/Code%20Competence%20KM%20QA%202/Weekly2/src/test/resources/Cart.feature is not under the 'features' directory. Requirements report will not be correctly generated!
14:52:39.943 [main] INFO  -- 
  _____   ___   ___   _____     ___   _____     _     ___   _____   ___   ___  
 |_   _| | __| / __| |_   _|   / __| |_   _|   /_\   | _ \ |_   _| | __| |   \ 
   | |   | _|  \__ \   | |     \__ \   | |    / _ \  |   /   | |   | _|  | |) |
   |_|   |___| |___/   |_|     |___/   |_|   /_/ \_\ |_|_\   |_|   |___| |___/ 

[Negative] - CART_GET all detail data cart with invalid endpoints(cart;[negative]---cart-get-all-detail-data-cart-with-invalid-endpoints)
--------------------------------------------------------------------------------
14:52:39.950 [main] DEBUG net.thucydides.core.steps.StepInterceptor -- STARTING STEP: CartSteps.getAPIAllCartInvalidEndpointUrl - I GET API all cart with invalid endpoints
14:52:39.951 [main] DEBUG net.thucydides.core.steps.StepInterceptor -- STEP DONE: I GET API all cart with invalid endpoints
  &amp#27;[32mGiven &amp#27;[0m&amp#27;[32mI GET API all cart with invalid endpoints&amp#27;[0m                           &amp#27;[90m# starter.stepdefinition.CartSteps.getAPIAllCartInvalidEndpointUrl()&amp#27;[0m
14:52:39.952 [main] DEBUG net.thucydides.core.steps.StepInterceptor -- STARTING STEP: CartSteps.getRequestAllCartWithInvalidRequestUrl - I GET HTTP request all cart data with invalid endpoints
14:52:39.955 [main] DEBUG net.thucydides.core.steps.StepInterceptor -- STARTING STEP: Cart.getRequestAllCartWithInvalidRequestUrl - I GET API all cart with invalid endpoints
14:52:39.955 [main] DEBUG net.thucydides.core.steps.StepInterceptor -- STEP DONE: I GET API all cart with invalid endpoints
14:52:39.965 [main] DEBUG org.apache.http.impl.conn.BasicClientConnectionManager -- Get connection for route {s}->https://fakestoreapi.com:443
14:52:39.965 [main] DEBUG org.apache.http.impl.conn.DefaultClientConnectionOperator -- Connecting to fakestoreapi.com:443
14:52:40.030 [main] DEBUG org.apache.http.client.protocol.RequestAddCookies -- CookieSpec selected: ignoreCookies
14:52:40.030 [main] DEBUG org.apache.http.client.protocol.RequestAuthCache -- Auth cache not set in the context
14:52:40.030 [main] DEBUG org.apache.http.client.protocol.RequestTargetAuthentication -- Target auth state: UNCHALLENGED
14:52:40.030 [main] DEBUG org.apache.http.client.protocol.RequestProxyAuthentication -- Proxy auth state: UNCHALLENGED
14:52:40.030 [main] DEBUG org.apache.http.impl.client.DefaultHttpClient -- Attempt 1 to execute request
14:52:40.030 [main] DEBUG org.apache.http.impl.conn.DefaultClientConnection -- Sending request: GET /keranjang HTTP/1.1
14:52:40.031 [main] DEBUG org.apache.http.wire --  >> "GET /keranjang HTTP/1.1[\r][\n]"
14:52:40.031 [main] DEBUG org.apache.http.wire --  >> "Accept: */*[\r][\n]"
14:52:40.031 [main] DEBUG org.apache.http.wire --  >> "Host: fakestoreapi.com[\r][\n]"
14:52:40.031 [main] DEBUG org.apache.http.wire --  >> "Connection: Keep-Alive[\r][\n]"
14:52:40.031 [main] DEBUG org.apache.http.wire --  >> "User-Agent: Apache-HttpClient/4.5.13 (Java/17.0.8)[\r][\n]"
14:52:40.031 [main] DEBUG org.apache.http.wire --  >> "Accept-Encoding: gzip,deflate[\r][\n]"
14:52:40.031 [main] DEBUG org.apache.http.wire --  >> "[\r][\n]"
14:52:40.031 [main] DEBUG org.apache.http.headers -- >> GET /keranjang HTTP/1.1
14:52:40.031 [main] DEBUG org.apache.http.headers -- >> Accept: */*
14:52:40.031 [main] DEBUG org.apache.http.headers -- >> Host: fakestoreapi.com
14:52:40.031 [main] DEBUG org.apache.http.headers -- >> Connection: Keep-Alive
14:52:40.031 [main] DEBUG org.apache.http.headers -- >> User-Agent: Apache-HttpClient/4.5.13 (Java/17.0.8)
14:52:40.031 [main] DEBUG org.apache.http.headers -- >> Accept-Encoding: gzip,deflate
14:52:40.705 [main] DEBUG org.apache.http.wire --  << "HTTP/1.1 404 Not Found[\r][\n]"
14:52:40.705 [main] DEBUG org.apache.http.wire --  << "Date: Fri, 06 Oct 2023 07:52:41 GMT[\r][\n]"
14:52:40.705 [main] DEBUG org.apache.http.wire --  << "Content-Type: text/html; charset=utf-8[\r][\n]"
14:52:40.705 [main] DEBUG org.apache.http.wire --  << "Transfer-Encoding: chunked[\r][\n]"
14:52:40.705 [main] DEBUG org.apache.http.wire --  << "Connection: keep-alive[\r][\n]"
14:52:40.705 [main] DEBUG org.apache.http.wire --  << "Access-Control-Allow-Origin: *[\r][\n]"
14:52:40.705 [main] DEBUG org.apache.http.wire --  << "Content-Security-Policy: default-src 'none'[\r][\n]"
14:52:40.705 [main] DEBUG org.apache.http.wire --  << "X-Content-Type-Options: nosniff[\r][\n]"
14:52:40.705 [main] DEBUG org.apache.http.wire --  << "X-Powered-By: Express[\r][\n]"
14:52:40.705 [main] DEBUG org.apache.http.wire --  << "CF-Cache-Status: DYNAMIC[\r][\n]"
14:52:40.705 [main] DEBUG org.apache.http.wire --  << "Report-To: {"endpoints":[{"url":"https:\/\/a.nel.cloudflare.com\/report\/v3?s=AQ%2FeaWNeVFH9qFjD10F6dWYHYtb0nHI1Vos7%2BKOuvksYqhgXmffEq4d0voVFrYHb69DUaorA%2B6P9bL4IzR%2Bug3aVSVjLwAgKZNF5fzGrLw6%2BZN%2B%2Bw4ZdwsVZxt5lj6OACiKB"}],"group":"cf-nel","max_age":604800}[\r][\n]"
14:52:40.705 [main] DEBUG org.apache.http.wire --  << "NEL: {"success_fraction":0,"report_to":"cf-nel","max_age":604800}[\r][\n]"
14:52:40.705 [main] DEBUG org.apache.http.wire --  << "Server: cloudflare[\r][\n]"
14:52:40.705 [main] DEBUG org.apache.http.wire --  << "CF-RAY: 811c5388dd4349fc-SIN[\r][\n]"
14:52:40.705 [main] DEBUG org.apache.http.wire --  << "Content-Encoding: gzip[\r][\n]"
14:52:40.705 [main] DEBUG org.apache.http.wire --  << "alt-svc: h3=":443"; ma=86400[\r][\n]"
14:52:40.705 [main] DEBUG org.apache.http.wire --  << "[\r][\n]"
14:52:40.705 [main] DEBUG org.apache.http.impl.conn.DefaultClientConnection -- Receiving response: HTTP/1.1 404 Not Found
14:52:40.705 [main] DEBUG org.apache.http.headers -- << HTTP/1.1 404 Not Found
14:52:40.705 [main] DEBUG org.apache.http.headers -- << Date: Fri, 06 Oct 2023 07:52:41 GMT
14:52:40.705 [main] DEBUG org.apache.http.headers -- << Content-Type: text/html; charset=utf-8
14:52:40.705 [main] DEBUG org.apache.http.headers -- << Transfer-Encoding: chunked
14:52:40.705 [main] DEBUG org.apache.http.headers -- << Connection: keep-alive
14:52:40.705 [main] DEBUG org.apache.http.headers -- << Access-Control-Allow-Origin: *
14:52:40.705 [main] DEBUG org.apache.http.headers -- << Content-Security-Policy: default-src 'none'
14:52:40.705 [main] DEBUG org.apache.http.headers -- << X-Content-Type-Options: nosniff
14:52:40.705 [main] DEBUG org.apache.http.headers -- << X-Powered-By: Express
14:52:40.705 [main] DEBUG org.apache.http.headers -- << CF-Cache-Status: DYNAMIC
14:52:40.705 [main] DEBUG org.apache.http.headers -- << Report-To: {"endpoints":[{"url":"https:\/\/a.nel.cloudflare.com\/report\/v3?s=AQ%2FeaWNeVFH9qFjD10F6dWYHYtb0nHI1Vos7%2BKOuvksYqhgXmffEq4d0voVFrYHb69DUaorA%2B6P9bL4IzR%2Bug3aVSVjLwAgKZNF5fzGrLw6%2BZN%2B%2Bw4ZdwsVZxt5lj6OACiKB"}],"group":"cf-nel","max_age":604800}
14:52:40.705 [main] DEBUG org.apache.http.headers -- << NEL: {"success_fraction":0,"report_to":"cf-nel","max_age":604800}
14:52:40.705 [main] DEBUG org.apache.http.headers -- << Server: cloudflare
14:52:40.705 [main] DEBUG org.apache.http.headers -- << CF-RAY: 811c5388dd4349fc-SIN
14:52:40.705 [main] DEBUG org.apache.http.headers -- << Content-Encoding: gzip
14:52:40.705 [main] DEBUG org.apache.http.headers -- << alt-svc: h3=":443"; ma=86400
14:52:40.705 [main] DEBUG org.apache.http.impl.client.DefaultHttpClient -- Connection can be kept alive indefinitely
14:52:40.705 [main] DEBUG io.restassured.internal.RestAssuredHttpBuilder -- Parsing response as: text/html; charset=utf-8
14:52:40.705 [main] DEBUG org.apache.http.wire --  << "91[\r][\n]"
14:52:40.705 [main] DEBUG org.apache.http.wire --  << "[0x1f][0x8b][0x8][0x0][0x0][0x0][0x0][0x0][0x0][0x3],[0x8e][0xb1][0xe][0xc2]0[0xc]D[0xf7]|E[0xc8][0x8e][0xbc]2[0xb8]YJ[0xc4]H[0x87].[0x1d][\r]5-[0x90]:[0xc8][0xb8][0x3][0x8f][0x2][0x9d]Nw[0xef]N:[0xdc][0x1d][0xcf]m?t[0xc9][0xcf][0xb6][0xe4][0xe8][0xb0][0x8a][0xcf]$S[0x13]XB[\r][0x98][0xc6][0xe8]pa#[0x9d]I[0xdf]lMX[0xed][0xb6]?Tjw[0xcb][0x1c][0x93]jQ[0x84][0xbf]q[0x8][0xdb][0xe6]R[0xc6]Ot[0xf8]R[0x8e]-[0x89][0x14][0xf3][0xa7][0xd4]{x[0xb2][0x92]<H&[0x84][0x8a][0x1c][0xc2]V[0x84][0xdf][0x87]/[0x0][0x0][0x0][0xff][0xff][0xe3][0x2][0x0][0xcf]t[0xd6]<[0x94][0x0][0x0][0x0]"
14:52:40.705 [main] DEBUG org.apache.http.wire --  << "[\r][\n]"
14:52:40.705 [main] DEBUG org.apache.http.wire --  << "0[\r][\n]"
14:52:40.705 [main] DEBUG org.apache.http.wire --  << "[\r][\n]"
14:52:40.705 [main] DEBUG io.restassured.internal.RestAssuredHttpBuilder -- Parsed data to instance of: class org.apache.http.conn.EofSensorInputStream
14:52:40.707 [main] DEBUG org.apache.http.impl.conn.BasicClientConnectionManager -- Releasing connection org.apache.http.impl.conn.ManagedClientConnectionImpl@4feec184
14:52:40.707 [main] DEBUG org.apache.http.impl.conn.BasicClientConnectionManager -- Connection can be kept alive indefinitely
14:52:40.791 [main] DEBUG net.thucydides.core.steps.StepInterceptor -- STEP DONE: I GET HTTP request all cart data with invalid endpoints
  &amp#27;[32mWhen &amp#27;[0m&amp#27;[32mI GET HTTP request all cart data with invalid endpoints&amp#27;[0m              &amp#27;[90m# starter.stepdefinition.CartSteps.getRequestAllCartWithInvalidRequestUrl()&amp#27;[0m
14:52:40.793 [main] DEBUG net.thucydides.core.steps.StepInterceptor -- STARTING STEP: CartSteps.receiveInvalidGETAllCartResponseCode404 - I receive invalid GET all cart response code 404
14:52:40.794 [main] DEBUG net.thucydides.core.steps.StepInterceptor -- STEP DONE: I receive invalid GET all cart response code 404
  &amp#27;[32mThen &amp#27;[0m&amp#27;[32mI receive invalid GET all cart response code 404&amp#27;[0m                     &amp#27;[90m# starter.stepdefinition.CartSteps.receiveInvalidGETAllCartResponseCode404()&amp#27;[0m
14:52:40.796 [main] INFO  -- 
  _____   ___   ___   _____     ___     _     ___   ___   ___   ___  
 |_   _| | __| / __| |_   _|   | _ \   /_\   / __| / __| | __| |   \ 
   | |   | _|  \__ \   | |     |  _/  / _ \  \__ \ \__ \ | _|  | |) |
   |_|   |___| |___/   |_|     |_|   /_/ \_\ |___/ |___/ |___| |___/ 

[Negative] - CART_GET all detail data cart with invalid endpoints
----------------------------------------------------------------------
]]></system-out>
  </testcase>
  <testcase name="[Positive] - CART_GET a single cart with valid url" classname="Cart" time="1.092">
    <system-out><![CDATA[
Scenario: [Positive] - CART_GET a single cart with valid url &amp#27;[90m# src/test/resources/Cart.feature:13&amp#27;[0m
14:52:40.807 [main] INFO io.cucumber.core.plugin.SerenityReporter -- Running feature from file:///D:/SEMESTER%205/All%20Section/Section%203%20-%20Code%20Competence/Code%20Competence%20KM%20QA%202/Weekly2/src/test/resources/Cart.feature
14:52:40.807 [main] WARN io.cucumber.core.plugin.SerenityReporter -- Feature from file:///D:/SEMESTER%205/All%20Section/Section%203%20-%20Code%20Competence/Code%20Competence%20KM%20QA%202/Weekly2/src/test/resources/Cart.feature is not under the 'features' directory. Requirements report will not be correctly generated!
14:52:40.810 [main] INFO  -- 
  _____   ___   ___   _____     ___   _____     _     ___   _____   ___   ___  
 |_   _| | __| / __| |_   _|   / __| |_   _|   /_\   | _ \ |_   _| | __| |   \ 
   | |   | _|  \__ \   | |     \__ \   | |    / _ \  |   /   | |   | _|  | |) |
   |_|   |___| |___/   |_|     |___/   |_|   /_/ \_\ |_|_\   |_|   |___| |___/ 

[Positive] - CART_GET a single cart with valid url(cart;[positive]---cart-get-a-single-cart-with-valid-url)
--------------------------------------------------------------------------------
14:52:40.815 [main] DEBUG net.thucydides.core.steps.StepInterceptor -- STARTING STEP: CartSteps.getAPISingleCartValidURL - I GET API single cart with valid url
14:52:40.815 [main] DEBUG net.thucydides.core.steps.StepInterceptor -- STEP DONE: I GET API single cart with valid url
  &amp#27;[32mGiven &amp#27;[0m&amp#27;[32mI GET API single cart with valid url&amp#27;[0m                 &amp#27;[90m# starter.stepdefinition.CartSteps.getAPISingleCartValidURL()&amp#27;[0m
14:52:40.819 [main] DEBUG net.thucydides.core.steps.StepInterceptor -- STARTING STEP: CartSteps.getRequestSingleCartValidURL - I GET HTTP request single cart data with valid url
14:52:40.820 [main] DEBUG net.thucydides.core.steps.StepInterceptor -- STARTING STEP: Cart.getRequestSingleCartValidURL - I GET API single cart with valid url
14:52:40.820 [main] DEBUG net.thucydides.core.steps.StepInterceptor -- STEP DONE: I GET API single cart with valid url
14:52:40.832 [main] DEBUG org.apache.http.impl.conn.BasicClientConnectionManager -- Get connection for route {s}->https://fakestoreapi.com:443
14:52:40.832 [main] DEBUG org.apache.http.impl.conn.DefaultClientConnectionOperator -- Connecting to fakestoreapi.com:443
14:52:40.900 [main] DEBUG org.apache.http.client.protocol.RequestAddCookies -- CookieSpec selected: ignoreCookies
14:52:40.900 [main] DEBUG org.apache.http.client.protocol.RequestAuthCache -- Auth cache not set in the context
14:52:40.900 [main] DEBUG org.apache.http.client.protocol.RequestTargetAuthentication -- Target auth state: UNCHALLENGED
14:52:40.900 [main] DEBUG org.apache.http.client.protocol.RequestProxyAuthentication -- Proxy auth state: UNCHALLENGED
14:52:40.901 [main] DEBUG org.apache.http.impl.client.DefaultHttpClient -- Attempt 1 to execute request
14:52:40.901 [main] DEBUG org.apache.http.impl.conn.DefaultClientConnection -- Sending request: GET /carts/5 HTTP/1.1
14:52:40.901 [main] DEBUG org.apache.http.wire --  >> "GET /carts/5 HTTP/1.1[\r][\n]"
14:52:40.901 [main] DEBUG org.apache.http.wire --  >> "Accept: */*[\r][\n]"
14:52:40.901 [main] DEBUG org.apache.http.wire --  >> "Host: fakestoreapi.com[\r][\n]"
14:52:40.901 [main] DEBUG org.apache.http.wire --  >> "Connection: Keep-Alive[\r][\n]"
14:52:40.901 [main] DEBUG org.apache.http.wire --  >> "User-Agent: Apache-HttpClient/4.5.13 (Java/17.0.8)[\r][\n]"
14:52:40.901 [main] DEBUG org.apache.http.wire --  >> "Accept-Encoding: gzip,deflate[\r][\n]"
14:52:40.901 [main] DEBUG org.apache.http.wire --  >> "[\r][\n]"
14:52:40.901 [main] DEBUG org.apache.http.headers -- >> GET /carts/5 HTTP/1.1
14:52:40.901 [main] DEBUG org.apache.http.headers -- >> Accept: */*
14:52:40.901 [main] DEBUG org.apache.http.headers -- >> Host: fakestoreapi.com
14:52:40.901 [main] DEBUG org.apache.http.headers -- >> Connection: Keep-Alive
14:52:40.901 [main] DEBUG org.apache.http.headers -- >> User-Agent: Apache-HttpClient/4.5.13 (Java/17.0.8)
14:52:40.901 [main] DEBUG org.apache.http.headers -- >> Accept-Encoding: gzip,deflate
14:52:41.445 [main] DEBUG org.apache.http.wire --  << "HTTP/1.1 200 OK[\r][\n]"
14:52:41.445 [main] DEBUG org.apache.http.wire --  << "Date: Fri, 06 Oct 2023 07:52:42 GMT[\r][\n]"
14:52:41.445 [main] DEBUG org.apache.http.wire --  << "Content-Type: application/json; charset=utf-8[\r][\n]"
14:52:41.445 [main] DEBUG org.apache.http.wire --  << "Transfer-Encoding: chunked[\r][\n]"
14:52:41.445 [main] DEBUG org.apache.http.wire --  << "Connection: keep-alive[\r][\n]"
14:52:41.445 [main] DEBUG org.apache.http.wire --  << "Access-Control-Allow-Origin: *[\r][\n]"
14:52:41.445 [main] DEBUG org.apache.http.wire --  << "Etag: W/"84-gdIyDDM4F2vHdbWZQxEVv0T8aPA"[\r][\n]"
14:52:41.445 [main] DEBUG org.apache.http.wire --  << "X-Powered-By: Express[\r][\n]"
14:52:41.445 [main] DEBUG org.apache.http.wire --  << "CF-Cache-Status: DYNAMIC[\r][\n]"
14:52:41.445 [main] DEBUG org.apache.http.wire --  << "Report-To: {"endpoints":[{"url":"https:\/\/a.nel.cloudflare.com\/report\/v3?s=oCWow9mCFfh6GcMzW4bl88EoLl0xO5%2BQ924o%2BHdHZixk8TuPHuR5dNM0bq%2BY6fxAQigOEwxUOt8gk9u3vT52PCxeFFjxhfE%2FuftlVRQ3jVpdaGIrffUuYWGaUP0BEIrC3HF6"}],"group":"cf-nel","max_age":604800}[\r][\n]"
14:52:41.445 [main] DEBUG org.apache.http.wire --  << "NEL: {"success_fraction":0,"report_to":"cf-nel","max_age":604800}[\r][\n]"
14:52:41.445 [main] DEBUG org.apache.http.wire --  << "Server: cloudflare[\r][\n]"
14:52:41.445 [main] DEBUG org.apache.http.wire --  << "CF-RAY: 811c538e4be040ea-SIN[\r][\n]"
14:52:41.445 [main] DEBUG org.apache.http.wire --  << "Content-Encoding: gzip[\r][\n]"
14:52:41.445 [main] DEBUG org.apache.http.wire --  << "alt-svc: h3=":443"; ma=86400[\r][\n]"
14:52:41.445 [main] DEBUG org.apache.http.wire --  << "[\r][\n]"
14:52:41.445 [main] DEBUG org.apache.http.impl.conn.DefaultClientConnection -- Receiving response: HTTP/1.1 200 OK
14:52:41.445 [main] DEBUG org.apache.http.headers -- << HTTP/1.1 200 OK
14:52:41.445 [main] DEBUG org.apache.http.headers -- << Date: Fri, 06 Oct 2023 07:52:42 GMT
14:52:41.445 [main] DEBUG org.apache.http.headers -- << Content-Type: application/json; charset=utf-8
14:52:41.445 [main] DEBUG org.apache.http.headers -- << Transfer-Encoding: chunked
14:52:41.445 [main] DEBUG org.apache.http.headers -- << Connection: keep-alive
14:52:41.445 [main] DEBUG org.apache.http.headers -- << Access-Control-Allow-Origin: *
14:52:41.445 [main] DEBUG org.apache.http.headers -- << Etag: W/"84-gdIyDDM4F2vHdbWZQxEVv0T8aPA"
14:52:41.445 [main] DEBUG org.apache.http.headers -- << X-Powered-By: Express
14:52:41.446 [main] DEBUG org.apache.http.headers -- << CF-Cache-Status: DYNAMIC
14:52:41.446 [main] DEBUG org.apache.http.headers -- << Report-To: {"endpoints":[{"url":"https:\/\/a.nel.cloudflare.com\/report\/v3?s=oCWow9mCFfh6GcMzW4bl88EoLl0xO5%2BQ924o%2BHdHZixk8TuPHuR5dNM0bq%2BY6fxAQigOEwxUOt8gk9u3vT52PCxeFFjxhfE%2FuftlVRQ3jVpdaGIrffUuYWGaUP0BEIrC3HF6"}],"group":"cf-nel","max_age":604800}
14:52:41.446 [main] DEBUG org.apache.http.headers -- << NEL: {"success_fraction":0,"report_to":"cf-nel","max_age":604800}
14:52:41.446 [main] DEBUG org.apache.http.headers -- << Server: cloudflare
14:52:41.446 [main] DEBUG org.apache.http.headers -- << CF-RAY: 811c538e4be040ea-SIN
14:52:41.446 [main] DEBUG org.apache.http.headers -- << Content-Encoding: gzip
14:52:41.446 [main] DEBUG org.apache.http.headers -- << alt-svc: h3=":443"; ma=86400
14:52:41.446 [main] DEBUG org.apache.http.impl.client.DefaultHttpClient -- Connection can be kept alive indefinitely
14:52:41.446 [main] DEBUG io.restassured.internal.RestAssuredHttpBuilder -- Parsing response as: application/json; charset=utf-8
14:52:41.446 [main] DEBUG org.apache.http.wire --  << "78[\r][\n]"
14:52:41.446 [main] DEBUG org.apache.http.wire --  << "[0x1f][0x8b][0x8][0x0][0x0][0x0][0x0][0x0][0x0][0x3]T[0x8b][0xcd][\n]"
14:52:41.446 [main] DEBUG org.apache.http.wire --  << "@@[0x14]F[0xdf][0xe5][_[0xfa][0x98]D[0xf7][\r][0xec][0xad]H[0x92][0xb1][0xb0][0xf1];[0xa3]$[0xef].[0xca]B[0x9d][0xcd][0xe9]tN[0xc][0x16][0x9a][0x8][0xfc][0xd6][0xaf][0xb9][0x85][0x1a][0x81]m][0xf]E[0xcc][0x98][0x1]M[0xc0][0xa8] [0xf5]%$YB0[0xaf][0x93][0xf5][0x9d][0xdb][0xa0][0xd5][0xf9][0xc9]3[0xa7][0x82][0xc5][0xb7][0xa3][0x1b][0xdc][0x1][0x8d].[0xf9][0xc5][0xec][0x1f]kA[0xd3][0xec]P^7[0x0][0x0][0x0][0xff][0xff][0x3][0x0][0x1b][0xb4][0x9]}[0x84][0x0][0x0][0x0]"
14:52:41.446 [main] DEBUG org.apache.http.wire --  << "[\r][\n]"
14:52:41.446 [main] DEBUG org.apache.http.wire --  << "0[\r][\n]"
14:52:41.446 [main] DEBUG org.apache.http.wire --  << "[\r][\n]"
14:52:41.446 [main] DEBUG io.restassured.internal.RestAssuredHttpBuilder -- Parsed data to instance of: class org.apache.http.conn.EofSensorInputStream
14:52:41.447 [main] DEBUG org.apache.http.impl.conn.BasicClientConnectionManager -- Releasing connection org.apache.http.impl.conn.ManagedClientConnectionImpl@33399052
14:52:41.447 [main] DEBUG org.apache.http.impl.conn.BasicClientConnectionManager -- Connection can be kept alive indefinitely
14:52:41.447 [main] DEBUG net.thucydides.core.steps.StepInterceptor -- STEP DONE: I GET HTTP request single cart data with valid url
  &amp#27;[32mWhen &amp#27;[0m&amp#27;[32mI GET HTTP request single cart data with valid url&amp#27;[0m    &amp#27;[90m# starter.stepdefinition.CartSteps.getRequestSingleCartValidURL()&amp#27;[0m
14:52:41.450 [main] DEBUG net.thucydides.core.steps.StepInterceptor -- STARTING STEP: CartSteps.receiveValidDataForSingleUser - I receive valid data for single cart
14:52:41.506 [Finalizer] DEBUG org.apache.http.impl.conn.DefaultClientConnection -- Connection 0.0.0.0:50977<->104.21.87.105:443 closed
14:52:41.883 [main] DEBUG net.thucydides.core.steps.StepInterceptor -- STEP DONE: I receive valid data for single cart
  &amp#27;[32mAnd &amp#27;[0m&amp#27;[32mI receive valid data for single cart&amp#27;[0m                   &amp#27;[90m# starter.stepdefinition.CartSteps.receiveValidDataForSingleUser()&amp#27;[0m
14:52:41.887 [main] DEBUG net.thucydides.core.steps.StepInterceptor -- STARTING STEP: CartSteps.receiveValidGETSingleCartResponseCode200 - I receive valid GET single cart response code 200
14:52:41.887 [main] DEBUG net.thucydides.core.steps.StepInterceptor -- STEP DONE: I receive valid GET single cart response code 200
  &amp#27;[32mThen &amp#27;[0m&amp#27;[32mI receive valid GET single cart response code 200&amp#27;[0m     &amp#27;[90m# starter.stepdefinition.CartSteps.receiveValidGETSingleCartResponseCode200()&amp#27;[0m
14:52:41.889 [main] INFO  -- 
  _____   ___   ___   _____     ___     _     ___   ___   ___   ___  
 |_   _| | __| / __| |_   _|   | _ \   /_\   / __| / __| | __| |   \ 
   | |   | _|  \__ \   | |     |  _/  / _ \  \__ \ \__ \ | _|  | |) |
   |_|   |___| |___/   |_|     |_|   /_/ \_\ |___/ |___/ |___| |___/ 

[Positive] - CART_GET a single cart with valid url
----------------------------------------------------------------------
]]></system-out>
  </testcase>
  <testcase name="[Negative] - CART_GET a single cart with invalid url" classname="Cart" time="0.572">
    <system-out><![CDATA[
Scenario: [Negative] - CART_GET a single cart with invalid url &amp#27;[90m# src/test/resources/Cart.feature:19&amp#27;[0m
14:52:41.902 [main] INFO io.cucumber.core.plugin.SerenityReporter -- Running feature from file:///D:/SEMESTER%205/All%20Section/Section%203%20-%20Code%20Competence/Code%20Competence%20KM%20QA%202/Weekly2/src/test/resources/Cart.feature
14:52:41.902 [main] WARN io.cucumber.core.plugin.SerenityReporter -- Feature from file:///D:/SEMESTER%205/All%20Section/Section%203%20-%20Code%20Competence/Code%20Competence%20KM%20QA%202/Weekly2/src/test/resources/Cart.feature is not under the 'features' directory. Requirements report will not be correctly generated!
14:52:41.904 [main] INFO  -- 
  _____   ___   ___   _____     ___   _____     _     ___   _____   ___   ___  
 |_   _| | __| / __| |_   _|   / __| |_   _|   /_\   | _ \ |_   _| | __| |   \ 
   | |   | _|  \__ \   | |     \__ \   | |    / _ \  |   /   | |   | _|  | |) |
   |_|   |___| |___/   |_|     |___/   |_|   /_/ \_\ |_|_\   |_|   |___| |___/ 

[Negative] - CART_GET a single cart with invalid url(cart;[negative]---cart-get-a-single-cart-with-invalid-url)
--------------------------------------------------------------------------------
14:52:41.911 [main] DEBUG net.thucydides.core.steps.StepInterceptor -- STARTING STEP: CartSteps.setGetUserCartEndpoint - I GET API single cart with invalid url
14:52:41.911 [main] DEBUG net.thucydides.core.steps.StepInterceptor -- STEP DONE: I GET API single cart with invalid url
  &amp#27;[32mGiven &amp#27;[0m&amp#27;[32mI GET API single cart with invalid url&amp#27;[0m                 &amp#27;[90m# starter.stepdefinition.CartSteps.setGetUserCartEndpoint()&amp#27;[0m
14:52:41.914 [main] DEBUG net.thucydides.core.steps.StepInterceptor -- STARTING STEP: CartSteps.getUserCartRequest - I GET HTTP request single cart data with invalid url
14:52:41.915 [main] DEBUG net.thucydides.core.steps.StepInterceptor -- STARTING STEP: Cart.getUserCartRequest - I GET API single cart with invalid url
14:52:41.915 [main] DEBUG net.thucydides.core.steps.StepInterceptor -- STEP DONE: I GET API single cart with invalid url
14:52:41.926 [main] DEBUG org.apache.http.impl.conn.BasicClientConnectionManager -- Get connection for route {s}->https://fakestoreapi.com:443
14:52:41.926 [main] DEBUG org.apache.http.impl.conn.DefaultClientConnectionOperator -- Connecting to fakestoreapi.com:443
14:52:41.992 [main] DEBUG org.apache.http.client.protocol.RequestAddCookies -- CookieSpec selected: ignoreCookies
14:52:41.992 [main] DEBUG org.apache.http.client.protocol.RequestAuthCache -- Auth cache not set in the context
14:52:41.992 [main] DEBUG org.apache.http.client.protocol.RequestTargetAuthentication -- Target auth state: UNCHALLENGED
14:52:41.992 [main] DEBUG org.apache.http.client.protocol.RequestProxyAuthentication -- Proxy auth state: UNCHALLENGED
14:52:41.992 [main] DEBUG org.apache.http.impl.client.DefaultHttpClient -- Attempt 1 to execute request
14:52:41.993 [main] DEBUG org.apache.http.impl.conn.DefaultClientConnection -- Sending request: GET /cart/5 HTTP/1.1
14:52:41.993 [main] DEBUG org.apache.http.wire --  >> "GET /cart/5 HTTP/1.1[\r][\n]"
14:52:41.993 [main] DEBUG org.apache.http.wire --  >> "Accept: */*[\r][\n]"
14:52:41.993 [main] DEBUG org.apache.http.wire --  >> "Host: fakestoreapi.com[\r][\n]"
14:52:41.993 [main] DEBUG org.apache.http.wire --  >> "Connection: Keep-Alive[\r][\n]"
14:52:41.993 [main] DEBUG org.apache.http.wire --  >> "User-Agent: Apache-HttpClient/4.5.13 (Java/17.0.8)[\r][\n]"
14:52:41.993 [main] DEBUG org.apache.http.wire --  >> "Accept-Encoding: gzip,deflate[\r][\n]"
14:52:41.993 [main] DEBUG org.apache.http.wire --  >> "[\r][\n]"
14:52:41.993 [main] DEBUG org.apache.http.headers -- >> GET /cart/5 HTTP/1.1
14:52:41.993 [main] DEBUG org.apache.http.headers -- >> Accept: */*
14:52:41.993 [main] DEBUG org.apache.http.headers -- >> Host: fakestoreapi.com
14:52:41.993 [main] DEBUG org.apache.http.headers -- >> Connection: Keep-Alive
14:52:41.993 [main] DEBUG org.apache.http.headers -- >> User-Agent: Apache-HttpClient/4.5.13 (Java/17.0.8)
14:52:41.993 [main] DEBUG org.apache.http.headers -- >> Accept-Encoding: gzip,deflate
14:52:42.441 [main] DEBUG org.apache.http.wire --  << "HTTP/1.1 404 Not Found[\r][\n]"
14:52:42.441 [main] DEBUG org.apache.http.wire --  << "Date: Fri, 06 Oct 2023 07:52:43 GMT[\r][\n]"
14:52:42.441 [main] DEBUG org.apache.http.wire --  << "Content-Type: text/html; charset=utf-8[\r][\n]"
14:52:42.441 [main] DEBUG org.apache.http.wire --  << "Transfer-Encoding: chunked[\r][\n]"
14:52:42.441 [main] DEBUG org.apache.http.wire --  << "Connection: keep-alive[\r][\n]"
14:52:42.441 [main] DEBUG org.apache.http.wire --  << "Access-Control-Allow-Origin: *[\r][\n]"
14:52:42.441 [main] DEBUG org.apache.http.wire --  << "Content-Security-Policy: default-src 'none'[\r][\n]"
14:52:42.441 [main] DEBUG org.apache.http.wire --  << "X-Content-Type-Options: nosniff[\r][\n]"
14:52:42.441 [main] DEBUG org.apache.http.wire --  << "X-Powered-By: Express[\r][\n]"
14:52:42.441 [main] DEBUG org.apache.http.wire --  << "CF-Cache-Status: DYNAMIC[\r][\n]"
14:52:42.441 [main] DEBUG org.apache.http.wire --  << "Report-To: {"endpoints":[{"url":"https:\/\/a.nel.cloudflare.com\/report\/v3?s=xjbCgw0Qypg4kC39se3ClDJF3PxObDlcdKUW7cHzEzLYTzMZx1tyHdsTO%2BX6nSaOD4zZecLrWVBLIqbmC3lvbcUtERrV%2Fh3Xfii%2BN2VqzhoZchg4pUuKBn%2Fn9i3EMzURrlMM"}],"group":"cf-nel","max_age":604800}[\r][\n]"
14:52:42.441 [main] DEBUG org.apache.http.wire --  << "NEL: {"success_fraction":0,"report_to":"cf-nel","max_age":604800}[\r][\n]"
14:52:42.441 [main] DEBUG org.apache.http.wire --  << "Server: cloudflare[\r][\n]"
14:52:42.441 [main] DEBUG org.apache.http.wire --  << "CF-RAY: 811c53951da93f6b-SIN[\r][\n]"
14:52:42.441 [main] DEBUG org.apache.http.wire --  << "Content-Encoding: gzip[\r][\n]"
14:52:42.441 [main] DEBUG org.apache.http.wire --  << "alt-svc: h3=":443"; ma=86400[\r][\n]"
14:52:42.441 [main] DEBUG org.apache.http.wire --  << "[\r][\n]"
14:52:42.441 [main] DEBUG org.apache.http.impl.conn.DefaultClientConnection -- Receiving response: HTTP/1.1 404 Not Found
14:52:42.441 [main] DEBUG org.apache.http.headers -- << HTTP/1.1 404 Not Found
14:52:42.441 [main] DEBUG org.apache.http.headers -- << Date: Fri, 06 Oct 2023 07:52:43 GMT
14:52:42.441 [main] DEBUG org.apache.http.headers -- << Content-Type: text/html; charset=utf-8
14:52:42.441 [main] DEBUG org.apache.http.headers -- << Transfer-Encoding: chunked
14:52:42.441 [main] DEBUG org.apache.http.headers -- << Connection: keep-alive
14:52:42.441 [main] DEBUG org.apache.http.headers -- << Access-Control-Allow-Origin: *
14:52:42.441 [main] DEBUG org.apache.http.headers -- << Content-Security-Policy: default-src 'none'
14:52:42.441 [main] DEBUG org.apache.http.headers -- << X-Content-Type-Options: nosniff
14:52:42.441 [main] DEBUG org.apache.http.headers -- << X-Powered-By: Express
14:52:42.441 [main] DEBUG org.apache.http.headers -- << CF-Cache-Status: DYNAMIC
14:52:42.441 [main] DEBUG org.apache.http.headers -- << Report-To: {"endpoints":[{"url":"https:\/\/a.nel.cloudflare.com\/report\/v3?s=xjbCgw0Qypg4kC39se3ClDJF3PxObDlcdKUW7cHzEzLYTzMZx1tyHdsTO%2BX6nSaOD4zZecLrWVBLIqbmC3lvbcUtERrV%2Fh3Xfii%2BN2VqzhoZchg4pUuKBn%2Fn9i3EMzURrlMM"}],"group":"cf-nel","max_age":604800}
14:52:42.441 [main] DEBUG org.apache.http.headers -- << NEL: {"success_fraction":0,"report_to":"cf-nel","max_age":604800}
14:52:42.441 [main] DEBUG org.apache.http.headers -- << Server: cloudflare
14:52:42.441 [main] DEBUG org.apache.http.headers -- << CF-RAY: 811c53951da93f6b-SIN
14:52:42.441 [main] DEBUG org.apache.http.headers -- << Content-Encoding: gzip
14:52:42.441 [main] DEBUG org.apache.http.headers -- << alt-svc: h3=":443"; ma=86400
14:52:42.441 [main] DEBUG org.apache.http.impl.client.DefaultHttpClient -- Connection can be kept alive indefinitely
14:52:42.441 [main] DEBUG io.restassured.internal.RestAssuredHttpBuilder -- Parsing response as: text/html; charset=utf-8
14:52:42.449 [main] DEBUG org.apache.http.wire --  << "84[\r][\n]"
14:52:42.449 [main] DEBUG org.apache.http.wire --  << "[0x1f][0x8b][0x8][0x0][0x0][0x0][0x0][0x0][0x0][0x3],[0x8e][0xb1][0xe][0xc2]0[0xc]DwE[0xc8][0x8e]<!1[0xb8]^J[0xc4][0x8]C[0x17]F[0xd3][0x1a][0x8a][0x94]&[0xc8][0x98][0x81][0xbf]G[0x81]N[0xa7]{w'[0x1d]m[0xe][0xa7]~[0xb8][0x9c]S[0x98]}[0xc9][0xc][0xd4]$d)[0xf7].j[0x89][\r][0xa8]L[0xc][0xb4][0xa8]K[0x18]g[0xb1][0x97]z[0x17][0xdf]~[0xdb][0xee][[0xea][0xf][0xcf][0xca][0xc9][0xac][0x1a][0xe1][0xdf][0x0][0xe1][0xba][0xb9][0xd6][0xe9][0xc3]@OS[0xee][0xa5][0x94][0xea][0xe1][0x98][0x86][0x80][0xa3][0x98][0xe3][0x8e][0xb0]q \[[0xf8];[0xf0][0x5][0x0][0x0][0xff][0xff]"
14:52:42.449 [main] DEBUG org.apache.http.wire --  << "[\r][\n]"
14:52:42.449 [main] DEBUG org.apache.http.wire --  << "b[\r][\n]"
14:52:42.449 [main] DEBUG org.apache.http.wire --  << "[0xe3][0x2][0x0][0xec][0xc7][0x1f][0xb5][0x91][0x0][0x0][0x0]"
14:52:42.449 [main] DEBUG org.apache.http.wire --  << "[\r][\n]"
14:52:42.449 [main] DEBUG org.apache.http.wire --  << "0[\r][\n]"
14:52:42.449 [Finalizer] DEBUG org.apache.http.impl.conn.DefaultClientConnection -- Connection 0.0.0.0:50978<->104.21.87.105:443 closed
14:52:42.449 [main] DEBUG org.apache.http.wire --  << "[\r][\n]"
14:52:42.449 [main] DEBUG io.restassured.internal.RestAssuredHttpBuilder -- Parsed data to instance of: class org.apache.http.conn.EofSensorInputStream
14:52:42.450 [main] DEBUG org.apache.http.impl.conn.BasicClientConnectionManager -- Releasing connection org.apache.http.impl.conn.ManagedClientConnectionImpl@b1fa523
14:52:42.450 [main] DEBUG org.apache.http.impl.conn.BasicClientConnectionManager -- Connection can be kept alive indefinitely
14:52:42.452 [main] DEBUG net.thucydides.core.steps.StepInterceptor -- STEP DONE: I GET HTTP request single cart data with invalid url
  &amp#27;[32mWhen &amp#27;[0m&amp#27;[32mI GET HTTP request single cart data with invalid url&amp#27;[0m    &amp#27;[90m# starter.stepdefinition.CartSteps.getUserCartRequest()&amp#27;[0m
14:52:42.454 [main] DEBUG net.thucydides.core.steps.StepInterceptor -- STARTING STEP: CartSteps.receiveInvalidDataForSingleUser - I receive invalid data for single cart
14:52:42.457 [main] DEBUG net.thucydides.core.steps.StepInterceptor -- STEP DONE: I receive invalid data for single cart
  &amp#27;[32mAnd &amp#27;[0m&amp#27;[32mI receive invalid data for single cart&amp#27;[0m                   &amp#27;[90m# starter.stepdefinition.CartSteps.receiveInvalidDataForSingleUser()&amp#27;[0m
14:52:42.460 [main] DEBUG net.thucydides.core.steps.StepInterceptor -- STARTING STEP: CartSteps.responseUserCartValid404 - I receive invalid GET single cart response code 404
14:52:42.460 [main] DEBUG net.thucydides.core.steps.StepInterceptor -- STEP DONE: I receive invalid GET single cart response code 404
  &amp#27;[32mThen &amp#27;[0m&amp#27;[32mI receive invalid GET single cart response code 404&amp#27;[0m     &amp#27;[90m# starter.stepdefinition.CartSteps.responseUserCartValid404()&amp#27;[0m
14:52:42.461 [main] INFO  -- 
  _____   ___   ___   _____     ___     _     ___   ___   ___   ___  
 |_   _| | __| / __| |_   _|   | _ \   /_\   / __| / __| | __| |   \ 
   | |   | _|  \__ \   | |     |  _/  / _ \  \__ \ \__ \ | _|  | |) |
   |_|   |___| |___/   |_|     |_|   /_/ \_\ |___/ |___/ |___| |___/ 

[Negative] - CART_GET a single cart with invalid url
----------------------------------------------------------------------
]]></system-out>
  </testcase>
  <testcase name="[Positive] - CART_GET limit result cart with valid param" classname="Cart" time="0.695">
    <system-out><![CDATA[
Scenario: [Positive] - CART_GET limit result cart with valid param &amp#27;[90m# src/test/resources/Cart.feature:25&amp#27;[0m
14:52:42.468 [main] INFO io.cucumber.core.plugin.SerenityReporter -- Running feature from file:///D:/SEMESTER%205/All%20Section/Section%203%20-%20Code%20Competence/Code%20Competence%20KM%20QA%202/Weekly2/src/test/resources/Cart.feature
14:52:42.469 [main] WARN io.cucumber.core.plugin.SerenityReporter -- Feature from file:///D:/SEMESTER%205/All%20Section/Section%203%20-%20Code%20Competence/Code%20Competence%20KM%20QA%202/Weekly2/src/test/resources/Cart.feature is not under the 'features' directory. Requirements report will not be correctly generated!
14:52:42.470 [main] INFO  -- 
  _____   ___   ___   _____     ___   _____     _     ___   _____   ___   ___  
 |_   _| | __| / __| |_   _|   / __| |_   _|   /_\   | _ \ |_   _| | __| |   \ 
   | |   | _|  \__ \   | |     \__ \   | |    / _ \  |   /   | |   | _|  | |) |
   |_|   |___| |___/   |_|     |___/   |_|   /_/ \_\ |_|_\   |_|   |___| |___/ 

[Positive] - CART_GET limit result cart with valid param(cart;[positive]---cart-get-limit-result-cart-with-valid-param)
--------------------------------------------------------------------------------
14:52:42.476 [main] DEBUG net.thucydides.core.steps.StepInterceptor -- STARTING STEP: CartSteps.getLimitCartValidRequest - I GET user limit result cart with valid param
14:52:42.476 [main] DEBUG net.thucydides.core.steps.StepInterceptor -- STEP DONE: I GET user limit result cart with valid param
  &amp#27;[32mGiven &amp#27;[0m&amp#27;[32mI GET user limit result cart with valid param&amp#27;[0m              &amp#27;[90m# starter.stepdefinition.CartSteps.getLimitCartValidRequest()&amp#27;[0m
14:52:42.480 [main] DEBUG net.thucydides.core.steps.StepInterceptor -- STARTING STEP: CartSteps.getHTTPValidRequestWithLimitCartParam - I GET HTTP request limit result cart with valid param
14:52:42.481 [main] DEBUG net.thucydides.core.steps.StepInterceptor -- STARTING STEP: Cart.getHTTPValidRequestWithLimitCartParam - I GET user limit result cart with valid param
14:52:42.481 [main] DEBUG net.thucydides.core.steps.StepInterceptor -- STEP DONE: I GET user limit result cart with valid param
14:52:42.498 [main] DEBUG org.apache.http.impl.conn.BasicClientConnectionManager -- Get connection for route {s}->https://fakestoreapi.com:443
14:52:42.498 [main] DEBUG org.apache.http.impl.conn.DefaultClientConnectionOperator -- Connecting to fakestoreapi.com:443
14:52:42.554 [main] DEBUG org.apache.http.client.protocol.RequestAddCookies -- CookieSpec selected: ignoreCookies
14:52:42.554 [main] DEBUG org.apache.http.client.protocol.RequestAuthCache -- Auth cache not set in the context
14:52:42.554 [main] DEBUG org.apache.http.client.protocol.RequestTargetAuthentication -- Target auth state: UNCHALLENGED
14:52:42.554 [main] DEBUG org.apache.http.client.protocol.RequestProxyAuthentication -- Proxy auth state: UNCHALLENGED
14:52:42.554 [main] DEBUG org.apache.http.impl.client.DefaultHttpClient -- Attempt 1 to execute request
14:52:42.554 [main] DEBUG org.apache.http.impl.conn.DefaultClientConnection -- Sending request: GET /carts?limit=5 HTTP/1.1
14:52:42.554 [main] DEBUG org.apache.http.wire --  >> "GET /carts?limit=5 HTTP/1.1[\r][\n]"
14:52:42.554 [main] DEBUG org.apache.http.wire --  >> "Accept: */*[\r][\n]"
14:52:42.554 [main] DEBUG org.apache.http.wire --  >> "Host: fakestoreapi.com[\r][\n]"
14:52:42.554 [main] DEBUG org.apache.http.wire --  >> "Connection: Keep-Alive[\r][\n]"
14:52:42.554 [main] DEBUG org.apache.http.wire --  >> "User-Agent: Apache-HttpClient/4.5.13 (Java/17.0.8)[\r][\n]"
14:52:42.554 [main] DEBUG org.apache.http.wire --  >> "Accept-Encoding: gzip,deflate[\r][\n]"
14:52:42.554 [main] DEBUG org.apache.http.wire --  >> "[\r][\n]"
14:52:42.555 [main] DEBUG org.apache.http.headers -- >> GET /carts?limit=5 HTTP/1.1
14:52:42.555 [main] DEBUG org.apache.http.headers -- >> Accept: */*
14:52:42.555 [main] DEBUG org.apache.http.headers -- >> Host: fakestoreapi.com
14:52:42.555 [main] DEBUG org.apache.http.headers -- >> Connection: Keep-Alive
14:52:42.555 [main] DEBUG org.apache.http.headers -- >> User-Agent: Apache-HttpClient/4.5.13 (Java/17.0.8)
14:52:42.555 [main] DEBUG org.apache.http.headers -- >> Accept-Encoding: gzip,deflate
14:52:43.117 [main] DEBUG org.apache.http.wire --  << "HTTP/1.1 200 OK[\r][\n]"
14:52:43.117 [main] DEBUG org.apache.http.wire --  << "Date: Fri, 06 Oct 2023 07:52:44 GMT[\r][\n]"
14:52:43.117 [main] DEBUG org.apache.http.wire --  << "Content-Type: application/json; charset=utf-8[\r][\n]"
14:52:43.117 [main] DEBUG org.apache.http.wire --  << "Transfer-Encoding: chunked[\r][\n]"
14:52:43.117 [main] DEBUG org.apache.http.wire --  << "Connection: keep-alive[\r][\n]"
14:52:43.117 [main] DEBUG org.apache.http.wire --  << "Access-Control-Allow-Origin: *[\r][\n]"
14:52:43.117 [main] DEBUG org.apache.http.wire --  << "Etag: W/"2b8-bxJn825MWHOywV0kxdnZiZBgns8"[\r][\n]"
14:52:43.117 [main] DEBUG org.apache.http.wire --  << "X-Powered-By: Express[\r][\n]"
14:52:43.117 [main] DEBUG org.apache.http.wire --  << "CF-Cache-Status: DYNAMIC[\r][\n]"
14:52:43.117 [main] DEBUG org.apache.http.wire --  << "Report-To: {"endpoints":[{"url":"https:\/\/a.nel.cloudflare.com\/report\/v3?s=FzW4YTBaFMapqNdETKUklfyZHvteCjsct%2Btc4I72MIsMm9oZaxE%2F8RdpP%2BJ0gTptmiWAexlQ8JHc5PLsWyr925cW6pkyN2YLkbnKOS3MJ5Uw9%2FL4iQ2OqgJNgrznQJK6gy5q"}],"group":"cf-nel","max_age":604800}[\r][\n]"
14:52:43.117 [main] DEBUG org.apache.http.wire --  << "NEL: {"success_fraction":0,"report_to":"cf-nel","max_age":604800}[\r][\n]"
14:52:43.117 [main] DEBUG org.apache.http.wire --  << "Server: cloudflare[\r][\n]"
14:52:43.117 [main] DEBUG org.apache.http.wire --  << "CF-RAY: 811c5398984fa3ef-SIN[\r][\n]"
14:52:43.117 [main] DEBUG org.apache.http.wire --  << "Content-Encoding: gzip[\r][\n]"
14:52:43.117 [main] DEBUG org.apache.http.wire --  << "alt-svc: h3=":443"; ma=86400[\r][\n]"
14:52:43.117 [main] DEBUG org.apache.http.wire --  << "[\r][\n]"
14:52:43.117 [main] DEBUG org.apache.http.impl.conn.DefaultClientConnection -- Receiving response: HTTP/1.1 200 OK
14:52:43.118 [main] DEBUG org.apache.http.headers -- << HTTP/1.1 200 OK
14:52:43.118 [main] DEBUG org.apache.http.headers -- << Date: Fri, 06 Oct 2023 07:52:44 GMT
14:52:43.118 [main] DEBUG org.apache.http.headers -- << Content-Type: application/json; charset=utf-8
14:52:43.118 [main] DEBUG org.apache.http.headers -- << Transfer-Encoding: chunked
14:52:43.118 [main] DEBUG org.apache.http.headers -- << Connection: keep-alive
14:52:43.118 [main] DEBUG org.apache.http.headers -- << Access-Control-Allow-Origin: *
14:52:43.118 [main] DEBUG org.apache.http.headers -- << Etag: W/"2b8-bxJn825MWHOywV0kxdnZiZBgns8"
14:52:43.118 [main] DEBUG org.apache.http.headers -- << X-Powered-By: Express
14:52:43.118 [main] DEBUG org.apache.http.headers -- << CF-Cache-Status: DYNAMIC
14:52:43.118 [main] DEBUG org.apache.http.headers -- << Report-To: {"endpoints":[{"url":"https:\/\/a.nel.cloudflare.com\/report\/v3?s=FzW4YTBaFMapqNdETKUklfyZHvteCjsct%2Btc4I72MIsMm9oZaxE%2F8RdpP%2BJ0gTptmiWAexlQ8JHc5PLsWyr925cW6pkyN2YLkbnKOS3MJ5Uw9%2FL4iQ2OqgJNgrznQJK6gy5q"}],"group":"cf-nel","max_age":604800}
14:52:43.118 [main] DEBUG org.apache.http.headers -- << NEL: {"success_fraction":0,"report_to":"cf-nel","max_age":604800}
14:52:43.118 [main] DEBUG org.apache.http.headers -- << Server: cloudflare
14:52:43.118 [main] DEBUG org.apache.http.headers -- << CF-RAY: 811c5398984fa3ef-SIN
14:52:43.118 [main] DEBUG org.apache.http.headers -- << Content-Encoding: gzip
14:52:43.118 [main] DEBUG org.apache.http.headers -- << alt-svc: h3=":443"; ma=86400
14:52:43.118 [main] DEBUG org.apache.http.impl.client.DefaultHttpClient -- Connection can be kept alive indefinitely
14:52:43.118 [main] DEBUG io.restassured.internal.RestAssuredHttpBuilder -- Parsing response as: application/json; charset=utf-8
14:52:43.118 [main] DEBUG org.apache.http.wire --  << "c3[\r][\n]"
14:52:43.118 [main] DEBUG org.apache.http.wire --  << "[0x1f][0x8b][0x8][0x0][0x0][0x0][0x0][0x0][0x0][0x3][0x9c][0x92][0xcb][\n]"
14:52:43.118 [main] DEBUG org.apache.http.wire --  << "[0x83]0[0x10]E[0xff]e[0xd6][0xb1]L&[0xda]G[0xfe][0xa0][0xfb][0xae]*"[0xd2][0xb8]p[0xd3][0x87]&[0x85]"[0xfe]{im1[0xf]"(d[0x91]p2[0xcc][0x99][0x9b][0xe4]=4[\n]"
14:52:43.118 [main] DEBUG org.apache.http.wire --  << "$g`[0xba][0xba]=[0x8e][U[0xe9][0x1a]$[0x10][0x12]&([0x12][0xa4][0x13][0xa2][0xfc][0xae][\r]"[0x9e][0x81][0xc1][0xbd][0xbd])s[0xd1][0x1d][0xc8][0xbc][0xff][0x1f]~[0xc5][0xf]S]u[0xa3]_ [0xd3][0x81]9[0x90]l[0xc8]=(l[0xb8][0x1d][\n]"
14:52:43.118 [main] DEBUG org.apache.http.wire --  << "[0x6]e[0xf9][0x4][0x89][0x9f]k[0xcd]X[0x1c]3[0xe4]K[0xc]i[0xce][0xd0][0xd1][0xe7][0xe8][0xd1][0xcc][0xa6][0x14]*[0x8a]I[0x91][0xc2][0x10][0xf9][0xba][0x10][0xc9][0x93]8[0xb8]![0x6][0x12][0xe9]$![0xc2][0x9c][0xf8][0xda][0x97][0xc][0xfa]d[0xf1]>[0x8b][0x86][0xdd][0xcd]}[0x8a]}l[0xd8][0xe2][\r][0x0][0x0][0xff][0xff][0x3][0x0][0xf3][0x8][0xc4][0xf9][0xb8][0x2][0x0][0x0]"
14:52:43.118 [main] DEBUG org.apache.http.wire --  << "[\r][\n]"
14:52:43.118 [main] DEBUG org.apache.http.wire --  << "0[\r][\n]"
14:52:43.118 [main] DEBUG org.apache.http.wire --  << "[\r][\n]"
14:52:43.118 [main] DEBUG io.restassured.internal.RestAssuredHttpBuilder -- Parsed data to instance of: class org.apache.http.conn.EofSensorInputStream
14:52:43.119 [main] DEBUG org.apache.http.impl.conn.BasicClientConnectionManager -- Releasing connection org.apache.http.impl.conn.ManagedClientConnectionImpl@1e288c76
14:52:43.119 [main] DEBUG org.apache.http.impl.conn.BasicClientConnectionManager -- Connection can be kept alive indefinitely
14:52:43.120 [main] DEBUG net.thucydides.core.steps.StepInterceptor -- STEP DONE: I GET HTTP request limit result cart with valid param
  &amp#27;[32mWhen &amp#27;[0m&amp#27;[32mI GET HTTP request limit result cart with valid param&amp#27;[0m       &amp#27;[90m# starter.stepdefinition.CartSteps.getHTTPValidRequestWithLimitCartParam()&amp#27;[0m
14:52:43.122 [main] DEBUG net.thucydides.core.steps.StepInterceptor -- STARTING STEP: CartSteps.receiveLimitCartWithValidRequestParam - I receive limit result cart with request param
14:52:43.151 [main] DEBUG net.thucydides.core.steps.StepInterceptor -- STEP DONE: I receive limit result cart with request param
  &amp#27;[32mAnd &amp#27;[0m&amp#27;[32mI receive limit result cart with request param&amp#27;[0m               &amp#27;[90m# starter.stepdefinition.CartSteps.receiveLimitCartWithValidRequestParam()&amp#27;[0m
14:52:43.154 [main] DEBUG net.thucydides.core.steps.StepInterceptor -- STARTING STEP: CartSteps.receiveValidLimitCartResponseCode200 - I receive valid GET limit result cart response code 200
14:52:43.154 [main] DEBUG net.thucydides.core.steps.StepInterceptor -- STEP DONE: I receive valid GET limit result cart response code 200
  &amp#27;[32mThen &amp#27;[0m&amp#27;[32mI receive valid GET limit result cart response code 200&amp#27;[0m     &amp#27;[90m# starter.stepdefinition.CartSteps.receiveValidLimitCartResponseCode200()&amp#27;[0m
14:52:43.156 [main] INFO  -- 
  _____   ___   ___   _____     ___     _     ___   ___   ___   ___  
 |_   _| | __| / __| |_   _|   | _ \   /_\   / __| / __| | __| |   \ 
   | |   | _|  \__ \   | |     |  _/  / _ \  \__ \ \__ \ | _|  | |) |
   |_|   |___| |___/   |_|     |_|   /_/ \_\ |___/ |___/ |___| |___/ 

[Positive] - CART_GET limit result cart with valid param
----------------------------------------------------------------------
]]></system-out>
  </testcase>
  <testcase name="[Negative] - CART_GET limit result cart with invalid param" classname="Cart" time="0.789">
    <system-out><![CDATA[
Scenario: [Negative] - CART_GET limit result cart with invalid param &amp#27;[90m# src/test/resources/Cart.feature:31&amp#27;[0m
14:52:43.163 [main] INFO io.cucumber.core.plugin.SerenityReporter -- Running feature from file:///D:/SEMESTER%205/All%20Section/Section%203%20-%20Code%20Competence/Code%20Competence%20KM%20QA%202/Weekly2/src/test/resources/Cart.feature
14:52:43.163 [main] WARN io.cucumber.core.plugin.SerenityReporter -- Feature from file:///D:/SEMESTER%205/All%20Section/Section%203%20-%20Code%20Competence/Code%20Competence%20KM%20QA%202/Weekly2/src/test/resources/Cart.feature is not under the 'features' directory. Requirements report will not be correctly generated!
14:52:43.165 [main] INFO  -- 
  _____   ___   ___   _____     ___   _____     _     ___   _____   ___   ___  
 |_   _| | __| / __| |_   _|   / __| |_   _|   /_\   | _ \ |_   _| | __| |   \ 
   | |   | _|  \__ \   | |     \__ \   | |    / _ \  |   /   | |   | _|  | |) |
   |_|   |___| |___/   |_|     |___/   |_|   /_/ \_\ |_|_\   |_|   |___| |___/ 

[Negative] - CART_GET limit result cart with invalid param(cart;[negative]---cart-get-limit-result-cart-with-invalid-param)
--------------------------------------------------------------------------------
14:52:43.171 [main] DEBUG net.thucydides.core.steps.StepInterceptor -- STARTING STEP: CartSteps.getLimitCartInvalidRequest - I GET user limit result cart with invalid param
14:52:43.172 [main] DEBUG net.thucydides.core.steps.StepInterceptor -- STEP DONE: I GET user limit result cart with invalid param
  &amp#27;[32mGiven &amp#27;[0m&amp#27;[32mI GET user limit result cart with invalid param&amp#27;[0m              &amp#27;[90m# starter.stepdefinition.CartSteps.getLimitCartInvalidRequest()&amp#27;[0m
14:52:43.175 [main] DEBUG net.thucydides.core.steps.StepInterceptor -- STARTING STEP: CartSteps.getHTTPInvalidRequestWithLimitCartParam - I GET HTTP request limit result cart with invalid param
14:52:43.176 [main] DEBUG net.thucydides.core.steps.StepInterceptor -- STARTING STEP: Cart.getHTTPInvalidRequestWithLimitCartParam - I GET user limit result cart with invalid param
14:52:43.176 [main] DEBUG net.thucydides.core.steps.StepInterceptor -- STEP DONE: I GET user limit result cart with invalid param
14:52:43.184 [main] DEBUG org.apache.http.impl.conn.BasicClientConnectionManager -- Get connection for route {s}->https://fakestoreapi.com:443
14:52:43.184 [main] DEBUG org.apache.http.impl.conn.DefaultClientConnectionOperator -- Connecting to fakestoreapi.com:443
14:52:43.254 [main] DEBUG org.apache.http.client.protocol.RequestAddCookies -- CookieSpec selected: ignoreCookies
14:52:43.254 [main] DEBUG org.apache.http.client.protocol.RequestAuthCache -- Auth cache not set in the context
14:52:43.254 [main] DEBUG org.apache.http.client.protocol.RequestTargetAuthentication -- Target auth state: UNCHALLENGED
14:52:43.254 [main] DEBUG org.apache.http.client.protocol.RequestProxyAuthentication -- Proxy auth state: UNCHALLENGED
14:52:43.254 [main] DEBUG org.apache.http.impl.client.DefaultHttpClient -- Attempt 1 to execute request
14:52:43.254 [main] DEBUG org.apache.http.impl.conn.DefaultClientConnection -- Sending request: GET /cart?limit=5 HTTP/1.1
14:52:43.254 [main] DEBUG org.apache.http.wire --  >> "GET /cart?limit=5 HTTP/1.1[\r][\n]"
14:52:43.254 [main] DEBUG org.apache.http.wire --  >> "Accept: */*[\r][\n]"
14:52:43.254 [main] DEBUG org.apache.http.wire --  >> "Host: fakestoreapi.com[\r][\n]"
14:52:43.254 [main] DEBUG org.apache.http.wire --  >> "Connection: Keep-Alive[\r][\n]"
14:52:43.254 [main] DEBUG org.apache.http.wire --  >> "User-Agent: Apache-HttpClient/4.5.13 (Java/17.0.8)[\r][\n]"
14:52:43.254 [main] DEBUG org.apache.http.wire --  >> "Accept-Encoding: gzip,deflate[\r][\n]"
14:52:43.254 [main] DEBUG org.apache.http.wire --  >> "[\r][\n]"
14:52:43.254 [main] DEBUG org.apache.http.headers -- >> GET /cart?limit=5 HTTP/1.1
14:52:43.254 [main] DEBUG org.apache.http.headers -- >> Accept: */*
14:52:43.254 [main] DEBUG org.apache.http.headers -- >> Host: fakestoreapi.com
14:52:43.254 [main] DEBUG org.apache.http.headers -- >> Connection: Keep-Alive
14:52:43.254 [main] DEBUG org.apache.http.headers -- >> User-Agent: Apache-HttpClient/4.5.13 (Java/17.0.8)
14:52:43.254 [main] DEBUG org.apache.http.headers -- >> Accept-Encoding: gzip,deflate
14:52:43.934 [main] DEBUG org.apache.http.wire --  << "HTTP/1.1 404 Not Found[\r][\n]"
14:52:43.934 [main] DEBUG org.apache.http.wire --  << "Date: Fri, 06 Oct 2023 07:52:44 GMT[\r][\n]"
14:52:43.934 [main] DEBUG org.apache.http.wire --  << "Content-Type: text/html; charset=utf-8[\r][\n]"
14:52:43.934 [main] DEBUG org.apache.http.wire --  << "Transfer-Encoding: chunked[\r][\n]"
14:52:43.934 [main] DEBUG org.apache.http.wire --  << "Connection: keep-alive[\r][\n]"
14:52:43.934 [main] DEBUG org.apache.http.wire --  << "Access-Control-Allow-Origin: *[\r][\n]"
14:52:43.934 [main] DEBUG org.apache.http.wire --  << "Content-Security-Policy: default-src 'none'[\r][\n]"
14:52:43.934 [main] DEBUG org.apache.http.wire --  << "X-Content-Type-Options: nosniff[\r][\n]"
14:52:43.934 [main] DEBUG org.apache.http.wire --  << "X-Powered-By: Express[\r][\n]"
14:52:43.934 [main] DEBUG org.apache.http.wire --  << "CF-Cache-Status: DYNAMIC[\r][\n]"
14:52:43.934 [main] DEBUG org.apache.http.wire --  << "Report-To: {"endpoints":[{"url":"https:\/\/a.nel.cloudflare.com\/report\/v3?s=lz4rESTyVgkTSmj0lNM3y%2FNQMWSY2HHeh%2BE2qnG7wqwlZ90MiIj8NLZUHOslvmgKybWcW5IcG0mE84xigRWbGeylURH4GtIG%2B1ZaqBdY6DgLz5q7WgzzKgj9FFhJdGMMzx8W"}],"group":"cf-nel","max_age":604800}[\r][\n]"
14:52:43.934 [main] DEBUG org.apache.http.wire --  << "NEL: {"success_fraction":0,"report_to":"cf-nel","max_age":604800}[\r][\n]"
14:52:43.934 [main] DEBUG org.apache.http.wire --  << "Server: cloudflare[\r][\n]"
14:52:43.934 [main] DEBUG org.apache.http.wire --  << "CF-RAY: 811c539cfee36be1-SIN[\r][\n]"
14:52:43.934 [main] DEBUG org.apache.http.wire --  << "Content-Encoding: gzip[\r][\n]"
14:52:43.934 [main] DEBUG org.apache.http.wire --  << "alt-svc: h3=":443"; ma=86400[\r][\n]"
14:52:43.934 [main] DEBUG org.apache.http.wire --  << "[\r][\n]"
14:52:43.934 [main] DEBUG org.apache.http.impl.conn.DefaultClientConnection -- Receiving response: HTTP/1.1 404 Not Found
14:52:43.934 [main] DEBUG org.apache.http.headers -- << HTTP/1.1 404 Not Found
14:52:43.934 [main] DEBUG org.apache.http.headers -- << Date: Fri, 06 Oct 2023 07:52:44 GMT
14:52:43.934 [main] DEBUG org.apache.http.headers -- << Content-Type: text/html; charset=utf-8
14:52:43.934 [main] DEBUG org.apache.http.headers -- << Transfer-Encoding: chunked
14:52:43.934 [main] DEBUG org.apache.http.headers -- << Connection: keep-alive
14:52:43.934 [main] DEBUG org.apache.http.headers -- << Access-Control-Allow-Origin: *
14:52:43.934 [main] DEBUG org.apache.http.headers -- << Content-Security-Policy: default-src 'none'
14:52:43.934 [main] DEBUG org.apache.http.headers -- << X-Content-Type-Options: nosniff
14:52:43.934 [main] DEBUG org.apache.http.headers -- << X-Powered-By: Express
14:52:43.934 [main] DEBUG org.apache.http.headers -- << CF-Cache-Status: DYNAMIC
14:52:43.934 [main] DEBUG org.apache.http.headers -- << Report-To: {"endpoints":[{"url":"https:\/\/a.nel.cloudflare.com\/report\/v3?s=lz4rESTyVgkTSmj0lNM3y%2FNQMWSY2HHeh%2BE2qnG7wqwlZ90MiIj8NLZUHOslvmgKybWcW5IcG0mE84xigRWbGeylURH4GtIG%2B1ZaqBdY6DgLz5q7WgzzKgj9FFhJdGMMzx8W"}],"group":"cf-nel","max_age":604800}
14:52:43.934 [main] DEBUG org.apache.http.headers -- << NEL: {"success_fraction":0,"report_to":"cf-nel","max_age":604800}
14:52:43.934 [main] DEBUG org.apache.http.headers -- << Server: cloudflare
14:52:43.934 [main] DEBUG org.apache.http.headers -- << CF-RAY: 811c539cfee36be1-SIN
14:52:43.934 [main] DEBUG org.apache.http.headers -- << Content-Encoding: gzip
14:52:43.934 [main] DEBUG org.apache.http.headers -- << alt-svc: h3=":443"; ma=86400
14:52:43.935 [main] DEBUG org.apache.http.impl.client.DefaultHttpClient -- Connection can be kept alive indefinitely
14:52:43.935 [main] DEBUG io.restassured.internal.RestAssuredHttpBuilder -- Parsing response as: text/html; charset=utf-8
14:52:43.935 [main] DEBUG org.apache.http.wire --  << "8c[\r][\n]"
14:52:43.936 [main] DEBUG org.apache.http.wire --  << "[0x1f][0x8b][0x8][0x0][0x0][0x0][0x0][0x0][0x0][0x3],[0x8d][0xb1][0xe][0xc2]0[0xc]D[0xf7]|[0x85][0xc9][0x8e][0xbc]2[0xb8]^J[0xc4][0x8]C[0x17]F[0xd3][0x1a][0x8a][0x94]&[0x95]1[0x3][0x8f][0x2][0x9d]N[0xf7][0xee]NG[0xbb][0xe3][0xb9][0x1f][0xae][0x97][0x4][0xb3]/[0x99][0x3]5[0x81],[0xe5][0xd1]E-[0xb1][0x1][0x95][0x89][0x3]-[0xea][0x2][0xe3],[0xf6]R[0xef][0xe2][0xdb][0xef][0xfb]CK[0xfd][0xe9]Y9[0x99]U#[0xfc][0x9b]@[0xb8]mnu[0xfa]p[0xa0][0xd5][0x94]{)[0xa5]:[0x9c][0xd2][0x0]8[0x8a]9a[0xa3][0x81]p[0xeb][0xe0][0xef][0xfe][0xb][0x0][0x0][0xff][0xff][0xe3][0x2][0x0]0E[0xcf][0xb4][0x8f][0x0][0x0][0x0]"
14:52:43.936 [main] DEBUG org.apache.http.wire --  << "[\r][\n]"
14:52:43.936 [main] DEBUG org.apache.http.wire --  << "0[\r][\n]"
14:52:43.936 [main] DEBUG org.apache.http.wire --  << "[\r][\n]"
14:52:43.936 [main] DEBUG io.restassured.internal.RestAssuredHttpBuilder -- Parsed data to instance of: class org.apache.http.conn.EofSensorInputStream
14:52:43.937 [main] DEBUG org.apache.http.impl.conn.BasicClientConnectionManager -- Releasing connection org.apache.http.impl.conn.ManagedClientConnectionImpl@9dbb1d9
14:52:43.937 [main] DEBUG org.apache.http.impl.conn.BasicClientConnectionManager -- Connection can be kept alive indefinitely
14:52:43.937 [main] DEBUG net.thucydides.core.steps.StepInterceptor -- STEP DONE: I GET HTTP request limit result cart with invalid param
  &amp#27;[32mWhen &amp#27;[0m&amp#27;[32mI GET HTTP request limit result cart with invalid param&amp#27;[0m       &amp#27;[90m# starter.stepdefinition.CartSteps.getHTTPInvalidRequestWithLimitCartParam()&amp#27;[0m
14:52:43.940 [main] DEBUG net.thucydides.core.steps.StepInterceptor -- STARTING STEP: CartSteps.receiveLimitCartWitInvalidhRequestParam - I receive limit result cart with invalid request param
14:52:43.941 [main] DEBUG net.thucydides.core.steps.StepInterceptor -- STEP DONE: I receive limit result cart with invalid request param
  &amp#27;[32mAnd &amp#27;[0m&amp#27;[32mI receive limit result cart with invalid request param&amp#27;[0m         &amp#27;[90m# starter.stepdefinition.CartSteps.receiveLimitCartWitInvalidhRequestParam()&amp#27;[0m
14:52:43.943 [main] DEBUG net.thucydides.core.steps.StepInterceptor -- STARTING STEP: CartSteps.receiveInvalidLimitCartResponseCode404 - I receive invalid GET limit result cart response code 404
14:52:43.944 [main] DEBUG net.thucydides.core.steps.StepInterceptor -- STEP DONE: I receive invalid GET limit result cart response code 404
  &amp#27;[32mThen &amp#27;[0m&amp#27;[32mI receive invalid GET limit result cart response code 404&amp#27;[0m     &amp#27;[90m# starter.stepdefinition.CartSteps.receiveInvalidLimitCartResponseCode404()&amp#27;[0m
14:52:43.946 [main] INFO  -- 
  _____   ___   ___   _____     ___     _     ___   ___   ___   ___  
 |_   _| | __| / __| |_   _|   | _ \   /_\   / __| / __| | __| |   \ 
   | |   | _|  \__ \   | |     |  _/  / _ \  \__ \ \__ \ | _|  | |) |
   |_|   |___| |___/   |_|     |_|   /_/ \_\ |___/ |___/ |___| |___/ 

[Negative] - CART_GET limit result cart with invalid param
----------------------------------------------------------------------
]]></system-out>
  </testcase>
  <testcase name="[Positive] - CART_GET sort result cart in descending with valid endpoint" classname="Cart" time="0.625">
    <system-out><![CDATA[
Scenario: [Positive] - CART_GET sort result cart in descending with valid endpoint &amp#27;[90m# src/test/resources/Cart.feature:37&amp#27;[0m
14:52:43.952 [main] INFO io.cucumber.core.plugin.SerenityReporter -- Running feature from file:///D:/SEMESTER%205/All%20Section/Section%203%20-%20Code%20Competence/Code%20Competence%20KM%20QA%202/Weekly2/src/test/resources/Cart.feature
14:52:43.952 [main] WARN io.cucumber.core.plugin.SerenityReporter -- Feature from file:///D:/SEMESTER%205/All%20Section/Section%203%20-%20Code%20Competence/Code%20Competence%20KM%20QA%202/Weekly2/src/test/resources/Cart.feature is not under the 'features' directory. Requirements report will not be correctly generated!
14:52:43.954 [main] INFO  -- 
  _____   ___   ___   _____     ___   _____     _     ___   _____   ___   ___  
 |_   _| | __| / __| |_   _|   / __| |_   _|   /_\   | _ \ |_   _| | __| |   \ 
   | |   | _|  \__ \   | |     \__ \   | |    / _ \  |   /   | |   | _|  | |) |
   |_|   |___| |___/   |_|     |___/   |_|   /_/ \_\ |_|_\   |_|   |___| |___/ 

[Positive] - CART_GET sort result cart in descending with valid endpoint(cart;[positive]---cart-get-sort-result-cart-in-descending-with-valid-endpoint)
--------------------------------------------------------------------------------
14:52:43.960 [main] DEBUG net.thucydides.core.steps.StepInterceptor -- STARTING STEP: CartSteps.getAPISortCartWithValidEndpoint - I GET API sort cart result with valid endpoint
14:52:43.960 [main] DEBUG net.thucydides.core.steps.StepInterceptor -- STEP DONE: I GET API sort cart result with valid endpoint
  &amp#27;[32mGiven &amp#27;[0m&amp#27;[32mI GET API sort cart result with valid endpoint&amp#27;[0m                             &amp#27;[90m# starter.stepdefinition.CartSteps.getAPISortCartWithValidEndpoint()&amp#27;[0m
14:52:43.962 [main] DEBUG net.thucydides.core.steps.StepInterceptor -- STARTING STEP: CartSteps.getHTTPValidRequestSortCart - I GET HTTP request sort cart with valid endpoint
14:52:43.963 [main] DEBUG net.thucydides.core.steps.StepInterceptor -- STARTING STEP: Cart.getHTTPValidRequestSortCart - I GET API sort cart result with valid endpoint
14:52:43.963 [main] DEBUG net.thucydides.core.steps.StepInterceptor -- STEP DONE: I GET API sort cart result with valid endpoint
14:52:43.973 [main] DEBUG org.apache.http.impl.conn.BasicClientConnectionManager -- Get connection for route {s}->https://fakestoreapi.com:443
14:52:43.973 [main] DEBUG org.apache.http.impl.conn.DefaultClientConnectionOperator -- Connecting to fakestoreapi.com:443
14:52:44.036 [main] DEBUG org.apache.http.client.protocol.RequestAddCookies -- CookieSpec selected: ignoreCookies
14:52:44.036 [main] DEBUG org.apache.http.client.protocol.RequestAuthCache -- Auth cache not set in the context
14:52:44.036 [main] DEBUG org.apache.http.client.protocol.RequestTargetAuthentication -- Target auth state: UNCHALLENGED
14:52:44.036 [main] DEBUG org.apache.http.client.protocol.RequestProxyAuthentication -- Proxy auth state: UNCHALLENGED
14:52:44.036 [main] DEBUG org.apache.http.impl.client.DefaultHttpClient -- Attempt 1 to execute request
14:52:44.036 [main] DEBUG org.apache.http.impl.conn.DefaultClientConnection -- Sending request: GET /carts?sort=desc HTTP/1.1
14:52:44.036 [main] DEBUG org.apache.http.wire --  >> "GET /carts?sort=desc HTTP/1.1[\r][\n]"
14:52:44.036 [main] DEBUG org.apache.http.wire --  >> "Accept: */*[\r][\n]"
14:52:44.036 [main] DEBUG org.apache.http.wire --  >> "Host: fakestoreapi.com[\r][\n]"
14:52:44.036 [main] DEBUG org.apache.http.wire --  >> "Connection: Keep-Alive[\r][\n]"
14:52:44.036 [main] DEBUG org.apache.http.wire --  >> "User-Agent: Apache-HttpClient/4.5.13 (Java/17.0.8)[\r][\n]"
14:52:44.036 [main] DEBUG org.apache.http.wire --  >> "Accept-Encoding: gzip,deflate[\r][\n]"
14:52:44.036 [main] DEBUG org.apache.http.wire --  >> "[\r][\n]"
14:52:44.036 [main] DEBUG org.apache.http.headers -- >> GET /carts?sort=desc HTTP/1.1
14:52:44.036 [main] DEBUG org.apache.http.headers -- >> Accept: */*
14:52:44.036 [main] DEBUG org.apache.http.headers -- >> Host: fakestoreapi.com
14:52:44.036 [main] DEBUG org.apache.http.headers -- >> Connection: Keep-Alive
14:52:44.036 [main] DEBUG org.apache.http.headers -- >> User-Agent: Apache-HttpClient/4.5.13 (Java/17.0.8)
14:52:44.037 [main] DEBUG org.apache.http.headers -- >> Accept-Encoding: gzip,deflate
14:52:44.564 [main] DEBUG org.apache.http.wire --  << "HTTP/1.1 200 OK[\r][\n]"
14:52:44.564 [main] DEBUG org.apache.http.wire --  << "Date: Fri, 06 Oct 2023 07:52:45 GMT[\r][\n]"
14:52:44.564 [main] DEBUG org.apache.http.wire --  << "Content-Type: application/json; charset=utf-8[\r][\n]"
14:52:44.564 [main] DEBUG org.apache.http.wire --  << "Transfer-Encoding: chunked[\r][\n]"
14:52:44.564 [main] DEBUG org.apache.http.wire --  << "Connection: keep-alive[\r][\n]"
14:52:44.564 [main] DEBUG org.apache.http.wire --  << "Access-Control-Allow-Origin: *[\r][\n]"
14:52:44.564 [main] DEBUG org.apache.http.wire --  << "Etag: W/"3a8-nb02RQT3OuKfcepxTeTynGjWm8Q"[\r][\n]"
14:52:44.564 [main] DEBUG org.apache.http.wire --  << "X-Powered-By: Express[\r][\n]"
14:52:44.564 [main] DEBUG org.apache.http.wire --  << "CF-Cache-Status: DYNAMIC[\r][\n]"
14:52:44.564 [main] DEBUG org.apache.http.wire --  << "Report-To: {"endpoints":[{"url":"https:\/\/a.nel.cloudflare.com\/report\/v3?s=wIoiDY6fwzgv5qpI9QH8whKyBoZt0bzUmWOuwynGhEPoKV%2FS1Ng9NfJ2H2aWcOIl%2B1GQrNpZ6XFW%2FHUDP8%2B0xUFXZdpRaCJF%2B%2FP2OqOVmkXQKU1edDsm1ySlnzA9oLIDnkWT"}],"group":"cf-nel","max_age":604800}[\r][\n]"
14:52:44.564 [main] DEBUG org.apache.http.wire --  << "NEL: {"success_fraction":0,"report_to":"cf-nel","max_age":604800}[\r][\n]"
14:52:44.564 [main] DEBUG org.apache.http.wire --  << "Server: cloudflare[\r][\n]"
14:52:44.564 [main] DEBUG org.apache.http.wire --  << "CF-RAY: 811c53a1dd7e6584-SIN[\r][\n]"
14:52:44.564 [main] DEBUG org.apache.http.wire --  << "Content-Encoding: gzip[\r][\n]"
14:52:44.564 [main] DEBUG org.apache.http.wire --  << "alt-svc: h3=":443"; ma=86400[\r][\n]"
14:52:44.564 [main] DEBUG org.apache.http.wire --  << "[\r][\n]"
14:52:44.564 [main] DEBUG org.apache.http.impl.conn.DefaultClientConnection -- Receiving response: HTTP/1.1 200 OK
14:52:44.564 [main] DEBUG org.apache.http.headers -- << HTTP/1.1 200 OK
14:52:44.564 [main] DEBUG org.apache.http.headers -- << Date: Fri, 06 Oct 2023 07:52:45 GMT
14:52:44.564 [main] DEBUG org.apache.http.headers -- << Content-Type: application/json; charset=utf-8
14:52:44.564 [main] DEBUG org.apache.http.headers -- << Transfer-Encoding: chunked
14:52:44.564 [main] DEBUG org.apache.http.headers -- << Connection: keep-alive
14:52:44.564 [main] DEBUG org.apache.http.headers -- << Access-Control-Allow-Origin: *
14:52:44.564 [main] DEBUG org.apache.http.headers -- << Etag: W/"3a8-nb02RQT3OuKfcepxTeTynGjWm8Q"
14:52:44.564 [main] DEBUG org.apache.http.headers -- << X-Powered-By: Express
14:52:44.564 [main] DEBUG org.apache.http.headers -- << CF-Cache-Status: DYNAMIC
14:52:44.564 [main] DEBUG org.apache.http.headers -- << Report-To: {"endpoints":[{"url":"https:\/\/a.nel.cloudflare.com\/report\/v3?s=wIoiDY6fwzgv5qpI9QH8whKyBoZt0bzUmWOuwynGhEPoKV%2FS1Ng9NfJ2H2aWcOIl%2B1GQrNpZ6XFW%2FHUDP8%2B0xUFXZdpRaCJF%2B%2FP2OqOVmkXQKU1edDsm1ySlnzA9oLIDnkWT"}],"group":"cf-nel","max_age":604800}
14:52:44.564 [main] DEBUG org.apache.http.headers -- << NEL: {"success_fraction":0,"report_to":"cf-nel","max_age":604800}
14:52:44.564 [main] DEBUG org.apache.http.headers -- << Server: cloudflare
14:52:44.564 [main] DEBUG org.apache.http.headers -- << CF-RAY: 811c53a1dd7e6584-SIN
14:52:44.564 [main] DEBUG org.apache.http.headers -- << Content-Encoding: gzip
14:52:44.564 [main] DEBUG org.apache.http.headers -- << alt-svc: h3=":443"; ma=86400
14:52:44.564 [main] DEBUG org.apache.http.impl.client.DefaultHttpClient -- Connection can be kept alive indefinitely
14:52:44.564 [main] DEBUG io.restassured.internal.RestAssuredHttpBuilder -- Parsing response as: application/json; charset=utf-8
14:52:44.564 [main] DEBUG org.apache.http.wire --  << "db[\r][\n]"
14:52:44.564 [main] DEBUG org.apache.http.wire --  << "[0x1f][0x8b][0x8][0x0][0x0][0x0][0x0][0x0][0x0][0x3][0xa4][0x92][0xcb][\n]"
14:52:44.564 [main] DEBUG org.apache.http.wire --  << "[0x83]0[0x10]E[0xff]e[0xd6][0xb1]L&[0xbe][0x9a]?[0xe8][0xbe][0xab][0x8a][0x88]4.[0xdc][0xf4][0xa1][0xb1]P[0xc4]/[0xb6][0x94]$[\r]jE[0xc8]F.[0xf1][0x9c]{I[0xd6]C[0xad]@&[0xc][0xba][0xb6]j[0xe][\n]"
14:52:44.564 [main] DEBUG org.apache.http.wire --  << "d[0xca]@[0x95][0xba][0x2][0x9][0x84][0x84][0x1][0x8a][0x0][0xf9][0x11]Q[0xbe][0xcf][0xe][0x11]O[0xc0][0xe0][0xd6]\Uw[0xd6]-[0xc8][0xac][0xff]~[0x8c][0x97]y[0xca][0xe0][0xde][0x95][0x17]][0xeb]'H>[0xe4][0xc][0x8a][0xe2][0x1][0x12][0x7][0xf6][0x1][0xc5][0x6][0x14]n[0x2][0xa1][\r][0xa2][0xf1][0xf7]vJv*|[0x8d][0xc8]h[0x88]-[0x1a][0x89][[0xd7][0xb5]X[0xda]"[0x9c][0x96][0xe0][0xab][0xb6][0xb0]9[0xa1][0xcf][0x11][0x86]C[0x9b]6[0x9f][0x9b]|[0xbf]P[0x96][0x8c][0x4][0xf7][0xcb][0xd2][0xdf][0x12][0xe4][0x96]e[0xd3][0x86][0x1c][0xd2][0xc8][0xf5][0xf7][0x14][0xf9][0xb4][0xa2]X[0xa3][0xc8][0xe7][0x14]i[0xee][0xc5][0x8];[0x8c]-[0xc3][0xfc][0x5][0x0][0x0][0xff][0xff][0x3][0x0]A3[0x1d][0xbb][0xa8][0x3][0x0][0x0]"
14:52:44.564 [main] DEBUG org.apache.http.wire --  << "[\r][\n]"
14:52:44.564 [main] DEBUG org.apache.http.wire --  << "0[\r][\n]"
14:52:44.564 [main] DEBUG org.apache.http.wire --  << "[\r][\n]"
14:52:44.564 [main] DEBUG io.restassured.internal.RestAssuredHttpBuilder -- Parsed data to instance of: class org.apache.http.conn.EofSensorInputStream
14:52:44.565 [main] DEBUG org.apache.http.impl.conn.BasicClientConnectionManager -- Releasing connection org.apache.http.impl.conn.ManagedClientConnectionImpl@43e30f15
14:52:44.565 [main] DEBUG org.apache.http.impl.conn.BasicClientConnectionManager -- Connection can be kept alive indefinitely
14:52:44.567 [main] DEBUG net.thucydides.core.steps.StepInterceptor -- STEP DONE: I GET HTTP request sort cart with valid endpoint
  &amp#27;[32mWhen &amp#27;[0m&amp#27;[32mI GET HTTP request sort cart with valid endpoint&amp#27;[0m                            &amp#27;[90m# starter.stepdefinition.CartSteps.getHTTPValidRequestSortCart()&amp#27;[0m
14:52:44.569 [main] DEBUG net.thucydides.core.steps.StepInterceptor -- STARTING STEP: CartSteps.receiveValidGETSortCartResponseCode200 - I receive valid GET sort result cart descending response code 200
14:52:44.569 [main] DEBUG net.thucydides.core.steps.StepInterceptor -- STEP DONE: I receive valid GET sort result cart descending response code 200
  &amp#27;[32mThen &amp#27;[0m&amp#27;[32mI receive valid GET sort result cart descending response code 200&amp#27;[0m           &amp#27;[90m# starter.stepdefinition.CartSteps.receiveValidGETSortCartResponseCode200()&amp#27;[0m
14:52:44.570 [main] INFO  -- 
  _____   ___   ___   _____     ___     _     ___   ___   ___   ___  
 |_   _| | __| / __| |_   _|   | _ \   /_\   / __| / __| | __| |   \ 
   | |   | _|  \__ \   | |     |  _/  / _ \  \__ \ \__ \ | _|  | |) |
   |_|   |___| |___/   |_|     |_|   /_/ \_\ |___/ |___/ |___| |___/ 

[Positive] - CART_GET sort result cart in descending with valid endpoint
----------------------------------------------------------------------
]]></system-out>
  </testcase>
  <testcase name="[Negative] - CART_GET sort result cart in descending with invalid endpoint" classname="Cart" time="0.483">
    <system-out><![CDATA[14:52:44.580 [Finalizer] DEBUG org.apache.http.impl.conn.DefaultClientConnection -- Connection 0.0.0.0:50980<->104.21.87.105:443 closed
14:52:44.580 [Finalizer] DEBUG org.apache.http.impl.conn.DefaultClientConnection -- Connection 0.0.0.0:50981<->104.21.87.105:443 closed
14:52:44.580 [Finalizer] DEBUG org.apache.http.impl.conn.DefaultClientConnection -- Connection 0.0.0.0:50979<->104.21.87.105:443 closed

Scenario: [Negative] - CART_GET sort result cart in descending with invalid endpoint &amp#27;[90m# src/test/resources/Cart.feature:42&amp#27;[0m
14:52:44.581 [main] INFO io.cucumber.core.plugin.SerenityReporter -- Running feature from file:///D:/SEMESTER%205/All%20Section/Section%203%20-%20Code%20Competence/Code%20Competence%20KM%20QA%202/Weekly2/src/test/resources/Cart.feature
14:52:44.581 [main] WARN io.cucumber.core.plugin.SerenityReporter -- Feature from file:///D:/SEMESTER%205/All%20Section/Section%203%20-%20Code%20Competence/Code%20Competence%20KM%20QA%202/Weekly2/src/test/resources/Cart.feature is not under the 'features' directory. Requirements report will not be correctly generated!
14:52:44.583 [main] INFO  -- 
  _____   ___   ___   _____     ___   _____     _     ___   _____   ___   ___  
 |_   _| | __| / __| |_   _|   / __| |_   _|   /_\   | _ \ |_   _| | __| |   \ 
   | |   | _|  \__ \   | |     \__ \   | |    / _ \  |   /   | |   | _|  | |) |
   |_|   |___| |___/   |_|     |___/   |_|   /_/ \_\ |_|_\   |_|   |___| |___/ 

[Negative] - CART_GET sort result cart in descending with invalid endpoint(cart;[negative]---cart-get-sort-result-cart-in-descending-with-invalid-endpoint)
--------------------------------------------------------------------------------
14:52:44.587 [main] DEBUG net.thucydides.core.steps.StepInterceptor -- STARTING STEP: CartSteps.getAPISortCartWithInvalidEndpoint - I GET API cart sort result with invalid endpoint
14:52:44.587 [main] DEBUG net.thucydides.core.steps.StepInterceptor -- STEP DONE: I GET API cart sort result with invalid endpoint
  &amp#27;[32mGiven &amp#27;[0m&amp#27;[32mI GET API cart sort result with invalid endpoint&amp#27;[0m                             &amp#27;[90m# starter.stepdefinition.CartSteps.getAPISortCartWithInvalidEndpoint()&amp#27;[0m
14:52:44.589 [main] DEBUG net.thucydides.core.steps.StepInterceptor -- STARTING STEP: CartSteps.getHTTPInvalidRequestSortCart - I GET HTTP request sort cart with invalid endpoint
14:52:44.590 [main] DEBUG net.thucydides.core.steps.StepInterceptor -- STARTING STEP: Cart.getHTTPInvalidRequestSortCart - I GET API cart sort result with invalid endpoint
14:52:44.590 [main] DEBUG net.thucydides.core.steps.StepInterceptor -- STEP DONE: I GET API cart sort result with invalid endpoint
14:52:44.599 [main] DEBUG org.apache.http.impl.conn.BasicClientConnectionManager -- Get connection for route {s}->https://fakestoreapi.com:443
14:52:44.599 [main] DEBUG org.apache.http.impl.conn.DefaultClientConnectionOperator -- Connecting to fakestoreapi.com:443
14:52:44.675 [main] DEBUG org.apache.http.client.protocol.RequestAddCookies -- CookieSpec selected: ignoreCookies
14:52:44.676 [main] DEBUG org.apache.http.client.protocol.RequestAuthCache -- Auth cache not set in the context
14:52:44.676 [main] DEBUG org.apache.http.client.protocol.RequestTargetAuthentication -- Target auth state: UNCHALLENGED
14:52:44.676 [main] DEBUG org.apache.http.client.protocol.RequestProxyAuthentication -- Proxy auth state: UNCHALLENGED
14:52:44.676 [main] DEBUG org.apache.http.impl.client.DefaultHttpClient -- Attempt 1 to execute request
14:52:44.676 [main] DEBUG org.apache.http.impl.conn.DefaultClientConnection -- Sending request: GET /cart?sort=desc HTTP/1.1
14:52:44.676 [main] DEBUG org.apache.http.wire --  >> "GET /cart?sort=desc HTTP/1.1[\r][\n]"
14:52:44.676 [main] DEBUG org.apache.http.wire --  >> "Accept: */*[\r][\n]"
14:52:44.676 [main] DEBUG org.apache.http.wire --  >> "Host: fakestoreapi.com[\r][\n]"
14:52:44.676 [main] DEBUG org.apache.http.wire --  >> "Connection: Keep-Alive[\r][\n]"
14:52:44.676 [main] DEBUG org.apache.http.wire --  >> "User-Agent: Apache-HttpClient/4.5.13 (Java/17.0.8)[\r][\n]"
14:52:44.676 [main] DEBUG org.apache.http.wire --  >> "Accept-Encoding: gzip,deflate[\r][\n]"
14:52:44.676 [main] DEBUG org.apache.http.wire --  >> "[\r][\n]"
14:52:44.676 [main] DEBUG org.apache.http.headers -- >> GET /cart?sort=desc HTTP/1.1
14:52:44.676 [main] DEBUG org.apache.http.headers -- >> Accept: */*
14:52:44.676 [main] DEBUG org.apache.http.headers -- >> Host: fakestoreapi.com
14:52:44.676 [main] DEBUG org.apache.http.headers -- >> Connection: Keep-Alive
14:52:44.676 [main] DEBUG org.apache.http.headers -- >> User-Agent: Apache-HttpClient/4.5.13 (Java/17.0.8)
14:52:44.676 [main] DEBUG org.apache.http.headers -- >> Accept-Encoding: gzip,deflate
14:52:45.048 [main] DEBUG org.apache.http.wire --  << "HTTP/1.1 404 Not Found[\r][\n]"
14:52:45.048 [main] DEBUG org.apache.http.wire --  << "Date: Fri, 06 Oct 2023 07:52:46 GMT[\r][\n]"
14:52:45.048 [main] DEBUG org.apache.http.wire --  << "Content-Type: text/html; charset=utf-8[\r][\n]"
14:52:45.048 [main] DEBUG org.apache.http.wire --  << "Transfer-Encoding: chunked[\r][\n]"
14:52:45.048 [main] DEBUG org.apache.http.wire --  << "Connection: keep-alive[\r][\n]"
14:52:45.048 [main] DEBUG org.apache.http.wire --  << "Access-Control-Allow-Origin: *[\r][\n]"
14:52:45.048 [main] DEBUG org.apache.http.wire --  << "Content-Security-Policy: default-src 'none'[\r][\n]"
14:52:45.048 [main] DEBUG org.apache.http.wire --  << "X-Content-Type-Options: nosniff[\r][\n]"
14:52:45.048 [main] DEBUG org.apache.http.wire --  << "X-Powered-By: Express[\r][\n]"
14:52:45.048 [main] DEBUG org.apache.http.wire --  << "CF-Cache-Status: DYNAMIC[\r][\n]"
14:52:45.048 [main] DEBUG org.apache.http.wire --  << "Report-To: {"endpoints":[{"url":"https:\/\/a.nel.cloudflare.com\/report\/v3?s=kOLoqe2Gl3sUjgqfZtAGAsz5a5CwhQ%2BXhZgxIy0ECHJDV3A3eDKxFeGx8J8F8K2VFMskPV2ijAg%2FFg9ofL6z%2FXRn8N8LiORdxFdgXjqgQ2ERi3DN8A9urAl0wk0kWrx2AqvI"}],"group":"cf-nel","max_age":604800}[\r][\n]"
14:52:45.048 [main] DEBUG org.apache.http.wire --  << "NEL: {"success_fraction":0,"report_to":"cf-nel","max_age":604800}[\r][\n]"
14:52:45.048 [main] DEBUG org.apache.http.wire --  << "Server: cloudflare[\r][\n]"
14:52:45.048 [main] DEBUG org.apache.http.wire --  << "CF-RAY: 811c53a5d945403b-SIN[\r][\n]"
14:52:45.048 [main] DEBUG org.apache.http.wire --  << "Content-Encoding: gzip[\r][\n]"
14:52:45.048 [main] DEBUG org.apache.http.wire --  << "alt-svc: h3=":443"; ma=86400[\r][\n]"
14:52:45.048 [main] DEBUG org.apache.http.wire --  << "[\r][\n]"
14:52:45.048 [main] DEBUG org.apache.http.impl.conn.DefaultClientConnection -- Receiving response: HTTP/1.1 404 Not Found
14:52:45.048 [main] DEBUG org.apache.http.headers -- << HTTP/1.1 404 Not Found
14:52:45.048 [main] DEBUG org.apache.http.headers -- << Date: Fri, 06 Oct 2023 07:52:46 GMT
14:52:45.048 [main] DEBUG org.apache.http.headers -- << Content-Type: text/html; charset=utf-8
14:52:45.048 [main] DEBUG org.apache.http.headers -- << Transfer-Encoding: chunked
14:52:45.048 [main] DEBUG org.apache.http.headers -- << Connection: keep-alive
14:52:45.048 [main] DEBUG org.apache.http.headers -- << Access-Control-Allow-Origin: *
14:52:45.048 [main] DEBUG org.apache.http.headers -- << Content-Security-Policy: default-src 'none'
14:52:45.048 [main] DEBUG org.apache.http.headers -- << X-Content-Type-Options: nosniff
14:52:45.048 [main] DEBUG org.apache.http.headers -- << X-Powered-By: Express
14:52:45.048 [main] DEBUG org.apache.http.headers -- << CF-Cache-Status: DYNAMIC
14:52:45.048 [main] DEBUG org.apache.http.headers -- << Report-To: {"endpoints":[{"url":"https:\/\/a.nel.cloudflare.com\/report\/v3?s=kOLoqe2Gl3sUjgqfZtAGAsz5a5CwhQ%2BXhZgxIy0ECHJDV3A3eDKxFeGx8J8F8K2VFMskPV2ijAg%2FFg9ofL6z%2FXRn8N8LiORdxFdgXjqgQ2ERi3DN8A9urAl0wk0kWrx2AqvI"}],"group":"cf-nel","max_age":604800}
14:52:45.048 [main] DEBUG org.apache.http.headers -- << NEL: {"success_fraction":0,"report_to":"cf-nel","max_age":604800}
14:52:45.048 [main] DEBUG org.apache.http.headers -- << Server: cloudflare
14:52:45.048 [main] DEBUG org.apache.http.headers -- << CF-RAY: 811c53a5d945403b-SIN
14:52:45.048 [main] DEBUG org.apache.http.headers -- << Content-Encoding: gzip
14:52:45.048 [main] DEBUG org.apache.http.headers -- << alt-svc: h3=":443"; ma=86400
14:52:45.049 [main] DEBUG org.apache.http.impl.client.DefaultHttpClient -- Connection can be kept alive indefinitely
14:52:45.049 [main] DEBUG io.restassured.internal.RestAssuredHttpBuilder -- Parsing response as: text/html; charset=utf-8
14:52:45.049 [main] DEBUG org.apache.http.wire --  << "8c[\r][\n]"
14:52:45.049 [main] DEBUG org.apache.http.wire --  << "[0x1f][0x8b][0x8][0x0][0x0][0x0][0x0][0x0][0x0][0x3],[0x8d][0xb1][0xe][0xc2]0[0xc]D[0xf7]|[0x85][0xc9][0x8e][0xbc]2[0xb8]^J[0xc4][0x8]C[0x17]F[0xd3][0x1a][0x8a][0x94]&[0x95]1[0x3][0x8f][0x2][0x9d]N[0xf7][0xee]NG[0xbb][0xe3][0xb9][0x1f][0xae][0x97][0x4][0xb3]/[0x99][0x3]5[0x81],[0xe5][0xd1]E-[0xb1][0x1][0x95][0x89][0x3]-[0xea][0x2][0xe3],[0xf6]R[0xef][0xe2][0xdb][0xef][0xfb]CK[0xfd][0xe9]Y9[0x99]U#[0xfc][0x9b]@[0xb8]mnu[0xfa]p[0xa0][0xd5][0x94]{)[0xa5]:[0x9c][0xd2][0x0]8[0x8a]9a[0xa3][0x81]p[0xeb][0xe0][0xef][0xfe][0xb][0x0][0x0][0xff][0xff][0xe3][0x2][0x0]0E[0xcf][0xb4][0x8f][0x0][0x0][0x0]"
14:52:45.049 [main] DEBUG org.apache.http.wire --  << "[\r][\n]"
14:52:45.049 [main] DEBUG org.apache.http.wire --  << "0[\r][\n]"
14:52:45.049 [main] DEBUG org.apache.http.wire --  << "[\r][\n]"
14:52:45.049 [main] DEBUG io.restassured.internal.RestAssuredHttpBuilder -- Parsed data to instance of: class org.apache.http.conn.EofSensorInputStream
14:52:45.050 [main] DEBUG org.apache.http.impl.conn.BasicClientConnectionManager -- Releasing connection org.apache.http.impl.conn.ManagedClientConnectionImpl@638d624a
14:52:45.050 [main] DEBUG org.apache.http.impl.conn.BasicClientConnectionManager -- Connection can be kept alive indefinitely
14:52:45.051 [main] DEBUG net.thucydides.core.steps.StepInterceptor -- STEP DONE: I GET HTTP request sort cart with invalid endpoint
  &amp#27;[32mWhen &amp#27;[0m&amp#27;[32mI GET HTTP request sort cart with invalid endpoint&amp#27;[0m                            &amp#27;[90m# starter.stepdefinition.CartSteps.getHTTPInvalidRequestSortCart()&amp#27;[0m
14:52:45.053 [main] DEBUG net.thucydides.core.steps.StepInterceptor -- STARTING STEP: CartSteps.receiveInvalidGETSortCartResponseCode404 - I receive invalid GET sort result cart descending response code 404
14:52:45.053 [main] DEBUG net.thucydides.core.steps.StepInterceptor -- STEP DONE: I receive invalid GET sort result cart descending response code 404
  &amp#27;[32mThen &amp#27;[0m&amp#27;[32mI receive invalid GET sort result cart descending response code 404&amp#27;[0m           &amp#27;[90m# starter.stepdefinition.CartSteps.receiveInvalidGETSortCartResponseCode404()&amp#27;[0m
14:52:45.054 [main] INFO  -- 
  _____   ___   ___   _____     ___     _     ___   ___   ___   ___  
 |_   _| | __| / __| |_   _|   | _ \   /_\   / __| / __| | __| |   \ 
   | |   | _|  \__ \   | |     |  _/  / _ \  \__ \ \__ \ | _|  | |) |
   |_|   |___| |___/   |_|     |_|   /_/ \_\ |___/ |___/ |___| |___/ 

[Negative] - CART_GET sort result cart in descending with invalid endpoint
----------------------------------------------------------------------
]]></system-out>
  </testcase>
  <testcase name="[Positive] - CART_GET in date range cart with valid data" classname="Cart" time="0.645">
    <system-out><![CDATA[
Scenario: [Positive] - CART_GET in date range cart with valid data &amp#27;[90m# src/test/resources/Cart.feature:47&amp#27;[0m
14:52:45.058 [main] INFO io.cucumber.core.plugin.SerenityReporter -- Running feature from file:///D:/SEMESTER%205/All%20Section/Section%203%20-%20Code%20Competence/Code%20Competence%20KM%20QA%202/Weekly2/src/test/resources/Cart.feature
14:52:45.058 [main] WARN io.cucumber.core.plugin.SerenityReporter -- Feature from file:///D:/SEMESTER%205/All%20Section/Section%203%20-%20Code%20Competence/Code%20Competence%20KM%20QA%202/Weekly2/src/test/resources/Cart.feature is not under the 'features' directory. Requirements report will not be correctly generated!
14:52:45.059 [main] INFO  -- 
  _____   ___   ___   _____     ___   _____     _     ___   _____   ___   ___  
 |_   _| | __| / __| |_   _|   / __| |_   _|   /_\   | _ \ |_   _| | __| |   \ 
   | |   | _|  \__ \   | |     \__ \   | |    / _ \  |   /   | |   | _|  | |) |
   |_|   |___| |___/   |_|     |___/   |_|   /_/ \_\ |_|_\   |_|   |___| |___/ 

[Positive] - CART_GET in date range cart with valid data(cart;[positive]---cart-get-in-date-range-cart-with-valid-data)
--------------------------------------------------------------------------------
14:52:45.064 [main] DEBUG net.thucydides.core.steps.StepInterceptor -- STARTING STEP: CartSteps.getAPIDateRangeCartWithValidData - I GET API in date range cart param with valid data
14:52:45.064 [main] DEBUG net.thucydides.core.steps.StepInterceptor -- STEP DONE: I GET API in date range cart param with valid data
  &amp#27;[32mGiven &amp#27;[0m&amp#27;[32mI GET API in date range cart param with valid data&amp#27;[0m         &amp#27;[90m# starter.stepdefinition.CartSteps.getAPIDateRangeCartWithValidData()&amp#27;[0m
14:52:45.065 [main] DEBUG net.thucydides.core.steps.StepInterceptor -- STARTING STEP: CartSteps.getHTTPRequestValidWithDataRangeCart - I GET HTTP request data range cart param with valid data
14:52:45.066 [main] DEBUG net.thucydides.core.steps.StepInterceptor -- STARTING STEP: Cart.getHTTPRequestValidWithDataRangeCart - I GET API in date range cart param with valid data
14:52:45.066 [main] DEBUG net.thucydides.core.steps.StepInterceptor -- STEP DONE: I GET API in date range cart param with valid data
14:52:45.072 [main] DEBUG org.apache.http.impl.conn.BasicClientConnectionManager -- Get connection for route {s}->https://fakestoreapi.com:443
14:52:45.072 [main] DEBUG org.apache.http.impl.conn.DefaultClientConnectionOperator -- Connecting to fakestoreapi.com:443
14:52:45.128 [main] DEBUG org.apache.http.client.protocol.RequestAddCookies -- CookieSpec selected: ignoreCookies
14:52:45.128 [main] DEBUG org.apache.http.client.protocol.RequestAuthCache -- Auth cache not set in the context
14:52:45.128 [main] DEBUG org.apache.http.client.protocol.RequestTargetAuthentication -- Target auth state: UNCHALLENGED
14:52:45.128 [main] DEBUG org.apache.http.client.protocol.RequestProxyAuthentication -- Proxy auth state: UNCHALLENGED
14:52:45.128 [main] DEBUG org.apache.http.impl.client.DefaultHttpClient -- Attempt 1 to execute request
14:52:45.128 [main] DEBUG org.apache.http.impl.conn.DefaultClientConnection -- Sending request: GET /carts?startdate=2019-12-10&enddate=2020-10-10 HTTP/1.1
14:52:45.128 [main] DEBUG org.apache.http.wire --  >> "GET /carts?startdate=2019-12-10&enddate=2020-10-10 HTTP/1.1[\r][\n]"
14:52:45.128 [main] DEBUG org.apache.http.wire --  >> "Accept: */*[\r][\n]"
14:52:45.128 [main] DEBUG org.apache.http.wire --  >> "Host: fakestoreapi.com[\r][\n]"
14:52:45.128 [main] DEBUG org.apache.http.wire --  >> "Connection: Keep-Alive[\r][\n]"
14:52:45.128 [main] DEBUG org.apache.http.wire --  >> "User-Agent: Apache-HttpClient/4.5.13 (Java/17.0.8)[\r][\n]"
14:52:45.128 [main] DEBUG org.apache.http.wire --  >> "Accept-Encoding: gzip,deflate[\r][\n]"
14:52:45.128 [main] DEBUG org.apache.http.wire --  >> "[\r][\n]"
14:52:45.129 [main] DEBUG org.apache.http.headers -- >> GET /carts?startdate=2019-12-10&enddate=2020-10-10 HTTP/1.1
14:52:45.129 [main] DEBUG org.apache.http.headers -- >> Accept: */*
14:52:45.129 [main] DEBUG org.apache.http.headers -- >> Host: fakestoreapi.com
14:52:45.129 [main] DEBUG org.apache.http.headers -- >> Connection: Keep-Alive
14:52:45.129 [main] DEBUG org.apache.http.headers -- >> User-Agent: Apache-HttpClient/4.5.13 (Java/17.0.8)
14:52:45.129 [main] DEBUG org.apache.http.headers -- >> Accept-Encoding: gzip,deflate
14:52:45.683 [main] DEBUG org.apache.http.wire --  << "HTTP/1.1 200 OK[\r][\n]"
14:52:45.683 [main] DEBUG org.apache.http.wire --  << "Date: Fri, 06 Oct 2023 07:52:46 GMT[\r][\n]"
14:52:45.683 [main] DEBUG org.apache.http.wire --  << "Content-Type: application/json; charset=utf-8[\r][\n]"
14:52:45.683 [main] DEBUG org.apache.http.wire --  << "Transfer-Encoding: chunked[\r][\n]"
14:52:45.683 [main] DEBUG org.apache.http.wire --  << "Connection: keep-alive[\r][\n]"
14:52:45.683 [main] DEBUG org.apache.http.wire --  << "Access-Control-Allow-Origin: *[\r][\n]"
14:52:45.683 [main] DEBUG org.apache.http.wire --  << "Etag: W/"3a8-j3C8983spvK8GpaSYa+SyYlAS2A"[\r][\n]"
14:52:45.683 [main] DEBUG org.apache.http.wire --  << "X-Powered-By: Express[\r][\n]"
14:52:45.683 [main] DEBUG org.apache.http.wire --  << "CF-Cache-Status: DYNAMIC[\r][\n]"
14:52:45.683 [main] DEBUG org.apache.http.wire --  << "Report-To: {"endpoints":[{"url":"https:\/\/a.nel.cloudflare.com\/report\/v3?s=mgGXgZOz9DWOMUkcFUI02ZfWN4fpGyPHsMJTUXAtahrI95G2ZLMGncDx2VlkUBVOmJZiVdvV2GpRW9JbzgBBLjVo%2B2CIWZJyPqwgFV94Ffir5WZkopD7kUOefjmOeYO%2FPPum"}],"group":"cf-nel","max_age":604800}[\r][\n]"
14:52:45.683 [main] DEBUG org.apache.http.wire --  << "NEL: {"success_fraction":0,"report_to":"cf-nel","max_age":604800}[\r][\n]"
14:52:45.683 [main] DEBUG org.apache.http.wire --  << "Server: cloudflare[\r][\n]"
14:52:45.683 [main] DEBUG org.apache.http.wire --  << "CF-RAY: 811c53a8bc4748e2-SIN[\r][\n]"
14:52:45.683 [main] DEBUG org.apache.http.wire --  << "Content-Encoding: gzip[\r][\n]"
14:52:45.683 [main] DEBUG org.apache.http.wire --  << "alt-svc: h3=":443"; ma=86400[\r][\n]"
14:52:45.683 [main] DEBUG org.apache.http.wire --  << "[\r][\n]"
14:52:45.683 [main] DEBUG org.apache.http.impl.conn.DefaultClientConnection -- Receiving response: HTTP/1.1 200 OK
14:52:45.683 [main] DEBUG org.apache.http.headers -- << HTTP/1.1 200 OK
14:52:45.683 [main] DEBUG org.apache.http.headers -- << Date: Fri, 06 Oct 2023 07:52:46 GMT
14:52:45.683 [main] DEBUG org.apache.http.headers -- << Content-Type: application/json; charset=utf-8
14:52:45.683 [main] DEBUG org.apache.http.headers -- << Transfer-Encoding: chunked
14:52:45.683 [main] DEBUG org.apache.http.headers -- << Connection: keep-alive
14:52:45.683 [main] DEBUG org.apache.http.headers -- << Access-Control-Allow-Origin: *
14:52:45.683 [main] DEBUG org.apache.http.headers -- << Etag: W/"3a8-j3C8983spvK8GpaSYa+SyYlAS2A"
14:52:45.683 [main] DEBUG org.apache.http.headers -- << X-Powered-By: Express
14:52:45.683 [main] DEBUG org.apache.http.headers -- << CF-Cache-Status: DYNAMIC
14:52:45.683 [main] DEBUG org.apache.http.headers -- << Report-To: {"endpoints":[{"url":"https:\/\/a.nel.cloudflare.com\/report\/v3?s=mgGXgZOz9DWOMUkcFUI02ZfWN4fpGyPHsMJTUXAtahrI95G2ZLMGncDx2VlkUBVOmJZiVdvV2GpRW9JbzgBBLjVo%2B2CIWZJyPqwgFV94Ffir5WZkopD7kUOefjmOeYO%2FPPum"}],"group":"cf-nel","max_age":604800}
14:52:45.683 [main] DEBUG org.apache.http.headers -- << NEL: {"success_fraction":0,"report_to":"cf-nel","max_age":604800}
14:52:45.683 [main] DEBUG org.apache.http.headers -- << Server: cloudflare
14:52:45.683 [main] DEBUG org.apache.http.headers -- << CF-RAY: 811c53a8bc4748e2-SIN
14:52:45.683 [main] DEBUG org.apache.http.headers -- << Content-Encoding: gzip
14:52:45.683 [main] DEBUG org.apache.http.headers -- << alt-svc: h3=":443"; ma=86400
14:52:45.684 [main] DEBUG org.apache.http.impl.client.DefaultHttpClient -- Connection can be kept alive indefinitely
14:52:45.684 [main] DEBUG io.restassured.internal.RestAssuredHttpBuilder -- Parsing response as: application/json; charset=utf-8
14:52:45.684 [main] DEBUG org.apache.http.wire --  << "da[\r][\n]"
14:52:45.684 [main] DEBUG org.apache.http.wire --  << "[0x1f][0x8b][0x8][0x0][0x0][0x0][0x0][0x0][0x0][0x3][0xa4][0x92][0xcb][\n]"
14:52:45.684 [main] DEBUG org.apache.http.wire --  << "[0x83]0[0x10]E[0xff]e[0xd6][0xb1]L&[0xbe][0x9a]?[0xe8][0xbe][0xab][0x8a][0x88]T[0x17]n[0xfa][0xd0]X([0xe2][0xbf][0x97][0xd6][0x96][0x98][0x4]-*d[0x91]p3[0xcc][0xb9]w&[0xe9][0xa0]*@r[0x6]mS[0xd6][0x87][0xe1]Z[0xe4][0xaa][0x4][0x9][0x84][0x84][0x1e][\n]"
14:52:45.684 [main] DEBUG org.apache.http.wire --  << "[0xf][0xe9][0x88](?g[0x87][0x88]'`p[0xab][0xaf]E{V[\r][0xc8][0xa4][0xfb]=[0xbe][0xc5][0xf7]6[0xbf][0xa8]J=A[0xfa]=3D[0x1a][0x8b][0xdc][0x12][0xc5]X[0xc][0xfb][0x94]A[0x96]=@[0xe2][0xfb][5[0x14]O[0x11][0xf2]%[0x84]4Gh[0xe0]s[0xb4][0xd4]`[0xac][0x92][0x8b](4"[0xb9]![0xf2]u![0x92][0x5][0xb1]7Ct |[\r]![0xdc][0x9c][0xf8][0xda]I:}[0x82][0xe9]>[0x8b][0xcc]FsK[0x11][0xff]1[0x1b]j[0x8]S[0xe2]8[0x17]97vF[0xb8][0x18][0x91][0xc6][0x88]7aL[0xfa]M_[0x0][0x0][0x0][0xff][0xff][0x3][0x0][0xa4]c}[0x94][0xa8][0x3][0x0][0x0]"
14:52:45.684 [main] DEBUG org.apache.http.wire --  << "[\r][\n]"
14:52:45.684 [main] DEBUG org.apache.http.wire --  << "0[\r][\n]"
14:52:45.684 [main] DEBUG org.apache.http.wire --  << "[\r][\n]"
14:52:45.684 [main] DEBUG io.restassured.internal.RestAssuredHttpBuilder -- Parsed data to instance of: class org.apache.http.conn.EofSensorInputStream
14:52:45.685 [main] DEBUG org.apache.http.impl.conn.BasicClientConnectionManager -- Releasing connection org.apache.http.impl.conn.ManagedClientConnectionImpl@675bf541
14:52:45.685 [main] DEBUG org.apache.http.impl.conn.BasicClientConnectionManager -- Connection can be kept alive indefinitely
14:52:45.686 [main] DEBUG net.thucydides.core.steps.StepInterceptor -- STEP DONE: I GET HTTP request data range cart param with valid data
  &amp#27;[32mWhen &amp#27;[0m&amp#27;[32mI GET HTTP request data range cart param with valid data&amp#27;[0m    &amp#27;[90m# starter.stepdefinition.CartSteps.getHTTPRequestValidWithDataRangeCart()&amp#27;[0m
14:52:45.688 [main] DEBUG net.thucydides.core.steps.StepInterceptor -- STARTING STEP: CartSteps.receiveValidDataRange - I receive valid data with data range cart param
14:52:45.697 [main] DEBUG net.thucydides.core.steps.StepInterceptor -- STEP DONE: I receive valid data with data range cart param
  &amp#27;[32mAnd &amp#27;[0m&amp#27;[32mI receive valid data with data range cart param&amp#27;[0m              &amp#27;[90m# starter.stepdefinition.CartSteps.receiveValidDataRange()&amp#27;[0m
14:52:45.698 [main] DEBUG net.thucydides.core.steps.StepInterceptor -- STARTING STEP: CartSteps.receiveValidGETDataRangeCartResponseCode200 - I receive valid GET data range cart response code 200
14:52:45.699 [main] DEBUG net.thucydides.core.steps.StepInterceptor -- STEP DONE: I receive valid GET data range cart response code 200
  &amp#27;[32mThen &amp#27;[0m&amp#27;[32mI receive valid GET data range cart response code 200&amp#27;[0m       &amp#27;[90m# starter.stepdefinition.CartSteps.receiveValidGETDataRangeCartResponseCode200()&amp#27;[0m
14:52:45.700 [main] INFO  -- 
  _____   ___   ___   _____     ___     _     ___   ___   ___   ___  
 |_   _| | __| / __| |_   _|   | _ \   /_\   / __| / __| | __| |   \ 
   | |   | _|  \__ \   | |     |  _/  / _ \  \__ \ \__ \ | _|  | |) |
   |_|   |___| |___/   |_|     |_|   /_/ \_\ |___/ |___/ |___| |___/ 

[Positive] - CART_GET in date range cart with valid data
----------------------------------------------------------------------
]]></system-out>
  </testcase>
  <testcase name="[Negative] - CART_GET in date range cart with invalid data" classname="Cart" time="0.782">
    <system-out><![CDATA[
Scenario: [Negative] - CART_GET in date range cart with invalid data &amp#27;[90m# src/test/resources/Cart.feature:53&amp#27;[0m
14:52:45.704 [main] INFO io.cucumber.core.plugin.SerenityReporter -- Running feature from file:///D:/SEMESTER%205/All%20Section/Section%203%20-%20Code%20Competence/Code%20Competence%20KM%20QA%202/Weekly2/src/test/resources/Cart.feature
14:52:45.704 [main] WARN io.cucumber.core.plugin.SerenityReporter -- Feature from file:///D:/SEMESTER%205/All%20Section/Section%203%20-%20Code%20Competence/Code%20Competence%20KM%20QA%202/Weekly2/src/test/resources/Cart.feature is not under the 'features' directory. Requirements report will not be correctly generated!
14:52:45.709 [main] INFO  -- 
  _____   ___   ___   _____     ___   _____     _     ___   _____   ___   ___  
 |_   _| | __| / __| |_   _|   / __| |_   _|   /_\   | _ \ |_   _| | __| |   \ 
   | |   | _|  \__ \   | |     \__ \   | |    / _ \  |   /   | |   | _|  | |) |
   |_|   |___| |___/   |_|     |___/   |_|   /_/ \_\ |_|_\   |_|   |___| |___/ 

[Negative] - CART_GET in date range cart with invalid data(cart;[negative]---cart-get-in-date-range-cart-with-invalid-data)
--------------------------------------------------------------------------------
14:52:45.715 [main] DEBUG net.thucydides.core.steps.StepInterceptor -- STARTING STEP: CartSteps.getAPIDateRangeCartWithInvalidData - I GET API in date range cart param with invalid data
14:52:45.715 [main] DEBUG net.thucydides.core.steps.StepInterceptor -- STEP DONE: I GET API in date range cart param with invalid data
  &amp#27;[32mGiven &amp#27;[0m&amp#27;[32mI GET API in date range cart param with invalid data&amp#27;[0m         &amp#27;[90m# starter.stepdefinition.CartSteps.getAPIDateRangeCartWithInvalidData()&amp#27;[0m
14:52:45.717 [main] DEBUG net.thucydides.core.steps.StepInterceptor -- STARTING STEP: CartSteps.getHTTPRequestInvalidWithDataRangeCart - I GET HTTP request data range cart param with invalid data
14:52:45.718 [main] DEBUG net.thucydides.core.steps.StepInterceptor -- STARTING STEP: Cart.getHTTPRequestInvalidWithDataRangeCart - I GET API in date range cart param with invalid data
14:52:45.718 [main] DEBUG net.thucydides.core.steps.StepInterceptor -- STEP DONE: I GET API in date range cart param with invalid data
14:52:45.725 [main] DEBUG org.apache.http.impl.conn.BasicClientConnectionManager -- Get connection for route {s}->https://fakestoreapi.com:443
14:52:45.725 [main] DEBUG org.apache.http.impl.conn.DefaultClientConnectionOperator -- Connecting to fakestoreapi.com:443
14:52:45.784 [main] DEBUG org.apache.http.client.protocol.RequestAddCookies -- CookieSpec selected: ignoreCookies
14:52:45.784 [main] DEBUG org.apache.http.client.protocol.RequestAuthCache -- Auth cache not set in the context
14:52:45.784 [main] DEBUG org.apache.http.client.protocol.RequestTargetAuthentication -- Target auth state: UNCHALLENGED
14:52:45.784 [main] DEBUG org.apache.http.client.protocol.RequestProxyAuthentication -- Proxy auth state: UNCHALLENGED
14:52:45.784 [main] DEBUG org.apache.http.impl.client.DefaultHttpClient -- Attempt 1 to execute request
14:52:45.784 [main] DEBUG org.apache.http.impl.conn.DefaultClientConnection -- Sending request: GET /cart?startdate=2019-12-10&enddate=2020-10-10 HTTP/1.1
14:52:45.784 [main] DEBUG org.apache.http.wire --  >> "GET /cart?startdate=2019-12-10&enddate=2020-10-10 HTTP/1.1[\r][\n]"
14:52:45.784 [main] DEBUG org.apache.http.wire --  >> "Accept: */*[\r][\n]"
14:52:45.784 [main] DEBUG org.apache.http.wire --  >> "Host: fakestoreapi.com[\r][\n]"
14:52:45.784 [main] DEBUG org.apache.http.wire --  >> "Connection: Keep-Alive[\r][\n]"
14:52:45.784 [main] DEBUG org.apache.http.wire --  >> "User-Agent: Apache-HttpClient/4.5.13 (Java/17.0.8)[\r][\n]"
14:52:45.784 [main] DEBUG org.apache.http.wire --  >> "Accept-Encoding: gzip,deflate[\r][\n]"
14:52:45.784 [main] DEBUG org.apache.http.wire --  >> "[\r][\n]"
14:52:45.784 [main] DEBUG org.apache.http.headers -- >> GET /cart?startdate=2019-12-10&enddate=2020-10-10 HTTP/1.1
14:52:45.784 [main] DEBUG org.apache.http.headers -- >> Accept: */*
14:52:45.784 [main] DEBUG org.apache.http.headers -- >> Host: fakestoreapi.com
14:52:45.784 [main] DEBUG org.apache.http.headers -- >> Connection: Keep-Alive
14:52:45.784 [main] DEBUG org.apache.http.headers -- >> User-Agent: Apache-HttpClient/4.5.13 (Java/17.0.8)
14:52:45.784 [main] DEBUG org.apache.http.headers -- >> Accept-Encoding: gzip,deflate
14:52:46.473 [main] DEBUG org.apache.http.wire --  << "HTTP/1.1 404 Not Found[\r][\n]"
14:52:46.473 [main] DEBUG org.apache.http.wire --  << "Date: Fri, 06 Oct 2023 07:52:47 GMT[\r][\n]"
14:52:46.473 [main] DEBUG org.apache.http.wire --  << "Content-Type: text/html; charset=utf-8[\r][\n]"
14:52:46.473 [main] DEBUG org.apache.http.wire --  << "Transfer-Encoding: chunked[\r][\n]"
14:52:46.473 [main] DEBUG org.apache.http.wire --  << "Connection: keep-alive[\r][\n]"
14:52:46.473 [main] DEBUG org.apache.http.wire --  << "Access-Control-Allow-Origin: *[\r][\n]"
14:52:46.473 [main] DEBUG org.apache.http.wire --  << "Content-Security-Policy: default-src 'none'[\r][\n]"
14:52:46.473 [main] DEBUG org.apache.http.wire --  << "X-Content-Type-Options: nosniff[\r][\n]"
14:52:46.473 [main] DEBUG org.apache.http.wire --  << "X-Powered-By: Express[\r][\n]"
14:52:46.473 [main] DEBUG org.apache.http.wire --  << "CF-Cache-Status: DYNAMIC[\r][\n]"
14:52:46.473 [main] DEBUG org.apache.http.wire --  << "Report-To: {"endpoints":[{"url":"https:\/\/a.nel.cloudflare.com\/report\/v3?s=GIYlERRwHi9Z0jMaWTLYDMmI5C8Cr64nOiFLK6MwSfS%2BF8dE2kotNZA064Gbz2a9B4pXteBENxdQsFfYfyH2XLism2BGcz99bPdvN85QmcwHLRrvAMpXBxVj0EKDUO3OhRYh"}],"group":"cf-nel","max_age":604800}[\r][\n]"
14:52:46.473 [main] DEBUG org.apache.http.wire --  << "NEL: {"success_fraction":0,"report_to":"cf-nel","max_age":604800}[\r][\n]"
14:52:46.473 [main] DEBUG org.apache.http.wire --  << "Server: cloudflare[\r][\n]"
14:52:46.473 [main] DEBUG org.apache.http.wire --  << "CF-RAY: 811c53acce634491-SIN[\r][\n]"
14:52:46.473 [main] DEBUG org.apache.http.wire --  << "Content-Encoding: gzip[\r][\n]"
14:52:46.473 [main] DEBUG org.apache.http.wire --  << "alt-svc: h3=":443"; ma=86400[\r][\n]"
14:52:46.473 [main] DEBUG org.apache.http.wire --  << "[\r][\n]"
14:52:46.473 [main] DEBUG org.apache.http.impl.conn.DefaultClientConnection -- Receiving response: HTTP/1.1 404 Not Found
14:52:46.473 [main] DEBUG org.apache.http.headers -- << HTTP/1.1 404 Not Found
14:52:46.473 [main] DEBUG org.apache.http.headers -- << Date: Fri, 06 Oct 2023 07:52:47 GMT
14:52:46.473 [main] DEBUG org.apache.http.headers -- << Content-Type: text/html; charset=utf-8
14:52:46.473 [main] DEBUG org.apache.http.headers -- << Transfer-Encoding: chunked
14:52:46.473 [main] DEBUG org.apache.http.headers -- << Connection: keep-alive
14:52:46.473 [main] DEBUG org.apache.http.headers -- << Access-Control-Allow-Origin: *
14:52:46.473 [main] DEBUG org.apache.http.headers -- << Content-Security-Policy: default-src 'none'
14:52:46.473 [main] DEBUG org.apache.http.headers -- << X-Content-Type-Options: nosniff
14:52:46.473 [main] DEBUG org.apache.http.headers -- << X-Powered-By: Express
14:52:46.473 [main] DEBUG org.apache.http.headers -- << CF-Cache-Status: DYNAMIC
14:52:46.473 [main] DEBUG org.apache.http.headers -- << Report-To: {"endpoints":[{"url":"https:\/\/a.nel.cloudflare.com\/report\/v3?s=GIYlERRwHi9Z0jMaWTLYDMmI5C8Cr64nOiFLK6MwSfS%2BF8dE2kotNZA064Gbz2a9B4pXteBENxdQsFfYfyH2XLism2BGcz99bPdvN85QmcwHLRrvAMpXBxVj0EKDUO3OhRYh"}],"group":"cf-nel","max_age":604800}
14:52:46.473 [main] DEBUG org.apache.http.headers -- << NEL: {"success_fraction":0,"report_to":"cf-nel","max_age":604800}
14:52:46.473 [main] DEBUG org.apache.http.headers -- << Server: cloudflare
14:52:46.473 [main] DEBUG org.apache.http.headers -- << CF-RAY: 811c53acce634491-SIN
14:52:46.473 [main] DEBUG org.apache.http.headers -- << Content-Encoding: gzip
14:52:46.473 [main] DEBUG org.apache.http.headers -- << alt-svc: h3=":443"; ma=86400
14:52:46.473 [main] DEBUG org.apache.http.impl.client.DefaultHttpClient -- Connection can be kept alive indefinitely
14:52:46.473 [main] DEBUG io.restassured.internal.RestAssuredHttpBuilder -- Parsing response as: text/html; charset=utf-8
14:52:46.473 [main] DEBUG org.apache.http.wire --  << "81[\r][\n]"
14:52:46.473 [main] DEBUG org.apache.http.wire --  << "[0x1f][0x8b][0x8][0x0][0x0][0x0][0x0][0x0][0x0][0x3],[0x8d][0xb1][0xe][0xc2]0[0xc]D[0xf7]|[0x85][0xc9][0x8e][0xbc]2[0xb8]^J[0xc4][0x8]C[0x17]F[0xd3][0x1a][0x8a][0x94]&[0x95]1[0x3][0x8f][0x2][0x9d]N[0xf7][0xee]NG[0xbb][0xe3][0xb9][0x1f][0xae][0x97][0x4][0xb3]/[0x99][0x3]5[0x81],[0xe5][0xd1]E-[0xb1][0x1][0x95][0x89][0x3]-[0xea][0x2][0xe3],[0xf6]R[0xef][0xe2][0xdb][0xef][0xfb]CK[0xfd][0xe9]Y9[0x99]U#[0xfc][0x9b]@[0xb8]mnu[0xfa]p[0xa0][0xd5][0x94]{)[0xa5]:[0x9c][0xd2][0x0]8[0x8a]9a[0xa3][0x81]p[0xeb][0xe0][0xef][0xfe][0xb][0x0][0x0][0xff][0xff]"
14:52:46.473 [main] DEBUG org.apache.http.wire --  << "[\r][\n]"
14:52:46.473 [main] DEBUG org.apache.http.wire --  << "b[\r][\n]"
14:52:46.473 [main] DEBUG org.apache.http.wire --  << "[0xe3][0x2][0x0]0E[0xcf][0xb4][0x8f][0x0][0x0][0x0]"
14:52:46.473 [main] DEBUG org.apache.http.wire --  << "[\r][\n]"
14:52:46.473 [main] DEBUG org.apache.http.wire --  << "0[\r][\n]"
14:52:46.473 [main] DEBUG org.apache.http.wire --  << "[\r][\n]"
14:52:46.473 [main] DEBUG io.restassured.internal.RestAssuredHttpBuilder -- Parsed data to instance of: class org.apache.http.conn.EofSensorInputStream
14:52:46.474 [main] DEBUG org.apache.http.impl.conn.BasicClientConnectionManager -- Releasing connection org.apache.http.impl.conn.ManagedClientConnectionImpl@618e7761
14:52:46.474 [main] DEBUG org.apache.http.impl.conn.BasicClientConnectionManager -- Connection can be kept alive indefinitely
14:52:46.475 [main] DEBUG net.thucydides.core.steps.StepInterceptor -- STEP DONE: I GET HTTP request data range cart param with invalid data
  &amp#27;[32mWhen &amp#27;[0m&amp#27;[32mI GET HTTP request data range cart param with invalid data&amp#27;[0m    &amp#27;[90m# starter.stepdefinition.CartSteps.getHTTPRequestInvalidWithDataRangeCart()&amp#27;[0m
14:52:46.477 [main] DEBUG net.thucydides.core.steps.StepInterceptor -- STARTING STEP: CartSteps.receiveInvalidDataRange - I receive invalid data with data range cart param
14:52:46.478 [main] DEBUG net.thucydides.core.steps.StepInterceptor -- STEP DONE: I receive invalid data with data range cart param
  &amp#27;[32mAnd &amp#27;[0m&amp#27;[32mI receive invalid data with data range cart param&amp#27;[0m              &amp#27;[90m# starter.stepdefinition.CartSteps.receiveInvalidDataRange()&amp#27;[0m
14:52:46.479 [main] DEBUG net.thucydides.core.steps.StepInterceptor -- STARTING STEP: CartSteps.receiveInvalidGETDataRangeCartResponseCode404 - I receive invalid GET data range cart response code 404
14:52:46.481 [main] DEBUG net.thucydides.core.steps.StepInterceptor -- STEP DONE: I receive invalid GET data range cart response code 404
  &amp#27;[32mThen &amp#27;[0m&amp#27;[32mI receive invalid GET data range cart response code 404&amp#27;[0m       &amp#27;[90m# starter.stepdefinition.CartSteps.receiveInvalidGETDataRangeCartResponseCode404()&amp#27;[0m
14:52:46.482 [main] INFO  -- 
  _____   ___   ___   _____     ___     _     ___   ___   ___   ___  
 |_   _| | __| / __| |_   _|   | _ \   /_\   / __| / __| | __| |   \ 
   | |   | _|  \__ \   | |     |  _/  / _ \  \__ \ \__ \ | _|  | |) |
   |_|   |___| |___/   |_|     |_|   /_/ \_\ |___/ |___/ |___| |___/ 

[Negative] - CART_GET in date range cart with invalid data
----------------------------------------------------------------------
]]></system-out>
  </testcase>
  <testcase name="[Negative] - CART_GET user cart with invalid data" classname="Cart" time="0.685">
    <failure type="java.lang.AssertionError"><![CDATA[java.lang.AssertionError: 
1 expectation failed.
JSON path status doesn't match.
Expected: error
  Actual: <[null]>

]]></failure>
    <system-out><![CDATA[
Scenario: [Negative] - CART_GET user cart with invalid data &amp#27;[90m# src/test/resources/Cart.feature:59&amp#27;[0m
14:52:46.485 [main] INFO io.cucumber.core.plugin.SerenityReporter -- Running feature from file:///D:/SEMESTER%205/All%20Section/Section%203%20-%20Code%20Competence/Code%20Competence%20KM%20QA%202/Weekly2/src/test/resources/Cart.feature
14:52:46.485 [main] WARN io.cucumber.core.plugin.SerenityReporter -- Feature from file:///D:/SEMESTER%205/All%20Section/Section%203%20-%20Code%20Competence/Code%20Competence%20KM%20QA%202/Weekly2/src/test/resources/Cart.feature is not under the 'features' directory. Requirements report will not be correctly generated!
14:52:46.486 [main] INFO  -- 
  _____   ___   ___   _____     ___   _____     _     ___   _____   ___   ___  
 |_   _| | __| / __| |_   _|   / __| |_   _|   /_\   | _ \ |_   _| | __| |   \ 
   | |   | _|  \__ \   | |     \__ \   | |    / _ \  |   /   | |   | _|  | |) |
   |_|   |___| |___/   |_|     |___/   |_|   /_/ \_\ |_|_\   |_|   |___| |___/ 

[Negative] - CART_GET user cart with invalid data(cart;[negative]---cart-get-user-cart-with-invalid-data)
--------------------------------------------------------------------------------
14:52:46.490 [main] DEBUG net.thucydides.core.steps.StepInterceptor -- STARTING STEP: CartSteps.getAPIUserCartWithInvalidData - I GET API user cart with invalid data
14:52:46.490 [main] DEBUG net.thucydides.core.steps.StepInterceptor -- STEP DONE: I GET API user cart with invalid data
  &amp#27;[32mGiven &amp#27;[0m&amp#27;[32mI GET API user cart with invalid data&amp#27;[0m               &amp#27;[90m# starter.stepdefinition.CartSteps.getAPIUserCartWithInvalidData()&amp#27;[0m
14:52:46.492 [main] DEBUG net.thucydides.core.steps.StepInterceptor -- STARTING STEP: CartSteps.getHTTPRequestUserCartWithInvalidData - I GET HTTP request user cart with invalid data
14:52:46.493 [main] DEBUG net.thucydides.core.steps.StepInterceptor -- STARTING STEP: Cart.getHTTPRequestUserCartWithInvalidData - I GET API user cart with invalid data
14:52:46.493 [main] DEBUG net.thucydides.core.steps.StepInterceptor -- STEP DONE: I GET API user cart with invalid data
14:52:46.498 [main] DEBUG org.apache.http.impl.conn.BasicClientConnectionManager -- Get connection for route {s}->https://fakestoreapi.com:443
14:52:46.498 [main] DEBUG org.apache.http.impl.conn.DefaultClientConnectionOperator -- Connecting to fakestoreapi.com:443
14:52:46.552 [main] DEBUG org.apache.http.client.protocol.RequestAddCookies -- CookieSpec selected: ignoreCookies
14:52:46.552 [main] DEBUG org.apache.http.client.protocol.RequestAuthCache -- Auth cache not set in the context
14:52:46.552 [main] DEBUG org.apache.http.client.protocol.RequestTargetAuthentication -- Target auth state: UNCHALLENGED
14:52:46.552 [main] DEBUG org.apache.http.client.protocol.RequestProxyAuthentication -- Proxy auth state: UNCHALLENGED
14:52:46.552 [main] DEBUG org.apache.http.impl.client.DefaultHttpClient -- Attempt 1 to execute request
14:52:46.552 [main] DEBUG org.apache.http.impl.conn.DefaultClientConnection -- Sending request: GET /carts/user/2 HTTP/1.1
14:52:46.552 [main] DEBUG org.apache.http.wire --  >> "GET /carts/user/2 HTTP/1.1[\r][\n]"
14:52:46.552 [main] DEBUG org.apache.http.wire --  >> "Accept: */*[\r][\n]"
14:52:46.552 [main] DEBUG org.apache.http.wire --  >> "Host: fakestoreapi.com[\r][\n]"
14:52:46.552 [main] DEBUG org.apache.http.wire --  >> "Connection: Keep-Alive[\r][\n]"
14:52:46.552 [main] DEBUG org.apache.http.wire --  >> "User-Agent: Apache-HttpClient/4.5.13 (Java/17.0.8)[\r][\n]"
14:52:46.552 [main] DEBUG org.apache.http.wire --  >> "Accept-Encoding: gzip,deflate[\r][\n]"
14:52:46.552 [main] DEBUG org.apache.http.wire --  >> "[\r][\n]"
14:52:46.552 [main] DEBUG org.apache.http.headers -- >> GET /carts/user/2 HTTP/1.1
14:52:46.552 [main] DEBUG org.apache.http.headers -- >> Accept: */*
14:52:46.552 [main] DEBUG org.apache.http.headers -- >> Host: fakestoreapi.com
14:52:46.552 [main] DEBUG org.apache.http.headers -- >> Connection: Keep-Alive
14:52:46.552 [main] DEBUG org.apache.http.headers -- >> User-Agent: Apache-HttpClient/4.5.13 (Java/17.0.8)
14:52:46.552 [main] DEBUG org.apache.http.headers -- >> Accept-Encoding: gzip,deflate
14:52:47.087 [main] DEBUG org.apache.http.wire --  << "HTTP/1.1 200 OK[\r][\n]"
14:52:47.087 [main] DEBUG org.apache.http.wire --  << "Date: Fri, 06 Oct 2023 07:52:48 GMT[\r][\n]"
14:52:47.087 [main] DEBUG org.apache.http.wire --  << "Content-Type: application/json; charset=utf-8[\r][\n]"
14:52:47.087 [main] DEBUG org.apache.http.wire --  << "Transfer-Encoding: chunked[\r][\n]"
14:52:47.087 [main] DEBUG org.apache.http.wire --  << "Connection: keep-alive[\r][\n]"
14:52:47.087 [main] DEBUG org.apache.http.wire --  << "Access-Control-Allow-Origin: *[\r][\n]"
14:52:47.087 [main] DEBUG org.apache.http.wire --  << "Etag: W/"86-KF8PvqKQYIuacjio3D0YhvVKLcE"[\r][\n]"
14:52:47.087 [main] DEBUG org.apache.http.wire --  << "X-Powered-By: Express[\r][\n]"
14:52:47.087 [main] DEBUG org.apache.http.wire --  << "CF-Cache-Status: DYNAMIC[\r][\n]"
14:52:47.087 [main] DEBUG org.apache.http.wire --  << "Report-To: {"endpoints":[{"url":"https:\/\/a.nel.cloudflare.com\/report\/v3?s=lRb68Yp0rloZIOh7t0xgnn9A0Rj5JuWmwC6VSawDGnXp%2BeFPDbLaySUqgFSI23TAqL%2Fn7JV0HNdbP54W0Cy2uaQEW2Uz5A%2FyVLYvSx3cLG5IelqO5vkgSAUBl4MRAIjDGjl3"}],"group":"cf-nel","max_age":604800}[\r][\n]"
14:52:47.087 [main] DEBUG org.apache.http.wire --  << "NEL: {"success_fraction":0,"report_to":"cf-nel","max_age":604800}[\r][\n]"
14:52:47.087 [main] DEBUG org.apache.http.wire --  << "Server: cloudflare[\r][\n]"
14:52:47.087 [main] DEBUG org.apache.http.wire --  << "CF-RAY: 811c53b19da04655-SIN[\r][\n]"
14:52:47.087 [main] DEBUG org.apache.http.wire --  << "Content-Encoding: gzip[\r][\n]"
14:52:47.087 [main] DEBUG org.apache.http.wire --  << "alt-svc: h3=":443"; ma=86400[\r][\n]"
14:52:47.087 [main] DEBUG org.apache.http.wire --  << "[\r][\n]"
14:52:47.087 [main] DEBUG org.apache.http.impl.conn.DefaultClientConnection -- Receiving response: HTTP/1.1 200 OK
14:52:47.087 [main] DEBUG org.apache.http.headers -- << HTTP/1.1 200 OK
14:52:47.087 [main] DEBUG org.apache.http.headers -- << Date: Fri, 06 Oct 2023 07:52:48 GMT
14:52:47.087 [main] DEBUG org.apache.http.headers -- << Content-Type: application/json; charset=utf-8
14:52:47.087 [main] DEBUG org.apache.http.headers -- << Transfer-Encoding: chunked
14:52:47.087 [main] DEBUG org.apache.http.headers -- << Connection: keep-alive
14:52:47.087 [main] DEBUG org.apache.http.headers -- << Access-Control-Allow-Origin: *
14:52:47.087 [main] DEBUG org.apache.http.headers -- << Etag: W/"86-KF8PvqKQYIuacjio3D0YhvVKLcE"
14:52:47.087 [main] DEBUG org.apache.http.headers -- << X-Powered-By: Express
14:52:47.087 [main] DEBUG org.apache.http.headers -- << CF-Cache-Status: DYNAMIC
14:52:47.087 [main] DEBUG org.apache.http.headers -- << Report-To: {"endpoints":[{"url":"https:\/\/a.nel.cloudflare.com\/report\/v3?s=lRb68Yp0rloZIOh7t0xgnn9A0Rj5JuWmwC6VSawDGnXp%2BeFPDbLaySUqgFSI23TAqL%2Fn7JV0HNdbP54W0Cy2uaQEW2Uz5A%2FyVLYvSx3cLG5IelqO5vkgSAUBl4MRAIjDGjl3"}],"group":"cf-nel","max_age":604800}
14:52:47.087 [main] DEBUG org.apache.http.headers -- << NEL: {"success_fraction":0,"report_to":"cf-nel","max_age":604800}
14:52:47.087 [main] DEBUG org.apache.http.headers -- << Server: cloudflare
14:52:47.087 [main] DEBUG org.apache.http.headers -- << CF-RAY: 811c53b19da04655-SIN
14:52:47.087 [main] DEBUG org.apache.http.headers -- << Content-Encoding: gzip
14:52:47.087 [main] DEBUG org.apache.http.headers -- << alt-svc: h3=":443"; ma=86400
14:52:47.087 [main] DEBUG org.apache.http.impl.client.DefaultHttpClient -- Connection can be kept alive indefinitely
14:52:47.087 [main] DEBUG io.restassured.internal.RestAssuredHttpBuilder -- Parsing response as: application/json; charset=utf-8
14:52:47.087 [main] DEBUG org.apache.http.wire --  << "7d[\r][\n]"
14:52:47.087 [main] DEBUG org.apache.http.wire --  << "[0x1f][0x8b][0x8][0x0][0x0][0x0][0x0][0x0][0x0][0x3]T[0x8b][0xcb][\n]"
14:52:47.087 [main] DEBUG org.apache.http.wire --  << "[0x83]0[0x14][0x5][0xff][0xe5][0xac][0xaf][0xe5]$[0xae]z[0xff][0xc0]}W[0x8a][0x4]1Yd[0xd3][0xfa]H[0x4][0x91][0xfc]{[0xa9]PP[0x98][0xcd]0Lw zh-[0xc8]kX[0x1a][0xf][0xb5][0x2]?[0xa4][0x0][0x85][0xa5]e[0xc5][0xba][0xa2]y[0x91]z[0xf2] [0xd9]B0-[0x1f][0x9f][0xc7][0xb4]B[0xbb][0xe3]/[0xbf][0xd9][0x8][0xe6]<[0xbc]SL;[0xd4][0x16][0xb9][0xc5][0xe7]5[0x9a][0xd2][0xb][0x9c][0xdb][0xa0],[0xfd][0x17][0x0][0x0][0xff][0xff][0x3][0x0][0xb1]=[0x1d];[0x86][0x0][0x0][0x0]"
14:52:47.088 [main] DEBUG org.apache.http.wire --  << "[\r][\n]"
14:52:47.088 [main] DEBUG org.apache.http.wire --  << "0[\r][\n]"
14:52:47.088 [main] DEBUG org.apache.http.wire --  << "[\r][\n]"
14:52:47.088 [main] DEBUG io.restassured.internal.RestAssuredHttpBuilder -- Parsed data to instance of: class org.apache.http.conn.EofSensorInputStream
14:52:47.089 [main] DEBUG org.apache.http.impl.conn.BasicClientConnectionManager -- Releasing connection org.apache.http.impl.conn.ManagedClientConnectionImpl@15aaf7b1
14:52:47.089 [main] DEBUG org.apache.http.impl.conn.BasicClientConnectionManager -- Connection can be kept alive indefinitely
14:52:47.089 [main] DEBUG net.thucydides.core.steps.StepInterceptor -- STEP DONE: I GET HTTP request user cart with invalid data
  &amp#27;[32mWhen &amp#27;[0m&amp#27;[32mI GET HTTP request user cart with invalid data&amp#27;[0m       &amp#27;[90m# starter.stepdefinition.CartSteps.getHTTPRequestUserCartWithInvalidData()&amp#27;[0m
14:52:47.091 [main] DEBUG net.thucydides.core.steps.StepInterceptor -- STARTING STEP: CartSteps.receiveInvalidDataWithUserCart - I receive invalid data with user cart
14:52:47.101 [Finalizer] DEBUG org.apache.http.impl.conn.DefaultClientConnection -- Connection 0.0.0.0:50984<->104.21.87.105:443 closed
14:52:47.102 [Finalizer] DEBUG org.apache.http.impl.conn.DefaultClientConnection -- Connection 0.0.0.0:50985<->104.21.87.105:443 closed
14:52:47.102 [Finalizer] DEBUG org.apache.http.impl.conn.DefaultClientConnection -- Connection 0.0.0.0:50982<->104.21.87.105:443 closed
14:52:47.102 [Finalizer] DEBUG org.apache.http.impl.conn.DefaultClientConnection -- Connection 0.0.0.0:50983<->104.21.87.105:443 closed
  &amp#27;[31mAnd &amp#27;[0m&amp#27;[31mI receive invalid data with user cart&amp#27;[0m                 &amp#27;[90m# starter.stepdefinition.CartSteps.receiveInvalidDataWithUserCart()&amp#27;[0m
      &amp#27;[31mjava.lang.AssertionError: 1 expectation failed.
JSON path status doesn't match.
Expected: error
  Actual: <[null]>

	at java.base/jdk.internal.reflect.NativeConstructorAccessorImpl.newInstance0(Native Method)
	at java.base/jdk.internal.reflect.NativeConstructorAccessorImpl.newInstance(NativeConstructorAccessorImpl.java:77)
	at java.base/jdk.internal.reflect.DelegatingConstructorAccessorImpl.newInstance(DelegatingConstructorAccessorImpl.java:45)
	at java.base/java.lang.reflect.Constructor.newInstanceWithCaller(Constructor.java:499)
	at java.base/java.lang.reflect.Constructor.newInstance(Constructor.java:480)
	at org.codehaus.groovy.reflection.CachedConstructor.invoke(CachedConstructor.java:73)
	at org.codehaus.groovy.runtime.callsite.ConstructorSite$ConstructorSiteNoUnwrapNoCoerce.callConstructor(ConstructorSite.java:108)
	at org.codehaus.groovy.runtime.callsite.CallSiteArray.defaultCallConstructor(CallSiteArray.java:57)
	at org.codehaus.groovy.runtime.callsite.AbstractCallSite.callConstructor(AbstractCallSite.java:263)
	at org.codehaus.groovy.runtime.callsite.AbstractCallSite.callConstructor(AbstractCallSite.java:277)
	at io.restassured.internal.ResponseSpecificationImpl$HamcrestAssertionClosure.validate(ResponseSpecificationImpl.groovy:512)
	at io.restassured.internal.ResponseSpecificationImpl$HamcrestAssertionClosure$validate$1.call(Unknown Source)
	at io.restassured.internal.ResponseSpecificationImpl.validateResponseIfRequired(ResponseSpecificationImpl.groovy:696)
	at io.restassured.internal.ResponseSpecificationImpl.this$2$validateResponseIfRequired(ResponseSpecificationImpl.groovy)
	at jdk.internal.reflect.GeneratedMethodAccessor92.invoke(Unknown Source)
	at java.base/jdk.internal.reflect.DelegatingMethodAccessorImpl.invoke(DelegatingMethodAccessorImpl.java:43)
	at java.base/java.lang.reflect.Method.invoke(Method.java:568)
	at org.codehaus.groovy.runtime.callsite.PlainObjectMetaMethodSite.doInvoke(PlainObjectMetaMethodSite.java:43)
	at org.codehaus.groovy.runtime.callsite.PogoMetaMethodSite$PogoCachedMethodSiteNoUnwrapNoCoerce.invoke(PogoMetaMethodSite.java:198)
	at org.codehaus.groovy.runtime.callsite.PogoMetaMethodSite.callCurrent(PogoMetaMethodSite.java:62)
	at org.codehaus.groovy.runtime.callsite.AbstractCallSite.callCurrent(AbstractCallSite.java:185)
	at io.restassured.internal.ResponseSpecificationImpl.body(ResponseSpecificationImpl.groovy:270)
	at io.restassured.specification.ResponseSpecification$body$1.callCurrent(Unknown Source)
	at org.codehaus.groovy.runtime.callsite.CallSiteArray.defaultCallCurrent(CallSiteArray.java:49)
	at io.restassured.specification.ResponseSpecification$body$1.callCurrent(Unknown Source)
	at io.restassured.internal.ResponseSpecificationImpl.body(ResponseSpecificationImpl.groovy:117)
	at io.restassured.internal.ValidatableResponseOptionsImpl.body(ValidatableResponseOptionsImpl.java:244)
	at CodeCompetence2@1.0-SNAPSHOT/starter.login.Cart.lambda$receiveInvalidDataWithUserCart$18(Cart.java:245)
	at net.serenitybdd.rest.SerenityRest.restAssuredThat(SerenityRest.java:626)
	at CodeCompetence2@1.0-SNAPSHOT/starter.login.Cart.receiveInvalidDataWithUserCart(Cart.java:245)
	at CodeCompetence2@1.0-SNAPSHOT/starter.login.Cart$ByteBuddy$KirFMVvX.receiveInvalidDataWithUserCart$accessor$6DyP9Vj6(Unknown Source)
	at java.base/jdk.internal.reflect.NativeMethodAccessorImpl.invoke0(Native Method)
	at java.base/jdk.internal.reflect.NativeMethodAccessorImpl.invoke(NativeMethodAccessorImpl.java:77)
	at java.base/jdk.internal.reflect.DelegatingMethodAccessorImpl.invoke(DelegatingMethodAccessorImpl.java:43)
	at java.base/java.lang.reflect.Method.invoke(Method.java:568)
	at net.thucydides.core.steps.StepInterceptor.invokeMethod(StepInterceptor.java:518)
	at net.thucydides.core.steps.StepInterceptor.executeTestStepMethod(StepInterceptor.java:498)
	at net.thucydides.core.steps.StepInterceptor.runTestStep(StepInterceptor.java:472)
	at net.thucydides.core.steps.StepInterceptor.runOrSkipMethod(StepInterceptor.java:211)
	at net.thucydides.core.steps.StepInterceptor.testStepResult(StepInterceptor.java:198)
	at net.thucydides.core.steps.StepInterceptor.intercept(StepInterceptor.java:86)
	at net.thucydides.core.steps.ProxyConfiguration$InterceptorDispatcher.intercept(ProxyConfiguration.java:51)
	at CodeCompetence2@1.0-SNAPSHOT/starter.login.Cart$ByteBuddy$KirFMVvX.receiveInvalidDataWithUserCart(Unknown Source)
	at CodeCompetence2@1.0-SNAPSHOT/starter.stepdefinition.CartSteps.receiveInvalidDataWithUserCart(CartSteps.java:190)
	at âœ½.I receive invalid data with user cart(file:///D:/SEMESTER%205/All%20Section/Section%203%20-%20Code%20Competence/Code%20Competence%20KM%20QA%202/Weekly2/src/test/resources/Cart.feature:62)
&amp#27;[0m
  &amp#27;[36mThen &amp#27;[0m&amp#27;[36mI receive invalid GET user cart response code 400&amp#27;[0m    &amp#27;[90m# starter.stepdefinition.CartSteps.receiveInvalidGETUserCartResponseCode400()&amp#27;[0m
14:52:47.126 [main] ERROR  -- 
  _____   ___   ___   _____     ___     _     ___   _      ___   ___  
 |_   _| | __| / __| |_   _|   | __|   /_\   |_ _| | |    | __| |   \ 
   | |   | _|  \__ \   | |     | _|   / _ \   | |  | |__  | _|  | |) |
   |_|   |___| |___/   |_|     |_|   /_/ \_\ |___| |____| |___| |___/ 

[Negative] - CART_GET user cart with invalid data
-----------------------------------------------------------------------
14:52:47.127 [main] DEBUG  -- RELATED ISSUES: 
14:52:47.164 [main] ERROR  --     Test failed at step: I receive invalid data with user cart
14:52:47.164 [main] ERROR  --     1 expectation failed.JSON path status doesn't match.Expected: error  Actual: <[null]>
]]></system-out>
  </testcase>
  <testcase name="[Positive] - CART_POST new cart with valid data" classname="Cart" time="0.576">
    <system-out><![CDATA[
Scenario: [Positive] - CART_POST new cart with valid data &amp#27;[90m# src/test/resources/Cart.feature:65&amp#27;[0m
14:52:47.178 [main] INFO io.cucumber.core.plugin.SerenityReporter -- Running feature from file:///D:/SEMESTER%205/All%20Section/Section%203%20-%20Code%20Competence/Code%20Competence%20KM%20QA%202/Weekly2/src/test/resources/Cart.feature
14:52:47.178 [main] WARN io.cucumber.core.plugin.SerenityReporter -- Feature from file:///D:/SEMESTER%205/All%20Section/Section%203%20-%20Code%20Competence/Code%20Competence%20KM%20QA%202/Weekly2/src/test/resources/Cart.feature is not under the 'features' directory. Requirements report will not be correctly generated!
14:52:47.179 [main] INFO  -- 
  _____   ___   ___   _____     ___   _____     _     ___   _____   ___   ___  
 |_   _| | __| / __| |_   _|   / __| |_   _|   /_\   | _ \ |_   _| | __| |   \ 
   | |   | _|  \__ \   | |     \__ \   | |    / _ \  |   /   | |   | _|  | |) |
   |_|   |___| |___/   |_|     |___/   |_|   /_/ \_\ |_|_\   |_|   |___| |___/ 

[Positive] - CART_POST new cart with valid data(cart;[positive]---cart-post-new-cart-with-valid-data)
--------------------------------------------------------------------------------
14:52:47.187 [main] DEBUG net.thucydides.core.steps.StepInterceptor -- STARTING STEP: CartSteps.postNewCartWithValidEndpoint - I POST API new cart with valid endpoints
14:52:47.188 [main] DEBUG net.thucydides.core.steps.StepInterceptor -- STEP DONE: I POST API new cart with valid endpoints
  &amp#27;[32mGiven &amp#27;[0m&amp#27;[32mI POST API new cart with valid endpoints&amp#27;[0m          &amp#27;[90m# starter.stepdefinition.CartSteps.postNewCartWithValidEndpoint()&amp#27;[0m
14:52:47.191 [main] DEBUG net.thucydides.core.steps.StepInterceptor -- STARTING STEP: CartSteps.postRequestWithValidDataCart - I POST HTTP request with valid data cart
14:52:47.200 [main] DEBUG net.thucydides.core.steps.StepInterceptor -- STARTING STEP: Cart.postRequestWithValidDataCart - I POST API new cart with valid endpoints
14:52:47.201 [main] DEBUG net.thucydides.core.steps.StepInterceptor -- STEP DONE: I POST API new cart with valid endpoints
14:52:47.233 [main] DEBUG org.apache.http.impl.conn.BasicClientConnectionManager -- Get connection for route {s}->https://fakestoreapi.com:443
14:52:47.233 [main] DEBUG org.apache.http.impl.conn.DefaultClientConnectionOperator -- Connecting to fakestoreapi.com:443
14:52:47.301 [main] DEBUG org.apache.http.client.protocol.RequestAddCookies -- CookieSpec selected: ignoreCookies
14:52:47.302 [main] DEBUG org.apache.http.client.protocol.RequestAuthCache -- Auth cache not set in the context
14:52:47.302 [main] DEBUG org.apache.http.client.protocol.RequestTargetAuthentication -- Target auth state: UNCHALLENGED
14:52:47.302 [main] DEBUG org.apache.http.client.protocol.RequestProxyAuthentication -- Proxy auth state: UNCHALLENGED
14:52:47.302 [main] DEBUG org.apache.http.impl.client.DefaultHttpClient -- Attempt 1 to execute request
14:52:47.302 [main] DEBUG org.apache.http.impl.conn.DefaultClientConnection -- Sending request: POST /carts HTTP/1.1
14:52:47.302 [main] DEBUG org.apache.http.wire --  >> "POST /carts HTTP/1.1[\r][\n]"
14:52:47.302 [main] DEBUG org.apache.http.wire --  >> "Accept: */*[\r][\n]"
14:52:47.302 [main] DEBUG org.apache.http.wire --  >> "Content-Type: application/json[\r][\n]"
14:52:47.302 [main] DEBUG org.apache.http.wire --  >> "Content-Length: 12[\r][\n]"
14:52:47.302 [main] DEBUG org.apache.http.wire --  >> "Host: fakestoreapi.com[\r][\n]"
14:52:47.302 [main] DEBUG org.apache.http.wire --  >> "Connection: Keep-Alive[\r][\n]"
14:52:47.302 [main] DEBUG org.apache.http.wire --  >> "User-Agent: Apache-HttpClient/4.5.13 (Java/17.0.8)[\r][\n]"
14:52:47.302 [main] DEBUG org.apache.http.wire --  >> "Accept-Encoding: gzip,deflate[\r][\n]"
14:52:47.302 [main] DEBUG org.apache.http.wire --  >> "[\r][\n]"
14:52:47.302 [main] DEBUG org.apache.http.headers -- >> POST /carts HTTP/1.1
14:52:47.302 [main] DEBUG org.apache.http.headers -- >> Accept: */*
14:52:47.302 [main] DEBUG org.apache.http.headers -- >> Content-Type: application/json
14:52:47.302 [main] DEBUG org.apache.http.headers -- >> Content-Length: 12
14:52:47.302 [main] DEBUG org.apache.http.headers -- >> Host: fakestoreapi.com
14:52:47.302 [main] DEBUG org.apache.http.headers -- >> Connection: Keep-Alive
14:52:47.302 [main] DEBUG org.apache.http.headers -- >> User-Agent: Apache-HttpClient/4.5.13 (Java/17.0.8)
14:52:47.302 [main] DEBUG org.apache.http.headers -- >> Accept-Encoding: gzip,deflate
14:52:47.302 [main] DEBUG org.apache.http.wire --  >> "{"userId":5}"
14:52:47.731 [main] DEBUG org.apache.http.wire --  << "HTTP/1.1 200 OK[\r][\n]"
14:52:47.731 [main] DEBUG org.apache.http.wire --  << "Date: Fri, 06 Oct 2023 07:52:48 GMT[\r][\n]"
14:52:47.731 [main] DEBUG org.apache.http.wire --  << "Content-Type: application/json; charset=utf-8[\r][\n]"
14:52:47.731 [main] DEBUG org.apache.http.wire --  << "Content-Length: 20[\r][\n]"
14:52:47.731 [main] DEBUG org.apache.http.wire --  << "Connection: keep-alive[\r][\n]"
14:52:47.731 [main] DEBUG org.apache.http.wire --  << "Access-Control-Allow-Origin: *[\r][\n]"
14:52:47.731 [main] DEBUG org.apache.http.wire --  << "Etag: W/"14-uL5V+jLof3UekSnhRJhfDJZ2ykM"[\r][\n]"
14:52:47.731 [main] DEBUG org.apache.http.wire --  << "X-Powered-By: Express[\r][\n]"
14:52:47.731 [main] DEBUG org.apache.http.wire --  << "CF-Cache-Status: DYNAMIC[\r][\n]"
14:52:47.731 [main] DEBUG org.apache.http.wire --  << "Report-To: {"endpoints":[{"url":"https:\/\/a.nel.cloudflare.com\/report\/v3?s=cnxY7GVY%2F03pqscJJIA0DMYiT%2B9Bsqewgwh9Y2m0WIlQU40bBnP1AYbxU75X4UQRSkWUqzGCWSNOiSkQwBX0fkqKUAz8qaA6YsCSq7dqRcL3TLD5t26vMOdwazoPaEKFdM6F"}],"group":"cf-nel","max_age":604800}[\r][\n]"
14:52:47.731 [main] DEBUG org.apache.http.wire --  << "NEL: {"success_fraction":0,"report_to":"cf-nel","max_age":604800}[\r][\n]"
14:52:47.731 [main] DEBUG org.apache.http.wire --  << "Server: cloudflare[\r][\n]"
14:52:47.731 [main] DEBUG org.apache.http.wire --  << "CF-RAY: 811c53b64d884a35-SIN[\r][\n]"
14:52:47.731 [main] DEBUG org.apache.http.wire --  << "alt-svc: h3=":443"; ma=86400[\r][\n]"
14:52:47.731 [main] DEBUG org.apache.http.wire --  << "[\r][\n]"
14:52:47.731 [main] DEBUG org.apache.http.impl.conn.DefaultClientConnection -- Receiving response: HTTP/1.1 200 OK
14:52:47.731 [main] DEBUG org.apache.http.headers -- << HTTP/1.1 200 OK
14:52:47.731 [main] DEBUG org.apache.http.headers -- << Date: Fri, 06 Oct 2023 07:52:48 GMT
14:52:47.731 [main] DEBUG org.apache.http.headers -- << Content-Type: application/json; charset=utf-8
14:52:47.731 [main] DEBUG org.apache.http.headers -- << Content-Length: 20
14:52:47.731 [main] DEBUG org.apache.http.headers -- << Connection: keep-alive
14:52:47.731 [main] DEBUG org.apache.http.headers -- << Access-Control-Allow-Origin: *
14:52:47.731 [main] DEBUG org.apache.http.headers -- << Etag: W/"14-uL5V+jLof3UekSnhRJhfDJZ2ykM"
14:52:47.731 [main] DEBUG org.apache.http.headers -- << X-Powered-By: Express
14:52:47.731 [main] DEBUG org.apache.http.headers -- << CF-Cache-Status: DYNAMIC
14:52:47.731 [main] DEBUG org.apache.http.headers -- << Report-To: {"endpoints":[{"url":"https:\/\/a.nel.cloudflare.com\/report\/v3?s=cnxY7GVY%2F03pqscJJIA0DMYiT%2B9Bsqewgwh9Y2m0WIlQU40bBnP1AYbxU75X4UQRSkWUqzGCWSNOiSkQwBX0fkqKUAz8qaA6YsCSq7dqRcL3TLD5t26vMOdwazoPaEKFdM6F"}],"group":"cf-nel","max_age":604800}
14:52:47.731 [main] DEBUG org.apache.http.headers -- << NEL: {"success_fraction":0,"report_to":"cf-nel","max_age":604800}
14:52:47.731 [main] DEBUG org.apache.http.headers -- << Server: cloudflare
14:52:47.731 [main] DEBUG org.apache.http.headers -- << CF-RAY: 811c53b64d884a35-SIN
14:52:47.731 [main] DEBUG org.apache.http.headers -- << alt-svc: h3=":443"; ma=86400
14:52:47.731 [main] DEBUG org.apache.http.impl.client.DefaultHttpClient -- Connection can be kept alive indefinitely
14:52:47.731 [main] DEBUG io.restassured.internal.RestAssuredHttpBuilder -- Parsing response as: application/json; charset=utf-8
14:52:47.731 [main] DEBUG io.restassured.internal.RestAssuredHttpBuilder -- Parsed data to instance of: class org.apache.http.conn.EofSensorInputStream
14:52:47.732 [main] DEBUG org.apache.http.wire --  << "{"id":11,"userId":5}"
14:52:47.733 [main] DEBUG org.apache.http.impl.conn.BasicClientConnectionManager -- Releasing connection org.apache.http.impl.conn.ManagedClientConnectionImpl@10f384a2
14:52:47.733 [main] DEBUG org.apache.http.impl.conn.BasicClientConnectionManager -- Connection can be kept alive indefinitely
14:52:47.733 [main] DEBUG net.thucydides.core.steps.StepInterceptor -- STEP DONE: I POST HTTP request with valid data cart
  &amp#27;[32mWhen &amp#27;[0m&amp#27;[32mI POST HTTP request with valid data cart&amp#27;[0m           &amp#27;[90m# starter.stepdefinition.CartSteps.postRequestWithValidDataCart()&amp#27;[0m
14:52:47.735 [main] DEBUG net.thucydides.core.steps.StepInterceptor -- STARTING STEP: CartSteps.receiveValidDataForNewCart - I receive valid data for new cart
14:52:47.742 [main] DEBUG net.thucydides.core.steps.StepInterceptor -- STEP DONE: I receive valid data for new cart
  &amp#27;[32mAnd &amp#27;[0m&amp#27;[32mI receive valid data for new cart&amp#27;[0m                   &amp#27;[90m# starter.stepdefinition.CartSteps.receiveValidDataForNewCart()&amp#27;[0m
14:52:47.744 [main] DEBUG net.thucydides.core.steps.StepInterceptor -- STARTING STEP: CartSteps.receiveValidPOSTNewCartResponseCode200 - I receive valid POST new cart response code 200
14:52:47.744 [main] DEBUG net.thucydides.core.steps.StepInterceptor -- STEP DONE: I receive valid POST new cart response code 200
  &amp#27;[32mThen &amp#27;[0m&amp#27;[32mI receive valid POST new cart response code 200&amp#27;[0m    &amp#27;[90m# starter.stepdefinition.CartSteps.receiveValidPOSTNewCartResponseCode200()&amp#27;[0m
14:52:47.745 [main] INFO  -- 
  _____   ___   ___   _____     ___     _     ___   ___   ___   ___  
 |_   _| | __| / __| |_   _|   | _ \   /_\   / __| / __| | __| |   \ 
   | |   | _|  \__ \   | |     |  _/  / _ \  \__ \ \__ \ | _|  | |) |
   |_|   |___| |___/   |_|     |_|   /_/ \_\ |___/ |___/ |___| |___/ 

[Positive] - CART_POST new cart with valid data
----------------------------------------------------------------------
]]></system-out>
  </testcase>
  <testcase name="[Negative] - CART_POST new cart with invalid data" classname="Cart" time="0.474">
    <system-out><![CDATA[
Scenario: [Negative] - CART_POST new cart with invalid data &amp#27;[90m# src/test/resources/Cart.feature:71&amp#27;[0m
14:52:47.750 [main] INFO io.cucumber.core.plugin.SerenityReporter -- Running feature from file:///D:/SEMESTER%205/All%20Section/Section%203%20-%20Code%20Competence/Code%20Competence%20KM%20QA%202/Weekly2/src/test/resources/Cart.feature
14:52:47.751 [main] WARN io.cucumber.core.plugin.SerenityReporter -- Feature from file:///D:/SEMESTER%205/All%20Section/Section%203%20-%20Code%20Competence/Code%20Competence%20KM%20QA%202/Weekly2/src/test/resources/Cart.feature is not under the 'features' directory. Requirements report will not be correctly generated!
14:52:47.751 [main] INFO  -- 
  _____   ___   ___   _____     ___   _____     _     ___   _____   ___   ___  
 |_   _| | __| / __| |_   _|   / __| |_   _|   /_\   | _ \ |_   _| | __| |   \ 
   | |   | _|  \__ \   | |     \__ \   | |    / _ \  |   /   | |   | _|  | |) |
   |_|   |___| |___/   |_|     |___/   |_|   /_/ \_\ |_|_\   |_|   |___| |___/ 

[Negative] - CART_POST new cart with invalid data(cart;[negative]---cart-post-new-cart-with-invalid-data)
--------------------------------------------------------------------------------
14:52:47.756 [main] DEBUG net.thucydides.core.steps.StepInterceptor -- STARTING STEP: CartSteps.postNewCartWithInvalidEndpoint - I POST API new cart with invalid endpoints
14:52:47.756 [main] DEBUG net.thucydides.core.steps.StepInterceptor -- STEP DONE: I POST API new cart with invalid endpoints
  &amp#27;[32mGiven &amp#27;[0m&amp#27;[32mI POST API new cart with invalid endpoints&amp#27;[0m          &amp#27;[90m# starter.stepdefinition.CartSteps.postNewCartWithInvalidEndpoint()&amp#27;[0m
14:52:47.758 [main] DEBUG net.thucydides.core.steps.StepInterceptor -- STARTING STEP: CartSteps.postHTTPRequestWithInvalidDataCart - I POST HTTP request with invalid data cart
14:52:47.759 [main] DEBUG net.thucydides.core.steps.StepInterceptor -- STARTING STEP: Cart.postHTTPRequestWithInvalidDataCart - I POST API new cart with invalid endpoints
14:52:47.759 [main] DEBUG net.thucydides.core.steps.StepInterceptor -- STEP DONE: I POST API new cart with invalid endpoints
14:52:47.766 [main] DEBUG org.apache.http.impl.conn.BasicClientConnectionManager -- Get connection for route {s}->https://fakestoreapi.com:443
14:52:47.766 [main] DEBUG org.apache.http.impl.conn.DefaultClientConnectionOperator -- Connecting to fakestoreapi.com:443
14:52:47.834 [main] DEBUG org.apache.http.client.protocol.RequestAddCookies -- CookieSpec selected: ignoreCookies
14:52:47.834 [main] DEBUG org.apache.http.client.protocol.RequestAuthCache -- Auth cache not set in the context
14:52:47.834 [main] DEBUG org.apache.http.client.protocol.RequestTargetAuthentication -- Target auth state: UNCHALLENGED
14:52:47.834 [main] DEBUG org.apache.http.client.protocol.RequestProxyAuthentication -- Proxy auth state: UNCHALLENGED
14:52:47.834 [main] DEBUG org.apache.http.impl.client.DefaultHttpClient -- Attempt 1 to execute request
14:52:47.834 [main] DEBUG org.apache.http.impl.conn.DefaultClientConnection -- Sending request: POST /keranjan/5 HTTP/1.1
14:52:47.834 [main] DEBUG org.apache.http.wire --  >> "POST /keranjan/5 HTTP/1.1[\r][\n]"
14:52:47.834 [main] DEBUG org.apache.http.wire --  >> "Accept: */*[\r][\n]"
14:52:47.834 [main] DEBUG org.apache.http.wire --  >> "Content-Type: application/json[\r][\n]"
14:52:47.834 [main] DEBUG org.apache.http.wire --  >> "Content-Length: 12[\r][\n]"
14:52:47.834 [main] DEBUG org.apache.http.wire --  >> "Host: fakestoreapi.com[\r][\n]"
14:52:47.834 [main] DEBUG org.apache.http.wire --  >> "Connection: Keep-Alive[\r][\n]"
14:52:47.834 [main] DEBUG org.apache.http.wire --  >> "User-Agent: Apache-HttpClient/4.5.13 (Java/17.0.8)[\r][\n]"
14:52:47.834 [main] DEBUG org.apache.http.wire --  >> "Accept-Encoding: gzip,deflate[\r][\n]"
14:52:47.834 [main] DEBUG org.apache.http.wire --  >> "[\r][\n]"
14:52:47.834 [main] DEBUG org.apache.http.headers -- >> POST /keranjan/5 HTTP/1.1
14:52:47.834 [main] DEBUG org.apache.http.headers -- >> Accept: */*
14:52:47.834 [main] DEBUG org.apache.http.headers -- >> Content-Type: application/json
14:52:47.834 [main] DEBUG org.apache.http.headers -- >> Content-Length: 12
14:52:47.834 [main] DEBUG org.apache.http.headers -- >> Host: fakestoreapi.com
14:52:47.834 [main] DEBUG org.apache.http.headers -- >> Connection: Keep-Alive
14:52:47.834 [main] DEBUG org.apache.http.headers -- >> User-Agent: Apache-HttpClient/4.5.13 (Java/17.0.8)
14:52:47.834 [main] DEBUG org.apache.http.headers -- >> Accept-Encoding: gzip,deflate
14:52:47.834 [main] DEBUG org.apache.http.wire --  >> "{"userId":5}"
14:52:48.211 [main] DEBUG org.apache.http.wire --  << "HTTP/1.1 404 Not Found[\r][\n]"
14:52:48.211 [main] DEBUG org.apache.http.wire --  << "Date: Fri, 06 Oct 2023 07:52:49 GMT[\r][\n]"
14:52:48.211 [main] DEBUG org.apache.http.wire --  << "Content-Type: text/html; charset=utf-8[\r][\n]"
14:52:48.211 [main] DEBUG org.apache.http.wire --  << "Transfer-Encoding: chunked[\r][\n]"
14:52:48.211 [main] DEBUG org.apache.http.wire --  << "Connection: keep-alive[\r][\n]"
14:52:48.211 [main] DEBUG org.apache.http.wire --  << "Access-Control-Allow-Origin: *[\r][\n]"
14:52:48.211 [main] DEBUG org.apache.http.wire --  << "Content-Security-Policy: default-src 'none'[\r][\n]"
14:52:48.211 [main] DEBUG org.apache.http.wire --  << "X-Content-Type-Options: nosniff[\r][\n]"
14:52:48.211 [main] DEBUG org.apache.http.wire --  << "X-Powered-By: Express[\r][\n]"
14:52:48.211 [main] DEBUG org.apache.http.wire --  << "CF-Cache-Status: DYNAMIC[\r][\n]"
14:52:48.211 [main] DEBUG org.apache.http.wire --  << "Report-To: {"endpoints":[{"url":"https:\/\/a.nel.cloudflare.com\/report\/v3?s=Hf1hjLIP9qkld3cN3Je%2BRDrU9tWHQ4A%2F3TlY81A%2Bwq650ELpEKvbcOJL6YSbO764gmHEup1hmyKvbfD5iDba4jyjk8Zapb482sBNJkBZ%2Ftcm3YGQ6YB0xrUhxG1ab0KN8TJD"}],"group":"cf-nel","max_age":604800}[\r][\n]"
14:52:48.211 [main] DEBUG org.apache.http.wire --  << "NEL: {"success_fraction":0,"report_to":"cf-nel","max_age":604800}[\r][\n]"
14:52:48.211 [main] DEBUG org.apache.http.wire --  << "Server: cloudflare[\r][\n]"
14:52:48.211 [main] DEBUG org.apache.http.wire --  << "CF-RAY: 811c53b99d2d4df8-SIN[\r][\n]"
14:52:48.211 [main] DEBUG org.apache.http.wire --  << "Content-Encoding: gzip[\r][\n]"
14:52:48.211 [main] DEBUG org.apache.http.wire --  << "alt-svc: h3=":443"; ma=86400[\r][\n]"
14:52:48.211 [main] DEBUG org.apache.http.wire --  << "[\r][\n]"
14:52:48.211 [main] DEBUG org.apache.http.impl.conn.DefaultClientConnection -- Receiving response: HTTP/1.1 404 Not Found
14:52:48.211 [main] DEBUG org.apache.http.headers -- << HTTP/1.1 404 Not Found
14:52:48.211 [main] DEBUG org.apache.http.headers -- << Date: Fri, 06 Oct 2023 07:52:49 GMT
14:52:48.211 [main] DEBUG org.apache.http.headers -- << Content-Type: text/html; charset=utf-8
14:52:48.211 [main] DEBUG org.apache.http.headers -- << Transfer-Encoding: chunked
14:52:48.211 [main] DEBUG org.apache.http.headers -- << Connection: keep-alive
14:52:48.211 [main] DEBUG org.apache.http.headers -- << Access-Control-Allow-Origin: *
14:52:48.211 [main] DEBUG org.apache.http.headers -- << Content-Security-Policy: default-src 'none'
14:52:48.211 [main] DEBUG org.apache.http.headers -- << X-Content-Type-Options: nosniff
14:52:48.211 [main] DEBUG org.apache.http.headers -- << X-Powered-By: Express
14:52:48.211 [main] DEBUG org.apache.http.headers -- << CF-Cache-Status: DYNAMIC
14:52:48.211 [main] DEBUG org.apache.http.headers -- << Report-To: {"endpoints":[{"url":"https:\/\/a.nel.cloudflare.com\/report\/v3?s=Hf1hjLIP9qkld3cN3Je%2BRDrU9tWHQ4A%2F3TlY81A%2Bwq650ELpEKvbcOJL6YSbO764gmHEup1hmyKvbfD5iDba4jyjk8Zapb482sBNJkBZ%2Ftcm3YGQ6YB0xrUhxG1ab0KN8TJD"}],"group":"cf-nel","max_age":604800}
14:52:48.211 [main] DEBUG org.apache.http.headers -- << NEL: {"success_fraction":0,"report_to":"cf-nel","max_age":604800}
14:52:48.211 [main] DEBUG org.apache.http.headers -- << Server: cloudflare
14:52:48.211 [main] DEBUG org.apache.http.headers -- << CF-RAY: 811c53b99d2d4df8-SIN
14:52:48.211 [main] DEBUG org.apache.http.headers -- << Content-Encoding: gzip
14:52:48.211 [main] DEBUG org.apache.http.headers -- << alt-svc: h3=":443"; ma=86400
14:52:48.211 [main] DEBUG org.apache.http.impl.client.DefaultHttpClient -- Connection can be kept alive indefinitely
14:52:48.211 [main] DEBUG io.restassured.internal.RestAssuredHttpBuilder -- Parsing response as: text/html; charset=utf-8
14:52:48.211 [main] DEBUG org.apache.http.wire --  << "88[\r][\n]"
14:52:48.213 [main] DEBUG org.apache.http.wire --  << "[0x1f][0x8b][0x8][0x0][0x0][0x0][0x0][0x0][0x0][0x3],[0x8e][0xb1][0xe][0xc2]0[0xc]D[0xf7]|E[0xc8][0x8e]<!1[0xb8]YJ[0xe7]V[0xa2][0xb][0xa3][0xa1][0x86][0x2][0xa9]S[0xb9][0xee][0xc0][0xdf][0xa3]@[0xa7][0xd3][0xdd][0xbb][0x93][0xe]w[0xa7][0xb6][0xee]/][0xe3]G[0x9b]RtX[0xc4]'[0x92]G[0x15]XB[0x9][0x98][0x86][0xe8]pb#[0x1b]I[0x17][0xb6]*[0xac]v[0xdf][0x1f][0xb][0xb5][0xa7]%[0x8e][0x8d]jV[0x84][0xbf]q[0x8][0xdb][0xe6][0x9a][0x87]Ot8+[0xc7][0x9a]D[0xb2][0xf9][0xae]=[0xf7][0x1e][0xde][0xac]$/[0x12]8 [0x14][0xe8][0x10][0xb6]*[0xfc]^|[0x1][0x0][0x0][0xff][0xff]"
14:52:48.213 [main] DEBUG org.apache.http.wire --  << "[\r][\n]"
14:52:48.213 [main] DEBUG org.apache.http.wire --  << "b[\r][\n]"
14:52:48.213 [main] DEBUG org.apache.http.wire --  << "[0xe3][0x2][0x0][0xbf][0xde][0xe][0xfe][0x96][0x0][0x0][0x0]"
14:52:48.213 [main] DEBUG org.apache.http.wire --  << "[\r][\n]"
14:52:48.213 [main] DEBUG org.apache.http.wire --  << "0[\r][\n]"
14:52:48.213 [main] DEBUG org.apache.http.wire --  << "[\r][\n]"
14:52:48.213 [main] DEBUG io.restassured.internal.RestAssuredHttpBuilder -- Parsed data to instance of: class org.apache.http.conn.EofSensorInputStream
14:52:48.214 [main] DEBUG org.apache.http.impl.conn.BasicClientConnectionManager -- Releasing connection org.apache.http.impl.conn.ManagedClientConnectionImpl@1e041848
14:52:48.214 [main] DEBUG org.apache.http.impl.conn.BasicClientConnectionManager -- Connection can be kept alive indefinitely
14:52:48.214 [main] DEBUG net.thucydides.core.steps.StepInterceptor -- STEP DONE: I POST HTTP request with invalid data cart
  &amp#27;[32mWhen &amp#27;[0m&amp#27;[32mI POST HTTP request with invalid data cart&amp#27;[0m           &amp#27;[90m# starter.stepdefinition.CartSteps.postHTTPRequestWithInvalidDataCart()&amp#27;[0m
14:52:48.216 [main] DEBUG net.thucydides.core.steps.StepInterceptor -- STARTING STEP: CartSteps.receiveInvalidDataForNewCart - I receive invalid data for new cart
14:52:48.217 [main] DEBUG net.thucydides.core.steps.StepInterceptor -- STEP DONE: I receive invalid data for new cart
  &amp#27;[32mAnd &amp#27;[0m&amp#27;[32mI receive invalid data for new cart&amp#27;[0m                   &amp#27;[90m# starter.stepdefinition.CartSteps.receiveInvalidDataForNewCart()&amp#27;[0m
14:52:48.218 [main] DEBUG net.thucydides.core.steps.StepInterceptor -- STARTING STEP: CartSteps.receiveInvalidPOSTNewCartResponseCode404 - I receive invalid POST new cart response code 404
14:52:48.218 [main] DEBUG net.thucydides.core.steps.StepInterceptor -- STEP DONE: I receive invalid POST new cart response code 404
  &amp#27;[32mThen &amp#27;[0m&amp#27;[32mI receive invalid POST new cart response code 404&amp#27;[0m    &amp#27;[90m# starter.stepdefinition.CartSteps.receiveInvalidPOSTNewCartResponseCode404()&amp#27;[0m
14:52:48.220 [main] INFO  -- 
  _____   ___   ___   _____     ___     _     ___   ___   ___   ___  
 |_   _| | __| / __| |_   _|   | _ \   /_\   / __| / __| | __| |   \ 
   | |   | _|  \__ \   | |     |  _/  / _ \  \__ \ \__ \ | _|  | |) |
   |_|   |___| |___/   |_|     |_|   /_/ \_\ |___/ |___/ |___| |___/ 

[Negative] - CART_POST new cart with invalid data
----------------------------------------------------------------------
]]></system-out>
  </testcase>
  <testcase name="[Positive] - CART_PUT existing cart with valid data" classname="Cart" time="0.477">
    <system-out><![CDATA[
Scenario: [Positive] - CART_PUT existing cart with valid data &amp#27;[90m# src/test/resources/Cart.feature:77&amp#27;[0m
14:52:48.225 [main] INFO io.cucumber.core.plugin.SerenityReporter -- Running feature from file:///D:/SEMESTER%205/All%20Section/Section%203%20-%20Code%20Competence/Code%20Competence%20KM%20QA%202/Weekly2/src/test/resources/Cart.feature
14:52:48.225 [main] WARN io.cucumber.core.plugin.SerenityReporter -- Feature from file:///D:/SEMESTER%205/All%20Section/Section%203%20-%20Code%20Competence/Code%20Competence%20KM%20QA%202/Weekly2/src/test/resources/Cart.feature is not under the 'features' directory. Requirements report will not be correctly generated!
14:52:48.227 [main] INFO  -- 
  _____   ___   ___   _____     ___   _____     _     ___   _____   ___   ___  
 |_   _| | __| / __| |_   _|   / __| |_   _|   /_\   | _ \ |_   _| | __| |   \ 
   | |   | _|  \__ \   | |     \__ \   | |    / _ \  |   /   | |   | _|  | |) |
   |_|   |___| |___/   |_|     |___/   |_|   /_/ \_\ |_|_\   |_|   |___| |___/ 

[Positive] - CART_PUT existing cart with valid data(cart;[positive]---cart-put-existing-cart-with-valid-data)
--------------------------------------------------------------------------------
14:52:48.232 [main] DEBUG net.thucydides.core.steps.StepInterceptor -- STARTING STEP: CartSteps.putCartWithValidEndpoint - I PUT cart API with valid endpoints
14:52:48.232 [main] DEBUG net.thucydides.core.steps.StepInterceptor -- STEP DONE: I PUT cart API with valid endpoints
  &amp#27;[32mGiven &amp#27;[0m&amp#27;[32mI PUT cart API with valid endpoints&amp#27;[0m                   &amp#27;[90m# starter.stepdefinition.CartSteps.putCartWithValidEndpoint()&amp#27;[0m
14:52:48.239 [Finalizer] DEBUG org.apache.http.impl.conn.DefaultClientConnection -- Connection 0.0.0.0:50987<->104.21.87.105:443 closed
14:52:48.239 [main] DEBUG net.thucydides.core.steps.StepInterceptor -- STARTING STEP: CartSteps.putCartRequestWithValidDataCart - I PUT cart HTTP request with valid data cart
14:52:48.239 [Finalizer] DEBUG org.apache.http.impl.conn.DefaultClientConnection -- Connection 0.0.0.0:50986<->104.21.87.105:443 closed
14:52:48.240 [main] DEBUG net.thucydides.core.steps.StepInterceptor -- STARTING STEP: Cart.putCartRequestWithValidDataCart - I PUT cart API with valid endpoints
14:52:48.240 [main] DEBUG net.thucydides.core.steps.StepInterceptor -- STEP DONE: I PUT cart API with valid endpoints
14:52:48.246 [main] DEBUG org.apache.http.impl.conn.BasicClientConnectionManager -- Get connection for route {s}->https://fakestoreapi.com:443
14:52:48.246 [main] DEBUG org.apache.http.impl.conn.DefaultClientConnectionOperator -- Connecting to fakestoreapi.com:443
14:52:48.315 [main] DEBUG org.apache.http.client.protocol.RequestAddCookies -- CookieSpec selected: ignoreCookies
14:52:48.315 [main] DEBUG org.apache.http.client.protocol.RequestAuthCache -- Auth cache not set in the context
14:52:48.315 [main] DEBUG org.apache.http.client.protocol.RequestTargetAuthentication -- Target auth state: UNCHALLENGED
14:52:48.315 [main] DEBUG org.apache.http.client.protocol.RequestProxyAuthentication -- Proxy auth state: UNCHALLENGED
14:52:48.315 [main] DEBUG org.apache.http.impl.client.DefaultHttpClient -- Attempt 1 to execute request
14:52:48.315 [main] DEBUG org.apache.http.impl.conn.DefaultClientConnection -- Sending request: PUT /carts/7 HTTP/1.1
14:52:48.315 [main] DEBUG org.apache.http.wire --  >> "PUT /carts/7 HTTP/1.1[\r][\n]"
14:52:48.315 [main] DEBUG org.apache.http.wire --  >> "Accept: */*[\r][\n]"
14:52:48.315 [main] DEBUG org.apache.http.wire --  >> "Content-Type: application/json[\r][\n]"
14:52:48.315 [main] DEBUG org.apache.http.wire --  >> "Content-Length: 12[\r][\n]"
14:52:48.315 [main] DEBUG org.apache.http.wire --  >> "Host: fakestoreapi.com[\r][\n]"
14:52:48.315 [main] DEBUG org.apache.http.wire --  >> "Connection: Keep-Alive[\r][\n]"
14:52:48.315 [main] DEBUG org.apache.http.wire --  >> "User-Agent: Apache-HttpClient/4.5.13 (Java/17.0.8)[\r][\n]"
14:52:48.315 [main] DEBUG org.apache.http.wire --  >> "Accept-Encoding: gzip,deflate[\r][\n]"
14:52:48.315 [main] DEBUG org.apache.http.wire --  >> "[\r][\n]"
14:52:48.315 [main] DEBUG org.apache.http.headers -- >> PUT /carts/7 HTTP/1.1
14:52:48.315 [main] DEBUG org.apache.http.headers -- >> Accept: */*
14:52:48.315 [main] DEBUG org.apache.http.headers -- >> Content-Type: application/json
14:52:48.315 [main] DEBUG org.apache.http.headers -- >> Content-Length: 12
14:52:48.315 [main] DEBUG org.apache.http.headers -- >> Host: fakestoreapi.com
14:52:48.315 [main] DEBUG org.apache.http.headers -- >> Connection: Keep-Alive
14:52:48.315 [main] DEBUG org.apache.http.headers -- >> User-Agent: Apache-HttpClient/4.5.13 (Java/17.0.8)
14:52:48.315 [main] DEBUG org.apache.http.headers -- >> Accept-Encoding: gzip,deflate
14:52:48.315 [main] DEBUG org.apache.http.wire --  >> "{"userId":3}"
14:52:48.683 [main] DEBUG org.apache.http.wire --  << "HTTP/1.1 200 OK[\r][\n]"
14:52:48.683 [main] DEBUG org.apache.http.wire --  << "Date: Fri, 06 Oct 2023 07:52:49 GMT[\r][\n]"
14:52:48.683 [main] DEBUG org.apache.http.wire --  << "Content-Type: application/json; charset=utf-8[\r][\n]"
14:52:48.683 [main] DEBUG org.apache.http.wire --  << "Content-Length: 19[\r][\n]"
14:52:48.683 [main] DEBUG org.apache.http.wire --  << "Connection: keep-alive[\r][\n]"
14:52:48.683 [main] DEBUG org.apache.http.wire --  << "Access-Control-Allow-Origin: *[\r][\n]"
14:52:48.683 [main] DEBUG org.apache.http.wire --  << "Etag: W/"13-/VDKlmydQYgoa2lAyj3nKx1L5fE"[\r][\n]"
14:52:48.683 [main] DEBUG org.apache.http.wire --  << "X-Powered-By: Express[\r][\n]"
14:52:48.683 [main] DEBUG org.apache.http.wire --  << "CF-Cache-Status: DYNAMIC[\r][\n]"
14:52:48.683 [main] DEBUG org.apache.http.wire --  << "Report-To: {"endpoints":[{"url":"https:\/\/a.nel.cloudflare.com\/report\/v3?s=y1LvjQ8aftKDmW35WUoHU1kmxSi1SL11jKqwwAsFOQNAUO62P63bpwZBS1e1I%2Fl8ItUuk4LR1Y6%2FmV%2BOTLSC%2F5ybE3MqCJzjQfJh9hIsZ5AAVwH6HR1OOTvCi5iNcf2mjtYq"}],"group":"cf-nel","max_age":604800}[\r][\n]"
14:52:48.683 [main] DEBUG org.apache.http.wire --  << "NEL: {"success_fraction":0,"report_to":"cf-nel","max_age":604800}[\r][\n]"
14:52:48.684 [main] DEBUG org.apache.http.wire --  << "Server: cloudflare[\r][\n]"
14:52:48.684 [main] DEBUG org.apache.http.wire --  << "CF-RAY: 811c53bc99093fac-SIN[\r][\n]"
14:52:48.684 [main] DEBUG org.apache.http.wire --  << "alt-svc: h3=":443"; ma=86400[\r][\n]"
14:52:48.684 [main] DEBUG org.apache.http.wire --  << "[\r][\n]"
14:52:48.684 [main] DEBUG org.apache.http.impl.conn.DefaultClientConnection -- Receiving response: HTTP/1.1 200 OK
14:52:48.684 [main] DEBUG org.apache.http.headers -- << HTTP/1.1 200 OK
14:52:48.684 [main] DEBUG org.apache.http.headers -- << Date: Fri, 06 Oct 2023 07:52:49 GMT
14:52:48.684 [main] DEBUG org.apache.http.headers -- << Content-Type: application/json; charset=utf-8
14:52:48.684 [main] DEBUG org.apache.http.headers -- << Content-Length: 19
14:52:48.684 [main] DEBUG org.apache.http.headers -- << Connection: keep-alive
14:52:48.684 [main] DEBUG org.apache.http.headers -- << Access-Control-Allow-Origin: *
14:52:48.684 [main] DEBUG org.apache.http.headers -- << Etag: W/"13-/VDKlmydQYgoa2lAyj3nKx1L5fE"
14:52:48.684 [main] DEBUG org.apache.http.headers -- << X-Powered-By: Express
14:52:48.684 [main] DEBUG org.apache.http.headers -- << CF-Cache-Status: DYNAMIC
14:52:48.684 [main] DEBUG org.apache.http.headers -- << Report-To: {"endpoints":[{"url":"https:\/\/a.nel.cloudflare.com\/report\/v3?s=y1LvjQ8aftKDmW35WUoHU1kmxSi1SL11jKqwwAsFOQNAUO62P63bpwZBS1e1I%2Fl8ItUuk4LR1Y6%2FmV%2BOTLSC%2F5ybE3MqCJzjQfJh9hIsZ5AAVwH6HR1OOTvCi5iNcf2mjtYq"}],"group":"cf-nel","max_age":604800}
14:52:48.684 [main] DEBUG org.apache.http.headers -- << NEL: {"success_fraction":0,"report_to":"cf-nel","max_age":604800}
14:52:48.684 [main] DEBUG org.apache.http.headers -- << Server: cloudflare
14:52:48.684 [main] DEBUG org.apache.http.headers -- << CF-RAY: 811c53bc99093fac-SIN
14:52:48.684 [main] DEBUG org.apache.http.headers -- << alt-svc: h3=":443"; ma=86400
14:52:48.684 [main] DEBUG org.apache.http.impl.client.DefaultHttpClient -- Connection can be kept alive indefinitely
14:52:48.684 [main] DEBUG io.restassured.internal.RestAssuredHttpBuilder -- Parsing response as: application/json; charset=utf-8
14:52:48.684 [main] DEBUG io.restassured.internal.RestAssuredHttpBuilder -- Parsed data to instance of: class org.apache.http.conn.EofSensorInputStream
14:52:48.685 [main] DEBUG org.apache.http.wire --  << "{"id":7,"userId":3}"
14:52:48.685 [main] DEBUG org.apache.http.impl.conn.BasicClientConnectionManager -- Releasing connection org.apache.http.impl.conn.ManagedClientConnectionImpl@62d21afd
14:52:48.685 [main] DEBUG org.apache.http.impl.conn.BasicClientConnectionManager -- Connection can be kept alive indefinitely
14:52:48.685 [main] DEBUG net.thucydides.core.steps.StepInterceptor -- STEP DONE: I PUT cart HTTP request with valid data cart
  &amp#27;[32mWhen &amp#27;[0m&amp#27;[32mI PUT cart HTTP request with valid data cart&amp#27;[0m           &amp#27;[90m# starter.stepdefinition.CartSteps.putCartRequestWithValidDataCart()&amp#27;[0m
14:52:48.687 [main] DEBUG net.thucydides.core.steps.StepInterceptor -- STARTING STEP: CartSteps.receiveValidDataForUpdatedCart - I receive valid data for updated cart
14:52:48.693 [main] DEBUG net.thucydides.core.steps.StepInterceptor -- STEP DONE: I receive valid data for updated cart
  &amp#27;[32mAnd &amp#27;[0m&amp#27;[32mI receive valid data for updated cart&amp#27;[0m                   &amp#27;[90m# starter.stepdefinition.CartSteps.receiveValidDataForUpdatedCart()&amp#27;[0m
14:52:48.695 [main] DEBUG net.thucydides.core.steps.StepInterceptor -- STARTING STEP: CartSteps.receiveValidPUTCartResponseCode200 - I receive valid PUT cart response code 200
14:52:48.695 [main] DEBUG net.thucydides.core.steps.StepInterceptor -- STEP DONE: I receive valid PUT cart response code 200
  &amp#27;[32mThen &amp#27;[0m&amp#27;[32mI receive valid PUT cart response code 200&amp#27;[0m             &amp#27;[90m# starter.stepdefinition.CartSteps.receiveValidPUTCartResponseCode200()&amp#27;[0m
14:52:48.697 [main] INFO  -- 
  _____   ___   ___   _____     ___     _     ___   ___   ___   ___  
 |_   _| | __| / __| |_   _|   | _ \   /_\   / __| / __| | __| |   \ 
   | |   | _|  \__ \   | |     |  _/  / _ \  \__ \ \__ \ | _|  | |) |
   |_|   |___| |___/   |_|     |_|   /_/ \_\ |___/ |___/ |___| |___/ 

[Positive] - CART_PUT existing cart with valid data
----------------------------------------------------------------------
]]></system-out>
  </testcase>
  <testcase name="[Negative] - CART_PUT existing cart with invalid data" classname="Cart" time="0.451">
    <system-out><![CDATA[
Scenario: [Negative] - CART_PUT existing cart with invalid data &amp#27;[90m# src/test/resources/Cart.feature:83&amp#27;[0m
14:52:48.702 [main] INFO io.cucumber.core.plugin.SerenityReporter -- Running feature from file:///D:/SEMESTER%205/All%20Section/Section%203%20-%20Code%20Competence/Code%20Competence%20KM%20QA%202/Weekly2/src/test/resources/Cart.feature
14:52:48.702 [main] WARN io.cucumber.core.plugin.SerenityReporter -- Feature from file:///D:/SEMESTER%205/All%20Section/Section%203%20-%20Code%20Competence/Code%20Competence%20KM%20QA%202/Weekly2/src/test/resources/Cart.feature is not under the 'features' directory. Requirements report will not be correctly generated!
14:52:48.703 [main] INFO  -- 
  _____   ___   ___   _____     ___   _____     _     ___   _____   ___   ___  
 |_   _| | __| / __| |_   _|   / __| |_   _|   /_\   | _ \ |_   _| | __| |   \ 
   | |   | _|  \__ \   | |     \__ \   | |    / _ \  |   /   | |   | _|  | |) |
   |_|   |___| |___/   |_|     |___/   |_|   /_/ \_\ |_|_\   |_|   |___| |___/ 

[Negative] - CART_PUT existing cart with invalid data(cart;[negative]---cart-put-existing-cart-with-invalid-data)
--------------------------------------------------------------------------------
14:52:48.708 [main] DEBUG net.thucydides.core.steps.StepInterceptor -- STARTING STEP: CartSteps.putCartWithInvalidEndpoint - I PUT cart API with invalid endpoints
14:52:48.708 [main] DEBUG net.thucydides.core.steps.StepInterceptor -- STEP DONE: I PUT cart API with invalid endpoints
  &amp#27;[32mGiven &amp#27;[0m&amp#27;[32mI PUT cart API with invalid endpoints&amp#27;[0m                   &amp#27;[90m# starter.stepdefinition.CartSteps.putCartWithInvalidEndpoint()&amp#27;[0m
14:52:48.709 [main] DEBUG net.thucydides.core.steps.StepInterceptor -- STARTING STEP: CartSteps.putCartRequestWithInvalidDataCart - I PUT cart HTTP request with invalid data cart
14:52:48.710 [main] DEBUG net.thucydides.core.steps.StepInterceptor -- STARTING STEP: Cart.putCartRequestWithInvalidDataCart - I PUT cart API with invalid endpoints
14:52:48.710 [main] DEBUG net.thucydides.core.steps.StepInterceptor -- STEP DONE: I PUT cart API with invalid endpoints
14:52:48.715 [main] DEBUG org.apache.http.impl.conn.BasicClientConnectionManager -- Get connection for route {s}->https://fakestoreapi.com:443
14:52:48.715 [main] DEBUG org.apache.http.impl.conn.DefaultClientConnectionOperator -- Connecting to fakestoreapi.com:443
14:52:48.782 [main] DEBUG org.apache.http.client.protocol.RequestAddCookies -- CookieSpec selected: ignoreCookies
14:52:48.782 [main] DEBUG org.apache.http.client.protocol.RequestAuthCache -- Auth cache not set in the context
14:52:48.782 [main] DEBUG org.apache.http.client.protocol.RequestTargetAuthentication -- Target auth state: UNCHALLENGED
14:52:48.782 [main] DEBUG org.apache.http.client.protocol.RequestProxyAuthentication -- Proxy auth state: UNCHALLENGED
14:52:48.782 [main] DEBUG org.apache.http.impl.client.DefaultHttpClient -- Attempt 1 to execute request
14:52:48.782 [main] DEBUG org.apache.http.impl.conn.DefaultClientConnection -- Sending request: PUT /cart/7 HTTP/1.1
14:52:48.782 [main] DEBUG org.apache.http.wire --  >> "PUT /cart/7 HTTP/1.1[\r][\n]"
14:52:48.782 [main] DEBUG org.apache.http.wire --  >> "Accept: */*[\r][\n]"
14:52:48.782 [main] DEBUG org.apache.http.wire --  >> "Content-Type: application/json[\r][\n]"
14:52:48.782 [main] DEBUG org.apache.http.wire --  >> "Content-Length: 12[\r][\n]"
14:52:48.782 [main] DEBUG org.apache.http.wire --  >> "Host: fakestoreapi.com[\r][\n]"
14:52:48.782 [main] DEBUG org.apache.http.wire --  >> "Connection: Keep-Alive[\r][\n]"
14:52:48.782 [main] DEBUG org.apache.http.wire --  >> "User-Agent: Apache-HttpClient/4.5.13 (Java/17.0.8)[\r][\n]"
14:52:48.782 [main] DEBUG org.apache.http.wire --  >> "Accept-Encoding: gzip,deflate[\r][\n]"
14:52:48.782 [main] DEBUG org.apache.http.wire --  >> "[\r][\n]"
14:52:48.782 [main] DEBUG org.apache.http.headers -- >> PUT /cart/7 HTTP/1.1
14:52:48.782 [main] DEBUG org.apache.http.headers -- >> Accept: */*
14:52:48.782 [main] DEBUG org.apache.http.headers -- >> Content-Type: application/json
14:52:48.782 [main] DEBUG org.apache.http.headers -- >> Content-Length: 12
14:52:48.782 [main] DEBUG org.apache.http.headers -- >> Host: fakestoreapi.com
14:52:48.782 [main] DEBUG org.apache.http.headers -- >> Connection: Keep-Alive
14:52:48.782 [main] DEBUG org.apache.http.headers -- >> User-Agent: Apache-HttpClient/4.5.13 (Java/17.0.8)
14:52:48.782 [main] DEBUG org.apache.http.headers -- >> Accept-Encoding: gzip,deflate
14:52:48.782 [main] DEBUG org.apache.http.wire --  >> "{"userId":7}"
14:52:49.142 [main] DEBUG org.apache.http.wire --  << "HTTP/1.1 404 Not Found[\r][\n]"
14:52:49.142 [main] DEBUG org.apache.http.wire --  << "Date: Fri, 06 Oct 2023 07:52:50 GMT[\r][\n]"
14:52:49.142 [main] DEBUG org.apache.http.wire --  << "Content-Type: text/html; charset=utf-8[\r][\n]"
14:52:49.142 [main] DEBUG org.apache.http.wire --  << "Transfer-Encoding: chunked[\r][\n]"
14:52:49.142 [main] DEBUG org.apache.http.wire --  << "Connection: keep-alive[\r][\n]"
14:52:49.142 [main] DEBUG org.apache.http.wire --  << "Access-Control-Allow-Origin: *[\r][\n]"
14:52:49.142 [main] DEBUG org.apache.http.wire --  << "Content-Security-Policy: default-src 'none'[\r][\n]"
14:52:49.142 [main] DEBUG org.apache.http.wire --  << "X-Content-Type-Options: nosniff[\r][\n]"
14:52:49.142 [main] DEBUG org.apache.http.wire --  << "X-Powered-By: Express[\r][\n]"
14:52:49.142 [main] DEBUG org.apache.http.wire --  << "CF-Cache-Status: DYNAMIC[\r][\n]"
14:52:49.142 [main] DEBUG org.apache.http.wire --  << "Report-To: {"endpoints":[{"url":"https:\/\/a.nel.cloudflare.com\/report\/v3?s=O%2Bsd2QPH4OZL9kBld8wOblibv%2FtLRDMLRmLO4jihpQ9MGVWQarI4dT1lFWADVsOF6IcxABVPE%2FNFewtx35sumb7adVoxjAvnoNZsF6xIQ2r%2FiWfv8ZJOVXWhVY4e%2FsDM2Skk"}],"group":"cf-nel","max_age":604800}[\r][\n]"
14:52:49.142 [main] DEBUG org.apache.http.wire --  << "NEL: {"success_fraction":0,"report_to":"cf-nel","max_age":604800}[\r][\n]"
14:52:49.142 [main] DEBUG org.apache.http.wire --  << "Server: cloudflare[\r][\n]"
14:52:49.142 [main] DEBUG org.apache.http.wire --  << "CF-RAY: 811c53bf8cb64937-SIN[\r][\n]"
14:52:49.142 [main] DEBUG org.apache.http.wire --  << "Content-Encoding: gzip[\r][\n]"
14:52:49.142 [main] DEBUG org.apache.http.wire --  << "alt-svc: h3=":443"; ma=86400[\r][\n]"
14:52:49.142 [main] DEBUG org.apache.http.wire --  << "[\r][\n]"
14:52:49.142 [main] DEBUG org.apache.http.impl.conn.DefaultClientConnection -- Receiving response: HTTP/1.1 404 Not Found
14:52:49.142 [main] DEBUG org.apache.http.headers -- << HTTP/1.1 404 Not Found
14:52:49.142 [main] DEBUG org.apache.http.headers -- << Date: Fri, 06 Oct 2023 07:52:50 GMT
14:52:49.142 [main] DEBUG org.apache.http.headers -- << Content-Type: text/html; charset=utf-8
14:52:49.142 [main] DEBUG org.apache.http.headers -- << Transfer-Encoding: chunked
14:52:49.142 [main] DEBUG org.apache.http.headers -- << Connection: keep-alive
14:52:49.142 [main] DEBUG org.apache.http.headers -- << Access-Control-Allow-Origin: *
14:52:49.142 [main] DEBUG org.apache.http.headers -- << Content-Security-Policy: default-src 'none'
14:52:49.142 [main] DEBUG org.apache.http.headers -- << X-Content-Type-Options: nosniff
14:52:49.142 [main] DEBUG org.apache.http.headers -- << X-Powered-By: Express
14:52:49.142 [main] DEBUG org.apache.http.headers -- << CF-Cache-Status: DYNAMIC
14:52:49.142 [main] DEBUG org.apache.http.headers -- << Report-To: {"endpoints":[{"url":"https:\/\/a.nel.cloudflare.com\/report\/v3?s=O%2Bsd2QPH4OZL9kBld8wOblibv%2FtLRDMLRmLO4jihpQ9MGVWQarI4dT1lFWADVsOF6IcxABVPE%2FNFewtx35sumb7adVoxjAvnoNZsF6xIQ2r%2FiWfv8ZJOVXWhVY4e%2FsDM2Skk"}],"group":"cf-nel","max_age":604800}
14:52:49.142 [main] DEBUG org.apache.http.headers -- << NEL: {"success_fraction":0,"report_to":"cf-nel","max_age":604800}
14:52:49.142 [main] DEBUG org.apache.http.headers -- << Server: cloudflare
14:52:49.142 [main] DEBUG org.apache.http.headers -- << CF-RAY: 811c53bf8cb64937-SIN
14:52:49.142 [main] DEBUG org.apache.http.headers -- << Content-Encoding: gzip
14:52:49.142 [main] DEBUG org.apache.http.headers -- << alt-svc: h3=":443"; ma=86400
14:52:49.142 [main] DEBUG org.apache.http.impl.client.DefaultHttpClient -- Connection can be kept alive indefinitely
14:52:49.142 [main] DEBUG io.restassured.internal.RestAssuredHttpBuilder -- Parsing response as: text/html; charset=utf-8
14:52:49.142 [main] DEBUG org.apache.http.wire --  << "83[\r][\n]"
14:52:49.142 [main] DEBUG org.apache.http.wire --  << "[0x1f][0x8b][0x8][0x0][0x0][0x0][0x0][0x0][0x0][0x3],[0x8e][0xb1][0xe][0xc2]0[0xc]DwE[0xc8][0x8e]<[0xc2][0xe0]z)[0x9d][0xe9]P[0x6]F[0xd3][0x1a][0x8a][0x94]&[0x95]1[0x3][0x8f][0x2][0x9d]N[0xf7][0xee]N:[0xda][0x9d][0xce][0xed]p[0xed][0xbb]0[0xfb][0x92][0x18][0xa8]JH[0x92][0x1f]M[0xd4][0x1c]+P[0x99][0x18]hQ[0x97]0[0xce]b/[0xf5]&[0xbe][0xfd][0xbe]?[0xd6][0xd4][0x9f][0x9e][0x94];[0xb3]b[0x84][0x3][0x84][0xdb][0xe6]V[0xa6][0xf][0x3][0xad][0xa6][0xdc]J[0xce][0xc5]C[0x19][0x2][0x8e]b[0x8e][0x7][0xc2][0xca][0x81]pk[0xe1][0xef][0xc0][0x17][0x0][0x0][0xff][0xff]"
14:52:49.142 [main] DEBUG org.apache.http.wire --  << "[\r][\n]"
14:52:49.142 [main] DEBUG org.apache.http.wire --  << "b[\r][\n]"
14:52:49.142 [main] DEBUG org.apache.http.wire --  << "[0xe3][0x2][0x0]p[0xa6][0xd6]o[0x91][0x0][0x0][0x0]"
14:52:49.142 [main] DEBUG org.apache.http.wire --  << "[\r][\n]"
14:52:49.142 [main] DEBUG org.apache.http.wire --  << "0[\r][\n]"
14:52:49.142 [main] DEBUG org.apache.http.wire --  << "[\r][\n]"
14:52:49.142 [main] DEBUG io.restassured.internal.RestAssuredHttpBuilder -- Parsed data to instance of: class org.apache.http.conn.EofSensorInputStream
14:52:49.143 [main] DEBUG org.apache.http.impl.conn.BasicClientConnectionManager -- Releasing connection org.apache.http.impl.conn.ManagedClientConnectionImpl@3b3b2290
14:52:49.143 [main] DEBUG org.apache.http.impl.conn.BasicClientConnectionManager -- Connection can be kept alive indefinitely
14:52:49.144 [main] DEBUG net.thucydides.core.steps.StepInterceptor -- STEP DONE: I PUT cart HTTP request with invalid data cart
  &amp#27;[32mWhen &amp#27;[0m&amp#27;[32mI PUT cart HTTP request with invalid data cart&amp#27;[0m           &amp#27;[90m# starter.stepdefinition.CartSteps.putCartRequestWithInvalidDataCart()&amp#27;[0m
14:52:49.146 [main] DEBUG net.thucydides.core.steps.StepInterceptor -- STARTING STEP: CartSteps.receiveInvalidDataForUpdatedCart - I receive invalid data for updated cart
14:52:49.146 [main] DEBUG net.thucydides.core.steps.StepInterceptor -- STEP DONE: I receive invalid data for updated cart
  &amp#27;[32mAnd &amp#27;[0m&amp#27;[32mI receive invalid data for updated cart&amp#27;[0m                   &amp#27;[90m# starter.stepdefinition.CartSteps.receiveInvalidDataForUpdatedCart()&amp#27;[0m
14:52:49.148 [main] DEBUG net.thucydides.core.steps.StepInterceptor -- STARTING STEP: CartSteps.receiveInvalidPUTCartResponseCode2404 - I receive invalid PUT cart response code 404
14:52:49.148 [main] DEBUG net.thucydides.core.steps.StepInterceptor -- STEP DONE: I receive invalid PUT cart response code 404
  &amp#27;[32mThen &amp#27;[0m&amp#27;[32mI receive invalid PUT cart response code 404&amp#27;[0m             &amp#27;[90m# starter.stepdefinition.CartSteps.receiveInvalidPUTCartResponseCode2404()&amp#27;[0m
14:52:49.149 [main] INFO  -- 
  _____   ___   ___   _____     ___     _     ___   ___   ___   ___  
 |_   _| | __| / __| |_   _|   | _ \   /_\   / __| / __| | __| |   \ 
   | |   | _|  \__ \   | |     |  _/  / _ \  \__ \ \__ \ | _|  | |) |
   |_|   |___| |___/   |_|     |_|   /_/ \_\ |___/ |___/ |___| |___/ 

[Negative] - CART_PUT existing cart with invalid data
----------------------------------------------------------------------
]]></system-out>
  </testcase>
  <testcase name="[Positive] - CART_DELETE existing cart with valid id" classname="Cart" time="0.63">
    <system-out><![CDATA[
Scenario: [Positive] - CART_DELETE existing cart with valid id &amp#27;[90m# src/test/resources/Cart.feature:89&amp#27;[0m
14:52:49.152 [main] INFO io.cucumber.core.plugin.SerenityReporter -- Running feature from file:///D:/SEMESTER%205/All%20Section/Section%203%20-%20Code%20Competence/Code%20Competence%20KM%20QA%202/Weekly2/src/test/resources/Cart.feature
14:52:49.152 [main] WARN io.cucumber.core.plugin.SerenityReporter -- Feature from file:///D:/SEMESTER%205/All%20Section/Section%203%20-%20Code%20Competence/Code%20Competence%20KM%20QA%202/Weekly2/src/test/resources/Cart.feature is not under the 'features' directory. Requirements report will not be correctly generated!
14:52:49.154 [main] INFO  -- 
  _____   ___   ___   _____     ___   _____     _     ___   _____   ___   ___  
 |_   _| | __| / __| |_   _|   / __| |_   _|   /_\   | _ \ |_   _| | __| |   \ 
   | |   | _|  \__ \   | |     \__ \   | |    / _ \  |   /   | |   | _|  | |) |
   |_|   |___| |___/   |_|     |___/   |_|   /_/ \_\ |_|_\   |_|   |___| |___/ 

[Positive] - CART_DELETE existing cart with valid id(cart;[positive]---cart-delete-existing-cart-with-valid-id)
--------------------------------------------------------------------------------
14:52:49.160 [main] DEBUG net.thucydides.core.steps.StepInterceptor -- STARTING STEP: CartSteps.eleteAPICartWithValidIDEndpoint - I DELETE API cart with valid id endpoints
14:52:49.160 [main] DEBUG net.thucydides.core.steps.StepInterceptor -- STEP DONE: I DELETE API cart with valid id endpoints
  &amp#27;[32mGiven &amp#27;[0m&amp#27;[32mI DELETE API cart with valid id endpoints&amp#27;[0m              &amp#27;[90m# starter.stepdefinition.CartSteps.eleteAPICartWithValidIDEndpoint()&amp#27;[0m
14:52:49.163 [main] DEBUG net.thucydides.core.steps.StepInterceptor -- STARTING STEP: CartSteps.deleteCartValidIDRequest - I DELETE cart HTTP request with valid id
14:52:49.164 [main] DEBUG net.thucydides.core.steps.StepInterceptor -- STARTING STEP: Cart.deleteCartValidIDRequest - I DELETE API cart with valid id endpoints
14:52:49.164 [main] DEBUG net.thucydides.core.steps.StepInterceptor -- STEP DONE: I DELETE API cart with valid id endpoints
14:52:49.175 [main] DEBUG org.apache.http.impl.conn.BasicClientConnectionManager -- Get connection for route {s}->https://fakestoreapi.com:443
14:52:49.175 [main] DEBUG org.apache.http.impl.conn.DefaultClientConnectionOperator -- Connecting to fakestoreapi.com:443
14:52:49.230 [main] DEBUG org.apache.http.client.protocol.RequestAddCookies -- CookieSpec selected: ignoreCookies
14:52:49.230 [main] DEBUG org.apache.http.client.protocol.RequestAuthCache -- Auth cache not set in the context
14:52:49.230 [main] DEBUG org.apache.http.client.protocol.RequestTargetAuthentication -- Target auth state: UNCHALLENGED
14:52:49.230 [main] DEBUG org.apache.http.client.protocol.RequestProxyAuthentication -- Proxy auth state: UNCHALLENGED
14:52:49.230 [main] DEBUG org.apache.http.impl.client.DefaultHttpClient -- Attempt 1 to execute request
14:52:49.230 [main] DEBUG org.apache.http.impl.conn.DefaultClientConnection -- Sending request: DELETE /products/6 HTTP/1.1
14:52:49.230 [main] DEBUG org.apache.http.wire --  >> "DELETE /products/6 HTTP/1.1[\r][\n]"
14:52:49.230 [main] DEBUG org.apache.http.wire --  >> "Accept: */*[\r][\n]"
14:52:49.230 [main] DEBUG org.apache.http.wire --  >> "Host: fakestoreapi.com[\r][\n]"
14:52:49.230 [main] DEBUG org.apache.http.wire --  >> "Connection: Keep-Alive[\r][\n]"
14:52:49.230 [main] DEBUG org.apache.http.wire --  >> "User-Agent: Apache-HttpClient/4.5.13 (Java/17.0.8)[\r][\n]"
14:52:49.230 [main] DEBUG org.apache.http.wire --  >> "Accept-Encoding: gzip,deflate[\r][\n]"
14:52:49.230 [main] DEBUG org.apache.http.wire --  >> "[\r][\n]"
14:52:49.230 [main] DEBUG org.apache.http.headers -- >> DELETE /products/6 HTTP/1.1
14:52:49.230 [main] DEBUG org.apache.http.headers -- >> Accept: */*
14:52:49.230 [main] DEBUG org.apache.http.headers -- >> Host: fakestoreapi.com
14:52:49.230 [main] DEBUG org.apache.http.headers -- >> Connection: Keep-Alive
14:52:49.230 [main] DEBUG org.apache.http.headers -- >> User-Agent: Apache-HttpClient/4.5.13 (Java/17.0.8)
14:52:49.230 [main] DEBUG org.apache.http.headers -- >> Accept-Encoding: gzip,deflate
14:52:49.772 [main] DEBUG org.apache.http.wire --  << "HTTP/1.1 200 OK[\r][\n]"
14:52:49.773 [main] DEBUG org.apache.http.wire --  << "Date: Fri, 06 Oct 2023 07:52:50 GMT[\r][\n]"
14:52:49.773 [main] DEBUG org.apache.http.wire --  << "Content-Type: application/json; charset=utf-8[\r][\n]"
14:52:49.773 [main] DEBUG org.apache.http.wire --  << "Transfer-Encoding: chunked[\r][\n]"
14:52:49.773 [main] DEBUG org.apache.http.wire --  << "Connection: keep-alive[\r][\n]"
14:52:49.773 [main] DEBUG org.apache.http.wire --  << "Access-Control-Allow-Origin: *[\r][\n]"
14:52:49.773 [main] DEBUG org.apache.http.wire --  << "Etag: W/"191-EV97H53ZS0vezbgpImU4b+hiAfg"[\r][\n]"
14:52:49.773 [main] DEBUG org.apache.http.wire --  << "X-Powered-By: Express[\r][\n]"
14:52:49.773 [main] DEBUG org.apache.http.wire --  << "CF-Cache-Status: DYNAMIC[\r][\n]"
14:52:49.773 [main] DEBUG org.apache.http.wire --  << "Report-To: {"endpoints":[{"url":"https:\/\/a.nel.cloudflare.com\/report\/v3?s=q%2BZiw8vO3B2pm8hzwj9iSxlJd0OUtnIzTfYmAcf%2F%2BWPxmzvSbB9vRxliO988qp5%2BCHHemRAatleQ%2FPLDuQ%2FbVgkME9TdL5qa6RuoEs%2FlSmZBrJE45wY3jW3cuFrGZ7cZNyYM"}],"group":"cf-nel","max_age":604800}[\r][\n]"
14:52:49.773 [main] DEBUG org.apache.http.wire --  << "NEL: {"success_fraction":0,"report_to":"cf-nel","max_age":604800}[\r][\n]"
14:52:49.773 [main] DEBUG org.apache.http.wire --  << "Server: cloudflare[\r][\n]"
14:52:49.773 [main] DEBUG org.apache.http.wire --  << "CF-RAY: 811c53c25d2487bf-SIN[\r][\n]"
14:52:49.773 [main] DEBUG org.apache.http.wire --  << "Content-Encoding: gzip[\r][\n]"
14:52:49.773 [main] DEBUG org.apache.http.wire --  << "alt-svc: h3=":443"; ma=86400[\r][\n]"
14:52:49.773 [main] DEBUG org.apache.http.wire --  << "[\r][\n]"
14:52:49.773 [main] DEBUG org.apache.http.impl.conn.DefaultClientConnection -- Receiving response: HTTP/1.1 200 OK
14:52:49.773 [main] DEBUG org.apache.http.headers -- << HTTP/1.1 200 OK
14:52:49.773 [main] DEBUG org.apache.http.headers -- << Date: Fri, 06 Oct 2023 07:52:50 GMT
14:52:49.773 [main] DEBUG org.apache.http.headers -- << Content-Type: application/json; charset=utf-8
14:52:49.773 [main] DEBUG org.apache.http.headers -- << Transfer-Encoding: chunked
14:52:49.773 [main] DEBUG org.apache.http.headers -- << Connection: keep-alive
14:52:49.773 [main] DEBUG org.apache.http.headers -- << Access-Control-Allow-Origin: *
14:52:49.773 [main] DEBUG org.apache.http.headers -- << Etag: W/"191-EV97H53ZS0vezbgpImU4b+hiAfg"
14:52:49.773 [main] DEBUG org.apache.http.headers -- << X-Powered-By: Express
14:52:49.773 [main] DEBUG org.apache.http.headers -- << CF-Cache-Status: DYNAMIC
14:52:49.773 [main] DEBUG org.apache.http.headers -- << Report-To: {"endpoints":[{"url":"https:\/\/a.nel.cloudflare.com\/report\/v3?s=q%2BZiw8vO3B2pm8hzwj9iSxlJd0OUtnIzTfYmAcf%2F%2BWPxmzvSbB9vRxliO988qp5%2BCHHemRAatleQ%2FPLDuQ%2FbVgkME9TdL5qa6RuoEs%2FlSmZBrJE45wY3jW3cuFrGZ7cZNyYM"}],"group":"cf-nel","max_age":604800}
14:52:49.773 [main] DEBUG org.apache.http.headers -- << NEL: {"success_fraction":0,"report_to":"cf-nel","max_age":604800}
14:52:49.773 [main] DEBUG org.apache.http.headers -- << Server: cloudflare
14:52:49.773 [main] DEBUG org.apache.http.headers -- << CF-RAY: 811c53c25d2487bf-SIN
14:52:49.773 [main] DEBUG org.apache.http.headers -- << Content-Encoding: gzip
14:52:49.773 [main] DEBUG org.apache.http.headers -- << alt-svc: h3=":443"; ma=86400
14:52:49.773 [main] DEBUG org.apache.http.impl.client.DefaultHttpClient -- Connection can be kept alive indefinitely
14:52:49.773 [main] DEBUG io.restassured.internal.RestAssuredHttpBuilder -- Parsing response as: application/json; charset=utf-8
14:52:49.773 [main] DEBUG org.apache.http.wire --  << "11c[\r][\n]"
14:52:49.773 [main] DEBUG org.apache.http.wire --  << "[0x1f][0x8b][0x8][0x0][0x0][0x0][0x0][0x0][0x0][0x3][0xac][0x90][0xc1]N[0xc3]0[0x10]De[0xb5]g[0xcb]iU[0x8][0xe0][0x1b]*R9[0xa4][0x12]P[0xf5][0x1c]-[0xf6]6[0xd9][0x92][0xda][0x91][0xbd][0xa5][0x84][0xaa][0xff][0x8e][0xf2][0xf][0xdc]f[0xe]O[0xf3]4W[0x94][0x80][0xae]6[0xa8][0xa2][0x3][0xa3][0xc3]][0x1a]$[0xc0]&[\r][0x1][0xde]XE[0x19][0xb6][0xe2]s[0x1a][0xe9][0x9b][0x1][\r][0x8e]Y<[0xa3][[0xd6][0x8f][0x6][0x3][0x17][0x9f]eTIq[0x6]I[0xa5][0x1c][0xc8][0xcf][0x15]6g[0xca][0x14][0x95]9X[0xf8]`=[0xe7][0x8])[0x3][0xff][0xf8][0x9e]b[0xc7]@q[0x82][0x94][0x3]g[0xb8][0x88][0xf6][0x12]a[0xb5][0x80]@S[0xb1]/\[0xa4][0x8b][0x1c][0x80]b[0x80]2K|N[0xf0]J[0x7][0xe6]_XsT[0xce] [0x11][0xb4]g[0xd8]GQ[0xe][0xb0]SR.[0x16][0xfe]e[0x1d][\r]zR[0xee]R[0x9e][0xd0][0xe1][0x91]/<p[0x9e][0xd0][0xa0][0x9c][0xa8][0x9b][0xcf][0xe9]U[0xc7][0xe2][0xaa][0xea]@_\4e[0xa6]Q[0xac]O[0xa7]JN]U/[0xcb][0xe7]V[0xf6]1m[0x1a][0xdb]>[0xaf][0xdb]}S[0xdf]-[0xda][0xf7][0xa6][0xbe]o[0xb7][0xcd][0xaa][0xb5][0xc7][0xb1]C[0x83][0x99]Tb[0x87][0xee]:'F[0xb7][0xb2]O[0x6]}:GE[0xf7][0xb0][0xb8][0xdd][0xfe][0x0][0x0][0x0][0xff][0xff][0x3][0x0]b[0xe4][0xde]@[0x91][0x1][0x0][0x0]"
14:52:49.773 [main] DEBUG org.apache.http.wire --  << "[\r][\n]"
14:52:49.773 [main] DEBUG org.apache.http.wire --  << "0[\r][\n]"
14:52:49.773 [main] DEBUG org.apache.http.wire --  << "[\r][\n]"
14:52:49.773 [main] DEBUG io.restassured.internal.RestAssuredHttpBuilder -- Parsed data to instance of: class org.apache.http.conn.EofSensorInputStream
14:52:49.775 [main] DEBUG org.apache.http.impl.conn.BasicClientConnectionManager -- Releasing connection org.apache.http.impl.conn.ManagedClientConnectionImpl@35217e0
14:52:49.775 [main] DEBUG org.apache.http.impl.conn.BasicClientConnectionManager -- Connection can be kept alive indefinitely
14:52:49.775 [main] DEBUG net.thucydides.core.steps.StepInterceptor -- STEP DONE: I DELETE cart HTTP request with valid id
  &amp#27;[32mWhen &amp#27;[0m&amp#27;[32mI DELETE cart HTTP request with valid id&amp#27;[0m                &amp#27;[90m# starter.stepdefinition.CartSteps.deleteCartValidIDRequest()&amp#27;[0m
14:52:49.777 [main] DEBUG net.thucydides.core.steps.StepInterceptor -- STARTING STEP: CartSteps.receiveValidDELETECartResponseCode200 - I receive valid DELETE cart response code 200
14:52:49.778 [main] DEBUG net.thucydides.core.steps.StepInterceptor -- STEP DONE: I receive valid DELETE cart response code 200
  &amp#27;[32mAnd &amp#27;[0m&amp#27;[32mI receive valid DELETE cart response code 200&amp#27;[0m            &amp#27;[90m# starter.stepdefinition.CartSteps.receiveValidDELETECartResponseCode200()&amp#27;[0m
14:52:49.778 [main] INFO  -- 
  _____   ___   ___   _____     ___     _     ___   ___   ___   ___  
 |_   _| | __| / __| |_   _|   | _ \   /_\   / __| / __| | __| |   \ 
   | |   | _|  \__ \   | |     |  _/  / _ \  \__ \ \__ \ | _|  | |) |
   |_|   |___| |___/   |_|     |_|   /_/ \_\ |___/ |___/ |___| |___/ 

[Positive] - CART_DELETE existing cart with valid id
----------------------------------------------------------------------
]]></system-out>
  </testcase>
  <testcase name="[Negative] - CART_DELETE existing cart with invalid id" classname="Cart" time="0.455">
    <system-out><![CDATA[
Scenario: [Negative] - CART_DELETE existing cart with invalid id &amp#27;[90m# src/test/resources/Cart.feature:94&amp#27;[0m
14:52:49.782 [main] INFO io.cucumber.core.plugin.SerenityReporter -- Running feature from file:///D:/SEMESTER%205/All%20Section/Section%203%20-%20Code%20Competence/Code%20Competence%20KM%20QA%202/Weekly2/src/test/resources/Cart.feature
14:52:49.782 [main] WARN io.cucumber.core.plugin.SerenityReporter -- Feature from file:///D:/SEMESTER%205/All%20Section/Section%203%20-%20Code%20Competence/Code%20Competence%20KM%20QA%202/Weekly2/src/test/resources/Cart.feature is not under the 'features' directory. Requirements report will not be correctly generated!
14:52:49.782 [main] INFO  -- 
  _____   ___   ___   _____     ___   _____     _     ___   _____   ___   ___  
 |_   _| | __| / __| |_   _|   / __| |_   _|   /_\   | _ \ |_   _| | __| |   \ 
   | |   | _|  \__ \   | |     \__ \   | |    / _ \  |   /   | |   | _|  | |) |
   |_|   |___| |___/   |_|     |___/   |_|   /_/ \_\ |_|_\   |_|   |___| |___/ 

[Negative] - CART_DELETE existing cart with invalid id(cart;[negative]---cart-delete-existing-cart-with-invalid-id)
--------------------------------------------------------------------------------
14:52:49.787 [main] DEBUG net.thucydides.core.steps.StepInterceptor -- STARTING STEP: CartSteps.deleteAPICartWithInvalidIDEndpoint - I DELETE API cart with invalid id endpoints
14:52:49.787 [main] DEBUG net.thucydides.core.steps.StepInterceptor -- STEP DONE: I DELETE API cart with invalid id endpoints
  &amp#27;[32mGiven &amp#27;[0m&amp#27;[32mI DELETE API cart with invalid id endpoints&amp#27;[0m              &amp#27;[90m# starter.stepdefinition.CartSteps.deleteAPICartWithInvalidIDEndpoint()&amp#27;[0m
14:52:49.788 [main] DEBUG net.thucydides.core.steps.StepInterceptor -- STARTING STEP: CartSteps.deleteCartInvalidIDRequest - I DELETE cart HTTP request with invalid id
14:52:49.789 [main] DEBUG net.thucydides.core.steps.StepInterceptor -- STARTING STEP: Cart.deleteCartInvalidIDRequest - I DELETE API cart with invalid id endpoints
14:52:49.789 [main] DEBUG net.thucydides.core.steps.StepInterceptor -- STEP DONE: I DELETE API cart with invalid id endpoints
14:52:49.793 [main] DEBUG org.apache.http.impl.conn.BasicClientConnectionManager -- Get connection for route {s}->https://fakestoreapi.com:443
14:52:49.794 [main] DEBUG org.apache.http.impl.conn.DefaultClientConnectionOperator -- Connecting to fakestoreapi.com:443
14:52:49.863 [main] DEBUG org.apache.http.client.protocol.RequestAddCookies -- CookieSpec selected: ignoreCookies
14:52:49.863 [main] DEBUG org.apache.http.client.protocol.RequestAuthCache -- Auth cache not set in the context
14:52:49.863 [main] DEBUG org.apache.http.client.protocol.RequestTargetAuthentication -- Target auth state: UNCHALLENGED
14:52:49.863 [main] DEBUG org.apache.http.client.protocol.RequestProxyAuthentication -- Proxy auth state: UNCHALLENGED
14:52:49.863 [main] DEBUG org.apache.http.impl.client.DefaultHttpClient -- Attempt 1 to execute request
14:52:49.863 [main] DEBUG org.apache.http.impl.conn.DefaultClientConnection -- Sending request: DELETE /product/6 HTTP/1.1
14:52:49.863 [main] DEBUG org.apache.http.wire --  >> "DELETE /product/6 HTTP/1.1[\r][\n]"
14:52:49.863 [main] DEBUG org.apache.http.wire --  >> "Accept: */*[\r][\n]"
14:52:49.863 [main] DEBUG org.apache.http.wire --  >> "Host: fakestoreapi.com[\r][\n]"
14:52:49.863 [main] DEBUG org.apache.http.wire --  >> "Connection: Keep-Alive[\r][\n]"
14:52:49.863 [main] DEBUG org.apache.http.wire --  >> "User-Agent: Apache-HttpClient/4.5.13 (Java/17.0.8)[\r][\n]"
14:52:49.863 [main] DEBUG org.apache.http.wire --  >> "Accept-Encoding: gzip,deflate[\r][\n]"
14:52:49.863 [main] DEBUG org.apache.http.wire --  >> "[\r][\n]"
14:52:49.863 [main] DEBUG org.apache.http.headers -- >> DELETE /product/6 HTTP/1.1
14:52:49.863 [main] DEBUG org.apache.http.headers -- >> Accept: */*
14:52:49.863 [main] DEBUG org.apache.http.headers -- >> Host: fakestoreapi.com
14:52:49.863 [main] DEBUG org.apache.http.headers -- >> Connection: Keep-Alive
14:52:49.863 [main] DEBUG org.apache.http.headers -- >> User-Agent: Apache-HttpClient/4.5.13 (Java/17.0.8)
14:52:49.863 [main] DEBUG org.apache.http.headers -- >> Accept-Encoding: gzip,deflate
14:52:50.227 [main] DEBUG org.apache.http.wire --  << "HTTP/1.1 404 Not Found[\r][\n]"
14:52:50.227 [main] DEBUG org.apache.http.wire --  << "Date: Fri, 06 Oct 2023 07:52:51 GMT[\r][\n]"
14:52:50.227 [main] DEBUG org.apache.http.wire --  << "Content-Type: text/html; charset=utf-8[\r][\n]"
14:52:50.227 [main] DEBUG org.apache.http.wire --  << "Transfer-Encoding: chunked[\r][\n]"
14:52:50.227 [main] DEBUG org.apache.http.wire --  << "Connection: keep-alive[\r][\n]"
14:52:50.227 [main] DEBUG org.apache.http.wire --  << "Access-Control-Allow-Origin: *[\r][\n]"
14:52:50.227 [main] DEBUG org.apache.http.wire --  << "Content-Security-Policy: default-src 'none'[\r][\n]"
14:52:50.227 [main] DEBUG org.apache.http.wire --  << "X-Content-Type-Options: nosniff[\r][\n]"
14:52:50.227 [main] DEBUG org.apache.http.wire --  << "X-Powered-By: Express[\r][\n]"
14:52:50.227 [main] DEBUG org.apache.http.wire --  << "CF-Cache-Status: DYNAMIC[\r][\n]"
14:52:50.227 [main] DEBUG org.apache.http.wire --  << "Report-To: {"endpoints":[{"url":"https:\/\/a.nel.cloudflare.com\/report\/v3?s=qoHUm2AqnIQj2JfUljLIWi2uXLX1K9hGqUaqV1YNcIAfwkK7NhhKxhFwUziNe%2FK60V%2B%2Fkbztw2ChZw6BFLFDwJJV3byC%2Bbm44sPzxfBwXvB%2FpKqStZvf6R0HTUENzIVxImMb"}],"group":"cf-nel","max_age":604800}[\r][\n]"
14:52:50.227 [main] DEBUG org.apache.http.wire --  << "NEL: {"success_fraction":0,"report_to":"cf-nel","max_age":604800}[\r][\n]"
14:52:50.227 [main] DEBUG org.apache.http.wire --  << "Server: cloudflare[\r][\n]"
14:52:50.227 [main] DEBUG org.apache.http.wire --  << "CF-RAY: 811c53c64f81ab49-SIN[\r][\n]"
14:52:50.227 [main] DEBUG org.apache.http.wire --  << "Content-Encoding: gzip[\r][\n]"
14:52:50.227 [main] DEBUG org.apache.http.wire --  << "alt-svc: h3=":443"; ma=86400[\r][\n]"
14:52:50.227 [main] DEBUG org.apache.http.wire --  << "[\r][\n]"
14:52:50.227 [main] DEBUG org.apache.http.impl.conn.DefaultClientConnection -- Receiving response: HTTP/1.1 404 Not Found
14:52:50.227 [main] DEBUG org.apache.http.headers -- << HTTP/1.1 404 Not Found
14:52:50.227 [main] DEBUG org.apache.http.headers -- << Date: Fri, 06 Oct 2023 07:52:51 GMT
14:52:50.227 [main] DEBUG org.apache.http.headers -- << Content-Type: text/html; charset=utf-8
14:52:50.227 [main] DEBUG org.apache.http.headers -- << Transfer-Encoding: chunked
14:52:50.227 [main] DEBUG org.apache.http.headers -- << Connection: keep-alive
14:52:50.227 [main] DEBUG org.apache.http.headers -- << Access-Control-Allow-Origin: *
14:52:50.227 [main] DEBUG org.apache.http.headers -- << Content-Security-Policy: default-src 'none'
14:52:50.227 [main] DEBUG org.apache.http.headers -- << X-Content-Type-Options: nosniff
14:52:50.227 [main] DEBUG org.apache.http.headers -- << X-Powered-By: Express
14:52:50.227 [main] DEBUG org.apache.http.headers -- << CF-Cache-Status: DYNAMIC
14:52:50.227 [main] DEBUG org.apache.http.headers -- << Report-To: {"endpoints":[{"url":"https:\/\/a.nel.cloudflare.com\/report\/v3?s=qoHUm2AqnIQj2JfUljLIWi2uXLX1K9hGqUaqV1YNcIAfwkK7NhhKxhFwUziNe%2FK60V%2B%2Fkbztw2ChZw6BFLFDwJJV3byC%2Bbm44sPzxfBwXvB%2FpKqStZvf6R0HTUENzIVxImMb"}],"group":"cf-nel","max_age":604800}
14:52:50.227 [main] DEBUG org.apache.http.headers -- << NEL: {"success_fraction":0,"report_to":"cf-nel","max_age":604800}
14:52:50.227 [main] DEBUG org.apache.http.headers -- << Server: cloudflare
14:52:50.227 [main] DEBUG org.apache.http.headers -- << CF-RAY: 811c53c64f81ab49-SIN
14:52:50.227 [main] DEBUG org.apache.http.headers -- << Content-Encoding: gzip
14:52:50.227 [main] DEBUG org.apache.http.headers -- << alt-svc: h3=":443"; ma=86400
14:52:50.227 [main] DEBUG org.apache.http.impl.client.DefaultHttpClient -- Connection can be kept alive indefinitely
14:52:50.228 [main] DEBUG io.restassured.internal.RestAssuredHttpBuilder -- Parsing response as: text/html; charset=utf-8
14:52:50.228 [main] DEBUG org.apache.http.wire --  << "94[\r][\n]"
14:52:50.228 [main] DEBUG org.apache.http.wire --  << "[0x1f][0x8b][0x8][0x0][0x0][0x0][0x0][0x0][0x0][0x3],[0x8e][0xb1][0xe][0xc2]0[0xc]D[0xf7]|E[0xc8][0x8e][0xbc][0xa1][0xe]n[0x96]6[0x1b]R[0x19][0xba]0[0x9a][0xc6]P[0xa4]4[0xa9][0x8c];[0xf4][0xef]Q[0xa0][0xd3][0xe9][0xee][0xdd]I[0x87][0xa7]~[0xe8][0xc6][0xfb]-[0xd8]Y[0x97][0xe4][\r]V[0xb1][0x89][0xf2][0xab]u[0x9c]][\r][0x98][0xa2]7[0xb8][0xb0][0x92][0x9d]f[0x92][0xf]k[0xeb]6}[0x9e][0x9b]J[0xf5][0xad][0x89]}[0x10])[0x82][0xf0]7[0x6][0xe1][0xd8]<J[0xdc][0xbd][0xc1]U[0xd8]w[0x94]sQ[0xdb][0x87]k[0x18][0x83][0x85]UJ[0xdc]&[0x85][0xb]B[0xa5][0x6][0xe1][0xe8][0xc2][0xef][0xc6][0x17][0x0][0x0][0xff][0xff][0xe3][0x2][0x0][0x17]+v[0x1c][0x97][0x0][0x0][0x0]"
14:52:50.228 [main] DEBUG org.apache.http.wire --  << "[\r][\n]"
14:52:50.228 [main] DEBUG org.apache.http.wire --  << "0[\r][\n]"
14:52:50.228 [main] DEBUG org.apache.http.wire --  << "[\r][\n]"
14:52:50.228 [main] DEBUG io.restassured.internal.RestAssuredHttpBuilder -- Parsed data to instance of: class org.apache.http.conn.EofSensorInputStream
14:52:50.229 [main] DEBUG org.apache.http.impl.conn.BasicClientConnectionManager -- Releasing connection org.apache.http.impl.conn.ManagedClientConnectionImpl@53c21c05
14:52:50.229 [main] DEBUG org.apache.http.impl.conn.BasicClientConnectionManager -- Connection can be kept alive indefinitely
14:52:50.229 [main] DEBUG net.thucydides.core.steps.StepInterceptor -- STEP DONE: I DELETE cart HTTP request with invalid id
  &amp#27;[32mWhen &amp#27;[0m&amp#27;[32mI DELETE cart HTTP request with invalid id&amp#27;[0m                &amp#27;[90m# starter.stepdefinition.CartSteps.deleteCartInvalidIDRequest()&amp#27;[0m
14:52:50.231 [main] DEBUG net.thucydides.core.steps.StepInterceptor -- STARTING STEP: CartSteps.receiveInvalidDELETECartResponseCode404 - I receive invalid DELETE cart response code 404
14:52:50.232 [main] DEBUG net.thucydides.core.steps.StepInterceptor -- STEP DONE: I receive invalid DELETE cart response code 404
  &amp#27;[32mAnd &amp#27;[0m&amp#27;[32mI receive invalid DELETE cart response code 404&amp#27;[0m            &amp#27;[90m# starter.stepdefinition.CartSteps.receiveInvalidDELETECartResponseCode404()&amp#27;[0m
14:52:50.233 [main] INFO  -- 
  _____   ___   ___   _____     ___     _     ___   ___   ___   ___  
 |_   _| | __| / __| |_   _|   | _ \   /_\   / __| / __| | __| |   \ 
   | |   | _|  \__ \   | |     |  _/  / _ \  \__ \ \__ \ | _|  | |) |
   |_|   |___| |___/   |_|     |_|   /_/ \_\ |___/ |___/ |___| |___/ 

[Negative] - CART_DELETE existing cart with invalid id
----------------------------------------------------------------------
]]></system-out>
  </testcase>
  <testcase name="[Positive] - LOGIN_As admin I have be able to login" classname="Login" time="1.233">
    <system-out><![CDATA[14:52:50.234 [main] INFO io.cucumber.core.plugin.SerenityReporter -- Running feature from file:///D:/SEMESTER%205/All%20Section/Section%203%20-%20Code%20Competence/Code%20Competence%20KM%20QA%202/Weekly2/src/test/resources/Login.feature
14:52:50.235 [main] WARN io.cucumber.core.plugin.SerenityReporter -- Feature from file:///D:/SEMESTER%205/All%20Section/Section%203%20-%20Code%20Competence/Code%20Competence%20KM%20QA%202/Weekly2/src/test/resources/Login.feature is not under the 'features' directory. Requirements report will not be correctly generated!
14:52:50.235 [main] DEBUG net.thucydides.core.steps.StepEventBus -- Test suite started for story net.thucydides.core.model.Story@b7657a3a
14:52:50.235 [main] INFO  -- Test Suite Started: Login

Scenario: [Positive] - LOGIN_As admin I have be able to login &amp#27;[90m# src/test/resources/Login.feature:3&amp#27;[0m
14:52:50.239 [main] INFO io.cucumber.core.plugin.SerenityReporter -- Running feature from file:///D:/SEMESTER%205/All%20Section/Section%203%20-%20Code%20Competence/Code%20Competence%20KM%20QA%202/Weekly2/src/test/resources/Login.feature
14:52:50.239 [main] WARN io.cucumber.core.plugin.SerenityReporter -- Feature from file:///D:/SEMESTER%205/All%20Section/Section%203%20-%20Code%20Competence/Code%20Competence%20KM%20QA%202/Weekly2/src/test/resources/Login.feature is not under the 'features' directory. Requirements report will not be correctly generated!
14:52:50.239 [main] INFO  -- 
  _____   ___   ___   _____     ___   _____     _     ___   _____   ___   ___  
 |_   _| | __| / __| |_   _|   / __| |_   _|   /_\   | _ \ |_   _| | __| |   \ 
   | |   | _|  \__ \   | |     \__ \   | |    / _ \  |   /   | |   | _|  | |) |
   |_|   |___| |___/   |_|     |___/   |_|   /_/ \_\ |_|_\   |_|   |___| |___/ 

[Positive] - LOGIN_As admin I have be able to login(login;[positive]---login-as-admin-i-have-be-able-to-login)
--------------------------------------------------------------------------------
14:52:50.248 [Finalizer] DEBUG org.apache.http.impl.conn.DefaultClientConnection -- Connection 0.0.0.0:50988<->104.21.87.105:443 closed
14:52:50.248 [Finalizer] DEBUG org.apache.http.impl.conn.DefaultClientConnection -- Connection 0.0.0.0:50990<->104.21.87.105:443 closed
14:52:50.248 [Finalizer] DEBUG org.apache.http.impl.conn.DefaultClientConnection -- Connection 0.0.0.0:50991<->104.21.87.105:443 closed
14:52:50.249 [Finalizer] DEBUG org.apache.http.impl.conn.DefaultClientConnection -- Connection 0.0.0.0:50992<->104.21.87.105:443 closed
14:52:50.251 [main] DEBUG net.thucydides.core.steps.StepInterceptor -- STARTING STEP: LoginSteps.setGetEndpointsUrl - I set POST endpoints url
14:52:50.251 [main] DEBUG net.thucydides.core.steps.StepInterceptor -- STEP DONE: I set POST endpoints url
  &amp#27;[32mGiven &amp#27;[0m&amp#27;[32mI set POST endpoints url&amp#27;[0m                              &amp#27;[90m# starter.stepdefinition.LoginSteps.setGetEndpointsUrl()&amp#27;[0m
14:52:50.254 [main] DEBUG net.thucydides.core.steps.StepInterceptor -- STARTING STEP: LoginSteps.postHTTPrequest - I send POST HTTP request url
14:52:50.254 [main] DEBUG net.thucydides.core.steps.StepInterceptor -- STARTING STEP: Login.postHTTPrequest - I set POST endpoints url
14:52:50.255 [main] DEBUG net.thucydides.core.steps.StepInterceptor -- STEP DONE: I set POST endpoints url
14:52:50.260 [main] DEBUG org.apache.http.impl.conn.BasicClientConnectionManager -- Get connection for route {s}->https://fakestoreapi.com:443
14:52:50.260 [main] DEBUG org.apache.http.impl.conn.DefaultClientConnectionOperator -- Connecting to fakestoreapi.com:443
14:52:50.586 [main] DEBUG org.apache.http.client.protocol.RequestAddCookies -- CookieSpec selected: ignoreCookies
14:52:50.586 [main] DEBUG org.apache.http.client.protocol.RequestAuthCache -- Auth cache not set in the context
14:52:50.586 [main] DEBUG org.apache.http.client.protocol.RequestTargetAuthentication -- Target auth state: UNCHALLENGED
14:52:50.586 [main] DEBUG org.apache.http.client.protocol.RequestProxyAuthentication -- Proxy auth state: UNCHALLENGED
14:52:50.586 [main] DEBUG org.apache.http.impl.client.DefaultHttpClient -- Attempt 1 to execute request
14:52:50.586 [main] DEBUG org.apache.http.impl.conn.DefaultClientConnection -- Sending request: POST /auth/login HTTP/1.1
14:52:50.586 [main] DEBUG org.apache.http.wire --  >> "POST /auth/login HTTP/1.1[\r][\n]"
14:52:50.586 [main] DEBUG org.apache.http.wire --  >> "Accept: */*[\r][\n]"
14:52:50.586 [main] DEBUG org.apache.http.wire --  >> "Content-Type: application/json[\r][\n]"
14:52:50.586 [main] DEBUG org.apache.http.wire --  >> "Content-Length: 43[\r][\n]"
14:52:50.586 [main] DEBUG org.apache.http.wire --  >> "Host: fakestoreapi.com[\r][\n]"
14:52:50.586 [main] DEBUG org.apache.http.wire --  >> "Connection: Keep-Alive[\r][\n]"
14:52:50.586 [main] DEBUG org.apache.http.wire --  >> "User-Agent: Apache-HttpClient/4.5.13 (Java/17.0.8)[\r][\n]"
14:52:50.586 [main] DEBUG org.apache.http.wire --  >> "Accept-Encoding: gzip,deflate[\r][\n]"
14:52:50.586 [main] DEBUG org.apache.http.wire --  >> "[\r][\n]"
14:52:50.586 [main] DEBUG org.apache.http.headers -- >> POST /auth/login HTTP/1.1
14:52:50.586 [main] DEBUG org.apache.http.headers -- >> Accept: */*
14:52:50.586 [main] DEBUG org.apache.http.headers -- >> Content-Type: application/json
14:52:50.586 [main] DEBUG org.apache.http.headers -- >> Content-Length: 43
14:52:50.586 [main] DEBUG org.apache.http.headers -- >> Host: fakestoreapi.com
14:52:50.586 [main] DEBUG org.apache.http.headers -- >> Connection: Keep-Alive
14:52:50.586 [main] DEBUG org.apache.http.headers -- >> User-Agent: Apache-HttpClient/4.5.13 (Java/17.0.8)
14:52:50.586 [main] DEBUG org.apache.http.headers -- >> Accept-Encoding: gzip,deflate
14:52:50.586 [main] DEBUG org.apache.http.wire --  >> "{"password":"83r5^_","username":"mor_2314"}"
14:52:51.448 [main] DEBUG org.apache.http.wire --  << "HTTP/1.1 200 OK[\r][\n]"
14:52:51.448 [main] DEBUG org.apache.http.wire --  << "Date: Fri, 06 Oct 2023 07:52:52 GMT[\r][\n]"
14:52:51.448 [main] DEBUG org.apache.http.wire --  << "Content-Type: application/json; charset=utf-8[\r][\n]"
14:52:51.448 [main] DEBUG org.apache.http.wire --  << "Transfer-Encoding: chunked[\r][\n]"
14:52:51.448 [main] DEBUG org.apache.http.wire --  << "Connection: keep-alive[\r][\n]"
14:52:51.448 [main] DEBUG org.apache.http.wire --  << "Access-Control-Allow-Origin: *[\r][\n]"
14:52:51.448 [main] DEBUG org.apache.http.wire --  << "Etag: W/"98-fkynA79NbLZaAOhfxiDSeIpCMow"[\r][\n]"
14:52:51.448 [main] DEBUG org.apache.http.wire --  << "X-Powered-By: Express[\r][\n]"
14:52:51.448 [main] DEBUG org.apache.http.wire --  << "CF-Cache-Status: DYNAMIC[\r][\n]"
14:52:51.448 [main] DEBUG org.apache.http.wire --  << "Report-To: {"endpoints":[{"url":"https:\/\/a.nel.cloudflare.com\/report\/v3?s=nXdOrlt%2BZDz4XXiI0RxVy15efBdQSAjlwritYJLv6vhHsf%2FUw285JcjqvDLfBm6KRzyuopFk%2Fi8fWq%2BwJmO33GdQHUFy1MvqqcWZpTvFike9tX%2FQeCVbT1cs7yD8GTJ4WmS9"}],"group":"cf-nel","max_age":604800}[\r][\n]"
14:52:51.448 [main] DEBUG org.apache.http.wire --  << "NEL: {"success_fraction":0,"report_to":"cf-nel","max_age":604800}[\r][\n]"
14:52:51.448 [main] DEBUG org.apache.http.wire --  << "Server: cloudflare[\r][\n]"
14:52:51.448 [main] DEBUG org.apache.http.wire --  << "CF-RAY: 811c53cacfe59fb6-SIN[\r][\n]"
14:52:51.448 [main] DEBUG org.apache.http.wire --  << "Content-Encoding: gzip[\r][\n]"
14:52:51.448 [main] DEBUG org.apache.http.wire --  << "alt-svc: h3=":443"; ma=86400[\r][\n]"
14:52:51.448 [main] DEBUG org.apache.http.wire --  << "[\r][\n]"
14:52:51.448 [main] DEBUG org.apache.http.impl.conn.DefaultClientConnection -- Receiving response: HTTP/1.1 200 OK
14:52:51.448 [main] DEBUG org.apache.http.headers -- << HTTP/1.1 200 OK
14:52:51.448 [main] DEBUG org.apache.http.headers -- << Date: Fri, 06 Oct 2023 07:52:52 GMT
14:52:51.448 [main] DEBUG org.apache.http.headers -- << Content-Type: application/json; charset=utf-8
14:52:51.448 [main] DEBUG org.apache.http.headers -- << Transfer-Encoding: chunked
14:52:51.448 [main] DEBUG org.apache.http.headers -- << Connection: keep-alive
14:52:51.448 [main] DEBUG org.apache.http.headers -- << Access-Control-Allow-Origin: *
14:52:51.448 [main] DEBUG org.apache.http.headers -- << Etag: W/"98-fkynA79NbLZaAOhfxiDSeIpCMow"
14:52:51.448 [main] DEBUG org.apache.http.headers -- << X-Powered-By: Express
14:52:51.448 [main] DEBUG org.apache.http.headers -- << CF-Cache-Status: DYNAMIC
14:52:51.448 [main] DEBUG org.apache.http.headers -- << Report-To: {"endpoints":[{"url":"https:\/\/a.nel.cloudflare.com\/report\/v3?s=nXdOrlt%2BZDz4XXiI0RxVy15efBdQSAjlwritYJLv6vhHsf%2FUw285JcjqvDLfBm6KRzyuopFk%2Fi8fWq%2BwJmO33GdQHUFy1MvqqcWZpTvFike9tX%2FQeCVbT1cs7yD8GTJ4WmS9"}],"group":"cf-nel","max_age":604800}
14:52:51.448 [main] DEBUG org.apache.http.headers -- << NEL: {"success_fraction":0,"report_to":"cf-nel","max_age":604800}
14:52:51.448 [main] DEBUG org.apache.http.headers -- << Server: cloudflare
14:52:51.448 [main] DEBUG org.apache.http.headers -- << CF-RAY: 811c53cacfe59fb6-SIN
14:52:51.448 [main] DEBUG org.apache.http.headers -- << Content-Encoding: gzip
14:52:51.448 [main] DEBUG org.apache.http.headers -- << alt-svc: h3=":443"; ma=86400
14:52:51.448 [main] DEBUG org.apache.http.impl.client.DefaultHttpClient -- Connection can be kept alive indefinitely
14:52:51.449 [main] DEBUG io.restassured.internal.RestAssuredHttpBuilder -- Parsing response as: application/json; charset=utf-8
14:52:51.449 [main] DEBUG org.apache.http.wire --  << "a7[\r][\n]"
14:52:51.449 [main] DEBUG org.apache.http.wire --  << "[0x1f][0x8b][0x8][0x0][0x0][0x0][0x0][0x0][0x0][0x3][0x14][0xcb][0xdd][\n]"
14:52:51.449 [main] DEBUG org.apache.http.wire --  << "[0x82]0[0x18][0x0][0xd0]w[0xd9][0x3]Hi[\n]"
14:52:51.449 [main] DEBUG org.apache.http.wire --  << "u'+[0xea][0x1b]n[0xc2]l[0xa6][0xdd][0xa5][[0xb8][0xf9][0x97][0xb8][0xa0][0x19][0xbd]{x}8_d[0xc7]V[\r][0xe8][0x80][0x94]#Mu[0xae]u[0xaa][0x9][0x88][0x5][0xb6]L[0xc3][0xc][0x3][0xf]k[0xc][0x11][0xb4][0xaf]"[0xc7]d[0xef])G[0x16]y[0x3][0x9d][0x9a][0x15][0xf3][0xe5]^[0xc0][0x1a]l[0x15][0x90]'5[0xf4][0xc3]0[0xcc][0xd0]w[0x8d][0xc4][0x10][0xd1]k[0x19]2#[0x82][0xf4]X[0x7]t[0xd8]x[0xa5][0xe4][0xc9]{[0xf4][0xb1]UM[0x19]K[0xba]cvzTY[0xc6]U[0xcc]'[0xa1]:[0xe2][0x9b][0x9d]s[0x89][0xb8][0xe8][0xfe][0x84]~[0x0][0x0][0x0][0xff][0xff][0x3][0x0][0xf5][0x3][0x1a][0x82][0x98][0x0][0x0][0x0]"
14:52:51.449 [main] DEBUG org.apache.http.wire --  << "[\r][\n]"
14:52:51.449 [main] DEBUG org.apache.http.wire --  << "0[\r][\n]"
14:52:51.449 [main] DEBUG org.apache.http.wire --  << "[\r][\n]"
14:52:51.449 [main] DEBUG io.restassured.internal.RestAssuredHttpBuilder -- Parsed data to instance of: class org.apache.http.conn.EofSensorInputStream
14:52:51.449 [main] DEBUG org.apache.http.impl.conn.BasicClientConnectionManager -- Releasing connection org.apache.http.impl.conn.ManagedClientConnectionImpl@54e3cba2
14:52:51.449 [main] DEBUG org.apache.http.impl.conn.BasicClientConnectionManager -- Connection can be kept alive indefinitely
14:52:51.449 [main] DEBUG net.thucydides.core.steps.StepInterceptor -- STEP DONE: I send POST HTTP request url
  &amp#27;[32mWhen &amp#27;[0m&amp#27;[32mI send POST HTTP request url&amp#27;[0m                           &amp#27;[90m# starter.stepdefinition.LoginSteps.postHTTPrequest()&amp#27;[0m
14:52:51.451 [main] DEBUG net.thucydides.core.steps.StepInterceptor -- STARTING STEP: LoginSteps.response - I received status code 200 and token
14:52:51.467 [main] DEBUG net.thucydides.core.steps.StepInterceptor -- STEP DONE: I received status code 200 and token
  &amp#27;[32mAnd &amp#27;[0m&amp#27;[32mI received status code 201 and token&amp#27;[0m                    &amp#27;[90m# starter.stepdefinition.LoginSteps.response()&amp#27;[0m
14:52:51.468 [main] INFO  -- 
  _____   ___   ___   _____     ___     _     ___   ___   ___   ___  
 |_   _| | __| / __| |_   _|   | _ \   /_\   / __| / __| | __| |   \ 
   | |   | _|  \__ \   | |     |  _/  / _ \  \__ \ \__ \ | _|  | |) |
   |_|   |___| |___/   |_|     |_|   /_/ \_\ |___/ |___/ |___| |___/ 

[Positive] - LOGIN_As admin I have be able to login
----------------------------------------------------------------------
]]></system-out>
  </testcase>
  <testcase name="[Negative] - LOGIN_As admin I can&apos;t login with missing data" classname="Login" time="0.468">
    <system-out><![CDATA[
Scenario: [Negative] - LOGIN_As admin I can't login with missing data &amp#27;[90m# src/test/resources/Login.feature:8&amp#27;[0m
14:52:51.474 [main] INFO io.cucumber.core.plugin.SerenityReporter -- Running feature from file:///D:/SEMESTER%205/All%20Section/Section%203%20-%20Code%20Competence/Code%20Competence%20KM%20QA%202/Weekly2/src/test/resources/Login.feature
14:52:51.474 [main] WARN io.cucumber.core.plugin.SerenityReporter -- Feature from file:///D:/SEMESTER%205/All%20Section/Section%203%20-%20Code%20Competence/Code%20Competence%20KM%20QA%202/Weekly2/src/test/resources/Login.feature is not under the 'features' directory. Requirements report will not be correctly generated!
14:52:51.475 [main] INFO  -- 
  _____   ___   ___   _____     ___   _____     _     ___   _____   ___   ___  
 |_   _| | __| / __| |_   _|   / __| |_   _|   /_\   | _ \ |_   _| | __| |   \ 
   | |   | _|  \__ \   | |     \__ \   | |    / _ \  |   /   | |   | _|  | |) |
   |_|   |___| |___/   |_|     |___/   |_|   /_/ \_\ |_|_\   |_|   |___| |___/ 

[Negative] - LOGIN_As admin I can't login with missing data(login;[negative]---login-as-admin-i-can-t-login-with-missing-data)
--------------------------------------------------------------------------------
14:52:51.478 [main] DEBUG net.thucydides.core.steps.StepInterceptor -- STARTING STEP: LoginSteps.setGetEndpoints - I set wrong POST endpoints
14:52:51.478 [main] DEBUG net.thucydides.core.steps.StepInterceptor -- STEP DONE: I set wrong POST endpoints
  &amp#27;[32mGiven &amp#27;[0m&amp#27;[32mI set wrong POST endpoints&amp#27;[0m                                    &amp#27;[90m# starter.stepdefinition.LoginSteps.setGetEndpoints()&amp#27;[0m
14:52:51.479 [main] DEBUG net.thucydides.core.steps.StepInterceptor -- STARTING STEP: LoginSteps.getHTTPrequest - Username and password is empty
14:52:51.480 [main] DEBUG net.thucydides.core.steps.StepInterceptor -- STARTING STEP: Login.getInvalidHTTPRequest - I set wrong POST endpoints
14:52:51.480 [main] DEBUG net.thucydides.core.steps.StepInterceptor -- STEP DONE: I set wrong POST endpoints
14:52:51.487 [main] DEBUG org.apache.http.impl.conn.BasicClientConnectionManager -- Get connection for route {s}->https://fakestoreapi.com:443
14:52:51.487 [main] DEBUG org.apache.http.impl.conn.DefaultClientConnectionOperator -- Connecting to fakestoreapi.com:443
14:52:51.558 [main] DEBUG org.apache.http.client.protocol.RequestAddCookies -- CookieSpec selected: ignoreCookies
14:52:51.558 [main] DEBUG org.apache.http.client.protocol.RequestAuthCache -- Auth cache not set in the context
14:52:51.558 [main] DEBUG org.apache.http.client.protocol.RequestTargetAuthentication -- Target auth state: UNCHALLENGED
14:52:51.558 [main] DEBUG org.apache.http.client.protocol.RequestProxyAuthentication -- Proxy auth state: UNCHALLENGED
14:52:51.558 [main] DEBUG org.apache.http.impl.client.DefaultHttpClient -- Attempt 1 to execute request
14:52:51.558 [main] DEBUG org.apache.http.impl.conn.DefaultClientConnection -- Sending request: POST /%2F%2Fauth/login HTTP/1.1
14:52:51.558 [main] DEBUG org.apache.http.wire --  >> "POST /%2F%2Fauth/login HTTP/1.1[\r][\n]"
14:52:51.558 [main] DEBUG org.apache.http.wire --  >> "Accept: */*[\r][\n]"
14:52:51.558 [main] DEBUG org.apache.http.wire --  >> "Content-Type: application/json[\r][\n]"
14:52:51.558 [main] DEBUG org.apache.http.wire --  >> "Content-Length: 2[\r][\n]"
14:52:51.558 [main] DEBUG org.apache.http.wire --  >> "Host: fakestoreapi.com[\r][\n]"
14:52:51.558 [main] DEBUG org.apache.http.wire --  >> "Connection: Keep-Alive[\r][\n]"
14:52:51.558 [main] DEBUG org.apache.http.wire --  >> "User-Agent: Apache-HttpClient/4.5.13 (Java/17.0.8)[\r][\n]"
14:52:51.558 [main] DEBUG org.apache.http.wire --  >> "Accept-Encoding: gzip,deflate[\r][\n]"
14:52:51.558 [main] DEBUG org.apache.http.wire --  >> "[\r][\n]"
14:52:51.558 [main] DEBUG org.apache.http.headers -- >> POST /%2F%2Fauth/login HTTP/1.1
14:52:51.558 [main] DEBUG org.apache.http.headers -- >> Accept: */*
14:52:51.558 [main] DEBUG org.apache.http.headers -- >> Content-Type: application/json
14:52:51.558 [main] DEBUG org.apache.http.headers -- >> Content-Length: 2
14:52:51.558 [main] DEBUG org.apache.http.headers -- >> Host: fakestoreapi.com
14:52:51.558 [main] DEBUG org.apache.http.headers -- >> Connection: Keep-Alive
14:52:51.558 [main] DEBUG org.apache.http.headers -- >> User-Agent: Apache-HttpClient/4.5.13 (Java/17.0.8)
14:52:51.558 [main] DEBUG org.apache.http.headers -- >> Accept-Encoding: gzip,deflate
14:52:51.558 [main] DEBUG org.apache.http.wire --  >> "{}"
14:52:51.930 [main] DEBUG org.apache.http.wire --  << "HTTP/1.1 404 Not Found[\r][\n]"
14:52:51.930 [main] DEBUG org.apache.http.wire --  << "Date: Fri, 06 Oct 2023 07:52:52 GMT[\r][\n]"
14:52:51.930 [main] DEBUG org.apache.http.wire --  << "Content-Type: text/html; charset=utf-8[\r][\n]"
14:52:51.930 [main] DEBUG org.apache.http.wire --  << "Transfer-Encoding: chunked[\r][\n]"
14:52:51.930 [main] DEBUG org.apache.http.wire --  << "Connection: keep-alive[\r][\n]"
14:52:51.930 [main] DEBUG org.apache.http.wire --  << "Access-Control-Allow-Origin: *[\r][\n]"
14:52:51.930 [main] DEBUG org.apache.http.wire --  << "Content-Security-Policy: default-src 'none'[\r][\n]"
14:52:51.930 [main] DEBUG org.apache.http.wire --  << "X-Content-Type-Options: nosniff[\r][\n]"
14:52:51.930 [main] DEBUG org.apache.http.wire --  << "X-Powered-By: Express[\r][\n]"
14:52:51.930 [main] DEBUG org.apache.http.wire --  << "CF-Cache-Status: DYNAMIC[\r][\n]"
14:52:51.930 [main] DEBUG org.apache.http.wire --  << "Report-To: {"endpoints":[{"url":"https:\/\/a.nel.cloudflare.com\/report\/v3?s=3lPG9rJRedh516wgGPW0kc%2FqQYhVN1xkfWyISfdgFHqfGdVwqpsgomhqxGJbYQUXv4HY9Abj%2BV9V0pJ8e0haWHd2c84K2bdddUaPUyQp8ssCGvRht%2BjLBgSV2c8%2BmjH%2Fbrrj"}],"group":"cf-nel","max_age":604800}[\r][\n]"
14:52:51.930 [main] DEBUG org.apache.http.wire --  << "NEL: {"success_fraction":0,"report_to":"cf-nel","max_age":604800}[\r][\n]"
14:52:51.930 [main] DEBUG org.apache.http.wire --  << "Server: cloudflare[\r][\n]"
14:52:51.930 [main] DEBUG org.apache.http.wire --  << "CF-RAY: 811c53d0ea655e3e-SIN[\r][\n]"
14:52:51.930 [main] DEBUG org.apache.http.wire --  << "Content-Encoding: gzip[\r][\n]"
14:52:51.930 [main] DEBUG org.apache.http.wire --  << "alt-svc: h3=":443"; ma=86400[\r][\n]"
14:52:51.930 [main] DEBUG org.apache.http.wire --  << "[\r][\n]"
14:52:51.930 [main] DEBUG org.apache.http.impl.conn.DefaultClientConnection -- Receiving response: HTTP/1.1 404 Not Found
14:52:51.930 [main] DEBUG org.apache.http.headers -- << HTTP/1.1 404 Not Found
14:52:51.930 [main] DEBUG org.apache.http.headers -- << Date: Fri, 06 Oct 2023 07:52:52 GMT
14:52:51.930 [main] DEBUG org.apache.http.headers -- << Content-Type: text/html; charset=utf-8
14:52:51.930 [main] DEBUG org.apache.http.headers -- << Transfer-Encoding: chunked
14:52:51.930 [main] DEBUG org.apache.http.headers -- << Connection: keep-alive
14:52:51.930 [main] DEBUG org.apache.http.headers -- << Access-Control-Allow-Origin: *
14:52:51.930 [main] DEBUG org.apache.http.headers -- << Content-Security-Policy: default-src 'none'
14:52:51.930 [main] DEBUG org.apache.http.headers -- << X-Content-Type-Options: nosniff
14:52:51.930 [main] DEBUG org.apache.http.headers -- << X-Powered-By: Express
14:52:51.930 [main] DEBUG org.apache.http.headers -- << CF-Cache-Status: DYNAMIC
14:52:51.930 [main] DEBUG org.apache.http.headers -- << Report-To: {"endpoints":[{"url":"https:\/\/a.nel.cloudflare.com\/report\/v3?s=3lPG9rJRedh516wgGPW0kc%2FqQYhVN1xkfWyISfdgFHqfGdVwqpsgomhqxGJbYQUXv4HY9Abj%2BV9V0pJ8e0haWHd2c84K2bdddUaPUyQp8ssCGvRht%2BjLBgSV2c8%2BmjH%2Fbrrj"}],"group":"cf-nel","max_age":604800}
14:52:51.930 [main] DEBUG org.apache.http.headers -- << NEL: {"success_fraction":0,"report_to":"cf-nel","max_age":604800}
14:52:51.930 [main] DEBUG org.apache.http.headers -- << Server: cloudflare
14:52:51.930 [main] DEBUG org.apache.http.headers -- << CF-RAY: 811c53d0ea655e3e-SIN
14:52:51.930 [main] DEBUG org.apache.http.headers -- << Content-Encoding: gzip
14:52:51.930 [main] DEBUG org.apache.http.headers -- << alt-svc: h3=":443"; ma=86400
14:52:51.930 [main] DEBUG org.apache.http.impl.client.DefaultHttpClient -- Connection can be kept alive indefinitely
14:52:51.930 [main] DEBUG io.restassured.internal.RestAssuredHttpBuilder -- Parsing response as: text/html; charset=utf-8
14:52:51.930 [main] DEBUG org.apache.http.wire --  << "99[\r][\n]"
14:52:51.930 [main] DEBUG org.apache.http.wire --  << "[0x1f][0x8b][0x8][0x0][0x0][0x0][0x0][0x0][0x0][0x3],[0x8e]?[0xb][0x83]0[0x10][0xc5][0xf7]|[0x8a]4[0xe0]X[0xe][0x9c]:[0x9c]Y[0xac][0xae][\n]"
14:52:51.930 [main] DEBUG org.apache.http.wire --  << "u[0xe9]x[0xad]W#[0xc4]D[0xd2]s[0xe8][0xb7][0x97]X[0xa7][0xc7][0xfb][0xf3][0x83][0x87][0x97]{W[0xf][0xcf][0xbe][0xd1]N[0x16]o[0x15]f[0xd1][0x9e][0xc2]T[0x19][0xe]&[0x7]L[0xa3]U[0xb8][0xb0][0x90]~;J_[0x96][0xca]l[0xf2][0xb9][0xde]r+[0xb3]x[0xb6]MJ1![0xfc][0x8d]B8[0x99]W[0x1c]V[0xe1][0x9a][0xd8][0xd6][0x14]B[0x14][0xdd]w[0x8f]ACQ[0xb6]E[0xd9][0xd2]&[0xe]|[0x9c][0xe6][0x80][0x90]'[\n]"
14:52:51.930 [main] DEBUG org.apache.http.wire --  << "[0xe1][0x4][0xe0][0xf8][0xb2][0x3][0x0][0x0][0xff][0xff][0xe3][0x2][0x0][0xf1][0x12][0x99])[0x9c][0x0][0x0][0x0]"
14:52:51.930 [main] DEBUG org.apache.http.wire --  << "[\r][\n]"
14:52:51.931 [main] DEBUG org.apache.http.wire --  << "0[\r][\n]"
14:52:51.931 [main] DEBUG org.apache.http.wire --  << "[\r][\n]"
14:52:51.931 [main] DEBUG io.restassured.internal.RestAssuredHttpBuilder -- Parsed data to instance of: class org.apache.http.conn.EofSensorInputStream
14:52:51.931 [main] DEBUG org.apache.http.impl.conn.BasicClientConnectionManager -- Releasing connection org.apache.http.impl.conn.ManagedClientConnectionImpl@2e8eafb2
14:52:51.931 [main] DEBUG org.apache.http.impl.conn.BasicClientConnectionManager -- Connection can be kept alive indefinitely
14:52:51.933 [main] DEBUG net.thucydides.core.steps.StepInterceptor -- STEP DONE: Username and password is empty
  &amp#27;[32mWhen &amp#27;[0m&amp#27;[32mUsername and password is empty&amp#27;[0m                                 &amp#27;[90m# starter.stepdefinition.LoginSteps.getHTTPrequest()&amp#27;[0m
14:52:51.934 [main] DEBUG net.thucydides.core.steps.StepInterceptor -- STARTING STEP: LoginSteps.invalidLoginResponse - Receive invalid HTTP response code 400
14:52:51.935 [main] DEBUG net.thucydides.core.steps.StepInterceptor -- STEP DONE: Receive invalid HTTP response code 400
  &amp#27;[32mThen &amp#27;[0m&amp#27;[32mI receive invalid HTTP response code 400&amp#27;[0m                       &amp#27;[90m# starter.stepdefinition.LoginSteps.invalidLoginResponse()&amp#27;[0m
14:52:51.935 [main] INFO  -- 
  _____   ___   ___   _____     ___     _     ___   ___   ___   ___  
 |_   _| | __| / __| |_   _|   | _ \   /_\   / __| / __| | __| |   \ 
   | |   | _|  \__ \   | |     |  _/  / _ \  \__ \ \__ \ | _|  | |) |
   |_|   |___| |___/   |_|     |_|   /_/ \_\ |___/ |___/ |___| |___/ 

[Negative] - LOGIN_As admin I can't login with missing data
----------------------------------------------------------------------
]]></system-out>
  </testcase>
  <testcase name="[Positive] - PRODUCT_GET all detail data product" classname="Product" time="0.468">
    <system-out><![CDATA[14:52:51.936 [main] INFO io.cucumber.core.plugin.SerenityReporter -- Running feature from file:///D:/SEMESTER%205/All%20Section/Section%203%20-%20Code%20Competence/Code%20Competence%20KM%20QA%202/Weekly2/src/test/resources/Product.feature
14:52:51.936 [main] WARN io.cucumber.core.plugin.SerenityReporter -- Feature from file:///D:/SEMESTER%205/All%20Section/Section%203%20-%20Code%20Competence/Code%20Competence%20KM%20QA%202/Weekly2/src/test/resources/Product.feature is not under the 'features' directory. Requirements report will not be correctly generated!
14:52:51.936 [main] DEBUG net.thucydides.core.steps.StepEventBus -- Test suite started for story net.thucydides.core.model.Story@77d3c87a
14:52:51.936 [main] INFO  -- Test Suite Started: Product

Scenario: [Positive] - PRODUCT_GET all detail data product    &amp#27;[90m# src/test/resources/Product.feature:3&amp#27;[0m
14:52:51.940 [main] INFO io.cucumber.core.plugin.SerenityReporter -- Running feature from file:///D:/SEMESTER%205/All%20Section/Section%203%20-%20Code%20Competence/Code%20Competence%20KM%20QA%202/Weekly2/src/test/resources/Product.feature
14:52:51.940 [main] WARN io.cucumber.core.plugin.SerenityReporter -- Feature from file:///D:/SEMESTER%205/All%20Section/Section%203%20-%20Code%20Competence/Code%20Competence%20KM%20QA%202/Weekly2/src/test/resources/Product.feature is not under the 'features' directory. Requirements report will not be correctly generated!
14:52:51.941 [main] INFO  -- 
  _____   ___   ___   _____     ___   _____     _     ___   _____   ___   ___  
 |_   _| | __| / __| |_   _|   / __| |_   _|   /_\   | _ \ |_   _| | __| |   \ 
   | |   | _|  \__ \   | |     \__ \   | |    / _ \  |   /   | |   | _|  | |) |
   |_|   |___| |___/   |_|     |___/   |_|   /_/ \_\ |_|_\   |_|   |___| |___/ 

[Positive] - PRODUCT_GET all detail data product(product;[positive]---product-get-all-detail-data-product)
--------------------------------------------------------------------------------
14:52:51.961 [main] DEBUG net.thucydides.core.steps.StepInterceptor -- STARTING STEP: ProductSteps.setGetAllProductEndpoint - I GET API all product endpoints
14:52:51.961 [main] DEBUG net.thucydides.core.steps.StepInterceptor -- STEP DONE: I GET API all product endpoints
  &amp#27;[32mGiven &amp#27;[0m&amp#27;[32mI GET API all product endpoints&amp#27;[0m                       &amp#27;[90m# starter.stepdefinition.ProductSteps.setGetAllProductEndpoint()&amp#27;[0m
14:52:51.962 [main] DEBUG net.thucydides.core.steps.StepInterceptor -- STARTING STEP: ProductSteps.getAllProductRequest - I GET HTTP request product data
14:52:51.963 [main] DEBUG net.thucydides.core.steps.StepInterceptor -- STARTING STEP: Product.getAllProductRequest - I GET API all product endpoints
14:52:51.963 [main] DEBUG net.thucydides.core.steps.StepInterceptor -- STEP DONE: I GET API all product endpoints
14:52:51.968 [main] DEBUG org.apache.http.impl.conn.BasicClientConnectionManager -- Get connection for route {s}->https://fakestoreapi.com:443
14:52:51.968 [main] DEBUG org.apache.http.impl.conn.DefaultClientConnectionOperator -- Connecting to fakestoreapi.com:443
14:52:52.027 [main] DEBUG org.apache.http.client.protocol.RequestAddCookies -- CookieSpec selected: ignoreCookies
14:52:52.027 [main] DEBUG org.apache.http.client.protocol.RequestAuthCache -- Auth cache not set in the context
14:52:52.027 [main] DEBUG org.apache.http.client.protocol.RequestTargetAuthentication -- Target auth state: UNCHALLENGED
14:52:52.027 [main] DEBUG org.apache.http.client.protocol.RequestProxyAuthentication -- Proxy auth state: UNCHALLENGED
14:52:52.027 [main] DEBUG org.apache.http.impl.client.DefaultHttpClient -- Attempt 1 to execute request
14:52:52.027 [main] DEBUG org.apache.http.impl.conn.DefaultClientConnection -- Sending request: GET /products HTTP/1.1
14:52:52.027 [main] DEBUG org.apache.http.wire --  >> "GET /products HTTP/1.1[\r][\n]"
14:52:52.027 [main] DEBUG org.apache.http.wire --  >> "Accept: */*[\r][\n]"
14:52:52.027 [main] DEBUG org.apache.http.wire --  >> "Host: fakestoreapi.com[\r][\n]"
14:52:52.027 [main] DEBUG org.apache.http.wire --  >> "Connection: Keep-Alive[\r][\n]"
14:52:52.027 [main] DEBUG org.apache.http.wire --  >> "User-Agent: Apache-HttpClient/4.5.13 (Java/17.0.8)[\r][\n]"
14:52:52.027 [main] DEBUG org.apache.http.wire --  >> "Accept-Encoding: gzip,deflate[\r][\n]"
14:52:52.027 [main] DEBUG org.apache.http.wire --  >> "[\r][\n]"
14:52:52.027 [main] DEBUG org.apache.http.headers -- >> GET /products HTTP/1.1
14:52:52.027 [main] DEBUG org.apache.http.headers -- >> Accept: */*
14:52:52.027 [main] DEBUG org.apache.http.headers -- >> Host: fakestoreapi.com
14:52:52.027 [main] DEBUG org.apache.http.headers -- >> Connection: Keep-Alive
14:52:52.027 [main] DEBUG org.apache.http.headers -- >> User-Agent: Apache-HttpClient/4.5.13 (Java/17.0.8)
14:52:52.027 [main] DEBUG org.apache.http.headers -- >> Accept-Encoding: gzip,deflate
14:52:52.395 [main] DEBUG org.apache.http.wire --  << "HTTP/1.1 200 OK[\r][\n]"
14:52:52.395 [main] DEBUG org.apache.http.wire --  << "Date: Fri, 06 Oct 2023 07:52:53 GMT[\r][\n]"
14:52:52.395 [main] DEBUG org.apache.http.wire --  << "Content-Type: application/json; charset=utf-8[\r][\n]"
14:52:52.395 [main] DEBUG org.apache.http.wire --  << "Transfer-Encoding: chunked[\r][\n]"
14:52:52.395 [main] DEBUG org.apache.http.wire --  << "Connection: keep-alive[\r][\n]"
14:52:52.395 [main] DEBUG org.apache.http.wire --  << "Access-Control-Allow-Origin: *[\r][\n]"
14:52:52.395 [main] DEBUG org.apache.http.wire --  << "Etag: W/"297c-h+n6NsR3M51S6528jZo3BluzvtU"[\r][\n]"
14:52:52.395 [main] DEBUG org.apache.http.wire --  << "X-Powered-By: Express[\r][\n]"
14:52:52.395 [main] DEBUG org.apache.http.wire --  << "CF-Cache-Status: DYNAMIC[\r][\n]"
14:52:52.395 [main] DEBUG org.apache.http.wire --  << "Report-To: {"endpoints":[{"url":"https:\/\/a.nel.cloudflare.com\/report\/v3?s=yPQ3aFTr5hImvo07%2F221pZHCtYX9rgqo7ZgxbelYYhr1neTWyvqOP96c4qAupCWnVbQz0KQVJq%2FyME0XoACiYbJWMuWxzywscG7pX2uysicH7JSk7rUvSa%2FHuz2NYiPD57cf"}],"group":"cf-nel","max_age":604800}[\r][\n]"
14:52:52.395 [main] DEBUG org.apache.http.wire --  << "NEL: {"success_fraction":0,"report_to":"cf-nel","max_age":604800}[\r][\n]"
14:52:52.395 [main] DEBUG org.apache.http.wire --  << "Server: cloudflare[\r][\n]"
14:52:52.395 [main] DEBUG org.apache.http.wire --  << "CF-RAY: 811c53d3dfa344a3-SIN[\r][\n]"
14:52:52.395 [main] DEBUG org.apache.http.wire --  << "Content-Encoding: gzip[\r][\n]"
14:52:52.395 [main] DEBUG org.apache.http.wire --  << "alt-svc: h3=":443"; ma=86400[\r][\n]"
14:52:52.395 [main] DEBUG org.apache.http.wire --  << "[\r][\n]"
14:52:52.395 [main] DEBUG org.apache.http.impl.conn.DefaultClientConnection -- Receiving response: HTTP/1.1 200 OK
14:52:52.395 [main] DEBUG org.apache.http.headers -- << HTTP/1.1 200 OK
14:52:52.395 [main] DEBUG org.apache.http.headers -- << Date: Fri, 06 Oct 2023 07:52:53 GMT
14:52:52.395 [main] DEBUG org.apache.http.headers -- << Content-Type: application/json; charset=utf-8
14:52:52.395 [main] DEBUG org.apache.http.headers -- << Transfer-Encoding: chunked
14:52:52.395 [main] DEBUG org.apache.http.headers -- << Connection: keep-alive
14:52:52.395 [main] DEBUG org.apache.http.headers -- << Access-Control-Allow-Origin: *
14:52:52.395 [main] DEBUG org.apache.http.headers -- << Etag: W/"297c-h+n6NsR3M51S6528jZo3BluzvtU"
14:52:52.395 [main] DEBUG org.apache.http.headers -- << X-Powered-By: Express
14:52:52.395 [main] DEBUG org.apache.http.headers -- << CF-Cache-Status: DYNAMIC
14:52:52.395 [main] DEBUG org.apache.http.headers -- << Report-To: {"endpoints":[{"url":"https:\/\/a.nel.cloudflare.com\/report\/v3?s=yPQ3aFTr5hImvo07%2F221pZHCtYX9rgqo7ZgxbelYYhr1neTWyvqOP96c4qAupCWnVbQz0KQVJq%2FyME0XoACiYbJWMuWxzywscG7pX2uysicH7JSk7rUvSa%2FHuz2NYiPD57cf"}],"group":"cf-nel","max_age":604800}
14:52:52.395 [main] DEBUG org.apache.http.headers -- << NEL: {"success_fraction":0,"report_to":"cf-nel","max_age":604800}
14:52:52.395 [main] DEBUG org.apache.http.headers -- << Server: cloudflare
14:52:52.395 [main] DEBUG org.apache.http.headers -- << CF-RAY: 811c53d3dfa344a3-SIN
14:52:52.395 [main] DEBUG org.apache.http.headers -- << Content-Encoding: gzip
14:52:52.395 [main] DEBUG org.apache.http.headers -- << alt-svc: h3=":443"; ma=86400
14:52:52.395 [main] DEBUG org.apache.http.impl.client.DefaultHttpClient -- Connection can be kept alive indefinitely
14:52:52.395 [main] DEBUG io.restassured.internal.RestAssuredHttpBuilder -- Parsing response as: application/json; charset=utf-8
14:52:52.395 [main] DEBUG org.apache.http.wire --  << "114d[\r][\n]"
14:52:52.395 [main] DEBUG org.apache.http.wire --  << "[0x1f][0x8b][0x8][0x0][0x0][0x0][0x0][0x0][0x0][0x3][0xac]Z[0xdd]r[0x1a][0xc9][0x92]~[0x95][0xc]Ex[0xc6][0x8e][0xd3][0xb4][0x0][0x81][0xfe][0xe6][\n]"
14:52:52.395 [main] DEBUG org.apache.http.wire --  << "[0x1][0x12][0xf8][0x0][0x92]idY[0xde][0xd8]p[0x14][0xdd][0x9]][0xa6][0xba][0xaa][0xa7][0xaa]Z[0x18][0x9d][0x99][0x88]y[0x87][0xbd][0xda][0x8b]}[0xb9]y[0x92][0x8d][0xac]j[0xa0]e[0xcb]g=;[0xba][0xe2][0xa7][0xab][0xeb]'[0xf3][0xcb][0xcc]/3[0xeb]?[0xfe]u[0xc0][0x93][0x83][0xf3]Fp`[0xb9][0x15]xp~p[0xf9][0x99][0x9][0xa1][0xd9][0x3]J[0xa8][0xc1][0xa5][0x12][0x89]a[0xf1][\n]"
14:52:52.395 [main] DEBUG org.apache.http.wire --  << "&*[0x84][0x6]\[0xb0]x[0x95][0xb3]x[0x15][0xc0]%[0xb7][0x6][0x1a]m[0x18][0xb1][0xdc][0xaa][0xdc][0x1c][0x4][0x7][0xb9][0xe6]1[0x1e][0x9c]7[0xea]g[0xe1]Y;8H[0xd0][0xc4][0x9a][0xe7][0x96]+yp~p[0xaf][\n]"
14:52:52.395 [main] DEBUG org.apache.http.wire --  << "[\r]9[0xea][0x5][0xc6][0x16]h[0x6]X([\r][0xf8][0x80]z[0x93][0xb0][\r][0x14][0x6][0x81][0xc9][0x4][0xd6]L[0xac][0xc]p[0x9]6E[0x1a][0x81][0xc6][0x86][0x10]YfR[0xd8][0xd0][0xc][0xc2][0xad][0x6][0xaf][0x8b][0x1c][0xac][0xa2][0xe5][0xb9][0x8c]S4o[0xb6][0xaf][0xe4],I0[0x1]#[0x10][0x1f]0[0xf0][0xef]l[0x17]9[0x8][0xe]bfq[0xa9][0xf4][0xe6][0xe0][0xfc] C[0xf9][0xb3][0x81]X([0x9b]r[0xb9]<[0x8][0xe]x[0xc6][0x96]t[0xfc][0xd4][0xda][0xdc][0x9c][0x1f][0x1e].[0xd8][\n]"
14:52:52.395 [main] DEBUG org.apache.http.wire --  << "[0x8d]U[0x1a]Y[0xce][0xc3]Xe[0x87]<[[0x1e][0x9e]6[0x16]7[0xff]Lj[0xcd][0xce][0xfd]([0xfc][0xd4][0xe9]~[0x8a]F[0x8d]v[0xbd][0xfe])[0xfc][0x9c][0xd3][0x14][0x9a]Y[0x9a][0xeb][0xfc]_[0xf4][\r][0xf][0xce][0x8f][0xc2][0xb3][0xe0] V[0x85][0xb4][0x7][0xe7][0x8d]f[0xfd][0xf7][0xdf][0x3]/[0xec][0xe6]^[0xd8]c[0x94][0x6][0xba][0xcc][0x14]L[0xc0][0x8d][0xc6][0x8c][0x17][0x19]D[0x82]g$_[0x98][0xd5][0xa2][0x94]kk`/[0xdd]f3<[0xfa]Z[0xb6]4[0xbe][0xb6][0xe0][0x96][0x16][0x7]c7[0x2][0x3][0x88][0x95][0xb4][0x9a][0x19][0xb][0x9a]-[0x5][0x93] [0x14]=+[0xc5]bS[0x8d]X[0x9b][0x17][0xd6]*[0x9])J[0x81][0x1b][0xc8][0x5][0x8b]Wh[0x3][0x10]|[0x99]ZX[0xa3][0xfb][0xf8][0x9][0x8c]ZXX[0xb0][0xb9][0xe6][0xb1]S[0xd9]\#[0xb3])[0x9b][0xb][0xaf][0xb0]Xe[0xb][0xa5][0xad][0xfb][0xbd]F[0xa6][0xb9]\[0x86][0xd0][0x91][0x9]DJ[0xf0][0x4][0x8c][0xe5]6NI#[0xfe] knS[0xd0][0xaa][0x90][0x9]H[0x8c]W[0x90][0xb1][0xc4][0xe9][0x19][0x92]B[0xb3]9[0x17][0xdc]n[0xdc][0xb4][0xc][0x96][0xb4][0xe],[0xb8]u[0x8f]c/[0xa1][0x5]3)W[0xd2][0xad][0xe4][0xc6]%[0x1c]S[0xa6][0x13][0x98]3[0x83]s&h[0x84]4![0xcc]R[0x84][0x81]?[0x97][0x93]GeI[0xc1]%[0x12]jD[0x91][0xa0][0x1][0xf6]T[0x16][0xa5][0x10][0xc2][0x97][0x80][0xca]I[0xa3]v4[0xf8]|5[0xe9][0xdd][0x96]P[0xb9]?=9[0xb]?E[0x1f][0xc2]O[0xb7][0x1f][0xc2]O[0xd1]}[0xf8][0xe9][0xf6][0xfe]{[0xc8]i[0x85][0x8d][0x1d]r[0x9a][0xed][0xb3][0x1d]r[0x8e][0xbe]F[0x8e]r[0xfb]~[0xeb][0xb6][0xbd]GI[0xbb][0x1d][0x9e][0x9d]}[\r][0x13]/QUX[0xd4]N~[0x9f][0xdd]K[0xc6][0xc9]7[0xca]Is[0x87][0x9d][0xc2][0x16][0x99]<[0xbc][0xe3][0xd2][0xa2][0xe][0xc0][0x14][0xdc]k[0x96][0x86]d"
14:52:52.396 [main] DEBUG org.apache.http.wire --  << "Ln@[0xc5]13\IC[0xf][0xe3][0x14][0x98][0x81][0xb5][0xd2]+.[0x97][0x1][0xa4][0xdc][0xc6],[0xcb][0xdd][0x97][0x8c][0xf6][0xcf][0xb8]<[0xd4]*^A,x6[0xf7][0x3]6[0xb1]p_,y[0x19][0xfa][\n]"
14:52:52.396 [main] DEBUG org.apache.http.wire --  << "J[0x83][0xb2])j[0xda]^[0xa2][0x94]6!\)[0x95][0xc0][0x92]/,[0xc4][0xa9][0xe2][0xb1][0xdf][0xc4]F[0x15][0xe0]?4,X[0xc6][0xc5][0x6]2[0xcc][0xe6][0xa8]C[0xe8][0xc0][0x9a][0xe9][0xc]Rd[0xda]b[0x2]B= [0xf9][0x88]KF[0xf3][0x6][0x90][0x16]fN[0x88]Q[0x1a][0x8c][0x92][0xde]_p[0x3]6ere[0x96][0xfc][0xa1][0xdc]E7[0xd5][0xdc][0xd8][0x8c][0x19][0xe8][0xb1][0xcd][0xb][0xe1]@[0xf0]Z[0xf1][0xd9][0x8a][0x12][0x7][0xb7][0x1f][0x8e]O[0xce][0xbe][0xaf][0xf7][0x93][0x9d][0xde][0xdb][0xf5][0xbd][0xc7]h=[0xef]1[0xb6][0x9e][0xa2][0xe2]}[0x9f][0xd3]<[0x99]C[0xac][0x4][0xd9][0x91]*D[0x2]s[0x4][0xe3][0xcc]\l [0xe1][0x8b][0x5]j[0x94][0x16][0xe6]h[0xd7][0x88][0x12][0x94]w[0xa5]&[0xd6][0xf4][0x8b]d[0xc6]%[0xe4][0x9a][0xc5][0x96][0xc7][0x18][0xc2]![0xdc][0x8]d[0x6]A*[0x8b]$?[0xb]s[0x95]l`^p[0x91][0x18]x`z[0x3][0xf3][\r][0xf9]z[0xa3]$[0xf9][0x1a][0xd4]H[0x9e]<[0x80][0x4]-[0xe3][0x82][0x9c][0x1]$[0x1b]\([0x9d]1[0xda]"[0x98]t[0xbb]/[0x8d][0xf][0x1c][0xd7]H[0xdf][0x85]Zo[0xf7][0x92]k[0x95][0x14][0xb1][0x85][0xca][0xb1]^H7[0xf7][0x1f][0x1e][0xf1][0xba]0[0xa2][0xd4][\r][0xd9][0xe8][0xf7]t[0xd3][0xac][0xd8]d[0xeb]h[0xaf][0x9b][0xf6]^7oU*a[0xc0]t[0xb2][0x81];[0xe5][0xb7]4[0xc2]%[0xca][0xc4][0xc0][0x84]-[0x19]\)[0x91][0xc0]O[0x10]q[0xf1][0x80][0x1a]z[0x9a]-[0x95][0xa4][0xf0][0xe6][0x84][0xd0]M[0x19][0x97]p[0xa1]Y[0x8c][0xa2]j[0xcc][0xc7][0xdf]F[0xd3]K[0xad]2 [0x1b][0xd8][0xce][0xde]UB`LO[0x9d][0xc4][0xfd]jkF[0xa1][0xd4][0xe4]\[0x93]<7[0xee]A[0xb6][0xb1])[0x8f][0x99][0x80]5[0xb3][0xa8]![0xf1][pZ[0xcc][0xb5][0xb2][0x18][[0xe3][0xc6][0xa9][0x18][0x19]m?G[0xa6]E[0x8]w[0xe4]0[0x16],&+[0xe1]rM.[0xd7]*[0xd2][0xd7][0x9c][0x84]J[0xfa]r[0x9e][0xdd][0x19][0x9d][0xf3][0xdf][0xf3]B&L[0xc6][0x18]8[0xd3].[0xac]{[0x85],[0xb8]\[0xe5][[\r]~[0xc6]5[\n]"
14:52:52.396 [main] DEBUG org.apache.http.wire --  << "[0xd4][0x9b][0x1f][0xd7]]~[0xf7][0x98]&o'[0xeb]Rw[0xa3][0xe3]V[0xfd][0xd3][0xbb][0xd1]q[0xfb][0xd3]xt[0xf4]}[0x3];[0xde]+[0xb1]b`[0xc7]{%[0xfa][0xc8][0xe5]Tu[0x83][0x96][[0x84]1[0x8f][0xb5][0xca][0xd9][0x3]V[0x2]q[0xe3][0xf8][0xf4][0x9b]8[0xcc],7[0xb][0xe6][0xe][0x7]W[0x5][0xd3]LZ[0xc4]$[0x84])[0xda]BK[0x92][0x4]~[0x89]S&[0x97]$[0xa4][\r]([0x9d][0xa0]v[0x82][0xe3][0x12][0x8e][0xea][0x90][0xb0][0x8d][0x9]{h[0xf8]Rb[0xe2][0xc4]hh[0x13][0xf3][\r][0xc][0xd8][0x2][0xf1][0x11][0xba]H~y[0xcb]un%'GG[0xf0]A[0x13][0xc2][0x8b][0xac][0xfe][0xf7]Tr[0xdc]0[0xf3]1[0xbf][0x95][0xea][0xea][0xaf][0xa8][0xa4][0xca][0x92]N[0xf6][0x1a]9[0xd9]k[0xe4].%-x[0x8d][0x8]F[0x87][0xbe][0xd1]\[0xc6]h*[0xb4][0xf3][0xec][0x19][0xbf][0xd7][0x15][0xcc][0x18][0x1e]C[0x97]"[0x1f]&p[0x87]IB[0x8][0xee][0xcb]%[bFN[0x8f][0x94]m[0x19][0xd7][0x8]=[0xce]2%ij[0x95]q[0x83]0[0xa5][0x91][0x84][0xd8][0x1]E[0x97]+[0xbe] [0xcb]P`r[0xc5]EIF[0x9][0xed][0x99][0xd2]>4[0xed]'[\r][0xb6][0xb][0x5][0xd0][0x91][0x92]?[0xa0]6Lo[0x2]x[0xcf][0x4]J[0xcb]%[0xfe][0xec][0xa3]K[0xf8][0xb7]-[0xe0][0xbe]3[0xbc][0xbc]m[0x9d][0xe][0xff][0x92][0xb8][0x9f][0xc5][0xff][0xe9]^[0xda]7[0x1c]u[0x8c][0x9]\[0xaf][0x5]L[0x95]y*[0xf8][0x88][0x2][0xba]@c [0xb2][0x88][0x2]z[0xaa][0x98][0xb][0xac][0xb2][0xff]g[0xf4][0xf0][0xcd],[0xfe]-[0xb8][0x14][0x8c]\[0xd3][0xac][0x90][0x12][0x5][0xdc][0x88]b[0x9]}[0xa6][0x89][0x89][0x98][0x10][0xc6]D[\r][0xd5][0x2][0x8e][0x1a][0xc7][0xa3][0xaf][0x97][0xfd]{rk7n{[0xfd][0xc7][0xf1][0xdb][0xf7][0xf9]_[0x91][[0xa3]J[0xe6]+[0x92];[0xab][0xe0][0xb4][0x7][0xcd][0xd9][0x5][0xf4][0x85][0x83][0x81][0x81][0x9b]-3[0xee][0xb1][0xa8]%[0x13].6@O[0xf3][0x7][0x84][0x1a][0xdc]F[0x17]p[0x14][0xd6]+N[0xe5][0xb8][0xf5][0xb5][0xe8][0xb6]c[0xc8][0x1b][0xd0][0xf7]fX[0x87][0xae][0xca]rfyI[0x97]/[0x89][0xe5]'[0xcc]2[0xa2]S[0xd2],P[0x1b][0x18]f[0xb9]&p[0xde]t[0xe1][0x6][0xb5][0x8b][0xb3]2F[0x18][0xf0]e[\n]"
14:52:52.396 [main] DEBUG org.apache.http.wire --  << "][0x96][0xb3][0x98][0xdb][0xcd]/_[0xcf][0xe3][0xa2]1ig2[0xbb][0x8c][0x1c][0xa4][0xef][0xb8]L[0xd4][0xda]@[0xa3][0x1e][0xec][0xbe][0x9f][0x86][0x8d][0xfd][0x8f][0x93]_`[0x8a]>[0x8c][0xbb][0xe4]#c[0x1b][0x1f][0xc4]-\[0xd0]Y[0xec]y][0x8e]^[0xa0]`6[0xc6]bf[0xbe]^[0x9e]^u[0xdc]![0xc1][0x1c][0xa5]3S%)/[0xd4][0xfe][0xf1][0xdf][0x6][0x88][0xe5][0xaf][0x99]&[0x1e]#[0x17]|Yh[0x1f]3[0x1d][0xa3][0xfb]j[0xea][0xa7][0xe0]@[0x8a][0x8b]ZI[0x1e][0x9b][0x1f]wc[0xc3][0x8b][0x8b][0xf7]o[0x1f][0xa2]^[0x85][0xb9][0xdf]{[0xed][\r][0xaa]Y?[0xda][0xc1][0xa2]Q[0xaf]D[0x14]&{[0xdc][0xac] [0x8a]zp3[0xba][0x8d][0xa0]1[0xbb][0x80][0xa1],1A[0xff][0xd6] [0xea][0xcc]:0[0x1c][0xe][0xe1][0x18][0xae][0xe6][0x87]O[0xf3][0xe9][0xaf]A[0xd1]gf[0x3]E[0xbe][0xd4][0xdb][0xec]i[0xc1][0xc][0x5][0x86][0xb9]R[0x16][0x8a]<[0x0][0x93][0x12][0x8d]^[0xcb][0x0]X[0x9e][0xb][0x1e]{a[0x9][0xc5]|X[0xd1]hr%[\r][0xc2][0xeb][0x8e][0xa1][0xc].wfh[0x15][0xb4][[0xf5]:Lo[0xc6]~7[0xcd][0xb0][0xfd][0xe7][0x1f][0xff][0xe3]D[0xf][0x9]a[0xf6][0x17][0xb8]`[0x6][0x13]RL^[0xcc][0x5]7.[0xb3][0xcb]1[0xe6][0x8b]r[\r]S[0xf2][0xc5][0xf2]hs[0x94]q[0x9a]1[0x97] [0x80]Ec[\r][0x14][0x86][0xbe][0xdf]t[0xc7]L[0xaf][0xe0][0x81]I[0xcb][0x96][0xc4]5)[0xd5][0x3][0x17]J[0xd1][0x98]y[0xa1][0x8d][0x85][0xb5]&[0xaf][0x9f][0xef][0xf1][0x1b]@[0xc6][0xdc]L[0xdc][0x2]O[0x90][0xf2]A[0xa5][0xc1]nrGhn[0xba].[0x15][0xa1]C[0x1a][0x97][0x0]n[0xab][\r]s&[0x1c][0xfa][0xd5][0xa2]:Y)[0x8][0xc1][0xb7]i[0xe7][0x14]Yr[0xe8][0xd7]49bb[0xe8][0x5]_gh[0x1f][0xb5][0xc7][0x17][0x87][0xe6][0xb0][0xd5][0xae][0xd3]'[0xbc][0xde][0x89]awR:[0x1c][0x97][0xcb]_[0x9e][0xd8][0xdb]3[0x98].r%[0xbd]0!.[\r]1[0x80]T[0x91][0x9][0xe3][0x3][0xa7]3^G[0x9e]A[0xed][0x15][0x17][0xbe]"
14:52:52.396 [main] DEBUG org.apache.http.wire --  << "y[0x1]H[0xdf][0x9e][0xcc][0x1a]+[0xf5][0xee][0xd7][0x12][0xd2][0xff].[0x9]iV<][0xab][0x12][0x91][0x1b][0x95]"Q[0xc4][0x5][0x8f][0x95][0x84][0x1b][0xb5]F[\r][0xcd][0xf6][0xf1][0xd5][0x85][0x3][0xf2]Q[0xf]&[0x9d]I[0xf]:[0xed]6D[0xa3].tY[0x9c][0xe2][0x13][0xa1]8[0x1d][0xef][0xe1][0xde][0xc][0xdb][0xff][0x16][0xeb][0xdb][0x9][0x17][0x82][0x8a]@[0xe4][0x1][0x9c]d<^[0x13][0x14][0x14]^!%[0xc7][0xb6]u[[0xf5]M[0x91][0x90][0xe7][0xfc][0xef][0xd7][0x8f][0x1c][0xdf]E[0xe9]s[0xdb][0xbd][0xed][0x14][0xb9][0x87][0xaf][0xf7][0x9e][0x9][0xa8][0x7][0xd4]TT[0xf0]~[0xa5][0x8a][0x1e]_b`[0xc9][0x3][0xfd]H*'[0x9d]a[0x9c]J%[0xd4]r[0x3]L[0x8][0xf2][0x91]U[0xcc][0xcd][0xdd][0xd9]i[\r][0xaa][0xc7][0xa0][0x6][0xc1][0x17]hr&[0xe1]$[0xcb]('[0xcb]([0xc5][0xe1]K[0xf9]4[0xf5][0xbe][0x15]V[0xb3][0xb9]R+o^[0xee]g[0xcd][0x8d][0xa6][0x1c][0xcc]=[0x8]!*[0xf2]\Q[0x8d]e6[0x1d][0x8e][0xc9][0xaa]3&[0x93][0x0][0xae][0x98][0x9e][0x93][0x89][0xed]3[0x4][0xb0][0xbb]=[0x6]0[0xed][0xc]{[0x81][0x9b][0xb5][0xdf][0xed][0xc2][0xeb][0xbe][0xd6].[0x9][0xc6][0xd8][0x19][0xda]O[0xd0]UZ[0xfb][0xd7][0xde][0x90][0xc0]I0<A[0x9f]"[0xe4][0x96]g[0xfc][0x11][0x93]o[0xcc][\n]"
14:52:52.396 [main] DEBUG org.apache.http.wire --  << "e[0xea][0xe5]R[0xb1][0xaf][0xf0]oc[0xf8][0xa4][0xb1][0xba][0xdb]d[0x1f][0xff][0x11][0xff][0xe3][0x7]0[0xdc][\n]"
14:52:52.396 [main] DEBUG org.apache.http.wire --  << "Ow[0x18]>j[0xec][0xb]([0x8d][0xe6][0x93]p[0xdd][0x9a]][0xc0][0x15][0xcb][0xe8][0xac]>*[0xdf])[0xbd]*[0xcb]T7[0x82]mL[0x99][0x9b][0xb5][0xfe]m,[0xaf][0x0][0xb8][0xf1]M[0x4][0xef][0xc9]I&[0x8e]1[0xde]D-X[0xfa][0xe5][0xf0]K[0x8e][0x9a][0xa3]sk[0xb4][0x12]q[0xf2]5[0xe5][0xca]>[0xa0];12[0xb3][0x9][0xc0] [0xe1]2[0x12][0x88][0xab]-8[0xdc][0xf6][0x1c][0xe6][0xf7]>[0xe4][0xa8][0xb6][0xa1][0x1c]-c[0xb2][0xa0]$[0xa0][0xd0][0xa8]6 x[0xe6][0x92][0x84]5[0xd3][0x94][0xf]l^[0xc0][0x91]dvt[0xdc][0xee][0xb5][0xe2][0xbf][0xa8][0x84]*[0xd9]lT[0xca]X[0x9d][0x18]5D[0x17][0xcd]f[0xfd][0x1d][0xcc]94[0x1b][0xe1][0xb6][0xa8][0xb][0x97][0x85][0x10]0[0xe8][0xc1][0xeb][0xc6]Y[0xb3][0xe]_[0xa0]Q?[0xad][0xbf][0x81][0xe1]MTZ[0xc0],[0xe5][0xb2]R[0xf3][0xfa][0x96]w6[0x1b]![0xfc][0x1f][0xb3][0xad][0xb9]{[0x85]*[0x1d]4q[0xc2]MN[0xca][0xa0][\n]"
14:52:52.396 [main] DEBUG org.apache.http.wire --  << "[0xe6][0x94]%[0xa8]$,4"D[0x1b][0x19]W[0xec]&[0x84][0x89][0xf2][0x81]s[0xc7]_[0xc8]N[0xdf][0xf7][0xa3][0xe][0x8c][0xe9][0xbc]D[0x8b]4[0x9a][0x14][0xa6][0xcc][0xe2]9[0x9c][0xb4][0x7][0x8f]D[0xf8]\[0xec][0x1b][0xf4][0xc6]C S[0x85][0x8f][0xa8]Um[0xa1]Y[0x86][[0xcd][0xfe][0x6][0x85];[0x9a]K[0xca]~[0x83]Vf[0xf6][0xc1][0xda][0xf2][0xc][0xe1]7[0xb7][0xcd][0x9c][0x11]a[0xee]P[0xe8][0xa5][\n]"
14:52:52.396 [main] DEBUG org.apache.http.wire --  << "[0xaf][0xe5][\n]"
14:52:52.396 [main] DEBUG org.apache.http.wire --  << "j[0xd0]8>[0x87][0xb3][0x90][0xc][0x9d][\n]"
14:52:52.396 [main] DEBUG org.apache.http.wire --  << "z[0xde][0x1b]`[0xe2][0x1e][0x84]p[0x2][0x19][0x17][0x82][0xa0][0xec][\n]"
14:52:52.396 [main] DEBUG org.apache.http.wire --  << "A&[0x84][0xb]M[0x15] I[0x9c][0xba][0x6][0xcd]v[0x1d]$U[0x9c][0xb9] [0xec]-[0x5]B[0xad][\r][0x9].[0xe9][0xf0][0xbe][0xd2][0xee][0x84]0P[0x9a]?*i[0x99][0x0]*[0xd5][0xd0][0x89][0xdc][0xb][0xb5][0xc6][0xc9][0xe9]n[0xd0]{[0xd4][0xd6]E[0xe5][0xef][\r][0x81][0x93]6[0xa4][0xa8][0xed][0xe3][0xdf]F[0xe4]i[0xe3]][0xbe][0x1a][0xc6][0xf6][0xd7][0x9b][0xbf][0x18][0xda][0x9a][0xed][\n]"
14:52:52.396 [main] DEBUG org.apache.http.wire --  << ""[U[0xb6][0x96][0x99]B.[0xa1]uV[0x1b][0xca]8[0x85][0xee][0xe0][0xea][0xac][0xe][0x8d]Vk[0xf0][0x8][0xdd]BS`(][0xc6]XIn[0x95][0x86][0xd7][0xa3]n[0xeb][0x8c]F[0xf5][0xc6][0x93][0xf][0x1f];o[0xe0][0xcf]?[0xfe][0x8b]4[0x80][0xa5][0xeb]&[0x90]A[0xe4]Q[0xf6]n[0xd4][0xef]U[0x18][0xff][0xd9][0xd9]s[0x89]k[0xeb][0xc][0x86][0x93][0xee][0x0][0xa2][0xdb][0x9b][0xfe][0x14]nG[0xb3]i[0xe7]n[0xd8][0xeb][0xc3]Q[0xf3][0xfc][0xc][0xba][0xb7][0xd3][0xf7][0xfd][0x1e]\u[0xc6][0xc3][0xc9][0x15][0x8c][0xaf]'[0xc3][0xd9][0xf5][0xd4][0xfb][0x84][0x84][0x8a][0x82][0xcd][0x13][0x7][0xf9]m[0x1][0xcf][0xd0][0xe2][0xf3][0x8d][0xff]|w[0xdb][0x99][0xcc]n[0xc7][0xd0][0xbb][0x9e][0xc1]k[0xda][0xca][0x1b][0x98][0xf5][0xbb][0x83][0xc9][0xf5][0xe8][0xfa][0xea]>[0x80]Ao[\n]"
14:52:52.396 [main] DEBUG org.apache.http.wire --  << "[0xc6]#[0xc7]y [0xf2]$Jo f[0x82][0xcf]K[0xca]][0x86][0x0][0x3][0xc6][0x16]Rr[0xb9][0x14][0x1b][0xd0][0xc8][0x4]7[0x96][0xc7][0x9e][0xba][0xc4]1[0xf1][0xf3]m[0xcd][0xd1][0xb7][0x9][0xca]v[0x4][0x89][0xf1]#[0xc][0x86]W[0x3][0x98][0xf6]/[0xa7][0xfd]h[0x0][0xd3][0xce][0xac][0xef][0x6]52[0xe3][0xe1][0xef]b[0xf2]W[0xc0]'nGHDri[0x92]f[0xcf][0x94][0xdb][0xcf]\[0x14]:[0x80]%q([0x97]r{^[0x97][0x14]1[0x95][0x18][0xf3][0xc2][0x82]`[0xcb][0x17][0x0][0xd9]G[0xdb]jr[0xd5]][0xfe][0x10][0xc8][0x9a][0xfb]L[0xb1]U[0x1]Y[0xa5]Rx1[0xbc][0x1f]u[0xba][0xa3]~[0xd4][0x9f][0xec]J[0x85]G5.k[\r][0x88][0xa4]Z[0xcf][0x15][0x5][0x17]_[0xd6][0x7]_[0x8e][0x87][0xae]b[0xb6][0x92][0x17][0xb4][0x8f][0x9f][0x1][0xce]DY<'j[0xf2][0xb6],[0xee]s[0x3][0xb7][0x11][0x18][0xcb]dB3R[0xe5]5[0xd8][0x16]p[0xe3]TQb[0xee][0xaa][0xb1][0xcc][0xf8][0x8]U[0xb8][0xba][0xb2][0xeb][0xf][0x8c][0xa9]B[0xc8][0x99]8[0x87]F[0xbd][0xfe][\n]"
14:52:52.396 [main] DEBUG org.apache.http.wire --  << "n[0x94][0xd8] Q[0xa5]_[0xa0][0x87][0x96][0xc5][0xbe][0x7]4[0xe2][0x12]5\[0xba][0xfe][0xd0]9[0xdc]Q[0x5][0xfe]R [0x12]C[0xaa][0x8c][0xba],[0xa4][0xe3][0x10]L[0xf8][0x17][0xce]!Zq[0x9][0x97][0x14][0x0][0x13][0xb1][0x9]`D[0xbe][0x88]zN[0x1e]w4O[0x18][0xd1][0xa6][0x1d]oa[0xba]\[0xe7]s[0xd9][0xa3]Z![0xe6][0xae][0x17][0xe0]J[0xfe][0xdc]9[0xb5][0x84]vM[0xb9]f[0x8][0x1f]y[0x9e]#[0xa5]47[0xca]I[0xe1][0x1c][0x9a][0xfb][0xff][0x6]4k[0xf9] [0xa8]>([0xff][0x3]W[0x8a]Ec[0xe1]5JU[0x10][0xb1]T~[0xc1][0x98]i[0xca][\n]"
14:52:52.396 [main] DEBUG org.apache.http.wire --  << "4[0xac]pc[0xde]8[0xc4][0xc2][0x80]'[0x9][0xca][0xf2]][0x18]J[0xb2][0xb2][0xf0][0xd9][0xb5][0xdc][0xc1][0x9e][0xe][0xdf][0x1e]C[0x83][0xab]Z[0x1b]0[0x18][0x17][0x9a]|l[0x91]1[0xe9][0xa8][0x95]/[0x7][0x9e]C'[0xf9]\[0x18][0xbb]k[0xbb]Ud;[0xa0]>[0x9][0xfd]W[0x19][0x12][0x17][0x8b][0x85][0xa7]k[0xf8]@U.[0xa2]kk.[0x93][0xb2][0xc7]J[0xcd][0x1d][0x8a]W[0xec]I[0xfb]n[0xc1]m[0x8]G$[0xcd]Fu~[0xbf][0x83][0x1d][0xf3]s[0xf5][0xae]X[0xc9][0x7][0x94]%{!=[0xc4]L[0x82][0xc1][0x9c]9[0xb3][0xb7][0xae][0xdd][0xc0]l[0x99][0xb][0x92][0xe2][0x98][0x1][0x89][0x98]`[0xe2][0xea][0xc1][0xe]^[0xdc][0x82]UK[0xf4][0x1a][0x1b]ZB[0xea][0x13][0xd2]"
14:52:52.396 [main] DEBUG org.apache.http.wire --  << "[0xbb]oL[0x18]d[0xa6][0xcc][0xf5]S[0x14]^[0xf1],a[0xb9]u)[0xc0]n[0x18]5[0x98][0xa8][0x14][0xfa][0xd4][0xd8][0xd7][0xea][0xff][0xd7][0x1a]h7[0xee][0xdb][0x93]am[0xd8][0xfe][0xfc][0x3]m[0x9b]f[0xa5][0xaa][0xdc]<j[0xef]-[0xbe]RV[0x1e]Q[0x13][0x8c][0xce]0R[0x8e]g[0xfa]mM1S[0xf];=b[0x2][0x97][0xac][0xf8][0x2]#[0x8f]d[0x18]+[0xab][0xe0][0x82][0xaf]P[0xd3][0xe2]k>[0xd7]e[0xf7][0x86]z=[0xba][0xbf][0x9d][0xf6]g[0x83][0xce][0xa4][0xff][0xda][0xa4]([0xc4][0x1b][0xd8]=[0xe8]G[0xb3][0xfe][0xf4][0xb5][0xe0][0xe4][0xb8][0xdf][0xc0]I[0xbb][0xf2]/4[0xdb][0xaf][0xa0]{=[0x9b]]O[0xe0]ut[0xd7][0xef][0xcc][0xfa][0xd3]7[0x81][0xdf][0x90](7[0x94][0x95]>[0xc1]i[0xc8][0xb7]V+]`8[0x84]&[0xe4][3Z[0xc0]B+[0xaa][0x86]6k[0x97]J[0xd7][0xae][0xe5][0xee][0x8c][0x9]J[0x9e][0x95][0xaf]/[0xaa][0xd3]o[0xed][0xfb][0xc2][0xb7]c}[0xc3][0x88][0xc]r[0xcd][0xb8][0xa1][0xe9]{[0xfe][0x1f][0xdf]Vv[0xbc][0xc2][0xba][0xc0]f[0x2][0x18]P[0x96]x[0xd7][0x89][0x6]p=[0x19][0xdd][0xd3][0xd8]k[0x98]\[0xcf][0xe0]b[0xd4][0xef]t[0x7]p[0x8][0xa3][0xe1][0xa4][0xf][0xbd]i[0xe5][0xd1]pz=y[0x19][0xb4][0x9c]6>[0xc][0xea]x[0xba][0xc0][0xc5][0xf]5[0x92][0xf6]$[0xe4][0xa8][0x1a][0x1f]*%[0xef])[0xf5][0x82][0xb6][0xfe][0x9f]6[0xe5]jn[0xd4]|'0DV[0xf3][0x1c][0x13][0xe8][0x96]=U[0xa0][0xe1][0xf1][0xd3][0xf8]p[0xf4][0x1c][0xb1][0xd8][0xf9][0xd9][0xd4][0xfa][0xfa][0x88]o[0xaf][0xd3]t[0xb0]o[0xb3][0x93]}[0xd6]j[0xb5][0xd1][0xfe][0xce]@[0x99]r8[0xf5][0x5][0xc0][0xf6][0x9e]&[0xd1]lm,[0x95]lK[0x1d]y"[0x1b]nUH[0xe8]xt[0xee][0xd0][0xa3][0x81]$k[\n]"
14:52:52.396 [main] DEBUG org.apache.http.wire --  << "[0x8d][0xa0][0xcb][0x1d][0x7][0xb0]([0x84][0xa0]>=[0x1d][0xc9]8G[0xef][0xfd][0x14][0x85][0xb1][0xed][0xb9] e[0x6][0x9a][0x9e][0xc3]l[0x1][0xe6]j[0x1][0xb0]$[0xf7][0xe7]B[0x98]U[0x90]R[0x18][0xa0][0x8c]}[0xc5][0xa5]/[0xe0]x[0xc7][0x1a][0x90][0xb7][0x89])[0x9d][0xf7][0xdd][0xad][0x94][0xe7][0xc6]3[0x5][0xf7][0x8b][0xa6][0xe0][0x6][0x96](Q[0xab][0x82][0xea]O[0x16][0x12][0x85]F[0xfe]l][\r] Q[0xc0]m[0xd8][0xb1][0xe4][0x13]I[0xea][0xbe][0xe9][0xee]w[0xea][0xdc][0xaf][0x93]N[0xc5][0xff][0xf6]vR1[0xb0][0xa4][0xb4][0x92][`[0x8e]%y[0xd4]S[0xfe][0xaf]V[0xe1][0xcb]`[0xef][0xa4]1[0x98][0x8b][0xce][0xc0][0xb4][0xbf]T[0xb1]Wk~[0xb7]`[0xb9]O[0xca][0x8e]O*[0x99]q[0xa5][0x5]0[0xbe]x[0xbb][0xf3]P[0xbe][0x1d][0x16][0xa5]d[0xdf][0x91][0x7][0xc3][0x5]idB[0xf7]7[0xde]W[0xa9]lx[0xfa][0x8d]C:k[0xbf][0x82]i[0xe7][0xfe]z[0x2][0xed]W[0x10][0xdd]t&[0xbd][0xfe][0x87][0xc0][0x97][0xf6][0xb9][0x84][0xdb][0xa8]C[0xa8][0x1b]f>U[0x9][0xa0][0xa7]`[0xa2],\[0x8]dqZa[0x5][0xe9][0xee][\n]"
14:52:52.396 [main] DEBUG org.apache.http.wire --  << "[0x8a][0x93][0xb4][0xbf][0xc9]`[0xac]F[0x1b][0xa7][0xfe]~[0x88]w@[0x1]L[0xf9]|[0xee]Ks[0x1e][0xb8]>[0xec][0xee].~[0x1c]n[[0xf]{[0xf]B[0x14][0x92][0x14]JW[0x7][0xb2][0x97][0xd2][0xc8][0xe3][0xd1]*[0x1f]w[0xee][0xcd][0xf]x[0x83]j[0xcb][0xbf]Qi+7*[0x8d][0x85][0xeb]\[0xb2][0xbd]B[0xaa][0xaa][0x18]+n([0xd9][0xdf][0xab][0xe1][0xe4][0xbb]qaK[0xe0]H[0x1]tv[0xa4][0xe]q[0x1a][0xf8][0xe0][0xe0]K[0x8d]<[0x86]|;[0xcc][0x17]7[0x85][0xa2][0xdb]^[0xdb][0x17][0xee][0xa8][0x8][0xf7][0x13][0xdd]T[0x82]([0xd5][0x85][0xf4][0xd7][0xb8][0x18]\9[0x8d]\r[0xfb]Di[0x1]h[0xa5]2[0xa3][0x87][0xca][0x15]bS[0xbd]>[0xe4]T[0x99][0x95][0xfb][0x87]5[0xf7]%[0xa7][0xad][0x9e]S[0x1e][0xa7].[0xdc][0x9b][0x1d][0xff][0xda][0x8d]ek[0xb6][0x9] [0xa2][0x9b]IU[0x88]\V R%6[0xef]k[0xee][0xae]Q[0xec][0x99][0xa4][0xbf]^D[0xd5][0xb3][0x8c][0x9c][0x12]m[0xb9],#[0x1a][0xf7]?[0xe2]*([0xbb]z[0x98]Q[0x9c]$[0x86],RU[0xa0][0xb5]X[0x12][0xad][0xc4]y[0x1][0xb7][0xc2]K[0xb1][\r]\[0xb6][0xdb][0xc5]][0x96][0xfc][0xd0]%[0x91]v%[0xbf]8[0xde]_+[0xab][0xb4][0x1c]z[0x9d][0xc9][0xfb][0xeb][0xdb]{[0xf][0x1a][0x3]3p7[0xc9][0xb6][0xf7]FJ[0xf][0xe6][0x90]T)^5[0x9f][0x89][0x18]g[0xed]W~t[0xd0]~[0x15]Q%[0xb][0xbf][0x4]p[0x89][0x8c][0x14]a[0xce][0xcb][0x9][0x83]'[0xa0][0xc]`D[0xb2][0xd2][0xae]Kk[0x83][0xf7]5r[0x15][0xc1]eywk[0x86][0x14][0xad][0xc9][0xb9][0x97][0xaa]&[0xe2]G[0xaa]t(a[0xf4]#[0xc3][0xad]q[0x87][0x1]\[0x97]W[0x8e][0xb6]k[0x1d]^/[0x16]<[0xc6][0xc3][0xb][0xf2][0x11][0x87][0x11]%1[0xe2]p[0xa0]2<[0x8c][0xac]F[0xa4][0xfb][0x82][0x8e]/[0x9e][0x97][0x97][0x9a][0x82][0xa8] M[0x7][0xfe]nS[0xe0][0x93][0xa9][0x17]r[0xbd][0xc7][0x8d]|[0xd0][0xe9][0xbf]mM[0xc6]?[0xa0][0xb6][0xa3][\n]"
14:52:52.396 [main] DEBUG org.apache.http.wire --  << "Il[0xb4][0xda][0xbf][0xff][0xfe][0x9f][0xff][0xb][0x0][0x0][0xff][0xff][0x3][0x0]L[0xf][0xa7][0xc9]|)[0x0][0x0]"
14:52:52.396 [main] DEBUG org.apache.http.wire --  << "[\r][\n]"
14:52:52.396 [main] DEBUG org.apache.http.wire --  << "0[\r][\n]"
14:52:52.396 [main] DEBUG org.apache.http.wire --  << "[\r][\n]"
14:52:52.396 [main] DEBUG io.restassured.internal.RestAssuredHttpBuilder -- Parsed data to instance of: class org.apache.http.conn.EofSensorInputStream
14:52:52.397 [main] DEBUG org.apache.http.impl.conn.BasicClientConnectionManager -- Releasing connection org.apache.http.impl.conn.ManagedClientConnectionImpl@24381e4a
14:52:52.397 [main] DEBUG org.apache.http.impl.conn.BasicClientConnectionManager -- Connection can be kept alive indefinitely
14:52:52.401 [main] DEBUG net.thucydides.core.steps.StepInterceptor -- STEP DONE: I GET HTTP request product data
  &amp#27;[32mWhen &amp#27;[0m&amp#27;[32mI GET HTTP request all product data&amp#27;[0m                    &amp#27;[90m# starter.stepdefinition.ProductSteps.getAllProductRequest()&amp#27;[0m
14:52:52.403 [main] DEBUG net.thucydides.core.steps.StepInterceptor -- STARTING STEP: ProductSteps.responseValid200 - I receive valid user HTTP response code 200
14:52:52.403 [main] DEBUG net.thucydides.core.steps.StepInterceptor -- STEP DONE: I receive valid user HTTP response code 200
  &amp#27;[32mThen &amp#27;[0m&amp#27;[32mI receive valid get all product HTTP response code 200&amp#27;[0m &amp#27;[90m# starter.stepdefinition.ProductSteps.responseValid200()&amp#27;[0m
14:52:52.404 [main] INFO  -- 
  _____   ___   ___   _____     ___     _     ___   ___   ___   ___  
 |_   _| | __| / __| |_   _|   | _ \   /_\   / __| / __| | __| |   \ 
   | |   | _|  \__ \   | |     |  _/  / _ \  \__ \ \__ \ | _|  | |) |
   |_|   |___| |___/   |_|     |_|   /_/ \_\ |___/ |___/ |___| |___/ 

[Positive] - PRODUCT_GET all detail data product
----------------------------------------------------------------------
]]></system-out>
  </testcase>
  <testcase name="[Negative] - PRODUCT_GET all detail data product with invalid url" classname="Product" time="0.458">
    <system-out><![CDATA[
Scenario: [Negative] - PRODUCT_GET all detail data product with invalid url &amp#27;[90m# src/test/resources/Product.feature:8&amp#27;[0m
14:52:52.410 [main] INFO io.cucumber.core.plugin.SerenityReporter -- Running feature from file:///D:/SEMESTER%205/All%20Section/Section%203%20-%20Code%20Competence/Code%20Competence%20KM%20QA%202/Weekly2/src/test/resources/Product.feature
14:52:52.410 [main] WARN io.cucumber.core.plugin.SerenityReporter -- Feature from file:///D:/SEMESTER%205/All%20Section/Section%203%20-%20Code%20Competence/Code%20Competence%20KM%20QA%202/Weekly2/src/test/resources/Product.feature is not under the 'features' directory. Requirements report will not be correctly generated!
14:52:52.411 [main] INFO  -- 
  _____   ___   ___   _____     ___   _____     _     ___   _____   ___   ___  
 |_   _| | __| / __| |_   _|   / __| |_   _|   /_\   | _ \ |_   _| | __| |   \ 
   | |   | _|  \__ \   | |     \__ \   | |    / _ \  |   /   | |   | _|  | |) |
   |_|   |___| |___/   |_|     |___/   |_|   /_/ \_\ |_|_\   |_|   |___| |___/ 

[Negative] - PRODUCT_GET all detail data product with invalid url(product;[negative]---product-get-all-detail-data-product-with-invalid-url)
--------------------------------------------------------------------------------
14:52:52.415 [main] DEBUG net.thucydides.core.steps.StepInterceptor -- STARTING STEP: ProductSteps.setGetAllProductEndpointUrl - I GET Wrong API all product endpoints
14:52:52.415 [main] DEBUG net.thucydides.core.steps.StepInterceptor -- STEP DONE: I GET Wrong API all product endpoints
  &amp#27;[32mGiven &amp#27;[0m&amp#27;[32mI GET Wrong API all product url endpoints&amp#27;[0m                           &amp#27;[90m# starter.stepdefinition.ProductSteps.setGetAllProductEndpointUrl()&amp#27;[0m
14:52:52.416 [main] DEBUG net.thucydides.core.steps.StepInterceptor -- STARTING STEP: ProductSteps.getAllProductRequestUrl - I GET HTTP request user data
14:52:52.418 [main] DEBUG net.thucydides.core.steps.StepInterceptor -- STARTING STEP: Product.getAllProductRequestUrl - I GET Wrong API all product endpoints
14:52:52.418 [main] DEBUG net.thucydides.core.steps.StepInterceptor -- STEP DONE: I GET Wrong API all product endpoints
14:52:52.423 [main] DEBUG org.apache.http.impl.conn.BasicClientConnectionManager -- Get connection for route {s}->https://fakestoreapi.com:443
14:52:52.423 [main] DEBUG org.apache.http.impl.conn.DefaultClientConnectionOperator -- Connecting to fakestoreapi.com:443
14:52:52.490 [main] DEBUG org.apache.http.client.protocol.RequestAddCookies -- CookieSpec selected: ignoreCookies
14:52:52.490 [main] DEBUG org.apache.http.client.protocol.RequestAuthCache -- Auth cache not set in the context
14:52:52.490 [main] DEBUG org.apache.http.client.protocol.RequestTargetAuthentication -- Target auth state: UNCHALLENGED
14:52:52.490 [main] DEBUG org.apache.http.client.protocol.RequestProxyAuthentication -- Proxy auth state: UNCHALLENGED
14:52:52.490 [main] DEBUG org.apache.http.impl.client.DefaultHttpClient -- Attempt 1 to execute request
14:52:52.490 [main] DEBUG org.apache.http.impl.conn.DefaultClientConnection -- Sending request: GET /barang HTTP/1.1
14:52:52.490 [main] DEBUG org.apache.http.wire --  >> "GET /barang HTTP/1.1[\r][\n]"
14:52:52.490 [main] DEBUG org.apache.http.wire --  >> "Accept: */*[\r][\n]"
14:52:52.490 [main] DEBUG org.apache.http.wire --  >> "Host: fakestoreapi.com[\r][\n]"
14:52:52.490 [main] DEBUG org.apache.http.wire --  >> "Connection: Keep-Alive[\r][\n]"
14:52:52.490 [main] DEBUG org.apache.http.wire --  >> "User-Agent: Apache-HttpClient/4.5.13 (Java/17.0.8)[\r][\n]"
14:52:52.490 [main] DEBUG org.apache.http.wire --  >> "Accept-Encoding: gzip,deflate[\r][\n]"
14:52:52.490 [main] DEBUG org.apache.http.wire --  >> "[\r][\n]"
14:52:52.490 [main] DEBUG org.apache.http.headers -- >> GET /barang HTTP/1.1
14:52:52.490 [main] DEBUG org.apache.http.headers -- >> Accept: */*
14:52:52.490 [main] DEBUG org.apache.http.headers -- >> Host: fakestoreapi.com
14:52:52.490 [main] DEBUG org.apache.http.headers -- >> Connection: Keep-Alive
14:52:52.490 [main] DEBUG org.apache.http.headers -- >> User-Agent: Apache-HttpClient/4.5.13 (Java/17.0.8)
14:52:52.490 [main] DEBUG org.apache.http.headers -- >> Accept-Encoding: gzip,deflate
14:52:52.853 [main] DEBUG org.apache.http.wire --  << "HTTP/1.1 404 Not Found[\r][\n]"
14:52:52.854 [main] DEBUG org.apache.http.wire --  << "Date: Fri, 06 Oct 2023 07:52:53 GMT[\r][\n]"
14:52:52.854 [main] DEBUG org.apache.http.wire --  << "Content-Type: text/html; charset=utf-8[\r][\n]"
14:52:52.854 [main] DEBUG org.apache.http.wire --  << "Transfer-Encoding: chunked[\r][\n]"
14:52:52.854 [main] DEBUG org.apache.http.wire --  << "Connection: keep-alive[\r][\n]"
14:52:52.854 [main] DEBUG org.apache.http.wire --  << "Access-Control-Allow-Origin: *[\r][\n]"
14:52:52.854 [main] DEBUG org.apache.http.wire --  << "Content-Security-Policy: default-src 'none'[\r][\n]"
14:52:52.854 [main] DEBUG org.apache.http.wire --  << "X-Content-Type-Options: nosniff[\r][\n]"
14:52:52.854 [main] DEBUG org.apache.http.wire --  << "X-Powered-By: Express[\r][\n]"
14:52:52.854 [main] DEBUG org.apache.http.wire --  << "CF-Cache-Status: DYNAMIC[\r][\n]"
14:52:52.854 [main] DEBUG org.apache.http.wire --  << "Report-To: {"endpoints":[{"url":"https:\/\/a.nel.cloudflare.com\/report\/v3?s=nCP6WbHcg%2BlPjjTklr%2BO5sT8CzO9f1AJ8eJFChvl6ExoOVSgTLGFvwcl%2BfQ411iOwc%2FCClTE3D7HYbquZjOxZ8SK9WRq9h7cL3V2C1CCAEq7fsUW9JRnsP0mIdvl9o7UmhkH"}],"group":"cf-nel","max_age":604800}[\r][\n]"
14:52:52.854 [main] DEBUG org.apache.http.wire --  << "NEL: {"success_fraction":0,"report_to":"cf-nel","max_age":604800}[\r][\n]"
14:52:52.854 [main] DEBUG org.apache.http.wire --  << "Server: cloudflare[\r][\n]"
14:52:52.854 [main] DEBUG org.apache.http.wire --  << "CF-RAY: 811c53d6be2f5f5a-SIN[\r][\n]"
14:52:52.854 [main] DEBUG org.apache.http.wire --  << "Content-Encoding: gzip[\r][\n]"
14:52:52.854 [main] DEBUG org.apache.http.wire --  << "alt-svc: h3=":443"; ma=86400[\r][\n]"
14:52:52.854 [main] DEBUG org.apache.http.wire --  << "[\r][\n]"
14:52:52.854 [main] DEBUG org.apache.http.impl.conn.DefaultClientConnection -- Receiving response: HTTP/1.1 404 Not Found
14:52:52.854 [main] DEBUG org.apache.http.headers -- << HTTP/1.1 404 Not Found
14:52:52.854 [main] DEBUG org.apache.http.headers -- << Date: Fri, 06 Oct 2023 07:52:53 GMT
14:52:52.854 [main] DEBUG org.apache.http.headers -- << Content-Type: text/html; charset=utf-8
14:52:52.854 [main] DEBUG org.apache.http.headers -- << Transfer-Encoding: chunked
14:52:52.854 [main] DEBUG org.apache.http.headers -- << Connection: keep-alive
14:52:52.854 [main] DEBUG org.apache.http.headers -- << Access-Control-Allow-Origin: *
14:52:52.854 [main] DEBUG org.apache.http.headers -- << Content-Security-Policy: default-src 'none'
14:52:52.854 [main] DEBUG org.apache.http.headers -- << X-Content-Type-Options: nosniff
14:52:52.854 [main] DEBUG org.apache.http.headers -- << X-Powered-By: Express
14:52:52.854 [main] DEBUG org.apache.http.headers -- << CF-Cache-Status: DYNAMIC
14:52:52.854 [main] DEBUG org.apache.http.headers -- << Report-To: {"endpoints":[{"url":"https:\/\/a.nel.cloudflare.com\/report\/v3?s=nCP6WbHcg%2BlPjjTklr%2BO5sT8CzO9f1AJ8eJFChvl6ExoOVSgTLGFvwcl%2BfQ411iOwc%2FCClTE3D7HYbquZjOxZ8SK9WRq9h7cL3V2C1CCAEq7fsUW9JRnsP0mIdvl9o7UmhkH"}],"group":"cf-nel","max_age":604800}
14:52:52.854 [main] DEBUG org.apache.http.headers -- << NEL: {"success_fraction":0,"report_to":"cf-nel","max_age":604800}
14:52:52.854 [main] DEBUG org.apache.http.headers -- << Server: cloudflare
14:52:52.854 [main] DEBUG org.apache.http.headers -- << CF-RAY: 811c53d6be2f5f5a-SIN
14:52:52.854 [main] DEBUG org.apache.http.headers -- << Content-Encoding: gzip
14:52:52.854 [main] DEBUG org.apache.http.headers -- << alt-svc: h3=":443"; ma=86400
14:52:52.854 [main] DEBUG org.apache.http.impl.client.DefaultHttpClient -- Connection can be kept alive indefinitely
14:52:52.854 [main] DEBUG io.restassured.internal.RestAssuredHttpBuilder -- Parsing response as: text/html; charset=utf-8
14:52:52.854 [main] DEBUG org.apache.http.wire --  << "8e[\r][\n]"
14:52:52.854 [main] DEBUG org.apache.http.wire --  << "[0x1f][0x8b][0x8][0x0][0x0][0x0][0x0][0x0][0x0][0x3],[0x8e][0xb1][0xe][0xc2]0[0xc]D[0xf7]|[0x85][0xc9][0x8e][0xbc]2[0xb8]YJ[0xc4][0x8]C[0x17]F[0x97][0x9a][0x16])u[0x90]1[0x3][0x8f][0x2][0x9d]N[0xf7][0xee]N:[0xda][0x1d][0xcf][0xfd]p[0xbd]dX|-)P[0x13]([0xac]s[0x17]Ec[0x3][0xc2]S[\n]"
14:52:52.854 [main] DEBUG org.apache.http.wire --  << "[0xb4][0x8a]3[0xdc][0x16][0xb6][0x97]x[0x17][0xdf]~[0xdf][0x1f]Z[0xea][0xf]/[0x92][0xb2]Y5[0xc2][0xbf][0x9][0x84][0xdb]f[0xac][0xd3]'[0x5]z[0x9a][0xa4][0x9e]U[0xab][0xc3])[0xf][0x80]#[0x1b][0xeb]L[0xd8]x [0xdc]Z[0xf8];[0xf0][0x5][0x0][0x0][0xff][0xff][0xe3][0x2][0x0][0x89]7[0xe9]/[0x91][0x0][0x0][0x0]"
14:52:52.854 [main] DEBUG org.apache.http.wire --  << "[\r][\n]"
14:52:52.854 [main] DEBUG org.apache.http.wire --  << "0[\r][\n]"
14:52:52.854 [main] DEBUG org.apache.http.wire --  << "[\r][\n]"
14:52:52.854 [main] DEBUG io.restassured.internal.RestAssuredHttpBuilder -- Parsed data to instance of: class org.apache.http.conn.EofSensorInputStream
14:52:52.858 [main] DEBUG org.apache.http.impl.conn.BasicClientConnectionManager -- Releasing connection org.apache.http.impl.conn.ManagedClientConnectionImpl@79d8075c
14:52:52.858 [main] DEBUG org.apache.http.impl.conn.BasicClientConnectionManager -- Connection can be kept alive indefinitely
14:52:52.858 [Finalizer] DEBUG org.apache.http.impl.conn.DefaultClientConnection -- Connection 0.0.0.0:50993<->104.21.87.105:443 closed
14:52:52.859 [Finalizer] DEBUG org.apache.http.impl.conn.DefaultClientConnection -- Connection 0.0.0.0:50994<->104.21.87.105:443 closed
14:52:52.859 [Finalizer] DEBUG org.apache.http.impl.conn.DefaultClientConnection -- Connection 0.0.0.0:50995<->104.21.87.105:443 closed
14:52:52.859 [Finalizer] DEBUG org.apache.http.impl.conn.DefaultClientConnection -- Connection 0.0.0.0:50996<->104.21.87.105:443 closed
14:52:52.859 [main] DEBUG net.thucydides.core.steps.StepInterceptor -- STEP DONE: I GET HTTP request user data
  &amp#27;[32mWhen &amp#27;[0m&amp#27;[32mI GET HTTP url request all product data&amp#27;[0m                              &amp#27;[90m# starter.stepdefinition.ProductSteps.getAllProductRequestUrl()&amp#27;[0m
14:52:52.861 [main] DEBUG net.thucydides.core.steps.StepInterceptor -- STARTING STEP: ProductSteps.responseUrlInvalid404 - I receive valid get all product HTTP response code 404
14:52:52.861 [main] DEBUG net.thucydides.core.steps.StepInterceptor -- STEP DONE: I receive valid get all product HTTP response code 404
  &amp#27;[32mThen &amp#27;[0m&amp#27;[32mI receive valid get all product HTTP response code 404&amp#27;[0m               &amp#27;[90m# starter.stepdefinition.ProductSteps.responseUrlInvalid404()&amp#27;[0m
14:52:52.862 [main] INFO  -- 
  _____   ___   ___   _____     ___     _     ___   ___   ___   ___  
 |_   _| | __| / __| |_   _|   | _ \   /_\   / __| / __| | __| |   \ 
   | |   | _|  \__ \   | |     |  _/  / _ \  \__ \ \__ \ | _|  | |) |
   |_|   |___| |___/   |_|     |_|   /_/ \_\ |___/ |___/ |___| |___/ 

[Negative] - PRODUCT_GET all detail data product with invalid url
----------------------------------------------------------------------
]]></system-out>
  </testcase>
  <testcase name="[Positive] - PRODUCT_GET a single product with valid endpoint" classname="Product" time="0.446">
    <system-out><![CDATA[
Scenario: [Positive] - PRODUCT_GET a single product with valid endpoint &amp#27;[90m# src/test/resources/Product.feature:13&amp#27;[0m
14:52:52.865 [main] INFO io.cucumber.core.plugin.SerenityReporter -- Running feature from file:///D:/SEMESTER%205/All%20Section/Section%203%20-%20Code%20Competence/Code%20Competence%20KM%20QA%202/Weekly2/src/test/resources/Product.feature
14:52:52.865 [main] WARN io.cucumber.core.plugin.SerenityReporter -- Feature from file:///D:/SEMESTER%205/All%20Section/Section%203%20-%20Code%20Competence/Code%20Competence%20KM%20QA%202/Weekly2/src/test/resources/Product.feature is not under the 'features' directory. Requirements report will not be correctly generated!
14:52:52.866 [main] INFO  -- 
  _____   ___   ___   _____     ___   _____     _     ___   _____   ___   ___  
 |_   _| | __| / __| |_   _|   / __| |_   _|   /_\   | _ \ |_   _| | __| |   \ 
   | |   | _|  \__ \   | |     \__ \   | |    / _ \  |   /   | |   | _|  | |) |
   |_|   |___| |___/   |_|     |___/   |_|   /_/ \_\ |_|_\   |_|   |___| |___/ 

[Positive] - PRODUCT_GET a single product with valid endpoint(product;[positive]---product-get-a-single-product-with-valid-endpoint)
--------------------------------------------------------------------------------
14:52:52.870 [main] DEBUG net.thucydides.core.steps.StepInterceptor -- STARTING STEP: ProductSteps.setGetHTTPEndpoint - I GET API products with valid endpoint
14:52:52.870 [main] DEBUG net.thucydides.core.steps.StepInterceptor -- STEP DONE: I GET API products with valid endpoint
  &amp#27;[32mGiven &amp#27;[0m&amp#27;[32mI GET API products with valid endpoint&amp#27;[0m                          &amp#27;[90m# starter.stepdefinition.ProductSteps.setGetHTTPEndpoint()&amp#27;[0m
14:52:52.871 [main] DEBUG net.thucydides.core.steps.StepInterceptor -- STARTING STEP: ProductSteps.getHTTPrequestUrl - I GET HTTP request with valid endpoint
14:52:52.872 [main] DEBUG net.thucydides.core.steps.StepInterceptor -- STARTING STEP: Product.getHTTPRequest - I GET API products with valid endpoint
14:52:52.872 [main] DEBUG net.thucydides.core.steps.StepInterceptor -- STEP DONE: I GET API products with valid endpoint
14:52:52.875 [main] DEBUG org.apache.http.impl.conn.BasicClientConnectionManager -- Get connection for route {s}->https://fakestoreapi.com:443
14:52:52.875 [main] DEBUG org.apache.http.impl.conn.DefaultClientConnectionOperator -- Connecting to fakestoreapi.com:443
14:52:52.930 [main] DEBUG org.apache.http.client.protocol.RequestAddCookies -- CookieSpec selected: ignoreCookies
14:52:52.930 [main] DEBUG org.apache.http.client.protocol.RequestAuthCache -- Auth cache not set in the context
14:52:52.930 [main] DEBUG org.apache.http.client.protocol.RequestTargetAuthentication -- Target auth state: UNCHALLENGED
14:52:52.930 [main] DEBUG org.apache.http.client.protocol.RequestProxyAuthentication -- Proxy auth state: UNCHALLENGED
14:52:52.930 [main] DEBUG org.apache.http.impl.client.DefaultHttpClient -- Attempt 1 to execute request
14:52:52.930 [main] DEBUG org.apache.http.impl.conn.DefaultClientConnection -- Sending request: GET /products/1 HTTP/1.1
14:52:52.930 [main] DEBUG org.apache.http.wire --  >> "GET /products/1 HTTP/1.1[\r][\n]"
14:52:52.930 [main] DEBUG org.apache.http.wire --  >> "Accept: */*[\r][\n]"
14:52:52.930 [main] DEBUG org.apache.http.wire --  >> "Host: fakestoreapi.com[\r][\n]"
14:52:52.930 [main] DEBUG org.apache.http.wire --  >> "Connection: Keep-Alive[\r][\n]"
14:52:52.930 [main] DEBUG org.apache.http.wire --  >> "User-Agent: Apache-HttpClient/4.5.13 (Java/17.0.8)[\r][\n]"
14:52:52.930 [main] DEBUG org.apache.http.wire --  >> "Accept-Encoding: gzip,deflate[\r][\n]"
14:52:52.930 [main] DEBUG org.apache.http.wire --  >> "[\r][\n]"
14:52:52.930 [main] DEBUG org.apache.http.headers -- >> GET /products/1 HTTP/1.1
14:52:52.930 [main] DEBUG org.apache.http.headers -- >> Accept: */*
14:52:52.930 [main] DEBUG org.apache.http.headers -- >> Host: fakestoreapi.com
14:52:52.930 [main] DEBUG org.apache.http.headers -- >> Connection: Keep-Alive
14:52:52.930 [main] DEBUG org.apache.http.headers -- >> User-Agent: Apache-HttpClient/4.5.13 (Java/17.0.8)
14:52:52.930 [main] DEBUG org.apache.http.headers -- >> Accept-Encoding: gzip,deflate
14:52:53.292 [main] DEBUG org.apache.http.wire --  << "HTTP/1.1 200 OK[\r][\n]"
14:52:53.292 [main] DEBUG org.apache.http.wire --  << "Date: Fri, 06 Oct 2023 07:52:54 GMT[\r][\n]"
14:52:53.292 [main] DEBUG org.apache.http.wire --  << "Content-Type: application/json; charset=utf-8[\r][\n]"
14:52:53.292 [main] DEBUG org.apache.http.wire --  << "Transfer-Encoding: chunked[\r][\n]"
14:52:53.292 [main] DEBUG org.apache.http.wire --  << "Connection: keep-alive[\r][\n]"
14:52:53.292 [main] DEBUG org.apache.http.wire --  << "Access-Control-Allow-Origin: *[\r][\n]"
14:52:53.292 [main] DEBUG org.apache.http.wire --  << "Etag: W/"16c-MMdrqY6N0sTiefLdsgtBej9eunY"[\r][\n]"
14:52:53.292 [main] DEBUG org.apache.http.wire --  << "X-Powered-By: Express[\r][\n]"
14:52:53.292 [main] DEBUG org.apache.http.wire --  << "CF-Cache-Status: DYNAMIC[\r][\n]"
14:52:53.292 [main] DEBUG org.apache.http.wire --  << "Report-To: {"endpoints":[{"url":"https:\/\/a.nel.cloudflare.com\/report\/v3?s=W15D0iAtvtqE0jGGKon%2Bik4NL5Le5CTSd1njI2Rd%2BO0mQKJ9UqoqUN%2FX8mk0KxwbCFcUfrr2dxjEzWMQq5hRtF1x0kwh9ovU82gi%2FZ1O9VThH6azA6GSAaEVAa5rvUPQkF7K"}],"group":"cf-nel","max_age":604800}[\r][\n]"
14:52:53.292 [main] DEBUG org.apache.http.wire --  << "NEL: {"success_fraction":0,"report_to":"cf-nel","max_age":604800}[\r][\n]"
14:52:53.292 [main] DEBUG org.apache.http.wire --  << "Server: cloudflare[\r][\n]"
14:52:53.292 [main] DEBUG org.apache.http.wire --  << "CF-RAY: 811c53d97e2f5ff6-SIN[\r][\n]"
14:52:53.292 [main] DEBUG org.apache.http.wire --  << "Content-Encoding: gzip[\r][\n]"
14:52:53.292 [main] DEBUG org.apache.http.wire --  << "alt-svc: h3=":443"; ma=86400[\r][\n]"
14:52:53.292 [main] DEBUG org.apache.http.wire --  << "[\r][\n]"
14:52:53.292 [main] DEBUG org.apache.http.impl.conn.DefaultClientConnection -- Receiving response: HTTP/1.1 200 OK
14:52:53.292 [main] DEBUG org.apache.http.headers -- << HTTP/1.1 200 OK
14:52:53.292 [main] DEBUG org.apache.http.headers -- << Date: Fri, 06 Oct 2023 07:52:54 GMT
14:52:53.292 [main] DEBUG org.apache.http.headers -- << Content-Type: application/json; charset=utf-8
14:52:53.292 [main] DEBUG org.apache.http.headers -- << Transfer-Encoding: chunked
14:52:53.292 [main] DEBUG org.apache.http.headers -- << Connection: keep-alive
14:52:53.292 [main] DEBUG org.apache.http.headers -- << Access-Control-Allow-Origin: *
14:52:53.292 [main] DEBUG org.apache.http.headers -- << Etag: W/"16c-MMdrqY6N0sTiefLdsgtBej9eunY"
14:52:53.292 [main] DEBUG org.apache.http.headers -- << X-Powered-By: Express
14:52:53.292 [main] DEBUG org.apache.http.headers -- << CF-Cache-Status: DYNAMIC
14:52:53.292 [main] DEBUG org.apache.http.headers -- << Report-To: {"endpoints":[{"url":"https:\/\/a.nel.cloudflare.com\/report\/v3?s=W15D0iAtvtqE0jGGKon%2Bik4NL5Le5CTSd1njI2Rd%2BO0mQKJ9UqoqUN%2FX8mk0KxwbCFcUfrr2dxjEzWMQq5hRtF1x0kwh9ovU82gi%2FZ1O9VThH6azA6GSAaEVAa5rvUPQkF7K"}],"group":"cf-nel","max_age":604800}
14:52:53.292 [main] DEBUG org.apache.http.headers -- << NEL: {"success_fraction":0,"report_to":"cf-nel","max_age":604800}
14:52:53.292 [main] DEBUG org.apache.http.headers -- << Server: cloudflare
14:52:53.292 [main] DEBUG org.apache.http.headers -- << CF-RAY: 811c53d97e2f5ff6-SIN
14:52:53.292 [main] DEBUG org.apache.http.headers -- << Content-Encoding: gzip
14:52:53.292 [main] DEBUG org.apache.http.headers -- << alt-svc: h3=":443"; ma=86400
14:52:53.292 [main] DEBUG org.apache.http.impl.client.DefaultHttpClient -- Connection can be kept alive indefinitely
14:52:53.292 [main] DEBUG io.restassured.internal.RestAssuredHttpBuilder -- Parsing response as: application/json; charset=utf-8
14:52:53.292 [main] DEBUG org.apache.http.wire --  << "124[\r][\n]"
14:52:53.292 [main] DEBUG org.apache.http.wire --  << "[0x1f][0x8b][0x8][0x0][0x0][0x0][0x0][0x0][0x0][0x3]4[0x8f]Mk[0xc3]0[0x10]D[0xff][0xca][0xb2][0x97][0xb6][0xa0][0xf8]#%[0xd0][0xe8][0x96][0x16]ri([0x85][0x9c]r[\n]"
14:52:53.292 [main] DEBUG org.apache.http.wire --  << "BZ[0xdb][0x8a]eIH[0xeb][0x14][0x13][0xf2][0xdf][0x8b]Zr[0x9b][0xc3][0xcc]{[0xcc][\r][0xad]A[0xd9][\n]"
14:52:53.292 [main] DEBUG org.apache.http.wire --  << "d[0xcb][0x8e]P[0xe2][0xfe][0xa2][0x9c]K[0xea]J[0x1e]V[0xb0][0xf][0xce]d[0xa5]G[0xf8][\n]"
14:52:53.292 [main] DEBUG org.apache.http.wire --  << "[0x15][0xb4][0xf0][0xae][0xf4][0x18][0x95][0x1e][0x5][0xec]-gh7pP[0x91]C[0xcc](0&[0xab][0x9]e[0xdb]l[0xab][0xed]F[0xa0][0xa1][0xac][0x93][0x8d]l[0x83]G[0x89][0xa7]0'[0x88][0x94]:[0xd2][0xc][0x85][0x0]]H@WJ[0x8b]Q[0xb][0xcc][0x99]@y[0x3]?[0xca][0x8d][0x19][0xac][0x7][0x1e][0xa8]4(s[0x5]GVy[0x80][0xa5][0x10][0xdc][0x9f][\r][0x9e][0xe7][0x8][0x1c][0x8a][0xde]z=P~yL[0xa2]2[0x86][0xc]dGt%[0xf1][0xbf]yHP[0xa0]VL}H[0xb]J[0x9c][0xc8]?e[0xd0].[0xf0]`}[0x8f][0x2][0xed][0xa4][0xfa]r`[0x8e]Y[0xd6]u[0xa7]F[0xca][0x1c][0x12][0xa9]h+[0x1d][0xa6][0xda]N}[0xfd][0xd6]v[0xdf][0x9f]f[0xb5][0xde][0x9d][0xe][0xd5]y[0xf7]q>[0x1e][0xda]M[0xd3][0x9c][0xab]K,[0x88][0xa4][0xb8][0xb0][0xe4][0xad]$B[0xf9]Zm[0x5][0xea]0{F[0xd9][0xae][0x9b][0xfb][0xfd][0x17][0x0][0x0][0xff][0xff][0x3][0x0]hW[0xe2][0x13]l[0x1][0x0][0x0]"
14:52:53.292 [main] DEBUG org.apache.http.wire --  << "[\r][\n]"
14:52:53.292 [main] DEBUG org.apache.http.wire --  << "0[\r][\n]"
14:52:53.292 [main] DEBUG org.apache.http.wire --  << "[\r][\n]"
14:52:53.292 [main] DEBUG io.restassured.internal.RestAssuredHttpBuilder -- Parsed data to instance of: class org.apache.http.conn.EofSensorInputStream
14:52:53.293 [main] DEBUG org.apache.http.impl.conn.BasicClientConnectionManager -- Releasing connection org.apache.http.impl.conn.ManagedClientConnectionImpl@1bd6bfb0
14:52:53.293 [main] DEBUG org.apache.http.impl.conn.BasicClientConnectionManager -- Connection can be kept alive indefinitely
14:52:53.293 [main] DEBUG net.thucydides.core.steps.StepInterceptor -- STEP DONE: I GET HTTP request with valid endpoint
  &amp#27;[32mWhen &amp#27;[0m&amp#27;[32mI GET HTTP request with valid endpoint&amp#27;[0m                           &amp#27;[90m# starter.stepdefinition.ProductSteps.getHTTPrequestUrl()&amp#27;[0m
14:52:53.295 [main] DEBUG net.thucydides.core.steps.StepInterceptor -- STARTING STEP: ProductSteps.validData - I receive valid data for detail product
14:52:53.304 [main] DEBUG net.thucydides.core.steps.StepInterceptor -- STEP DONE: I receive valid data for detail product
  &amp#27;[32mAnd &amp#27;[0m&amp#27;[32mI receive valid data for detail product&amp#27;[0m                           &amp#27;[90m# starter.stepdefinition.ProductSteps.validData()&amp#27;[0m
14:52:53.306 [main] DEBUG net.thucydides.core.steps.StepInterceptor -- STARTING STEP: ProductSteps.response - I receive valid GET response code 200
14:52:53.308 [main] DEBUG net.thucydides.core.steps.StepInterceptor -- STEP DONE: I receive valid GET response code 200
  &amp#27;[32mThen &amp#27;[0m&amp#27;[32mI receive valid GET response code 200&amp#27;[0m                            &amp#27;[90m# starter.stepdefinition.ProductSteps.response()&amp#27;[0m
14:52:53.308 [main] INFO  -- 
  _____   ___   ___   _____     ___     _     ___   ___   ___   ___  
 |_   _| | __| / __| |_   _|   | _ \   /_\   / __| / __| | __| |   \ 
   | |   | _|  \__ \   | |     |  _/  / _ \  \__ \ \__ \ | _|  | |) |
   |_|   |___| |___/   |_|     |_|   /_/ \_\ |___/ |___/ |___| |___/ 

[Positive] - PRODUCT_GET a single product with valid endpoint
----------------------------------------------------------------------
]]></system-out>
  </testcase>
  <testcase name="[Negative] - PRODUCT_GET a single product with invalid endpoint" classname="Product" time="0.451">
    <system-out><![CDATA[
Scenario: [Negative] - PRODUCT_GET a single product with invalid endpoint &amp#27;[90m# src/test/resources/Product.feature:19&amp#27;[0m
14:52:53.313 [main] INFO io.cucumber.core.plugin.SerenityReporter -- Running feature from file:///D:/SEMESTER%205/All%20Section/Section%203%20-%20Code%20Competence/Code%20Competence%20KM%20QA%202/Weekly2/src/test/resources/Product.feature
14:52:53.313 [main] WARN io.cucumber.core.plugin.SerenityReporter -- Feature from file:///D:/SEMESTER%205/All%20Section/Section%203%20-%20Code%20Competence/Code%20Competence%20KM%20QA%202/Weekly2/src/test/resources/Product.feature is not under the 'features' directory. Requirements report will not be correctly generated!
14:52:53.314 [main] INFO  -- 
  _____   ___   ___   _____     ___   _____     _     ___   _____   ___   ___  
 |_   _| | __| / __| |_   _|   / __| |_   _|   /_\   | _ \ |_   _| | __| |   \ 
   | |   | _|  \__ \   | |     \__ \   | |    / _ \  |   /   | |   | _|  | |) |
   |_|   |___| |___/   |_|     |___/   |_|   /_/ \_\ |_|_\   |_|   |___| |___/ 

[Negative] - PRODUCT_GET a single product with invalid endpoint(product;[negative]---product-get-a-single-product-with-invalid-endpoint)
--------------------------------------------------------------------------------
14:52:53.319 [main] DEBUG net.thucydides.core.steps.StepInterceptor -- STARTING STEP: ProductSteps.getAPIProductInvalid - I GET API products with invalid endpoints
14:52:53.319 [main] DEBUG net.thucydides.core.steps.StepInterceptor -- STEP DONE: I GET API products with invalid endpoints
  &amp#27;[32mGiven &amp#27;[0m&amp#27;[32mI GET API products with invalid endpoints&amp#27;[0m                         &amp#27;[90m# starter.stepdefinition.ProductSteps.getAPIProductInvalid()&amp#27;[0m
14:52:53.321 [main] DEBUG net.thucydides.core.steps.StepInterceptor -- STARTING STEP: ProductSteps.getHTTPInvalidRequest - I GET HTTP request with invalid endpoint
14:52:53.322 [main] DEBUG net.thucydides.core.steps.StepInterceptor -- STARTING STEP: Product.getHTTPInvalidRequest - I GET API products with invalid endpoints
14:52:53.322 [main] DEBUG net.thucydides.core.steps.StepInterceptor -- STEP DONE: I GET API products with invalid endpoints
14:52:53.326 [main] DEBUG org.apache.http.impl.conn.BasicClientConnectionManager -- Get connection for route {s}->https://fakestoreapi.com:443
14:52:53.327 [main] DEBUG org.apache.http.impl.conn.DefaultClientConnectionOperator -- Connecting to fakestoreapi.com:443
14:52:53.391 [main] DEBUG org.apache.http.client.protocol.RequestAddCookies -- CookieSpec selected: ignoreCookies
14:52:53.391 [main] DEBUG org.apache.http.client.protocol.RequestAuthCache -- Auth cache not set in the context
14:52:53.391 [main] DEBUG org.apache.http.client.protocol.RequestTargetAuthentication -- Target auth state: UNCHALLENGED
14:52:53.391 [main] DEBUG org.apache.http.client.protocol.RequestProxyAuthentication -- Proxy auth state: UNCHALLENGED
14:52:53.391 [main] DEBUG org.apache.http.impl.client.DefaultHttpClient -- Attempt 1 to execute request
14:52:53.391 [main] DEBUG org.apache.http.impl.conn.DefaultClientConnection -- Sending request: GET /product/1 HTTP/1.1
14:52:53.391 [main] DEBUG org.apache.http.wire --  >> "GET /product/1 HTTP/1.1[\r][\n]"
14:52:53.391 [main] DEBUG org.apache.http.wire --  >> "Accept: */*[\r][\n]"
14:52:53.391 [main] DEBUG org.apache.http.wire --  >> "Host: fakestoreapi.com[\r][\n]"
14:52:53.391 [main] DEBUG org.apache.http.wire --  >> "Connection: Keep-Alive[\r][\n]"
14:52:53.391 [main] DEBUG org.apache.http.wire --  >> "User-Agent: Apache-HttpClient/4.5.13 (Java/17.0.8)[\r][\n]"
14:52:53.391 [main] DEBUG org.apache.http.wire --  >> "Accept-Encoding: gzip,deflate[\r][\n]"
14:52:53.391 [main] DEBUG org.apache.http.wire --  >> "[\r][\n]"
14:52:53.391 [main] DEBUG org.apache.http.headers -- >> GET /product/1 HTTP/1.1
14:52:53.391 [main] DEBUG org.apache.http.headers -- >> Accept: */*
14:52:53.391 [main] DEBUG org.apache.http.headers -- >> Host: fakestoreapi.com
14:52:53.391 [main] DEBUG org.apache.http.headers -- >> Connection: Keep-Alive
14:52:53.391 [main] DEBUG org.apache.http.headers -- >> User-Agent: Apache-HttpClient/4.5.13 (Java/17.0.8)
14:52:53.391 [main] DEBUG org.apache.http.headers -- >> Accept-Encoding: gzip,deflate
14:52:53.753 [main] DEBUG org.apache.http.wire --  << "HTTP/1.1 404 Not Found[\r][\n]"
14:52:53.753 [main] DEBUG org.apache.http.wire --  << "Date: Fri, 06 Oct 2023 07:52:54 GMT[\r][\n]"
14:52:53.753 [main] DEBUG org.apache.http.wire --  << "Content-Type: text/html; charset=utf-8[\r][\n]"
14:52:53.753 [main] DEBUG org.apache.http.wire --  << "Transfer-Encoding: chunked[\r][\n]"
14:52:53.753 [main] DEBUG org.apache.http.wire --  << "Connection: keep-alive[\r][\n]"
14:52:53.753 [main] DEBUG org.apache.http.wire --  << "Access-Control-Allow-Origin: *[\r][\n]"
14:52:53.753 [main] DEBUG org.apache.http.wire --  << "Content-Security-Policy: default-src 'none'[\r][\n]"
14:52:53.753 [main] DEBUG org.apache.http.wire --  << "X-Content-Type-Options: nosniff[\r][\n]"
14:52:53.753 [main] DEBUG org.apache.http.wire --  << "X-Powered-By: Express[\r][\n]"
14:52:53.753 [main] DEBUG org.apache.http.wire --  << "CF-Cache-Status: DYNAMIC[\r][\n]"
14:52:53.753 [main] DEBUG org.apache.http.wire --  << "Report-To: {"endpoints":[{"url":"https:\/\/a.nel.cloudflare.com\/report\/v3?s=eERzNhLeaTKKeDKBWDmcZCR%2BKXKVLyD63QxVIGXHt50T9AOrJhwikY9xs3A96vxnJHCu7xOYpa9rDlVhsAfYKnLqYDCb9Lw0zi6jcfvdL49LQhEKz55g9UKQblaDxiyZMJHw"}],"group":"cf-nel","max_age":604800}[\r][\n]"
14:52:53.753 [main] DEBUG org.apache.http.wire --  << "NEL: {"success_fraction":0,"report_to":"cf-nel","max_age":604800}[\r][\n]"
14:52:53.753 [main] DEBUG org.apache.http.wire --  << "Server: cloudflare[\r][\n]"
14:52:53.753 [main] DEBUG org.apache.http.wire --  << "CF-RAY: 811c53dc5f60a137-SIN[\r][\n]"
14:52:53.753 [main] DEBUG org.apache.http.wire --  << "Content-Encoding: gzip[\r][\n]"
14:52:53.753 [main] DEBUG org.apache.http.wire --  << "alt-svc: h3=":443"; ma=86400[\r][\n]"
14:52:53.753 [main] DEBUG org.apache.http.wire --  << "[\r][\n]"
14:52:53.754 [main] DEBUG org.apache.http.impl.conn.DefaultClientConnection -- Receiving response: HTTP/1.1 404 Not Found
14:52:53.754 [main] DEBUG org.apache.http.headers -- << HTTP/1.1 404 Not Found
14:52:53.754 [main] DEBUG org.apache.http.headers -- << Date: Fri, 06 Oct 2023 07:52:54 GMT
14:52:53.754 [main] DEBUG org.apache.http.headers -- << Content-Type: text/html; charset=utf-8
14:52:53.754 [main] DEBUG org.apache.http.headers -- << Transfer-Encoding: chunked
14:52:53.754 [main] DEBUG org.apache.http.headers -- << Connection: keep-alive
14:52:53.754 [main] DEBUG org.apache.http.headers -- << Access-Control-Allow-Origin: *
14:52:53.754 [main] DEBUG org.apache.http.headers -- << Content-Security-Policy: default-src 'none'
14:52:53.754 [main] DEBUG org.apache.http.headers -- << X-Content-Type-Options: nosniff
14:52:53.754 [main] DEBUG org.apache.http.headers -- << X-Powered-By: Express
14:52:53.754 [main] DEBUG org.apache.http.headers -- << CF-Cache-Status: DYNAMIC
14:52:53.754 [main] DEBUG org.apache.http.headers -- << Report-To: {"endpoints":[{"url":"https:\/\/a.nel.cloudflare.com\/report\/v3?s=eERzNhLeaTKKeDKBWDmcZCR%2BKXKVLyD63QxVIGXHt50T9AOrJhwikY9xs3A96vxnJHCu7xOYpa9rDlVhsAfYKnLqYDCb9Lw0zi6jcfvdL49LQhEKz55g9UKQblaDxiyZMJHw"}],"group":"cf-nel","max_age":604800}
14:52:53.754 [main] DEBUG org.apache.http.headers -- << NEL: {"success_fraction":0,"report_to":"cf-nel","max_age":604800}
14:52:53.754 [main] DEBUG org.apache.http.headers -- << Server: cloudflare
14:52:53.754 [main] DEBUG org.apache.http.headers -- << CF-RAY: 811c53dc5f60a137-SIN
14:52:53.754 [main] DEBUG org.apache.http.headers -- << Content-Encoding: gzip
14:52:53.754 [main] DEBUG org.apache.http.headers -- << alt-svc: h3=":443"; ma=86400
14:52:53.754 [main] DEBUG org.apache.http.impl.client.DefaultHttpClient -- Connection can be kept alive indefinitely
14:52:53.754 [main] DEBUG io.restassured.internal.RestAssuredHttpBuilder -- Parsing response as: text/html; charset=utf-8
14:52:53.754 [main] DEBUG org.apache.http.wire --  << "91[\r][\n]"
14:52:53.754 [main] DEBUG org.apache.http.wire --  << "[0x1f][0x8b][0x8][0x0][0x0][0x0][0x0][0x0][0x0][0x3],[0x8e][0xb1][0xe][0xc2]0[0xc]D[0xf7]|[0x85][0xc9][0x8e],6[0x6][0xd7]K[0x89][0x18]a[0xe8][0xc2][0x18][0x1a]C[0x91][0xd2][0xa4]2[0xee][0xc0][0xdf][0xa3]@[0xa7][0xd3][0xdd][0xbb][0x93][0x8e]v[0xa7]K?[0xdc][0xae][0x1]&[0x9b]3;j[0x2]9[0x96]g[0xe7][0xa5][0xf8][0x16]HL[0xec]h[0x16][0x8b]0NQ[0xdf]b[0x9d]_[0xed][0xb1]?6j/[0xcb][0xc2]A[0xb5]*[0xe1][0xdf]8[0xc2]ms[0xaf][0xe9][0xc3][0x8e][0x16][0x15][0xee]c)[0xd5][0xe0][0x1c][0x6][0xc0]EkZG[0xc3][0x3]aC[0x8e]p+[0xe2][0xef][0xc3][0x17][0x0][0x0][0xff][0xff][0xe3][0x2][0x0][0xfe][0x83][0x8a]T[0x94][0x0][0x0][0x0]"
14:52:53.754 [main] DEBUG org.apache.http.wire --  << "[\r][\n]"
14:52:53.754 [main] DEBUG org.apache.http.wire --  << "0[\r][\n]"
14:52:53.754 [main] DEBUG org.apache.http.wire --  << "[\r][\n]"
14:52:53.754 [main] DEBUG io.restassured.internal.RestAssuredHttpBuilder -- Parsed data to instance of: class org.apache.http.conn.EofSensorInputStream
14:52:53.755 [main] DEBUG org.apache.http.impl.conn.BasicClientConnectionManager -- Releasing connection org.apache.http.impl.conn.ManagedClientConnectionImpl@e14559e
14:52:53.755 [main] DEBUG org.apache.http.impl.conn.BasicClientConnectionManager -- Connection can be kept alive indefinitely
14:52:53.755 [main] DEBUG net.thucydides.core.steps.StepInterceptor -- STEP DONE: I GET HTTP request with invalid endpoint
  &amp#27;[32mWhen &amp#27;[0m&amp#27;[32mI GET HTTP request with invalid endpoint&amp#27;[0m                           &amp#27;[90m# starter.stepdefinition.ProductSteps.getHTTPInvalidRequest()&amp#27;[0m
14:52:53.757 [main] DEBUG net.thucydides.core.steps.StepInterceptor -- STARTING STEP: ProductSteps.receiveInvalidDetailProduct - I receive invalid data for detail product
14:52:53.758 [main] DEBUG net.thucydides.core.steps.StepInterceptor -- STEP DONE: I receive invalid data for detail product
  &amp#27;[32mAnd &amp#27;[0m&amp#27;[32mI receive invalid data for detail product&amp#27;[0m                           &amp#27;[90m# starter.stepdefinition.ProductSteps.receiveInvalidDetailProduct()&amp#27;[0m
14:52:53.759 [main] DEBUG net.thucydides.core.steps.StepInterceptor -- STARTING STEP: ProductSteps.receiveInvalidGETResponseCode404 - I receive invalid GET response code 404
14:52:53.759 [main] DEBUG net.thucydides.core.steps.StepInterceptor -- STEP DONE: I receive invalid GET response code 404
  &amp#27;[32mThen &amp#27;[0m&amp#27;[32mI receive invalid GET response code 404&amp#27;[0m                            &amp#27;[90m# starter.stepdefinition.ProductSteps.receiveInvalidGETResponseCode404()&amp#27;[0m
14:52:53.760 [main] INFO  -- 
  _____   ___   ___   _____     ___     _     ___   ___   ___   ___  
 |_   _| | __| / __| |_   _|   | _ \   /_\   / __| / __| | __| |   \ 
   | |   | _|  \__ \   | |     |  _/  / _ \  \__ \ \__ \ | _|  | |) |
   |_|   |___| |___/   |_|     |_|   /_/ \_\ |___/ |___/ |___| |___/ 

[Negative] - PRODUCT_GET a single product with invalid endpoint
----------------------------------------------------------------------
]]></system-out>
  </testcase>
  <testcase name="[Positive] - PRODUCT_GET limit result product with valid param" classname="Product" time="0.451">
    <system-out><![CDATA[
Scenario: [Positive] - PRODUCT_GET limit result product with valid param &amp#27;[90m# src/test/resources/Product.feature:25&amp#27;[0m
14:52:53.764 [main] INFO io.cucumber.core.plugin.SerenityReporter -- Running feature from file:///D:/SEMESTER%205/All%20Section/Section%203%20-%20Code%20Competence/Code%20Competence%20KM%20QA%202/Weekly2/src/test/resources/Product.feature
14:52:53.764 [main] WARN io.cucumber.core.plugin.SerenityReporter -- Feature from file:///D:/SEMESTER%205/All%20Section/Section%203%20-%20Code%20Competence/Code%20Competence%20KM%20QA%202/Weekly2/src/test/resources/Product.feature is not under the 'features' directory. Requirements report will not be correctly generated!
14:52:53.765 [main] INFO  -- 
  _____   ___   ___   _____     ___   _____     _     ___   _____   ___   ___  
 |_   _| | __| / __| |_   _|   / __| |_   _|   /_\   | _ \ |_   _| | __| |   \ 
   | |   | _|  \__ \   | |     \__ \   | |    / _ \  |   /   | |   | _|  | |) |
   |_|   |___| |___/   |_|     |___/   |_|   /_/ \_\ |_|_\   |_|   |___| |___/ 

[Positive] - PRODUCT_GET limit result product with valid param(product;[positive]---product-get-limit-result-product-with-valid-param)
--------------------------------------------------------------------------------
14:52:53.770 [main] DEBUG net.thucydides.core.steps.StepInterceptor -- STARTING STEP: ProductSteps.getValidLimitProduct - I GET user limit result product with valid param
14:52:53.770 [main] DEBUG net.thucydides.core.steps.StepInterceptor -- STEP DONE: I GET user limit result product with valid param
  &amp#27;[32mGiven &amp#27;[0m&amp#27;[32mI GET user limit result product with valid param&amp#27;[0m                 &amp#27;[90m# starter.stepdefinition.ProductSteps.getValidLimitProduct()&amp#27;[0m
14:52:53.772 [main] DEBUG net.thucydides.core.steps.StepInterceptor -- STARTING STEP: ProductSteps.getInvalidRequestLimitProduct - I GET HTTP request limit result product with valid param
14:52:53.773 [main] DEBUG net.thucydides.core.steps.StepInterceptor -- STARTING STEP: Product.getInvalidRequestLimitProduct - I GET user limit result product with valid param
14:52:53.773 [main] DEBUG net.thucydides.core.steps.StepInterceptor -- STEP DONE: I GET user limit result product with valid param
14:52:53.778 [main] DEBUG org.apache.http.impl.conn.BasicClientConnectionManager -- Get connection for route {s}->https://fakestoreapi.com:443
14:52:53.778 [main] DEBUG org.apache.http.impl.conn.DefaultClientConnectionOperator -- Connecting to fakestoreapi.com:443
14:52:53.840 [main] DEBUG org.apache.http.client.protocol.RequestAddCookies -- CookieSpec selected: ignoreCookies
14:52:53.840 [main] DEBUG org.apache.http.client.protocol.RequestAuthCache -- Auth cache not set in the context
14:52:53.840 [main] DEBUG org.apache.http.client.protocol.RequestTargetAuthentication -- Target auth state: UNCHALLENGED
14:52:53.840 [main] DEBUG org.apache.http.client.protocol.RequestProxyAuthentication -- Proxy auth state: UNCHALLENGED
14:52:53.840 [main] DEBUG org.apache.http.impl.client.DefaultHttpClient -- Attempt 1 to execute request
14:52:53.840 [main] DEBUG org.apache.http.impl.conn.DefaultClientConnection -- Sending request: GET /products?limit=5 HTTP/1.1
14:52:53.840 [main] DEBUG org.apache.http.wire --  >> "GET /products?limit=5 HTTP/1.1[\r][\n]"
14:52:53.841 [main] DEBUG org.apache.http.wire --  >> "Accept: */*[\r][\n]"
14:52:53.841 [main] DEBUG org.apache.http.wire --  >> "Host: fakestoreapi.com[\r][\n]"
14:52:53.841 [main] DEBUG org.apache.http.wire --  >> "Connection: Keep-Alive[\r][\n]"
14:52:53.841 [main] DEBUG org.apache.http.wire --  >> "User-Agent: Apache-HttpClient/4.5.13 (Java/17.0.8)[\r][\n]"
14:52:53.841 [main] DEBUG org.apache.http.wire --  >> "Accept-Encoding: gzip,deflate[\r][\n]"
14:52:53.841 [main] DEBUG org.apache.http.wire --  >> "[\r][\n]"
14:52:53.841 [main] DEBUG org.apache.http.headers -- >> GET /products?limit=5 HTTP/1.1
14:52:53.841 [main] DEBUG org.apache.http.headers -- >> Accept: */*
14:52:53.841 [main] DEBUG org.apache.http.headers -- >> Host: fakestoreapi.com
14:52:53.841 [main] DEBUG org.apache.http.headers -- >> Connection: Keep-Alive
14:52:53.841 [main] DEBUG org.apache.http.headers -- >> User-Agent: Apache-HttpClient/4.5.13 (Java/17.0.8)
14:52:53.841 [main] DEBUG org.apache.http.headers -- >> Accept-Encoding: gzip,deflate
14:52:54.196 [main] DEBUG org.apache.http.wire --  << "HTTP/1.1 200 OK[\r][\n]"
14:52:54.196 [main] DEBUG org.apache.http.wire --  << "Date: Fri, 06 Oct 2023 07:52:55 GMT[\r][\n]"
14:52:54.196 [main] DEBUG org.apache.http.wire --  << "Content-Type: application/json; charset=utf-8[\r][\n]"
14:52:54.196 [main] DEBUG org.apache.http.wire --  << "Transfer-Encoding: chunked[\r][\n]"
14:52:54.196 [main] DEBUG org.apache.http.wire --  << "Connection: keep-alive[\r][\n]"
14:52:54.196 [main] DEBUG org.apache.http.wire --  << "Access-Control-Allow-Origin: *[\r][\n]"
14:52:54.196 [main] DEBUG org.apache.http.wire --  << "Etag: W/"901-RZCdFEZQ+j7q2G9bMJOMuLfz40Y"[\r][\n]"
14:52:54.196 [main] DEBUG org.apache.http.wire --  << "X-Powered-By: Express[\r][\n]"
14:52:54.196 [main] DEBUG org.apache.http.wire --  << "CF-Cache-Status: DYNAMIC[\r][\n]"
14:52:54.196 [main] DEBUG org.apache.http.wire --  << "Report-To: {"endpoints":[{"url":"https:\/\/a.nel.cloudflare.com\/report\/v3?s=GHyb58lZKTpSv1x5oDdOcAagij8MpF1kgdJeXobkMBi83oWCgZhw0XXuTahyc3YR9WcEmBWd9saPTw5pTA8QftdoTU6rcSEVMP2pRxL1LyeZYiK54U8%2FWZVLGdVrdU8KtCjS"}],"group":"cf-nel","max_age":604800}[\r][\n]"
14:52:54.196 [main] DEBUG org.apache.http.wire --  << "NEL: {"success_fraction":0,"report_to":"cf-nel","max_age":604800}[\r][\n]"
14:52:54.196 [main] DEBUG org.apache.http.wire --  << "Server: cloudflare[\r][\n]"
14:52:54.196 [main] DEBUG org.apache.http.wire --  << "CF-RAY: 811c53df2ea35fd2-SIN[\r][\n]"
14:52:54.196 [main] DEBUG org.apache.http.wire --  << "Content-Encoding: gzip[\r][\n]"
14:52:54.196 [main] DEBUG org.apache.http.wire --  << "alt-svc: h3=":443"; ma=86400[\r][\n]"
14:52:54.196 [main] DEBUG org.apache.http.wire --  << "[\r][\n]"
14:52:54.196 [main] DEBUG org.apache.http.impl.conn.DefaultClientConnection -- Receiving response: HTTP/1.1 200 OK
14:52:54.196 [main] DEBUG org.apache.http.headers -- << HTTP/1.1 200 OK
14:52:54.196 [main] DEBUG org.apache.http.headers -- << Date: Fri, 06 Oct 2023 07:52:55 GMT
14:52:54.196 [main] DEBUG org.apache.http.headers -- << Content-Type: application/json; charset=utf-8
14:52:54.196 [main] DEBUG org.apache.http.headers -- << Transfer-Encoding: chunked
14:52:54.196 [main] DEBUG org.apache.http.headers -- << Connection: keep-alive
14:52:54.196 [main] DEBUG org.apache.http.headers -- << Access-Control-Allow-Origin: *
14:52:54.196 [main] DEBUG org.apache.http.headers -- << Etag: W/"901-RZCdFEZQ+j7q2G9bMJOMuLfz40Y"
14:52:54.196 [main] DEBUG org.apache.http.headers -- << X-Powered-By: Express
14:52:54.196 [main] DEBUG org.apache.http.headers -- << CF-Cache-Status: DYNAMIC
14:52:54.196 [main] DEBUG org.apache.http.headers -- << Report-To: {"endpoints":[{"url":"https:\/\/a.nel.cloudflare.com\/report\/v3?s=GHyb58lZKTpSv1x5oDdOcAagij8MpF1kgdJeXobkMBi83oWCgZhw0XXuTahyc3YR9WcEmBWd9saPTw5pTA8QftdoTU6rcSEVMP2pRxL1LyeZYiK54U8%2FWZVLGdVrdU8KtCjS"}],"group":"cf-nel","max_age":604800}
14:52:54.196 [main] DEBUG org.apache.http.headers -- << NEL: {"success_fraction":0,"report_to":"cf-nel","max_age":604800}
14:52:54.196 [main] DEBUG org.apache.http.headers -- << Server: cloudflare
14:52:54.196 [main] DEBUG org.apache.http.headers -- << CF-RAY: 811c53df2ea35fd2-SIN
14:52:54.196 [main] DEBUG org.apache.http.headers -- << Content-Encoding: gzip
14:52:54.196 [main] DEBUG org.apache.http.headers -- << alt-svc: h3=":443"; ma=86400
14:52:54.196 [main] DEBUG org.apache.http.impl.client.DefaultHttpClient -- Connection can be kept alive indefinitely
14:52:54.196 [main] DEBUG io.restassured.internal.RestAssuredHttpBuilder -- Parsing response as: application/json; charset=utf-8
14:52:54.196 [main] DEBUG org.apache.http.wire --  << "46c[\r][\n]"
14:52:54.196 [main] DEBUG org.apache.http.wire --  << "[0x1f][0x8b][0x8][0x0][0x0][0x0][0x0][0x0][0x0][0x3][0xac]U[0xc1]n[0xdb]8[0x10][0xfd][0x95][0x81][0xe][0xdd]]@[0x96]c'Nj[0xdf][0xd2][0x14]i[0xd1]M[0xd3].[0xdc] [0x9][0x16][0xb]cD[0x8e]D[0xc6][0x14])[0x90]#[0xb]j[0xd1]_[0x90]r[0xea]l[0xdb][0x0]{[0xe8]I[0x14]8[0x9c][0x19][0xbe]7[0xef][0xf1][0xef]/[0x99][0x96][0xd9]j[0x96]g[0xac][0xd9]P[0xb6][0xca].[0x1f][0xd0][0x18][0x8f];[0xb2]0[0x81]Kgd@[0xb1][0x85]kW[0xc0][0xc]^[0xa1][0xd8][0xb6]([0xb6]9\j[0xe]0[[0xc0][0x15][0xb6][0xec][0xda][0x90][0xe5]Y[0xeb][0xb5][0xa0]l5;Z[0x16][0xcb]E[0x9e]I[\n]"
14:52:54.196 [main] DEBUG org.apache.http.wire --  << "[0xc2][0xeb][0x96][0xb5][0xb3][0xd9]*[0xbb]w[0x9d][0x87][0x96]|E[0x82]!f[0x80][0xca]y[0xa0][0x1d][0xf9]A[0xe2][0x0]] @+[0xa1]G[0xb3][\r][0xa0]-[0xb0][0xa2][0x18]A[0x81][0xb]X3[0x6][0x5]C[0xcc]`R5[0xf8][0xbd]k[0x81]],[0xaf][0xad]P[0x14][0xfe]x<[0xd2][0xa2][0x94]$![0x18][0xa2][0x1d][0xe5][0xe3][0x99][0xc7]"Y[0x9e][0x9]d[0xaa][0x9d][0x1f][0xb2]U[0xd6][0x90][0xfd]-[0x80]0[0x8e][0x95][0xb6]u[0x96]g[0xba][0xc1]:^_1[0xb7]a5[0x9d]V[0xb8][0xa5][0xc0][0xce][0x13][0xb6][0xba][0x10][0xae][0x99][0xea][0xa6][0x9e][0xbe][0x9c]U[0x1f][0xff][0x94][0x93][0xf9][0xf9][0xfd]U[0xb1]9[0xbf][0xd8][0xac][0xaf]f[0x8b][0xa3][0xa3]M[0xf1][0xd0][0xc6][0x14][0x1e]9[0xe6]Z}[0x89]+[0xca]V[0xc7][0xc5]2[0xcf][0x84][0xeb],g[0xab][0xd9][0xfc][0xe8][0xeb][0xd7]|[0x4]{~[0x0][0xfb]=[0xd9][0x0][0x17][0x18]:4[0xf0][0xd1]S[0xa3][0xbb][0x6][0xd6]F7[0x11]_[0xf8]4Y+[0xed]9[0xc0][0x1][0xdd][0xf9][0xbc]8[0xfe][0x1e][0xdb][0x18]?[0xa9]4[0xc7][0xe2][0x10]x0[0x94][0x83]p[0x96]=[0x6][0x6][0x8f][0xb5]A[0xb][0xc6][0xc5][0xbd]=,[0xac]<[0xd1][0xa4][0xec][0x98][0x9d][0x5]E[0xd6][0xd0][0x0][0xad]A[0xb1]%[0xce][0xc1][0xe8]Z1[0xf4][0x94]>/ [0xb8][0x8a][0xa1][0xc2][0xd2]k[0x91](+=!+,[0xcd]H[0x98]pM[0xe5]<[0xa7][0xff][0x9e][0xd0]k[[0x17]pn%[0xac][0x9d][0xd1][0x12][0x2]k[0x16]*22^[0xa4][0xd7][0xac][0xc0][0xbb][0xce]J[0xb0]$[0xb6][0xd0][0xa0]L<[0x83][0xec]<[0x96][0xda]h[0x1e]RZ[0x84]:[0xd6][0x81]Js[0xda][0x16]#B[0x15][0x6][0xa5][0x9d]M[0x95]R[0x9c][0xd4][0xa4][0xd0]K(1P[0x89]&F[0xd8]P[0xc0]'E[0xf0]v[0xbc]W[0xc2][0xe3]II[0xa3]-[0xc5][0xa9]1[0x9d][0xa4][0x0][0xf8]_,[0xf6] [0x14][0xbf]bT[0xce]f[0x93][0xe3][0xb7][0xf]o[0xae]_[0xdf][0xec]G[0xe5][0xfe][0xe5][0xd9][0xb2][0xd8][0xac][0xef][0x8a][0xcd][0xcd]][0xb1]Y[0xdf][0x17][0x9b][0x9b][0xfb][0xe7]&[0xe7][0xa4][0x98]}[0x9b][0x9c][0xf9]b[0xf9]mr[0x8e][0xbf][0x9f][0x1c][0x97][0xfa]~[0x97][0xda]>L[0xc9]bQ,[0x97][0xdf][0x8f][0xc9][0x88][0xa8][0xeb][0x98]|[0xc2][0xef]![0x1d][\n]"
14:52:54.196 [main] DEBUG org.apache.http.wire --  << "[0x9][0xdf]u[0x1b][0x99][0x9b][0x9e]w[0xdc]5vz[0xab]-[0x93][0xcf]!tzd6[0x86]4h[0x7]pB`[0xd0][0xce][0x86][0xb8])[0x14]`[0x80][0xde][0xf9][0xad][0xb6]u[0xe]J[0x8f]_[0x81]M[0x9b][0x16]M[0xec][0x1f][0xb5][0x9d]z'[0xb6] [0x8c]n[0xca]1`[0x10]&-8[0xba]"
14:52:54.197 [main] DEBUG org.apache.http.wire --  << "L\[0x82][0xf3][0xe0]X[0x91][0x8f][0xed]I[0xe7]|([0xe0][0x8d]s[0x12]j]1[0x8][0xe5][0xb4][0x18][0x9b][0x18]\[0x7][0xe3][0xc7]C[0x85][0x8d]6[0x3]4[0xd4][0x94][0xe4][0xb]8[0x87][0x1e]}[0x3][0x8a][0xd0]3I0nG[0xd1]#.1[0xe6][0xcd]Au[0xa1][0x8c][0x13][0xe3]<[0x4]gG[0xbf][0xd0][0x1]X[0xa1][0xdd][0x86]Z[0xef][0xf6]]\([0xaf][0x3]7[0x18][0xe0]5[0xe][0xbf]h[0xe][0x8c][0x9e]t[0xf]l[0xf6]spswz[0xb6]|[0x9e][0xf7][0xb3]o[0xbc]/[0x8e][0xe][0x8e]q[0xf2]s[0xc7]xt[0x8a]'[0xee][0xfb]3[0xe6][0xa3][0x1c][0x84]3QG[0xae]3[0x12]J[0x82][0x90]dn[0x6][0x90][0xba][0xaa][0xc8][0x93]e([0x89]{"[0xb]n[0xb4][0xd2] |[0xfc][0x8b][0x98]i[0xb][0xad]G[0xc1]ZP[0x1]S[0xf8]h[0x8][0x3][0x81]uL[0x11]?[0x86][0xd2][0xc9][0x1][0xca]N[0x1b][0x19]`[0x87]~[0x80]r[0x88]^[0x1f][0x9c][0x8d]^C[0x9e][0xa2][0x93][0xe7] [0x89]Q[0x9b]h[0x6][0xfa]s[0xd4]`[0xe5]|[0x83][0xb1]E[0x8][0xea][0xb1]/O;M=[0xc5][0xb5]q[0xfd]c/[0xad]w[0xb2][0x13][0xc]O[0xae][0xf5][0x8b][0xb8][0xb9][0xbf][0xfb]L[0x1f][0xba]`[0xf6][0xdc]D[0x8d]>[0xc7][0xcd][0xfc][0x89]&O[0x8e][0xf][0xdc],[0xe][0xdc][0xbc]s[0xca][0xc2][[0xf4]r[0x80][7[0xb6]tE5Y[0x19][0xe0][0x1a]k[0x84]7[0xce]Hx[0x1]kmv[0xe4][0xe1][0xb5][0xc7][0xda][0xd9][0xf8][0xbc]%[0x10].[0x14]j[0xb][0xaf]<[\n]"
14:52:54.197 [main] DEBUG org.apache.http.wire --  << "2O[0xc5]|[0xfa][0xe3]kz[0xe9]][0x3]Q[0x3][0x8f][0xd9]/[0x9c]1$[0xe2]nB|[0xac][0xd6]c|JC[0xab]}[0xc4]sH[0x1b][0xcd][0xc0]J[0xb]4[0xd0]#[0x93][0x7]9[0xb6][0x90]Xl[0xbd]c[0x12][0x1c]R[0x9c][0x13][0x84][0xb1][0xfd][0x96][0xd0][0x9b][0x2]n[0xa3]aT([0xa2]J[0xb4][0xed][0xa3][0xe5][0xb2][0x8b]|[0x95][0x11][0xd4][0xc8]Wr[0xf6]$[0xba][0xe4][0xdf]eg%ZAy[0x92]v[0xc7][0xe9]HT[0xf0][0xbe][0xca][0x8f][0xc]>PO[0x86][0xfc][0xf0][0xff][0xb9]ko?+[0xf9][0xee][0xba][0xdf]swuzr[0xb4][0xf9][0xeb][0xea]t[0xb1]yu[0xfc][0xbc][0xc0]N[0xf]$F[0x81][0xfd][0xf3]/[0x0][0x0][0x0][0xff][0xff][0x3][0x0][0xad]~[0xa4][0xf2][0x1][0x9][0x0][0x0]"
14:52:54.197 [main] DEBUG org.apache.http.wire --  << "[\r][\n]"
14:52:54.197 [main] DEBUG org.apache.http.wire --  << "0[\r][\n]"
14:52:54.197 [main] DEBUG org.apache.http.wire --  << "[\r][\n]"
14:52:54.197 [main] DEBUG io.restassured.internal.RestAssuredHttpBuilder -- Parsed data to instance of: class org.apache.http.conn.EofSensorInputStream
14:52:54.197 [main] DEBUG org.apache.http.impl.conn.BasicClientConnectionManager -- Releasing connection org.apache.http.impl.conn.ManagedClientConnectionImpl@e9947af
14:52:54.197 [main] DEBUG org.apache.http.impl.conn.BasicClientConnectionManager -- Connection can be kept alive indefinitely
14:52:54.198 [main] DEBUG net.thucydides.core.steps.StepInterceptor -- STEP DONE: I GET HTTP request limit result product with valid param
  &amp#27;[32mWhen &amp#27;[0m&amp#27;[32mI GET HTTP request limit result product with valid param&amp#27;[0m          &amp#27;[90m# starter.stepdefinition.ProductSteps.getInvalidRequestLimitProduct()&amp#27;[0m
14:52:54.200 [main] DEBUG net.thucydides.core.steps.StepInterceptor -- STARTING STEP: ProductSteps.receiveLimitProductRequestParam - I receive limit result product with request param
14:52:54.208 [main] DEBUG net.thucydides.core.steps.StepInterceptor -- STEP DONE: I receive limit result product with request param
  &amp#27;[32mAnd &amp#27;[0m&amp#27;[32mI receive limit result product with request param&amp#27;[0m                  &amp#27;[90m# starter.stepdefinition.ProductSteps.receiveLimitProductRequestParam()&amp#27;[0m
14:52:54.209 [main] DEBUG net.thucydides.core.steps.StepInterceptor -- STARTING STEP: ProductSteps.receiveInvalidLimitProductResponseCode200 - I receive valid GET limit result product response code 200
14:52:54.210 [main] DEBUG net.thucydides.core.steps.StepInterceptor -- STEP DONE: I receive valid GET limit result product response code 200
  &amp#27;[32mThen &amp#27;[0m&amp#27;[32mI receive valid GET limit result product response code 200&amp#27;[0m        &amp#27;[90m# starter.stepdefinition.ProductSteps.receiveInvalidLimitProductResponseCode200()&amp#27;[0m
14:52:54.211 [main] INFO  -- 
  _____   ___   ___   _____     ___     _     ___   ___   ___   ___  
 |_   _| | __| / __| |_   _|   | _ \   /_\   / __| / __| | __| |   \ 
   | |   | _|  \__ \   | |     |  _/  / _ \  \__ \ \__ \ | _|  | |) |
   |_|   |___| |___/   |_|     |_|   /_/ \_\ |___/ |___/ |___| |___/ 

[Positive] - PRODUCT_GET limit result product with valid param
----------------------------------------------------------------------
]]></system-out>
  </testcase>
  <testcase name="[Negative] - PRODUCT_GET limit result product with invalid param" classname="Product" time="0.446">
    <system-out><![CDATA[
Scenario: [Negative] - PRODUCT_GET limit result product with invalid param &amp#27;[90m# src/test/resources/Product.feature:31&amp#27;[0m
14:52:54.218 [Finalizer] DEBUG org.apache.http.impl.conn.DefaultClientConnection -- Connection 0.0.0.0:50999<->104.21.87.105:443 closed
14:52:54.218 [Finalizer] DEBUG org.apache.http.impl.conn.DefaultClientConnection -- Connection 0.0.0.0:50997<->104.21.87.105:443 closed
14:52:54.218 [main] INFO io.cucumber.core.plugin.SerenityReporter -- Running feature from file:///D:/SEMESTER%205/All%20Section/Section%203%20-%20Code%20Competence/Code%20Competence%20KM%20QA%202/Weekly2/src/test/resources/Product.feature
14:52:54.218 [main] WARN io.cucumber.core.plugin.SerenityReporter -- Feature from file:///D:/SEMESTER%205/All%20Section/Section%203%20-%20Code%20Competence/Code%20Competence%20KM%20QA%202/Weekly2/src/test/resources/Product.feature is not under the 'features' directory. Requirements report will not be correctly generated!
14:52:54.219 [Finalizer] DEBUG org.apache.http.impl.conn.DefaultClientConnection -- Connection 0.0.0.0:50998<->104.21.87.105:443 closed
14:52:54.220 [main] INFO  -- 
  _____   ___   ___   _____     ___   _____     _     ___   _____   ___   ___  
 |_   _| | __| / __| |_   _|   / __| |_   _|   /_\   | _ \ |_   _| | __| |   \ 
   | |   | _|  \__ \   | |     \__ \   | |    / _ \  |   /   | |   | _|  | |) |
   |_|   |___| |___/   |_|     |___/   |_|   /_/ \_\ |_|_\   |_|   |___| |___/ 

[Negative] - PRODUCT_GET limit result product with invalid param(product;[negative]---product-get-limit-result-product-with-invalid-param)
--------------------------------------------------------------------------------
14:52:54.224 [main] DEBUG net.thucydides.core.steps.StepInterceptor -- STARTING STEP: ProductSteps.getLimitProductRequestInvalid - I GET user limit result product with invalid param
14:52:54.225 [main] DEBUG net.thucydides.core.steps.StepInterceptor -- STEP DONE: I GET user limit result product with invalid param
  &amp#27;[32mGiven &amp#27;[0m&amp#27;[32mI GET user limit result product with invalid param&amp#27;[0m                 &amp#27;[90m# starter.stepdefinition.ProductSteps.getLimitProductRequestInvalid()&amp#27;[0m
14:52:54.226 [main] DEBUG net.thucydides.core.steps.StepInterceptor -- STARTING STEP: ProductSteps.getHTTPInvalidRequestWithLimitProduct - I GET HTTP request limit result product with invalid param
14:52:54.227 [main] DEBUG net.thucydides.core.steps.StepInterceptor -- STARTING STEP: Product.getHTTPInvalidRequestWithLimitProduct - I GET user limit result product with invalid param
14:52:54.227 [main] DEBUG net.thucydides.core.steps.StepInterceptor -- STEP DONE: I GET user limit result product with invalid param
14:52:54.231 [main] DEBUG org.apache.http.impl.conn.BasicClientConnectionManager -- Get connection for route {s}->https://fakestoreapi.com:443
14:52:54.231 [main] DEBUG org.apache.http.impl.conn.DefaultClientConnectionOperator -- Connecting to fakestoreapi.com:443
14:52:54.293 [main] DEBUG org.apache.http.client.protocol.RequestAddCookies -- CookieSpec selected: ignoreCookies
14:52:54.293 [main] DEBUG org.apache.http.client.protocol.RequestAuthCache -- Auth cache not set in the context
14:52:54.293 [main] DEBUG org.apache.http.client.protocol.RequestTargetAuthentication -- Target auth state: UNCHALLENGED
14:52:54.293 [main] DEBUG org.apache.http.client.protocol.RequestProxyAuthentication -- Proxy auth state: UNCHALLENGED
14:52:54.293 [main] DEBUG org.apache.http.impl.client.DefaultHttpClient -- Attempt 1 to execute request
14:52:54.293 [main] DEBUG org.apache.http.impl.conn.DefaultClientConnection -- Sending request: GET /product?limit=5 HTTP/1.1
14:52:54.293 [main] DEBUG org.apache.http.wire --  >> "GET /product?limit=5 HTTP/1.1[\r][\n]"
14:52:54.293 [main] DEBUG org.apache.http.wire --  >> "Accept: */*[\r][\n]"
14:52:54.293 [main] DEBUG org.apache.http.wire --  >> "Host: fakestoreapi.com[\r][\n]"
14:52:54.294 [main] DEBUG org.apache.http.wire --  >> "Connection: Keep-Alive[\r][\n]"
14:52:54.294 [main] DEBUG org.apache.http.wire --  >> "User-Agent: Apache-HttpClient/4.5.13 (Java/17.0.8)[\r][\n]"
14:52:54.294 [main] DEBUG org.apache.http.wire --  >> "Accept-Encoding: gzip,deflate[\r][\n]"
14:52:54.294 [main] DEBUG org.apache.http.wire --  >> "[\r][\n]"
14:52:54.294 [main] DEBUG org.apache.http.headers -- >> GET /product?limit=5 HTTP/1.1
14:52:54.294 [main] DEBUG org.apache.http.headers -- >> Accept: */*
14:52:54.294 [main] DEBUG org.apache.http.headers -- >> Host: fakestoreapi.com
14:52:54.294 [main] DEBUG org.apache.http.headers -- >> Connection: Keep-Alive
14:52:54.294 [main] DEBUG org.apache.http.headers -- >> User-Agent: Apache-HttpClient/4.5.13 (Java/17.0.8)
14:52:54.294 [main] DEBUG org.apache.http.headers -- >> Accept-Encoding: gzip,deflate
14:52:54.651 [main] DEBUG org.apache.http.wire --  << "HTTP/1.1 404 Not Found[\r][\n]"
14:52:54.651 [main] DEBUG org.apache.http.wire --  << "Date: Fri, 06 Oct 2023 07:52:55 GMT[\r][\n]"
14:52:54.651 [main] DEBUG org.apache.http.wire --  << "Content-Type: text/html; charset=utf-8[\r][\n]"
14:52:54.651 [main] DEBUG org.apache.http.wire --  << "Transfer-Encoding: chunked[\r][\n]"
14:52:54.651 [main] DEBUG org.apache.http.wire --  << "Connection: keep-alive[\r][\n]"
14:52:54.651 [main] DEBUG org.apache.http.wire --  << "Access-Control-Allow-Origin: *[\r][\n]"
14:52:54.651 [main] DEBUG org.apache.http.wire --  << "Content-Security-Policy: default-src 'none'[\r][\n]"
14:52:54.651 [main] DEBUG org.apache.http.wire --  << "X-Content-Type-Options: nosniff[\r][\n]"
14:52:54.651 [main] DEBUG org.apache.http.wire --  << "X-Powered-By: Express[\r][\n]"
14:52:54.651 [main] DEBUG org.apache.http.wire --  << "CF-Cache-Status: DYNAMIC[\r][\n]"
14:52:54.651 [main] DEBUG org.apache.http.wire --  << "Report-To: {"endpoints":[{"url":"https:\/\/a.nel.cloudflare.com\/report\/v3?s=qDl2oFiL8eMwm6zpJ6a65oXJPaZDcBMRgmoL0EexGPeS3C9TuXry%2BMZ406uDXNYA%2F%2FrHBpQHVKEYk1Uu6L8t%2B%2B5dkhwa%2FmXBc9APh2mY4kNvlXB1FNBTI5fAg4O%2FUY6jAP6i"}],"group":"cf-nel","max_age":604800}[\r][\n]"
14:52:54.651 [main] DEBUG org.apache.http.wire --  << "NEL: {"success_fraction":0,"report_to":"cf-nel","max_age":604800}[\r][\n]"
14:52:54.651 [main] DEBUG org.apache.http.wire --  << "Server: cloudflare[\r][\n]"
14:52:54.651 [main] DEBUG org.apache.http.wire --  << "CF-RAY: 811c53e1fb99406a-SIN[\r][\n]"
14:52:54.651 [main] DEBUG org.apache.http.wire --  << "Content-Encoding: gzip[\r][\n]"
14:52:54.651 [main] DEBUG org.apache.http.wire --  << "alt-svc: h3=":443"; ma=86400[\r][\n]"
14:52:54.651 [main] DEBUG org.apache.http.wire --  << "[\r][\n]"
14:52:54.651 [main] DEBUG org.apache.http.impl.conn.DefaultClientConnection -- Receiving response: HTTP/1.1 404 Not Found
14:52:54.651 [main] DEBUG org.apache.http.headers -- << HTTP/1.1 404 Not Found
14:52:54.651 [main] DEBUG org.apache.http.headers -- << Date: Fri, 06 Oct 2023 07:52:55 GMT
14:52:54.651 [main] DEBUG org.apache.http.headers -- << Content-Type: text/html; charset=utf-8
14:52:54.651 [main] DEBUG org.apache.http.headers -- << Transfer-Encoding: chunked
14:52:54.651 [main] DEBUG org.apache.http.headers -- << Connection: keep-alive
14:52:54.651 [main] DEBUG org.apache.http.headers -- << Access-Control-Allow-Origin: *
14:52:54.651 [main] DEBUG org.apache.http.headers -- << Content-Security-Policy: default-src 'none'
14:52:54.651 [main] DEBUG org.apache.http.headers -- << X-Content-Type-Options: nosniff
14:52:54.651 [main] DEBUG org.apache.http.headers -- << X-Powered-By: Express
14:52:54.651 [main] DEBUG org.apache.http.headers -- << CF-Cache-Status: DYNAMIC
14:52:54.651 [main] DEBUG org.apache.http.headers -- << Report-To: {"endpoints":[{"url":"https:\/\/a.nel.cloudflare.com\/report\/v3?s=qDl2oFiL8eMwm6zpJ6a65oXJPaZDcBMRgmoL0EexGPeS3C9TuXry%2BMZ406uDXNYA%2F%2FrHBpQHVKEYk1Uu6L8t%2B%2B5dkhwa%2FmXBc9APh2mY4kNvlXB1FNBTI5fAg4O%2FUY6jAP6i"}],"group":"cf-nel","max_age":604800}
14:52:54.651 [main] DEBUG org.apache.http.headers -- << NEL: {"success_fraction":0,"report_to":"cf-nel","max_age":604800}
14:52:54.651 [main] DEBUG org.apache.http.headers -- << Server: cloudflare
14:52:54.651 [main] DEBUG org.apache.http.headers -- << CF-RAY: 811c53e1fb99406a-SIN
14:52:54.651 [main] DEBUG org.apache.http.headers -- << Content-Encoding: gzip
14:52:54.651 [main] DEBUG org.apache.http.headers -- << alt-svc: h3=":443"; ma=86400
14:52:54.652 [main] DEBUG org.apache.http.impl.client.DefaultHttpClient -- Connection can be kept alive indefinitely
14:52:54.652 [main] DEBUG io.restassured.internal.RestAssuredHttpBuilder -- Parsing response as: text/html; charset=utf-8
14:52:54.652 [main] DEBUG org.apache.http.wire --  << "84[\r][\n]"
14:52:54.652 [main] DEBUG org.apache.http.wire --  << "[0x1f][0x8b][0x8][0x0][0x0][0x0][0x0][0x0][0x0][0x3],[0x8e][0xb1][0xe][0xc2]0[0xc]D[0xf7]|[0x85][0xc9][0x8e][0xbc]2[0xb8]^J[0xc4]H[0x87].[0x8c][0xa1]1[0x14])M*[0xe3][0xe][0xfc]=[\n]"
14:52:54.652 [main] DEBUG org.apache.http.wire --  << "t:[0xdd][0xbd];[0xe9][0xe8]p[0xbe][0xf6][0xe3]m[0x8]0[0xdb][0x92][0xd9]Q[0x13][0xc8][0xb1]<;/[0xc5][0xb7]@bbG[0x8b]X[0x84]i[0x8e][0xfa][0x16][0xeb][0xfc]f[0x8f][0xe3][0xa9]Q{Y[0x16][0xe][0xaa]U[0x9][0xff][0xc6][0x11][0xee][0x9b]{M[0x1f]v[0xb4][0xaa]p[0x1f]K[0xa9][0x6][0x97]0[0x2][0xae]Z[0xd3]6[0x19]a[0x3][0x8e]p[0xaf][0xe1][0xef][0xc1][0x17][0x0][0x0][0xff][0xff]"
14:52:54.652 [main] DEBUG org.apache.http.wire --  << "[\r][\n]"
14:52:54.652 [main] DEBUG org.apache.http.wire --  << "b[\r][\n]"
14:52:54.652 [main] DEBUG org.apache.http.wire --  << "[0xe3][0x2][0x0][0xf0]-[0xa6]P[0x92][0x0][0x0][0x0]"
14:52:54.652 [main] DEBUG org.apache.http.wire --  << "[\r][\n]"
14:52:54.652 [main] DEBUG org.apache.http.wire --  << "0[\r][\n]"
14:52:54.652 [main] DEBUG org.apache.http.wire --  << "[\r][\n]"
14:52:54.652 [main] DEBUG io.restassured.internal.RestAssuredHttpBuilder -- Parsed data to instance of: class org.apache.http.conn.EofSensorInputStream
14:52:54.652 [main] DEBUG org.apache.http.impl.conn.BasicClientConnectionManager -- Releasing connection org.apache.http.impl.conn.ManagedClientConnectionImpl@27b7913
14:52:54.652 [main] DEBUG org.apache.http.impl.conn.BasicClientConnectionManager -- Connection can be kept alive indefinitely
14:52:54.653 [main] DEBUG net.thucydides.core.steps.StepInterceptor -- STEP DONE: I GET HTTP request limit result product with invalid param
  &amp#27;[32mWhen &amp#27;[0m&amp#27;[32mI GET HTTP request limit result product with invalid param&amp#27;[0m          &amp#27;[90m# starter.stepdefinition.ProductSteps.getHTTPInvalidRequestWithLimitProduct()&amp#27;[0m
14:52:54.654 [main] DEBUG net.thucydides.core.steps.StepInterceptor -- STARTING STEP: ProductSteps.receiveLimitProductWithInvalidRequest - I receive limit result product with invalid request param
14:52:54.655 [main] DEBUG net.thucydides.core.steps.StepInterceptor -- STEP DONE: I receive limit result product with invalid request param
  &amp#27;[32mAnd &amp#27;[0m&amp#27;[32mI receive limit result product with invalid request param&amp#27;[0m            &amp#27;[90m# starter.stepdefinition.ProductSteps.receiveLimitProductWithInvalidRequest()&amp#27;[0m
14:52:54.656 [main] DEBUG net.thucydides.core.steps.StepInterceptor -- STARTING STEP: ProductSteps.receiveInvalidLimitResponseCode404 - I receive invalid GET limit result product response code 404
14:52:54.656 [main] DEBUG net.thucydides.core.steps.StepInterceptor -- STEP DONE: I receive invalid GET limit result product response code 404
  &amp#27;[32mThen &amp#27;[0m&amp#27;[32mI receive invalid GET limit result product response code 404&amp#27;[0m        &amp#27;[90m# starter.stepdefinition.ProductSteps.receiveInvalidLimitResponseCode404()&amp#27;[0m
14:52:54.657 [main] INFO  -- 
  _____   ___   ___   _____     ___     _     ___   ___   ___   ___  
 |_   _| | __| / __| |_   _|   | _ \   /_\   / __| / __| | __| |   \ 
   | |   | _|  \__ \   | |     |  _/  / _ \  \__ \ \__ \ | _|  | |) |
   |_|   |___| |___/   |_|     |_|   /_/ \_\ |___/ |___/ |___| |___/ 

[Negative] - PRODUCT_GET limit result product with invalid param
----------------------------------------------------------------------
]]></system-out>
  </testcase>
  <testcase name="[Positive] - PRODUCT_GET sort result product in descending with valid endpoint" classname="Product" time="0.486">
    <system-out><![CDATA[
Scenario: [Positive] - PRODUCT_GET sort result product in descending with valid endpoint &amp#27;[90m# src/test/resources/Product.feature:37&amp#27;[0m
14:52:54.661 [main] INFO io.cucumber.core.plugin.SerenityReporter -- Running feature from file:///D:/SEMESTER%205/All%20Section/Section%203%20-%20Code%20Competence/Code%20Competence%20KM%20QA%202/Weekly2/src/test/resources/Product.feature
14:52:54.661 [main] WARN io.cucumber.core.plugin.SerenityReporter -- Feature from file:///D:/SEMESTER%205/All%20Section/Section%203%20-%20Code%20Competence/Code%20Competence%20KM%20QA%202/Weekly2/src/test/resources/Product.feature is not under the 'features' directory. Requirements report will not be correctly generated!
14:52:54.663 [main] INFO  -- 
  _____   ___   ___   _____     ___   _____     _     ___   _____   ___   ___  
 |_   _| | __| / __| |_   _|   / __| |_   _|   /_\   | _ \ |_   _| | __| |   \ 
   | |   | _|  \__ \   | |     \__ \   | |    / _ \  |   /   | |   | _|  | |) |
   |_|   |___| |___/   |_|     |___/   |_|   /_/ \_\ |_|_\   |_|   |___| |___/ 

[Positive] - PRODUCT_GET sort result product in descending with valid endpoint(product;[positive]---product-get-sort-result-product-in-descending-with-valid-endpoint)
--------------------------------------------------------------------------------
14:52:54.666 [main] DEBUG net.thucydides.core.steps.StepInterceptor -- STARTING STEP: ProductSteps.getAPISortProductWithValidEndpoint - I GET API sort product result with valid endpoint
14:52:54.666 [main] DEBUG net.thucydides.core.steps.StepInterceptor -- STEP DONE: I GET API sort product result with valid endpoint
  &amp#27;[32mGiven &amp#27;[0m&amp#27;[32mI GET API sort product result with valid endpoint&amp#27;[0m                                &amp#27;[90m# starter.stepdefinition.ProductSteps.getAPISortProductWithValidEndpoint()&amp#27;[0m
14:52:54.668 [main] DEBUG net.thucydides.core.steps.StepInterceptor -- STARTING STEP: ProductSteps.getHTTPValidRequestWithSortProduct - I GET HTTP request sort product with valid endpoint
14:52:54.669 [main] DEBUG net.thucydides.core.steps.StepInterceptor -- STARTING STEP: Product.getHTTPValidRequestWithSortProduct - I GET API sort product result with valid endpoint
14:52:54.669 [main] DEBUG net.thucydides.core.steps.StepInterceptor -- STEP DONE: I GET API sort product result with valid endpoint
14:52:54.672 [main] DEBUG org.apache.http.impl.conn.BasicClientConnectionManager -- Get connection for route {s}->https://fakestoreapi.com:443
14:52:54.673 [main] DEBUG org.apache.http.impl.conn.DefaultClientConnectionOperator -- Connecting to fakestoreapi.com:443
14:52:54.743 [main] DEBUG org.apache.http.client.protocol.RequestAddCookies -- CookieSpec selected: ignoreCookies
14:52:54.743 [main] DEBUG org.apache.http.client.protocol.RequestAuthCache -- Auth cache not set in the context
14:52:54.743 [main] DEBUG org.apache.http.client.protocol.RequestTargetAuthentication -- Target auth state: UNCHALLENGED
14:52:54.743 [main] DEBUG org.apache.http.client.protocol.RequestProxyAuthentication -- Proxy auth state: UNCHALLENGED
14:52:54.744 [main] DEBUG org.apache.http.impl.client.DefaultHttpClient -- Attempt 1 to execute request
14:52:54.744 [main] DEBUG org.apache.http.impl.conn.DefaultClientConnection -- Sending request: GET /products?sort=desc HTTP/1.1
14:52:54.744 [main] DEBUG org.apache.http.wire --  >> "GET /products?sort=desc HTTP/1.1[\r][\n]"
14:52:54.744 [main] DEBUG org.apache.http.wire --  >> "Accept: */*[\r][\n]"
14:52:54.744 [main] DEBUG org.apache.http.wire --  >> "Host: fakestoreapi.com[\r][\n]"
14:52:54.744 [main] DEBUG org.apache.http.wire --  >> "Connection: Keep-Alive[\r][\n]"
14:52:54.744 [main] DEBUG org.apache.http.wire --  >> "User-Agent: Apache-HttpClient/4.5.13 (Java/17.0.8)[\r][\n]"
14:52:54.744 [main] DEBUG org.apache.http.wire --  >> "Accept-Encoding: gzip,deflate[\r][\n]"
14:52:54.744 [main] DEBUG org.apache.http.wire --  >> "[\r][\n]"
14:52:54.744 [main] DEBUG org.apache.http.headers -- >> GET /products?sort=desc HTTP/1.1
14:52:54.744 [main] DEBUG org.apache.http.headers -- >> Accept: */*
14:52:54.744 [main] DEBUG org.apache.http.headers -- >> Host: fakestoreapi.com
14:52:54.744 [main] DEBUG org.apache.http.headers -- >> Connection: Keep-Alive
14:52:54.744 [main] DEBUG org.apache.http.headers -- >> User-Agent: Apache-HttpClient/4.5.13 (Java/17.0.8)
14:52:54.744 [main] DEBUG org.apache.http.headers -- >> Accept-Encoding: gzip,deflate
14:52:55.134 [main] DEBUG org.apache.http.wire --  << "HTTP/1.1 200 OK[\r][\n]"
14:52:55.135 [main] DEBUG org.apache.http.wire --  << "Date: Fri, 06 Oct 2023 07:52:56 GMT[\r][\n]"
14:52:55.135 [main] DEBUG org.apache.http.wire --  << "Content-Type: application/json; charset=utf-8[\r][\n]"
14:52:55.135 [main] DEBUG org.apache.http.wire --  << "Transfer-Encoding: chunked[\r][\n]"
14:52:55.135 [main] DEBUG org.apache.http.wire --  << "Connection: keep-alive[\r][\n]"
14:52:55.135 [main] DEBUG org.apache.http.wire --  << "Access-Control-Allow-Origin: *[\r][\n]"
14:52:55.135 [main] DEBUG org.apache.http.wire --  << "Etag: W/"297c-kgtAqsPV+9MMR0dzy4sqhhSyR9Q"[\r][\n]"
14:52:55.135 [main] DEBUG org.apache.http.wire --  << "X-Powered-By: Express[\r][\n]"
14:52:55.135 [main] DEBUG org.apache.http.wire --  << "CF-Cache-Status: DYNAMIC[\r][\n]"
14:52:55.135 [main] DEBUG org.apache.http.wire --  << "Report-To: {"endpoints":[{"url":"https:\/\/a.nel.cloudflare.com\/report\/v3?s=Pv2D2lXuE46HTRBWha4owVQij%2B6wFt1gFLZnuYeTzKatAwgZ9FiXJTb19Ov95vsPQQ5cP1OzqJUWQ0IsvASTF74MXQQND5cLTfkA60TxYBYckaUmmZ%2BXq9xTFRnAQ7ny1Bln"}],"group":"cf-nel","max_age":604800}[\r][\n]"
14:52:55.135 [main] DEBUG org.apache.http.wire --  << "NEL: {"success_fraction":0,"report_to":"cf-nel","max_age":604800}[\r][\n]"
14:52:55.135 [main] DEBUG org.apache.http.wire --  << "Server: cloudflare[\r][\n]"
14:52:55.135 [main] DEBUG org.apache.http.wire --  << "CF-RAY: 811c53e4cd48ab61-SIN[\r][\n]"
14:52:55.135 [main] DEBUG org.apache.http.wire --  << "Content-Encoding: gzip[\r][\n]"
14:52:55.135 [main] DEBUG org.apache.http.wire --  << "alt-svc: h3=":443"; ma=86400[\r][\n]"
14:52:55.135 [main] DEBUG org.apache.http.wire --  << "[\r][\n]"
14:52:55.135 [main] DEBUG org.apache.http.impl.conn.DefaultClientConnection -- Receiving response: HTTP/1.1 200 OK
14:52:55.135 [main] DEBUG org.apache.http.headers -- << HTTP/1.1 200 OK
14:52:55.135 [main] DEBUG org.apache.http.headers -- << Date: Fri, 06 Oct 2023 07:52:56 GMT
14:52:55.135 [main] DEBUG org.apache.http.headers -- << Content-Type: application/json; charset=utf-8
14:52:55.135 [main] DEBUG org.apache.http.headers -- << Transfer-Encoding: chunked
14:52:55.135 [main] DEBUG org.apache.http.headers -- << Connection: keep-alive
14:52:55.135 [main] DEBUG org.apache.http.headers -- << Access-Control-Allow-Origin: *
14:52:55.135 [main] DEBUG org.apache.http.headers -- << Etag: W/"297c-kgtAqsPV+9MMR0dzy4sqhhSyR9Q"
14:52:55.135 [main] DEBUG org.apache.http.headers -- << X-Powered-By: Express
14:52:55.135 [main] DEBUG org.apache.http.headers -- << CF-Cache-Status: DYNAMIC
14:52:55.135 [main] DEBUG org.apache.http.headers -- << Report-To: {"endpoints":[{"url":"https:\/\/a.nel.cloudflare.com\/report\/v3?s=Pv2D2lXuE46HTRBWha4owVQij%2B6wFt1gFLZnuYeTzKatAwgZ9FiXJTb19Ov95vsPQQ5cP1OzqJUWQ0IsvASTF74MXQQND5cLTfkA60TxYBYckaUmmZ%2BXq9xTFRnAQ7ny1Bln"}],"group":"cf-nel","max_age":604800}
14:52:55.135 [main] DEBUG org.apache.http.headers -- << NEL: {"success_fraction":0,"report_to":"cf-nel","max_age":604800}
14:52:55.135 [main] DEBUG org.apache.http.headers -- << Server: cloudflare
14:52:55.135 [main] DEBUG org.apache.http.headers -- << CF-RAY: 811c53e4cd48ab61-SIN
14:52:55.135 [main] DEBUG org.apache.http.headers -- << Content-Encoding: gzip
14:52:55.135 [main] DEBUG org.apache.http.headers -- << alt-svc: h3=":443"; ma=86400
14:52:55.135 [main] DEBUG org.apache.http.impl.client.DefaultHttpClient -- Connection can be kept alive indefinitely
14:52:55.135 [main] DEBUG io.restassured.internal.RestAssuredHttpBuilder -- Parsing response as: application/json; charset=utf-8
14:52:55.135 [main] DEBUG org.apache.http.wire --  << "1153[\r][\n]"
14:52:55.135 [main] DEBUG org.apache.http.wire --  << "[0x1f][0x8b][0x8][0x0][0x0][0x0][0x0][0x0][0x0][0x3][0xac]Z[0xdd]r[0xdb][0xb8][0x92]~[0x95].W[0xcd]LR[0x87][0xa2][0xf5][0xeb][0xbf][0xb9][0x92]%[0xd9]R[0x8e]$;[0xa2][0x1c][0xc7][0xd9][0xda]JAdKD[0x4][0x2][0x1c][0x0][0xb4]"[0x9f][0x99][0xaa]y[0x87][0xbd][0xda][0x8b]}[0xb9][0xf3]$[[\r]P[0x16][0xed]xf3;[0xbe][0xb1],[0x11][0xc4]O[0xf7][0xd7][0xdd]_w[0xe3]?[0xfe]u[0xc0][0x93][0x83][0xb3]f=8[0xb0][0xdc][\n]"
14:52:55.135 [main] DEBUG org.apache.http.wire --  << "<8;[0xe8]w[0xa7][0x1f][0xae]n[0xee][0xe0]Ve([\r][0xcc]!J[0xb9][0xb6][0xd0]c[0xa6]`[0x2]z[0xca]Z%!J[0x95][0xb6][0x7][0xc1]A[0xae]y[0x8c][0x7]g[0x8d]fxz[0x1a][0x1c]$hb[0xcd]s[0xcb][0x95]<8;8[0xed][0xfc][0xe0]G[0x7][0x9d][0x1f][0xa2][0x9c][0xc9][0x4][0xbf][0x6]p[0x81][0xcc][0x16][0x1a][0xcd]Y9a[0xe0][0xa7][0x82]H [0xde]c[0x0]c[0xb4][0x16]5\k.m[0xf0][0xa1]6[0xc5]x[0x1d]\0[0x93]r%a[0x8e]h[0x2][0x98][0xa7][0x8]K[0xb6][0xd0]<[0x6]n[0xc0][0xa8][0xa5][0x5]&[0x13]H[0x19]}[0xc9][0x10][0x8c][0xd5]h[0xe3]4[0xc][0xe0]*[0x8e][0x99][0xe1]J[0xee][0xd6]:[0xbc]Z.y[0x8c][0x87][0xe7][0xc8][0xe2][0xf4]0[0x8a]S[0xa5][0xc4][0xe1]Pex[0x18]Y[0x8d]hC[0x88][0x90][0x19][0x1a][0x1f][0xe5][0x9a][0xcb]U[0x10][0x15]Y[0x86]:[0xe8][0x16][0xb6][0xc8]dp[0xcb][0xa5]E[0x1d][0x1e][0x4][0x7]1[0xb3][0xb8]Rz{pv[0xb0]!)[0xfd]d [0x16][0xca][0xa6]\[0xae][0xe][0x82][0x3][0x9e][0xb1][0x15][0x9]2[0xb5]67g[0x87][0x87]K[0xb6]Fc[0x95]F[0x96][0xf3]0V[0xd9]![0xcf]V[0x87]G[0x8d]|[0xd8][0x1d][0xbc]kO'[0xe3][0xf0]s[0xb7][0xf7][0xf9][0xe6][0xe3][0xd1][0xf1][0xe9][0xe7][0xf0]KN3hfi[0xaa][0xb3][0xd1]xp[0xd6][\n]"
14:52:55.135 [main] DEBUG org.apache.http.wire --  << "[0x8f][0x82][0x83]X[0x15][0xd2][0x1e][0x9c]5[0xda][0x9d][0xdf]~[0xb][0xbc][0xda][0x1a][0xa7]{[0xb5]][0xe5][0x92]y[0x9d][0xfd]d[0x9e][0xc8][0x14]&[0x8a][0x1b][0x92][0xf9]^][0xc7][0xe1]i[0xe7][0xb9][0xb6][0x1a][0xf5][0xfa][0xf]p[0xad][0xc4][0x16][0x8d]E[0x1d][0xc0][0x84][0xc5])[0x97][0x8][0x1b]f[0xd2][0x0][0xdc][0xd3][0x98][0xd1]X[0x1e]C[0xbe][0x1b][0x6]N$B[0xc5][0xeb][0xfd][0xb][0xb7][0xcc][0xa4][0xf0]#\k[0x84]([0xd5][0x85]\[0xc3]Ri`p[0xa9][0x91]Y[0xb8][0xe0]6[0x80]1_[0xa5]v[0x83][0xf4]7[0x0][0xad]T[0xb6][0xf5]*[0xe4][0xab]TlaA[0x3]S[0xb6][0x10][0x8][0x1b]nS[0xc8][0xca][0xfd][0xc3][0x86][0xc7]k.W;[0xed]oR[0x1e][0xa7][0x90][0xa2][0xc8][\r]X[0x5]k[0xc4]|?[0x96]m[0xd8]6[0x80][0x88][0xd0]QY[\r].[0xca]Wi[0xde]XeK[0xa5][0xad][[0xe8]CMb[0xbc][0x86]X[0x9][0xc1][0xb4][0xdb][0xc][0x3]#8[0xa9][0x1f][0x96][0xb4][0xe5][0x4][0x5][0xbf]Gm[0xdc][0xef][0x88][0xeb][0x0]2[0xa5][0x11][0x96][0x98]qI[0xa7]6\[0xa4][0xaa] [0xf0][0xba][0xb7][0xbb]I[0x82][0x9][0xf4][0xfc][\n]"
14:52:55.135 [main] DEBUG org.apache.http.wire --  << "[0xaf][0x83][0x98]N[0x3]W[0x9d]Nq[0x9b]%[0xdf][0x81][0x98]v[0xd8][0xa9] [0xe6]h[0x8f][0x98][0x93]=b&[0xe7][0xef][0xf6][0x80]Q[0x82]'Oas[0xae][0x98][0x5][0xb2]?[0xf8][0x0]{[0xe8][0x9c]"
14:52:55.135 [main] DEBUG org.apache.http.wire --  << "[0x86]'[0x9d][0x17][0xc][0x1d]f[0xdd][0xbb][0xab])t~[0x80][0xe8][0xba];[0xed][0xf]>[0x12][0x1e][0x12][0x4].[0xe1]&[0xea][0x82][0xd2]0[0xca]r[0xa5]-&[0x1][0xf4][0x15]L[0x95][0x85]sAf[0xf8][0x4][0xc][0x8f][0x9a]%[0xf5][0xac][0x1c]^Jkv[0x18]*[0x15][0x16][0xc0][0x8c]/[0x16][0x98][0x80][0x92]N[0x17][0xf7]h[0x9c][0xcc]I[0x83][0x82]tq[0x8]}U[0x90]V[0x8d][0xe5][0x96]@[0xb9][0xa2][0xa1][0xb][0xf2]E[0x19][0xa4][0x98][0xbd][0x8e]>[0x8e][0x1b][0xf][0xad]u>[0xe9][0xde][0x99]R[0x1f]w'[0xa6][0x8f][0xe3][0xbd]>Z[0xf5][0xbd]>[0x8e][0xf7][0xfa][0x98]1.[0xe1][0x1d][0x8b][0xd7]h[0xbd]^[0xe0][0x96][0xcb][0x84][0xac]a[0x8d][0x1a]"[0xab]yN[0x98][0x12]<[[0xd0][0x91]hx[0xac][0x98]5{[0xe5][0xb4]N_p[0xc3]U[0xf9][0xe6][0xa8][0x97]h[0x9d]0i:[0xd2]K[0xec][0xfd][0xfa][0x6][0x99][0xae][0xd5]jc%W[0xa5]P[0xbd][0x16]R[0xa5][0x12]R[0x1a]K[0xbe][0x14][0xc6][0xdb]J[0xa2][0xd9][0xc6]Xr[0x90][0xb0]a[0xdc]XH[0xd0][0xf0][0x95][0xc][0xe1][0xbc]p[0xb1][0x81]t[0xf1][0xc0][0xf3][0x9c]LG+iI[0xb2][0x86]lR[0x97];[0xe]`Y[0x8][0xb1]%[0xdd][0xf2][0x1c][\r][0x8c][0xb9][0xc4][0xc4][0xbd]F[0xbe]}w.[0xe7][0xd1][0x9b]`x[0x82][0x90]+[0x92][0x8a][0x1]F[0x96][\r]+[0xa5][0x12]0[0xfc][0x1][0xc9][0xec]S%[0x12]`B[0xc0][0x9a][0xcb][0xc4][0x80]Z[0x82][0xd3][0xa2][0x9][0x80][[0x88][0x95][0xb3]Y[0x9b]"[0xa4]<7[0x81][[0xc4]}[0xa3])[0xb8][0x81][0x15]J[0xd4][0xaa]0[0xb0](,$[\n]"
14:52:55.135 [main] DEBUG org.apache.http.wire --  << "[0x8d][0xfc][0xc9][0x2][0xbd][0x94]([0xe0]6[0xec]Z[0xcb][0xe2][0xd4]Y[0xb2];[0x9a][0xdf][0xe9][0x90]^v[0xd2][0xe9][0xee][0xa5][0xd2][0x94][0x8a][0x81][0x15][0xbf]GZ[0x9e][0x81]F&[0xc0][0xd8][0xad][0xc0][0x4][0x84]R[0xeb][0xf0][0xb5][0xb0]7\[0x88][0xee][0xd0]t[0xbe]V[0xb1]Wk[0xfe]a[0xfc]8yD[0xdf][0xd1][0xf1][0xe9][0x1e]}G{[0xf4][0x8d]U[0xbc]v[0xe2][0x19][0xab]{|[0xf4][0xb]3[0xcc][0xd4][0xbd];[0xdf][0xd0][0x1][0x1].X[0xf1][0x15][0xc6][0xe4][0xa0]Q[0xc3]DY[0x5][0xe7][0x9c][0xe0][0xe9]q[0xbb][0x87]b[0xf3][0xf4][0xf]c[0xcc][0xd5][0xf8][0xee]f6[0x98][0xf][0xbb][0xd3][0xc1][0x1b][0x93][0xa2][0x10]o[0xe1][0xf1][0xc1] [0x9a][0xf]fo[0x4][0xf9][0xd4][0xd5][8[0xee]T~[0x85]f[0xe7][0x7][0xe8]][0xcd][0xe7]WSx[0x13][0xdd][0xe][0xba][0xf3][0xc1][0xec]m[0xe0]7$[0xca][\r]e[0xcc][0xa2][0xe6]L8[0x84];[0xb1][0xbb]#[0x95][0x8e][0x3][0xe][0xa1][0xf9][0x8]%[0xb5][0xf4][0xe8][0xc][0xa0]Y[0xbb]P[0xba]v%[0x1f][0xcf][0x98][0xa0][0xe4]Y[0xf9][0xfa][0xb2]:[0xfd][0x17]w[0xc8]`[0x7][0xf4][0x4]-[0xe3][0x82]|[0x8b][0xb7][0x83]C[0xe8][0xfb]_[0xf6]~[0x87]<[0x18]O[0x88][0xb6][0xc][0xbb][0xd3]>[0xdc]v[0xa3]!\M[0xc7]w4[0xf6][\n]"
14:52:55.135 [main] DEBUG org.apache.http.wire --  << "[0xa6]Ws8[0x1f][0xf][0xba][0xbd]![0x1c][0xc2]x4[0x1d]@Vy4[0x9a]]M_[0x7]/'[0x8d][0x8f][0xc3]:[0x9e],q[0xf9][0x1d][0xbe][0xaa][0x19][0x9e]>[0xa2][0xa5][0xd5][0xae][0xf8][0xaa][0xce][0x1e]-[0xe7][0xa3][0xbb]q[0xb7]7[0x1e]D[0x83][0xe9]#VZ5.k[\r][0x88][0xa4][0xda],[0x14][0xd3][0xc9][0xa3]/s$[0x1]zO}U[0xe7][0xe8][0x5]_5U[0x16][0xcf][0xc8][0x9][0xf8]W[\r][0x99][0xe8]M[0x4][0xc6]2[0x99][0xd0][0x8c]d[0xf4][0x1]\[0xb]d[0x6][0x81][0xf8][0x9b]A[0xef][0x8][0x98][0x81][0xad]*4[0x14][0x8f][0xce][0xc]&%[0x16][0xce][0xe0])[0xb5][0xf9][0xd9]i)[0xf6][0x4][0x83][0xc]Z[0x97][0xac][0xe0][0xc]n[0x99][0xce][0xe0]B [0xc6][0x18]VG][0x14]2[0xa6][0x1d]2[0xe1]_8[0x83]h[0xcd]%\h[0x8e]2[0x11][0xdb]J[0xc][0xf3]\[0x94][0xe6][0x9]#[0xda]4[0xf4]<[0xa3][0xf0][0xeb][0xec][0xf0][0xe3][0xa8][0xca]V[0x15][0xb0][0xa1][0x5][0xb9]$[0xde][0x91][0xd0][0xae][0x9]e!|r[0xce][0x13][0x13][0xb8][0xf6]X=[0x83][0xe6][0xfe][0xb7]![0xcd]Z>[0x8][0xaa][0xf][0xae]w[0xc0][0x96][0xd0]K[0xd1]Xx[0x83]R[0x15][0xab][0xf4][0x91][0x1b][0xc5]L[0x93][0x83][0xd4][0xb0][0xc6][0xad]yK[0xd3]4`[0xc8][0x93][0x4]e[0xf9].[0x8c]$[0x81]5|q-w[0xb0][0xa7][0xc3]w[0xc7][0xd0][0xa5][0xcb][0x5][0x83]q[0xa1]1[0x84]a[0x91]1[0xc9][0x1f]0[0x81][0xbe][0xb][\r]gUGI[0xf3]Td[0xeb][0x9c][0xa9][0xa7]L[0x8f]C[0xe2]b[0xb9][0xa4]m[0xe7][0x1a][0xef]QZ[0xe7][0xb1]7\[0xfa]q[0x1b][0xd2]k[0xe0]9e[0x95][0xc2]-[0xb9][\r][0xa1]E[0xd2]lT[0xe7][0xf7];[0x80]\[0xab]{[0x8a]$[0x8e][0xb5][0xc5]J[0xde][0xa3][0xe4](c[0xc][0x9c][0x1e]b&[0xc1]`[0xce][0xc8][0x0][0xdc]j.[0x0][0xd1]j\[0x92][0xe2][0x98][0x1][0x89][0xe8][0x2][0xa1][0xd2][0x1e]^[0xdc][0x82]U+[0xf4][0x1a][0x1b]Y[0x97][0x8b][0x14][0xbc][0xdc][0x8a][0xd2][0x90][0xf0][0xe5][0x12]5[0xed][0xde][0xb8][0xa4][0xc2]3\[0x14]^[0xf1],a9MP[0x19][0x16][0xb]N[0xee][0xcb][0xbc][0x16][[0xbc][0xeb]LG[0xb5]Q[0xe7][0xcb]w[0xb0][0xc5]f%[0xbf]h[0xb6]*[0xf9]E{o[0xf1][0x11][0xcb]L!W[0xd0]>[0xad][0x8d]d[0x9c]BoxyZ[0x87]F[0xbb]=|[0x80]^[0xa1][0xef]1[0x81]K[0x96][0x91][0xcf][0x9b]([0xc9][0xad][0xd2][0xf0]f[0xdc]k[0x9f][0xd2][0xa8][0xfe]d[0xfa][0xf1]S[0xf7]-[0xfc][0xfb][0xf7][0xff][0x82][0xa8] ^p#[0xac]f[0x1b][0xd2]G[0x14]kD[0x9][0xef][0xc7][0x83]~[0x95]e[0x9e][0xbe][0xc4]d[0xda][0xa7]0[0x9a][0xf6][0x86][0x10][0xdd]\[0xf]fp3[0x9e][0xcf][0xba][0xb7][0xa3][0xfe][0x0]Z[0xcd][0xb3]S[0xe8][0xdd][0xcc]>[0xc][0xfa]p[0xd9][0x9d][0x8c][0xa6][0x97]0[0xb9][0x9a][0x8e][0xe6]W3[0x1f][0xa5][0x13][0xf2][0x9][0xcd]c[0xe0][0xb4]o[0xe3][0x17]t[0xb4]b[0xb1][0xf5][0x9f][0xef]o[0xba][0xd3][0xf9][0xcd][0x4][0xfa]WsxC[y[0xb][0xf3]Ao8[0xbd][0x1a]_][0xde][0x5]0[0xec][0xcf][0xc0][0x14]9[0xf1]W[0xa7][0xc5]%[0x8b][0xad][0xd2][[0x88][0x99][0xe0][0xb][0xed][0x92][0xa2][0x1d][0xbe][0xc][0x18][H[0x8a]^b[0xeb][0x82]?7[0x96][0xc7]>[0xa1][0x88][0xe3][0xc2][0xe1]+VB[0xe9]2.I[0xab][0x99][0xb1]N[0x8c][0x9f]`8[0xba][0x1c][0xc2]lp1[0x1b]DC[0x98]u[0xe7][0x3]7[0xa8][0x91][0x19](H^[0xb0][0xa4][0xa1][0x1a]M[0xae][0xa4]A[0xb0]<C[0xd8]([0xbd]&[0x18][0xa1][0xe0][0x19][0x97]4{[0xa6][0xdc]~[0x16][0xa2][0xd0][0x1][0xac]ReH[0xd5][0x9e][0xf8]hL[0x8a][0x98]8y^X[0x10]l[0xf5][0x14]i(0[0xb6][0x9a][0xf2];[0xf3][0xfd]a[0xe5][0x93]m7[0xb9][0xea][0xad]<[0xc8][0xa2]?[0x7]Y[0xb3][0x92][0x92]T[0xc2]Jk[0xf][0xb2]nLL[0xf7][0xbc]"
14:52:55.135 [main] DEBUG org.apache.http.wire --  << "[0xd9][0xac][0xbf][0x87][0x5][0x87]f#[0xec]8[0xad][0xa1][0x81][0x8b]B[0x8][0x18][0xf6][0xe1]M[0xe3][0xb4]Y[0x87][0xaf][0xd0][0xa8][0x9f][0xd4][0xdf][0xc2][0xe8]:[0xf2]`[0xaa][0xcd]S.+[0xd1][0xe5][[0xf4]4[0x1b]![0xfc][0x1f][0xb3][0x11]"K|[0xd0][0xc4][0x9]7[0xb9]`[[0xe8][0xca][0x4]f,A%a[0xa9][0x11]![0xda][0xca][0x18],[0xc6][0xa9]TB[0xad][0xb6]!L[0x15]y[0xa2][0x9c]Y[0xbe][0xe0][0x82][0xdb][0xad]s[0x0][0x1f][0x6]Q[0x17]&t^[0x98][0xe1]R[0xa3]Ia[0xc6],[0x9e][0xc1]qg[0xf8][0x0]5[0xb8]1d,[0xc3][0xfe]d[0x4][0xe]Y[0x9f]P[0xab][0xda]R[0xb3][0xc]KB[\r][0xbf]z[0xbd][0xd7][0xc8][0xf0][0xe1]Whg[0xe6][0x99][0xf6]u[0xdb][0xcc][0x99]D[0x1]][0x93]cl[0xc1][0xc1][0x11]j[0xd0]8:[0x83][0xd3][0x90][0xc2][0x8f][0xd2]dt>[0xf9]r[0xf]B8[0x86][0x8c][0xb]A0qX4![0x9c]k[0x8a]`[0x12][0x8d][0x81][0x1a]4;u[0x90][0xdc][0xc2][0x9c][0xb][0x2][0xfc]J [0xd4]:[0x90][0xe0][0x8a][0xe]o[0x15]4v_B[0x18]*[0xcd][0x1f][0x94][0xb4]L[0xc0]=[0xc7][0x8d][0xa3]<[0xf4]B[0xad]q|[0xf2]8[0xe8][0x3]j[0xcb][0xe3]?[0x19][0x2][0xc7][0x1d]HQ[0xdb][0x87]W@[0xe4][0xfb]|=[0x8a][0xed]/[0xd7][0xdf][0x85][0xc8]=[0xd1]iv*[0x88]l[0xee][0x11]y[0xdb][0x87][0xf6][0xfc]|[0xe7][0xda][0xfa][0x9a];r[0xac][0xd7][0xc6][0xbb][0x96]k[0xc1][0xb6][0xc6]z[0x17][0xd0][0x86][0xeb]],[0x1a]|[0xb5][0xa8][0x89].[0xc][0x89][0xb5][0xb8][0xb7]*[0xc5]2r[0xab]O[0xb1]9[0xf8]J[0xf5]1[0x1f]K[0xaf][0xa3]6[0xac][0xfc]r[0xf8]5G][0x86])Z[0x9][0x98][0xdc]nR[0xd4][0x8][0x17][0xe4][\n]"
14:52:55.135 [main] DEBUG org.apache.http.wire --  << "[0xe8][0x15]df[0x1b][0x80]A[[0xe4].q_[0xef][0xc0][0xe3][0xb3]7[0xbe]J!f9[0x8b][0xb9][0xdd][0x6][0xd0][0xaa]m)teL[0x16][0xe4][0xc3][\n]"
14:52:55.135 [main] DEBUG org.apache.http.wire --  << "[0x8d][0xfa]'[0x3][0xe4]:[0x8][0x1b][0x1b][0xa6]5[0x93]v[0xfb][0xb7][0x95]p[0xd4][0xc8][0xec][0xf8][0xa8][0xd3]o[0xc7][0xdf][0xa1][0x84]v%7i[0xd7]+JhTb[0xf][0x17]<V[0xc4];6[0xa8][0xa1][0xd9]9[0xba]<[0x87]([0xea]C[0xab][0xf]S[0xa2][0xd5][0xdd]N[0x7][0xa2]q[0xf]z[0x94][0xac][0xc1]5[0xea][0xa5][0xd2][0x19][0x93]1[0x15]1[0x94][0xb1][0x10]u[0xe7]][0x18][0x8d]F[0xd0][0xc];[0x15]=[0xd4][0xbf][0xf1][0x11][0xbb][0x9][0x97][0x82][0x8a]X.[0xdb][0xcc]s[0xc1]1q[0xa1][0xda][0x97][0x80][0xbc]P[0xad]f[0xd2],Q[0x83][0xc9][0x11][0x13][0x97](1[0xbd]v[0xca][0xfe][0xc8][0xa6][0xcc][0x2]J[0xcf][0xc][0x98]+[0x9b]-[0x94]"[0x85]9[0x82][0x91]Q[0xe8][0xa0]j[0xc6]=j[0xca]c[0xcd][0xd6]X[0xcc]\[0xaa]^[0x9e]"ty1K[0xee][0xe9]KR9[0xe9][0xfc][0xd1][0x7]Q[0x6][0xac]6[0xa6][0xfa][0x16]-R[0x82]D([0xb9]B[\r][0x82]/[0xd1][0xe4]L[0xc2]q[0x96][0xb9][0xea][0xd6][0xe]+O[0x88][0x8b]s[0xa7][0xb][0xa5][0xd6][0x9e][0xf2]y[0xef][0xea]FKe[0xd1]=[0x8]w[0x1e][0xc5][0xc0]|6[0x9a][0x90][0xf3][0xcb][0x98]L[0x2][0xb8]dz[0xc1]V[0xe8]X/:[0xca]\[0xf1][0x93][0x1][0xcc][0xba][0xa3][0xbe][0xf]E[0x83]^[0xf][0xde][0xc][0xb4]V[0x9a][0xc8][0xaa]/[0xeb][0xfd][0x8]=[0xa5][0xb5][0xed][0xad][0xa7][0x9e][0xb3][0x11]!S[0xb9][0xe5][0x99][0xa3][0x94][0xd5]#:[0xb][0x90][0xa9][0x97][0x8b]F[0xc1][0x99]w[0xc0][0xe1][0xdf][0xc6][0xf0]qc}[0xbb][0xcd]>[0xfd]#[0xfe][0xc7]_[0xc4]p[0xab]Q[0xc9][0xaf][0xeb]U[0xfe]$[0xfb][0xdc][0xac][0x1d]n[0xaf][0xc7]7[0x11]4[0xe6][0xe7]0[0x92][0xa5][0x9f][0xa0]_k{[0x9c][0x1e][0xc1][0xe5][0xe2][0xd0][0xfc])T[0x7][0xcc]l[0xa1][0xc8]W[0x9a][0xca]l[0xa4][0xb7][\n]"
14:52:55.135 [main] DEBUG org.apache.http.wire --  << "[0xb4][0xa0][0xc8][0x3]0ia[0x13][0xb5][0x91][0x81][0xc7][0xb0]/[0xde][0x82]P,)[0xc9]@[0x19]I[0xde]t[0x8d][0x8f]^[0xda][0xc3][0xbc][0xd3][0xae][0xd7]av=[0xf1][0xbb]i[0x86][0x9d][0xff][0xfe]?[0x90][0x92][0x1f]K[0xc8][0x8f][0xfd][0xc][0xe7][0xcc][0xf8][0xe2][^,[0x4]7T[0x1e][0xa1][0xd8][0xc3][0x97][0xe5][0x1a][0xa6]$[0xce][0xe5][0xd1][0x16]([0xe3][0x94][0x8c][0x83]tl[0xd1]X[0x3][0x85][0xb]}[0xd7][0xbd][0x9][0xd3]k[0xb8]g[0xd2][0x12]fL[0xac]4[0x9a][0xb7][0xde]d[0xa9] [0xa3][0x8d][0x85][0x8d][0xe6][0x16][0xab]*[0xf] cn&n[0x81]'X[0xa6][0xfa]v[0x9b][0xbb][0x0]s[0xdd]s[0x8c][0x88][0xe]i[0x9c][0xd1][0xb8][0x82]Wla[0xc1][0x84][0x3][0x8c]Z~[0x83][0x9f][\n]"
14:52:55.135 [main] DEBUG org.apache.http.wire --  << "l`[0x86],9[0xf4]k[0x96][0xc6][0xab][0x96]P[0xe4]N,[0xad][0xce][0xe4][0xfc][0xd0][0x1c][0xb6];u[0xfa][0x84]7[0x8f]bx<)[0x1d][0x8e][0xcb][0xd5][0xcf]O<P[0xc6][0xb6]p[0xcf][0xf4][0x16][0x12][0xcc]Q&[0xb4][0xf5]"[0xa7][0xe2][0x81][0xb]%{[0xdf]LL[\r][0x12][0xbc][0xe7]t[0xc6][0xab][0xc8]S[0xc6][0xbd][0xe2][0xc2][0xb7][0xaf][0xe0][0x96]o[0x8e][0xe7][0x8d][0xb5]z[0xff][0xcb]_[0x8c][0x8d][0xed][0xe3][0xbd][>}[0x12][0x1a][0x9b][0xf3]s[0x18][0x8][0xcc]PZ[0xf3][0xa7][0xd1][0x8f][0xf8]Nt[0xe][0xad][0xb0]^a[0xf9]G[0xdf][0xc4][0xc1][0xdd][0x18][0xe7]x[0xa2]sh[0x86]u*[0xa2]W[0x98][0x95][0xb]|[0x9][0xb3][0xec][0xd1][0xcd][0x1a]*-[0x93][0xb]%[0xed]W%?$?[0xdd]+[0x5][0xfc][0xf3][0xf3]yh[0x94][0xa5][0xb0]7[0x9d]_D[0xe]DTm%[0x1f][0xda][0xa8][0x7][0x8f][0xff][0x9f][0x84][0x8d][0xfd][0x97][0xe3][0x9f][0x89][0xc9][0xf9][0x17]I[0x8f][0xa4][0xda][0x5][0x82][0xc6]_[\n]"
14:52:55.135 [main] DEBUG org.apache.http.wire --  << "N[0xc6]C[0x93](W(R9z[0x81][0x96][0xde][0xdc]<_[0xfe][0x5]T([0x9][0x85]A[0xfd][0xef][0xdf][0xff][0xdb]8s[0xdb]0[0x9f][0xa9].[0xf9][0xaa]([0x93][0xc][0x12][0xcb][0xf3][0xa9]_[0x1][0x16][0xa3][0xf3][0xf3][0xf][0xef][0xee][0xa3]~[0x9][0x8b]?[0xab][\r][0xb5][0xc2][0xd6][0x9e]2[0xd5][[0x8f][0xb0][0xa8][0xb4][0x15][0xae]9jr[0xc7]W[0x1b][0x1]3*[0xd0]\Rq[0xe3]Z0[0x12]vd[0x19][0x97][0x82]hfd[0x11]EY[0xa8][0xaf]:[0xba][0x17][0xf2][0xbe]of)[0xcb][0xfb][0x17][0xc2][0xf9][0xac]y![0x89][0x0]_[0x8b]b[0x5][0x3][0xa6]][0x9]6[0xf4][0xed][0x7][0xb5][0x84]V[0xe3]h[0xfc]|[0xd9][0xa7]2[0xfb][0x82][0x1b][0x14][0xa8][0xb7][0xdf][0x9f]Z[0xdf][0xf4][0x7][0xf][0x93]w[0x1f][0xf2]2[0xb5][0x1e][0x1f][0xb5][0xeb][0x9f][0xdf][0x8f][0x8f]:[0x9f]'[0xe3][0xd6][0x1f]I[0xae]Q1[0xa8]F[0x85][0xe7]T[0x1a][0x0][0xb7])9[0x9e][0xea]A[0xa9][\r][0x1a][0xa3]1[0xd5][0xfe][0xcb][0xb7][0xf2][0xe9][0x9]f[0xc][0x8f][0xa1]G[0x1d][0x13]L[0xe0][0x16][0x13][0x87][0xa8][0x81]\[0xb1][0x95]3N[0xd7][0xdf][0xb1][0x8c]k[0x84]>g[0x99][0xa2][0xb2][0x8e]V[0x19]7[0x8]3[0xd7]QS[0x1a][0x86]T"
14:52:55.136 [main] DEBUG org.apache.http.wire --  << "[0xc8][0xb8][0xe4]K[0xeb][0xba]i&W\xB*[0xc8][0xb6]|[0xb7]K[0xe9][0xca][0xa4][0xc1]n[0xa1][0x0][0xba]R[0xba][0xee][0x18][0xd3][0xdb][0x0]>0[0x81][0xd2]r[0x89]?[0x19][0xe8][0xb3]m[0x18][0x86]O[0xde][0xc7][0x8d][0xbb][0xee][0xe8][0xe2][0xa6]}2[0xfa]+[0xf2]n[0xbd][0xc8]*+[0x5]o[0xdf][0xf2][0xf2][0xd2]FK[0x92][0x9f][0xf0]X[0xab][0x9c][0xdd]c[0xc5]G5[0x8e]N[0x9e][0x8b];b[0x96][0x1b][0xe2][0xcf]d[0x92][0x97][0x5]#[0xd2][0x8c][0x98][0x84]0C[hI[0x15]"[0xfc][0x1a][0xa7]L[0xae]([0xc0]lA[0xe9][0x4][0xb5][0xe3][0xe3]\B[0xab][0xe][0x9][0xdb][0x9a][0xd0][0x97][0xa5][0xca][0xb6][0x87][0xa1]M,[0xb6]0dK[0xc4][0x7][0xe8][0xa1][0xf4][0xbd]U[0xc7]|n$/-[0xc7]"1[0xaf][0xd7]X[0xfd][0xef])[0xe4][0xa8]a[0x16][0x13]~#[0xd5][0xe5]_RH[0xc5][0x0]*[0x1][0xa5]RT~[0xa7]R[0xe9]b[0xc6][0xf6][0xb1][0xa6]<[0xc6][0x15]R[g[0xca]V[0xcc][0xeb][0xea]G[0x88][0xb8] [0x1a][0xde][0xd7]lE7[0x11][0xca][0xec][0xab][0x97]R[0xfb][0xec]\[0xb3][0x18]E[0xb5][0x11]q[0xf4]m[0x1b][0xe2]B[0xab][0xc][0x8][0xd9][0xbb][0xd9][0xf7]t5p"w[0xab]m[0x98][0x1].M[0xee]\[0xfb]b[0xeb][0x1e]d[[0x9b]:[0xa2][0xe1][0x8a][0x90][0xd4][0x9][0xa3]-8[0x82][0x9f]ke1[0xb6][0xbe][0xd9][0xa4]bd[0xb4][0xfd][0x1c][0x99][0x16]![0xdc]R[0xd6][0xb5]d[0xb1][0xe3]-rCQ[0xd1]*[\n]"
14:52:55.136 [main] DEBUG org.apache.http.wire --  << "[0x1d][0xb][0x12][0xee][0x6][0xcb]n[0x92]34[0x17][0xf7][0x17][0x85]L<[0xdb][0xa1][0x90]RX[0xf7][\n]"
14:52:55.136 [main] DEBUG org.apache.http.wire --  << "Y_[0xb9][\n]"
14:52:55.136 [main] DEBUG org.apache.http.wire --  << "[0x11][0x82][0xbf]kT[0xf9][0xed]C[0x9a][0xbc][0x9b]n[0xfe][0x8a][0xe][0xdb][0x95]Ba[0xd5][0xac]*u[0xc2][0x9]][0x1a])/[0x8b]D[0x94]5\[0xf0][0xea]E[0x91][0xce][0xb][0xfe]k[0x9e][0xee][0x8a]b[0xb1]*[0xc8][0x12][0x90][0xb2][0x93]Uj[0xc5][0xb6]R[0x1f]][0xa0][0xdd]PeFy[0xb3]([0xeb]4[0x9e]jB[0xae][0xc9]"(U:[0xdc][0xb5][0x7]([[0xf1][0xaa]Y[0xa8]d[0xb][0x8b][0x82][0x8b][0xc4][0xf8][0xa0][0xbb][0xd8][0x12][0xb]4[0xa5][0xba]5[0xc5]t[0xc][0xca]v[0xe][0x96][0xad]E.}[0xa4]'l[0x99]t[0xb7]/[0x8d]T[0xc3] @[0xa0]P[0x9b][0xdd]^r[0xad][0x92]"v[0x8d][0xd0][0xdd][0xb1][0x9e][0xa9][0xe7][0xff][0xdb][0xe6][0xbb][0xfb][0xf8][0x80]W[0x85][0x11][0xdf][0xd5][0xb6]i[0xec]uSi1[0xb7][0x9e][0xeb][0xc6][0xb7]2[0x9f]7[0xec]:/i[0xc6][0xf7][0xe0]UaQ[0xbb][0xa2][0xf7][0x97][0xb2]-CP[0xf4]wd[0xe][0xfd][0xe5][0x98]C[0xdf][0xe4][0x9][0x9e][0xa6][0x92][0x99]s@[0xe5]-[0x1c]C[0xf][0xe3][0x94]j[0xe9][0xc4][0xd1]][0xdc]H[0xb9][0xff][0x8c]Y[0x96][0xbb]2[0xda]?[0xe3][0xf2]PS;2.{[0xdd][0x1][0xc4][0xdb]X[0xb8][0xac]f[0xf7]([0x1c]_z$[[0x94][0xe7][0xb8]*[0xd6]%[0xf5][0x12]V|i[0xa9]7[0xc4]c[0xbf][0x9]*[0xb7][0xfb][0xf][0xb2][0xc1][0x8c][0x8b]-d[0x98]-([0xda]u}[0x3]&E[0xe6][0x8a]c[0xce][0xfe][0xac][0x82][0xb][0xd7][0x87][0x9] -[0xcc][0xc2]Q.[\r][0xc6][0xf1]|[0xea]s[0xb8]|^[0xae][0xcd][0x8a][0xdf][0x97][0xbb][0xe8][0xa5][0x9a][0x1b][0x9b]1[0x1f][0xed]^G[0xef][0x82][0xd7][0x8a]/V[0xdc]|[0xd7]U[0x8f][0xfd][0xd5][0x82]N[0xc5]&[0x9b]/[0xdb][0xe4][0xb5][0xc6][0x8c][0x17][0xd9][0xa3]m[0xc2][0xbc][0xe6].x[0x99]J[0xd0]k6[0x89][0xe6]=[0x8b]z[0x82]g[0xb5]%[0xf7][0xcc][0xd7][0xf5]F[0x83]}[0xfd]Z[0xb3][0x95]`[0xd2][0xd5][0x19][0xca][0xdb][0x3]dY[0x1a][0xb1][0xb6][0xf0][0xad][0xd2][0x14][0xa5][0xc0]-[0xe4][0xa2][0xec][0x80]9[0xf3][0x86][0xf2]V[0xc2][0x8f][0xfe][0x16]Wy[0xf9][0x83]tV[0xb9][0x2]T[0xe9][0xdf][0xfa]+A[0xc8][0x8]w[0xa1][0xab][0xca][0xfa][0x18][0xee][0xdb][0xad]d[0xb8][0xfe] [0xce][0x99]jU[0x94]wB [0xdb][0xa5][0xc8]I[0xa1]w[0x99][0x9e][0xbf][0xe2][0xe3][0xf1][0xbd][0xe4][0xfe]JDy[0x15]bY^7s[0x88][0xa7]q[0x9]G[0x97][0xff].[0x98][0xc1][0x5][0x95]h[0x96]L[0x1a]_[0x94][0x19][0xfa]s[0xf9]^[0xf1]~Iw[\r][0x85][0xcb]X[0x14][0xd4][0x12]`OeQ[\n]"
14:52:55.136 [main] DEBUG org.apache.http.wire --  << "[0xe1][0x95][0x90]Rk[\r][0xbf]\N[0xfb]7[0x15][0xf2][0x1e]~[0x8e]>[0x86][0x9f]o>[0x86][0x9f][0xa3][0xbb][0xf0][0xf3][0xcd][0xdd][0x1f]#[0xa7]Q[0xa9]V[0xca][0x16]{[0xe4]\|aB[0x90][0xc9]I[0xa8][0xc1][0x85][0x12][0x89]a[0xf1][0x1a][0xa6]*[0x84][0x6][0x9c][0xb3]x[0x9d]3[0xba][0xfa]u[0xc1][0xad][0xa1][0xaa][0xf0][0x98][0xe5]V[0xe5]O[0xeb][0x16]/\[0x3][0xb8]#S[0xdc]e[0xe6]4[0x83][0x93]>[0xde][0xa3][0xde]&lKYP[0xd9][0xe8][0x13]k[0xb3]cA[0xe4][0xa2][\r][0xdd][0xd0][0xb3]T[0x99][0xf3][0xbc][0xd4][0xad][0x6]o|~[0xde][0xd8][0xd5][0xf6][0xdf][0xee]^[0xc9][0x99][0xbb][0x84][0xb5][0xc3][0xa3]{g[0xb7][0xc8]k[0xc8][0xfe][0xa4][0xb1][0xbc][0xfe]gRkv[0xef]J[0xd9][0x8f][0x1b][0x9d]z[0xfd]{[0xe8]O[0xa3]Y[0xff][0xed][0xb7][0xff][0xfc]_[0x0][0x0][0x0][0xff][0xff][0x3][0x0][0xf6][0x8e][0xcf][0xe5]|)[0x0][0x0]"
14:52:55.136 [main] DEBUG org.apache.http.wire --  << "[\r][\n]"
14:52:55.136 [main] DEBUG org.apache.http.wire --  << "0[\r][\n]"
14:52:55.136 [main] DEBUG org.apache.http.wire --  << "[\r][\n]"
14:52:55.136 [main] DEBUG io.restassured.internal.RestAssuredHttpBuilder -- Parsed data to instance of: class org.apache.http.conn.EofSensorInputStream
14:52:55.137 [main] DEBUG org.apache.http.impl.conn.BasicClientConnectionManager -- Releasing connection org.apache.http.impl.conn.ManagedClientConnectionImpl@4b8466c2
14:52:55.137 [main] DEBUG org.apache.http.impl.conn.BasicClientConnectionManager -- Connection can be kept alive indefinitely
14:52:55.140 [main] DEBUG net.thucydides.core.steps.StepInterceptor -- STEP DONE: I GET HTTP request sort product with valid endpoint
  &amp#27;[32mWhen &amp#27;[0m&amp#27;[32mI GET HTTP request sort product with valid endpoint&amp#27;[0m                               &amp#27;[90m# starter.stepdefinition.ProductSteps.getHTTPValidRequestWithSortProduct()&amp#27;[0m
14:52:55.142 [main] DEBUG net.thucydides.core.steps.StepInterceptor -- STARTING STEP: ProductSteps.receiveValidGETSortProductResponseCode200 - I receive valid GET sort result product descending response code 200
14:52:55.142 [main] DEBUG net.thucydides.core.steps.StepInterceptor -- STEP DONE: I receive valid GET sort result product descending response code 200
  &amp#27;[32mThen &amp#27;[0m&amp#27;[32mI receive valid GET sort result product descending response code 200&amp#27;[0m              &amp#27;[90m# starter.stepdefinition.ProductSteps.receiveValidGETSortProductResponseCode200()&amp#27;[0m
14:52:55.143 [main] INFO  -- 
  _____   ___   ___   _____     ___     _     ___   ___   ___   ___  
 |_   _| | __| / __| |_   _|   | _ \   /_\   / __| / __| | __| |   \ 
   | |   | _|  \__ \   | |     |  _/  / _ \  \__ \ \__ \ | _|  | |) |
   |_|   |___| |___/   |_|     |_|   /_/ \_\ |___/ |___/ |___| |___/ 

[Positive] - PRODUCT_GET sort result product in descending with valid endpoint
----------------------------------------------------------------------
]]></system-out>
  </testcase>
  <testcase name="[Negative] - PRODUCT_GET sort result product in descending with invalid endpoint" classname="Product" time="0.793">
    <system-out><![CDATA[
Scenario: [Negative] - PRODUCT_GET sort result product in descending with invalid endpoint &amp#27;[90m# src/test/resources/Product.feature:42&amp#27;[0m
14:52:55.147 [main] INFO io.cucumber.core.plugin.SerenityReporter -- Running feature from file:///D:/SEMESTER%205/All%20Section/Section%203%20-%20Code%20Competence/Code%20Competence%20KM%20QA%202/Weekly2/src/test/resources/Product.feature
14:52:55.147 [main] WARN io.cucumber.core.plugin.SerenityReporter -- Feature from file:///D:/SEMESTER%205/All%20Section/Section%203%20-%20Code%20Competence/Code%20Competence%20KM%20QA%202/Weekly2/src/test/resources/Product.feature is not under the 'features' directory. Requirements report will not be correctly generated!
14:52:55.149 [main] INFO  -- 
  _____   ___   ___   _____     ___   _____     _     ___   _____   ___   ___  
 |_   _| | __| / __| |_   _|   / __| |_   _|   /_\   | _ \ |_   _| | __| |   \ 
   | |   | _|  \__ \   | |     \__ \   | |    / _ \  |   /   | |   | _|  | |) |
   |_|   |___| |___/   |_|     |___/   |_|   /_/ \_\ |_|_\   |_|   |___| |___/ 

[Negative] - PRODUCT_GET sort result product in descending with invalid endpoint(product;[negative]---product-get-sort-result-product-in-descending-with-invalid-endpoint)
--------------------------------------------------------------------------------
14:52:55.153 [main] DEBUG net.thucydides.core.steps.StepInterceptor -- STARTING STEP: ProductSteps.getAPISortProductWithInvalidEndpoint - I GET API sort product result with invalid endpoint
14:52:55.153 [main] DEBUG net.thucydides.core.steps.StepInterceptor -- STEP DONE: I GET API sort product result with invalid endpoint
  &amp#27;[32mGiven &amp#27;[0m&amp#27;[32mI GET API sort product result with invalid endpoint&amp#27;[0m                                &amp#27;[90m# starter.stepdefinition.ProductSteps.getAPISortProductWithInvalidEndpoint()&amp#27;[0m
14:52:55.154 [main] DEBUG net.thucydides.core.steps.StepInterceptor -- STARTING STEP: ProductSteps.getHTTPInvalidRequestWithSortProduct - I GET HTTP request sort product with invalid endpoint
14:52:55.155 [main] DEBUG net.thucydides.core.steps.StepInterceptor -- STARTING STEP: Product.getHTTPInvalidRequestWithSortProduct - I GET API sort product result with invalid endpoint
14:52:55.155 [main] DEBUG net.thucydides.core.steps.StepInterceptor -- STEP DONE: I GET API sort product result with invalid endpoint
14:52:55.160 [main] DEBUG org.apache.http.impl.conn.BasicClientConnectionManager -- Get connection for route {s}->https://fakestoreapi.com:443
14:52:55.160 [main] DEBUG org.apache.http.impl.conn.DefaultClientConnectionOperator -- Connecting to fakestoreapi.com:443
14:52:55.220 [main] DEBUG org.apache.http.client.protocol.RequestAddCookies -- CookieSpec selected: ignoreCookies
14:52:55.220 [main] DEBUG org.apache.http.client.protocol.RequestAuthCache -- Auth cache not set in the context
14:52:55.220 [main] DEBUG org.apache.http.client.protocol.RequestTargetAuthentication -- Target auth state: UNCHALLENGED
14:52:55.220 [main] DEBUG org.apache.http.client.protocol.RequestProxyAuthentication -- Proxy auth state: UNCHALLENGED
14:52:55.220 [main] DEBUG org.apache.http.impl.client.DefaultHttpClient -- Attempt 1 to execute request
14:52:55.220 [main] DEBUG org.apache.http.impl.conn.DefaultClientConnection -- Sending request: GET /product?sort=desc HTTP/1.1
14:52:55.220 [main] DEBUG org.apache.http.wire --  >> "GET /product?sort=desc HTTP/1.1[\r][\n]"
14:52:55.220 [main] DEBUG org.apache.http.wire --  >> "Accept: */*[\r][\n]"
14:52:55.220 [main] DEBUG org.apache.http.wire --  >> "Host: fakestoreapi.com[\r][\n]"
14:52:55.220 [main] DEBUG org.apache.http.wire --  >> "Connection: Keep-Alive[\r][\n]"
14:52:55.220 [main] DEBUG org.apache.http.wire --  >> "User-Agent: Apache-HttpClient/4.5.13 (Java/17.0.8)[\r][\n]"
14:52:55.220 [main] DEBUG org.apache.http.wire --  >> "Accept-Encoding: gzip,deflate[\r][\n]"
14:52:55.220 [main] DEBUG org.apache.http.wire --  >> "[\r][\n]"
14:52:55.220 [main] DEBUG org.apache.http.headers -- >> GET /product?sort=desc HTTP/1.1
14:52:55.220 [main] DEBUG org.apache.http.headers -- >> Accept: */*
14:52:55.220 [main] DEBUG org.apache.http.headers -- >> Host: fakestoreapi.com
14:52:55.220 [main] DEBUG org.apache.http.headers -- >> Connection: Keep-Alive
14:52:55.220 [main] DEBUG org.apache.http.headers -- >> User-Agent: Apache-HttpClient/4.5.13 (Java/17.0.8)
14:52:55.220 [main] DEBUG org.apache.http.headers -- >> Accept-Encoding: gzip,deflate
14:52:55.931 [main] DEBUG org.apache.http.wire --  << "HTTP/1.1 404 Not Found[\r][\n]"
14:52:55.931 [main] DEBUG org.apache.http.wire --  << "Date: Fri, 06 Oct 2023 07:52:56 GMT[\r][\n]"
14:52:55.931 [main] DEBUG org.apache.http.wire --  << "Content-Type: text/html; charset=utf-8[\r][\n]"
14:52:55.931 [main] DEBUG org.apache.http.wire --  << "Transfer-Encoding: chunked[\r][\n]"
14:52:55.931 [main] DEBUG org.apache.http.wire --  << "Connection: keep-alive[\r][\n]"
14:52:55.931 [main] DEBUG org.apache.http.wire --  << "Access-Control-Allow-Origin: *[\r][\n]"
14:52:55.931 [main] DEBUG org.apache.http.wire --  << "Content-Security-Policy: default-src 'none'[\r][\n]"
14:52:55.931 [main] DEBUG org.apache.http.wire --  << "X-Content-Type-Options: nosniff[\r][\n]"
14:52:55.931 [main] DEBUG org.apache.http.wire --  << "X-Powered-By: Express[\r][\n]"
14:52:55.931 [main] DEBUG org.apache.http.wire --  << "CF-Cache-Status: DYNAMIC[\r][\n]"
14:52:55.931 [main] DEBUG org.apache.http.wire --  << "Report-To: {"endpoints":[{"url":"https:\/\/a.nel.cloudflare.com\/report\/v3?s=vjhFZl10LqgdXeQ34G990d5UchARMm1p%2BlcmZ1xjmSXF1%2FkrqdRPb1Jex6%2FB9380lGt72Hage9i9AT8qeShBk9%2FOocb27X73%2BY5JKc0Uos%2BwdhkoLqlPcc%2BUMXzycVQQZuID"}],"group":"cf-nel","max_age":604800}[\r][\n]"
14:52:55.931 [main] DEBUG org.apache.http.wire --  << "NEL: {"success_fraction":0,"report_to":"cf-nel","max_age":604800}[\r][\n]"
14:52:55.931 [main] DEBUG org.apache.http.wire --  << "Server: cloudflare[\r][\n]"
14:52:55.931 [main] DEBUG org.apache.http.wire --  << "CF-RAY: 811c53e7cf8a40b6-SIN[\r][\n]"
14:52:55.931 [main] DEBUG org.apache.http.wire --  << "Content-Encoding: gzip[\r][\n]"
14:52:55.931 [main] DEBUG org.apache.http.wire --  << "alt-svc: h3=":443"; ma=86400[\r][\n]"
14:52:55.931 [main] DEBUG org.apache.http.wire --  << "[\r][\n]"
14:52:55.931 [main] DEBUG org.apache.http.impl.conn.DefaultClientConnection -- Receiving response: HTTP/1.1 404 Not Found
14:52:55.931 [main] DEBUG org.apache.http.headers -- << HTTP/1.1 404 Not Found
14:52:55.931 [main] DEBUG org.apache.http.headers -- << Date: Fri, 06 Oct 2023 07:52:56 GMT
14:52:55.931 [main] DEBUG org.apache.http.headers -- << Content-Type: text/html; charset=utf-8
14:52:55.931 [main] DEBUG org.apache.http.headers -- << Transfer-Encoding: chunked
14:52:55.931 [main] DEBUG org.apache.http.headers -- << Connection: keep-alive
14:52:55.931 [main] DEBUG org.apache.http.headers -- << Access-Control-Allow-Origin: *
14:52:55.931 [main] DEBUG org.apache.http.headers -- << Content-Security-Policy: default-src 'none'
14:52:55.931 [main] DEBUG org.apache.http.headers -- << X-Content-Type-Options: nosniff
14:52:55.931 [main] DEBUG org.apache.http.headers -- << X-Powered-By: Express
14:52:55.931 [main] DEBUG org.apache.http.headers -- << CF-Cache-Status: DYNAMIC
14:52:55.931 [main] DEBUG org.apache.http.headers -- << Report-To: {"endpoints":[{"url":"https:\/\/a.nel.cloudflare.com\/report\/v3?s=vjhFZl10LqgdXeQ34G990d5UchARMm1p%2BlcmZ1xjmSXF1%2FkrqdRPb1Jex6%2FB9380lGt72Hage9i9AT8qeShBk9%2FOocb27X73%2BY5JKc0Uos%2BwdhkoLqlPcc%2BUMXzycVQQZuID"}],"group":"cf-nel","max_age":604800}
14:52:55.931 [main] DEBUG org.apache.http.headers -- << NEL: {"success_fraction":0,"report_to":"cf-nel","max_age":604800}
14:52:55.931 [main] DEBUG org.apache.http.headers -- << Server: cloudflare
14:52:55.931 [main] DEBUG org.apache.http.headers -- << CF-RAY: 811c53e7cf8a40b6-SIN
14:52:55.931 [main] DEBUG org.apache.http.headers -- << Content-Encoding: gzip
14:52:55.931 [main] DEBUG org.apache.http.headers -- << alt-svc: h3=":443"; ma=86400
14:52:55.931 [main] DEBUG org.apache.http.impl.client.DefaultHttpClient -- Connection can be kept alive indefinitely
14:52:55.932 [main] DEBUG io.restassured.internal.RestAssuredHttpBuilder -- Parsing response as: text/html; charset=utf-8
14:52:55.932 [main] DEBUG org.apache.http.wire --  << "8f[\r][\n]"
14:52:55.932 [main] DEBUG org.apache.http.wire --  << "[0x1f][0x8b][0x8][0x0][0x0][0x0][0x0][0x0][0x0][0x3],[0x8e][0xb1][0xe][0xc2]0[0xc]D[0xf7]|[0x85][0xc9][0x8e][0xbc]2[0xb8]^J[0xc4]H[0x87].[0x8c][0xa1]1[0x14])M*[0xe3][0xe][0xfc]=[\n]"
14:52:55.932 [main] DEBUG org.apache.http.wire --  << "t:[0xdd][0xbd];[0xe9][0xe8]p[0xbe][0xf6][0xe3]m[0x8]0[0xdb][0x92][0xd9]Q[0x13][0xc8][0xb1]<;/[0xc5][0xb7]@bbG[0x8b]X[0x84]i[0x8e][0xfa][0x16][0xeb][0xfc]f[0x8f][0xe3][0xa9]Q{Y[0x16][0xe][0xaa]U[0x9][0xff][0xc6][0x11][0xee][0x9b]{M[0x1f]v[0xb4][0xaa]p[0x1f]K[0xa9][0x6][0x97]0[0x2][0xae]Z[0xd3]6[0x19]a[0x3][0x8e]p[0xaf][0xe1][0xef][0xc1][0x17][0x0][0x0][0xff][0xff][0xe3][0x2][0x0][0xf0]-[0xa6]P[0x92][0x0][0x0][0x0]"
14:52:55.932 [main] DEBUG org.apache.http.wire --  << "[\r][\n]"
14:52:55.932 [main] DEBUG org.apache.http.wire --  << "0[\r][\n]"
14:52:55.932 [main] DEBUG org.apache.http.wire --  << "[\r][\n]"
14:52:55.932 [main] DEBUG io.restassured.internal.RestAssuredHttpBuilder -- Parsed data to instance of: class org.apache.http.conn.EofSensorInputStream
14:52:55.932 [main] DEBUG org.apache.http.impl.conn.BasicClientConnectionManager -- Releasing connection org.apache.http.impl.conn.ManagedClientConnectionImpl@333d5a0c
14:52:55.932 [main] DEBUG org.apache.http.impl.conn.BasicClientConnectionManager -- Connection can be kept alive indefinitely
14:52:55.933 [main] DEBUG net.thucydides.core.steps.StepInterceptor -- STEP DONE: I GET HTTP request sort product with invalid endpoint
  &amp#27;[32mWhen &amp#27;[0m&amp#27;[32mI GET HTTP request sort product with invalid endpoint&amp#27;[0m                               &amp#27;[90m# starter.stepdefinition.ProductSteps.getHTTPInvalidRequestWithSortProduct()&amp#27;[0m
14:52:55.936 [main] DEBUG net.thucydides.core.steps.StepInterceptor -- STARTING STEP: ProductSteps.receiveInvalidGETSortProductResponseCode404 - I receive invalid GET sort result product descending response code 404
14:52:55.936 [main] DEBUG net.thucydides.core.steps.StepInterceptor -- STEP DONE: I receive invalid GET sort result product descending response code 404
  &amp#27;[32mThen &amp#27;[0m&amp#27;[32mI receive invalid GET sort result product descending response code 404&amp#27;[0m              &amp#27;[90m# starter.stepdefinition.ProductSteps.receiveInvalidGETSortProductResponseCode404()&amp#27;[0m
14:52:55.936 [main] INFO  -- 
  _____   ___   ___   _____     ___     _     ___   ___   ___   ___  
 |_   _| | __| / __| |_   _|   | _ \   /_\   / __| / __| | __| |   \ 
   | |   | _|  \__ \   | |     |  _/  / _ \  \__ \ \__ \ | _|  | |) |
   |_|   |___| |___/   |_|     |_|   /_/ \_\ |___/ |___/ |___| |___/ 

[Negative] - PRODUCT_GET sort result product in descending with invalid endpoint
----------------------------------------------------------------------
]]></system-out>
  </testcase>
  <testcase name="[Positive] - PRODUCT_GET all categories product with valid endpoints" classname="Product" time="0.446">
    <system-out><![CDATA[
Scenario: [Positive] - PRODUCT_GET all categories product with valid endpoints &amp#27;[90m# src/test/resources/Product.feature:47&amp#27;[0m
14:52:55.939 [main] INFO io.cucumber.core.plugin.SerenityReporter -- Running feature from file:///D:/SEMESTER%205/All%20Section/Section%203%20-%20Code%20Competence/Code%20Competence%20KM%20QA%202/Weekly2/src/test/resources/Product.feature
14:52:55.939 [main] WARN io.cucumber.core.plugin.SerenityReporter -- Feature from file:///D:/SEMESTER%205/All%20Section/Section%203%20-%20Code%20Competence/Code%20Competence%20KM%20QA%202/Weekly2/src/test/resources/Product.feature is not under the 'features' directory. Requirements report will not be correctly generated!
14:52:55.940 [main] INFO  -- 
  _____   ___   ___   _____     ___   _____     _     ___   _____   ___   ___  
 |_   _| | __| / __| |_   _|   / __| |_   _|   /_\   | _ \ |_   _| | __| |   \ 
   | |   | _|  \__ \   | |     \__ \   | |    / _ \  |   /   | |   | _|  | |) |
   |_|   |___| |___/   |_|     |___/   |_|   /_/ \_\ |_|_\   |_|   |___| |___/ 

[Positive] - PRODUCT_GET all categories product with valid endpoints(product;[positive]---product-get-all-categories-product-with-valid-endpoints)
--------------------------------------------------------------------------------
14:52:55.944 [main] DEBUG net.thucydides.core.steps.StepInterceptor -- STARTING STEP: ProductSteps.getAPIAllCategoriesProduct - I GET API all categories product endpoints
14:52:55.944 [main] DEBUG net.thucydides.core.steps.StepInterceptor -- STEP DONE: I GET API all categories product endpoints
  &amp#27;[32mGiven &amp#27;[0m&amp#27;[32mI GET API all categories product endpoints&amp#27;[0m                             &amp#27;[90m# starter.stepdefinition.ProductSteps.getAPIAllCategoriesProduct()&amp#27;[0m
14:52:55.946 [main] DEBUG net.thucydides.core.steps.StepInterceptor -- STARTING STEP: ProductSteps.getHTTPrequestAllCategoriesProduct - I GET HTTP request all categories product data
14:52:55.947 [main] DEBUG net.thucydides.core.steps.StepInterceptor -- STARTING STEP: Product.getHTTPrequestAllCategoriesProduct - I GET API all categories product endpoints
14:52:55.947 [main] DEBUG net.thucydides.core.steps.StepInterceptor -- STEP DONE: I GET API all categories product endpoints
14:52:55.951 [main] DEBUG org.apache.http.impl.conn.BasicClientConnectionManager -- Get connection for route {s}->https://fakestoreapi.com:443
14:52:55.951 [main] DEBUG org.apache.http.impl.conn.DefaultClientConnectionOperator -- Connecting to fakestoreapi.com:443
14:52:56.008 [main] DEBUG org.apache.http.client.protocol.RequestAddCookies -- CookieSpec selected: ignoreCookies
14:52:56.008 [main] DEBUG org.apache.http.client.protocol.RequestAuthCache -- Auth cache not set in the context
14:52:56.008 [main] DEBUG org.apache.http.client.protocol.RequestTargetAuthentication -- Target auth state: UNCHALLENGED
14:52:56.008 [main] DEBUG org.apache.http.client.protocol.RequestProxyAuthentication -- Proxy auth state: UNCHALLENGED
14:52:56.008 [main] DEBUG org.apache.http.impl.client.DefaultHttpClient -- Attempt 1 to execute request
14:52:56.008 [main] DEBUG org.apache.http.impl.conn.DefaultClientConnection -- Sending request: GET /products/categories HTTP/1.1
14:52:56.008 [main] DEBUG org.apache.http.wire --  >> "GET /products/categories HTTP/1.1[\r][\n]"
14:52:56.008 [main] DEBUG org.apache.http.wire --  >> "Accept: */*[\r][\n]"
14:52:56.008 [main] DEBUG org.apache.http.wire --  >> "Host: fakestoreapi.com[\r][\n]"
14:52:56.008 [main] DEBUG org.apache.http.wire --  >> "Connection: Keep-Alive[\r][\n]"
14:52:56.008 [main] DEBUG org.apache.http.wire --  >> "User-Agent: Apache-HttpClient/4.5.13 (Java/17.0.8)[\r][\n]"
14:52:56.008 [main] DEBUG org.apache.http.wire --  >> "Accept-Encoding: gzip,deflate[\r][\n]"
14:52:56.008 [main] DEBUG org.apache.http.wire --  >> "[\r][\n]"
14:52:56.008 [main] DEBUG org.apache.http.headers -- >> GET /products/categories HTTP/1.1
14:52:56.008 [main] DEBUG org.apache.http.headers -- >> Accept: */*
14:52:56.008 [main] DEBUG org.apache.http.headers -- >> Host: fakestoreapi.com
14:52:56.008 [main] DEBUG org.apache.http.headers -- >> Connection: Keep-Alive
14:52:56.008 [main] DEBUG org.apache.http.headers -- >> User-Agent: Apache-HttpClient/4.5.13 (Java/17.0.8)
14:52:56.008 [main] DEBUG org.apache.http.headers -- >> Accept-Encoding: gzip,deflate
14:52:56.379 [main] DEBUG org.apache.http.wire --  << "HTTP/1.1 200 OK[\r][\n]"
14:52:56.379 [main] DEBUG org.apache.http.wire --  << "Date: Fri, 06 Oct 2023 07:52:57 GMT[\r][\n]"
14:52:56.379 [main] DEBUG org.apache.http.wire --  << "Content-Type: application/json; charset=utf-8[\r][\n]"
14:52:56.379 [main] DEBUG org.apache.http.wire --  << "Transfer-Encoding: chunked[\r][\n]"
14:52:56.379 [main] DEBUG org.apache.http.wire --  << "Connection: keep-alive[\r][\n]"
14:52:56.379 [main] DEBUG org.apache.http.wire --  << "Access-Control-Allow-Origin: *[\r][\n]"
14:52:56.379 [main] DEBUG org.apache.http.wire --  << "Etag: W/"3e-cdq81BKoKIRIQmboBVN84Vj+vkM"[\r][\n]"
14:52:56.379 [main] DEBUG org.apache.http.wire --  << "X-Powered-By: Express[\r][\n]"
14:52:56.379 [main] DEBUG org.apache.http.wire --  << "CF-Cache-Status: DYNAMIC[\r][\n]"
14:52:56.379 [main] DEBUG org.apache.http.wire --  << "Report-To: {"endpoints":[{"url":"https:\/\/a.nel.cloudflare.com\/report\/v3?s=yMJvAsS9%2BwHl%2BYIFeE4l%2Fe5Ffp3aXeY%2F2JAS2RjambA9R6g3nyfQOS487YZVz6UbEKx6pI8FFJpoPM9T0yFuhRKnOTkbZQUx4LPRLcHLlWULc73UXMHJB948lfveaWB47uUn"}],"group":"cf-nel","max_age":604800}[\r][\n]"
14:52:56.379 [main] DEBUG org.apache.http.wire --  << "NEL: {"success_fraction":0,"report_to":"cf-nel","max_age":604800}[\r][\n]"
14:52:56.379 [main] DEBUG org.apache.http.wire --  << "Server: cloudflare[\r][\n]"
14:52:56.379 [main] DEBUG org.apache.http.wire --  << "CF-RAY: 811c53ecbe885e5e-SIN[\r][\n]"
14:52:56.379 [main] DEBUG org.apache.http.wire --  << "Content-Encoding: gzip[\r][\n]"
14:52:56.379 [main] DEBUG org.apache.http.wire --  << "alt-svc: h3=":443"; ma=86400[\r][\n]"
14:52:56.379 [main] DEBUG org.apache.http.wire --  << "[\r][\n]"
14:52:56.379 [main] DEBUG org.apache.http.impl.conn.DefaultClientConnection -- Receiving response: HTTP/1.1 200 OK
14:52:56.379 [main] DEBUG org.apache.http.headers -- << HTTP/1.1 200 OK
14:52:56.379 [main] DEBUG org.apache.http.headers -- << Date: Fri, 06 Oct 2023 07:52:57 GMT
14:52:56.379 [main] DEBUG org.apache.http.headers -- << Content-Type: application/json; charset=utf-8
14:52:56.379 [main] DEBUG org.apache.http.headers -- << Transfer-Encoding: chunked
14:52:56.379 [main] DEBUG org.apache.http.headers -- << Connection: keep-alive
14:52:56.379 [main] DEBUG org.apache.http.headers -- << Access-Control-Allow-Origin: *
14:52:56.379 [main] DEBUG org.apache.http.headers -- << Etag: W/"3e-cdq81BKoKIRIQmboBVN84Vj+vkM"
14:52:56.379 [main] DEBUG org.apache.http.headers -- << X-Powered-By: Express
14:52:56.379 [main] DEBUG org.apache.http.headers -- << CF-Cache-Status: DYNAMIC
14:52:56.379 [main] DEBUG org.apache.http.headers -- << Report-To: {"endpoints":[{"url":"https:\/\/a.nel.cloudflare.com\/report\/v3?s=yMJvAsS9%2BwHl%2BYIFeE4l%2Fe5Ffp3aXeY%2F2JAS2RjambA9R6g3nyfQOS487YZVz6UbEKx6pI8FFJpoPM9T0yFuhRKnOTkbZQUx4LPRLcHLlWULc73UXMHJB948lfveaWB47uUn"}],"group":"cf-nel","max_age":604800}
14:52:56.379 [main] DEBUG org.apache.http.headers -- << NEL: {"success_fraction":0,"report_to":"cf-nel","max_age":604800}
14:52:56.379 [main] DEBUG org.apache.http.headers -- << Server: cloudflare
14:52:56.379 [main] DEBUG org.apache.http.headers -- << CF-RAY: 811c53ecbe885e5e-SIN
14:52:56.379 [main] DEBUG org.apache.http.headers -- << Content-Encoding: gzip
14:52:56.379 [main] DEBUG org.apache.http.headers -- << alt-svc: h3=":443"; ma=86400
14:52:56.379 [main] DEBUG org.apache.http.impl.client.DefaultHttpClient -- Connection can be kept alive indefinitely
14:52:56.379 [main] DEBUG io.restassured.internal.RestAssuredHttpBuilder -- Parsing response as: application/json; charset=utf-8
14:52:56.379 [main] DEBUG org.apache.http.wire --  << "4b[\r][\n]"
14:52:56.379 [main] DEBUG org.apache.http.wire --  << "[0x1f][0x8b][0x8][0x0][0x0][0x0][0x0][0x0][0x0][0x3][0x8a]VJ[0xcd]IM.)[0xca][0xcf][0xcb]L.V[0xd2]Q[0xca]J-O[0xcd]I-[0xaa]T[0xd2]Q[0xca]M[0xcd]S/VH[0xce][0xc9]/[0xc9][0xc8][0xcc]KW[0xd2]Q*[0xcf]G[0x13][0x8a][0x5][0x0][0x0][0x0][0xff][0xff][0x3][0x0]hx[0x4][0xed]>[0x0][0x0][0x0]"
14:52:56.379 [main] DEBUG org.apache.http.wire --  << "[\r][\n]"
14:52:56.379 [main] DEBUG org.apache.http.wire --  << "0[\r][\n]"
14:52:56.379 [main] DEBUG org.apache.http.wire --  << "[\r][\n]"
14:52:56.379 [main] DEBUG io.restassured.internal.RestAssuredHttpBuilder -- Parsed data to instance of: class org.apache.http.conn.EofSensorInputStream
14:52:56.380 [main] DEBUG org.apache.http.impl.conn.BasicClientConnectionManager -- Releasing connection org.apache.http.impl.conn.ManagedClientConnectionImpl@33a39d7e
14:52:56.380 [main] DEBUG org.apache.http.impl.conn.BasicClientConnectionManager -- Connection can be kept alive indefinitely
14:52:56.380 [main] DEBUG net.thucydides.core.steps.StepInterceptor -- STEP DONE: I GET HTTP request all categories product data
  &amp#27;[32mWhen &amp#27;[0m&amp#27;[32mI GET HTTP request all categories product data&amp#27;[0m                          &amp#27;[90m# starter.stepdefinition.ProductSteps.getHTTPrequestAllCategoriesProduct()&amp#27;[0m
14:52:56.381 [main] DEBUG net.thucydides.core.steps.StepInterceptor -- STARTING STEP: ProductSteps.receiveValidGETAllCategoriesResponseCode200 - I receive valid GET all categories product HTTP response code 200
14:52:56.382 [main] DEBUG net.thucydides.core.steps.StepInterceptor -- STEP DONE: I receive valid GET all categories product HTTP response code 200
  &amp#27;[32mThen &amp#27;[0m&amp#27;[32mI receive valid GET all categories product HTTP response code 200&amp#27;[0m       &amp#27;[90m# starter.stepdefinition.ProductSteps.receiveValidGETAllCategoriesResponseCode200()&amp#27;[0m
14:52:56.383 [main] INFO  -- 
  _____   ___   ___   _____     ___     _     ___   ___   ___   ___  
 |_   _| | __| / __| |_   _|   | _ \   /_\   / __| / __| | __| |   \ 
   | |   | _|  \__ \   | |     |  _/  / _ \  \__ \ \__ \ | _|  | |) |
   |_|   |___| |___/   |_|     |_|   /_/ \_\ |___/ |___/ |___| |___/ 

[Positive] - PRODUCT_GET all categories product with valid endpoints
----------------------------------------------------------------------
]]></system-out>
  </testcase>
  <testcase name="[Negative] - PRODUCT_GET all categories product with invalid endpoint" classname="Product" time="0.767">
    <system-out><![CDATA[
Scenario: [Negative] - PRODUCT_GET all categories product with invalid endpoint &amp#27;[90m# src/test/resources/Product.feature:52&amp#27;[0m
14:52:56.391 [Finalizer] DEBUG org.apache.http.impl.conn.DefaultClientConnection -- Connection 0.0.0.0:51002<->104.21.87.105:443 closed
14:52:56.392 [Finalizer] DEBUG org.apache.http.impl.conn.DefaultClientConnection -- Connection 0.0.0.0:51003<->104.21.87.105:443 closed
14:52:56.392 [main] INFO io.cucumber.core.plugin.SerenityReporter -- Running feature from file:///D:/SEMESTER%205/All%20Section/Section%203%20-%20Code%20Competence/Code%20Competence%20KM%20QA%202/Weekly2/src/test/resources/Product.feature
14:52:56.392 [Finalizer] DEBUG org.apache.http.impl.conn.DefaultClientConnection -- Connection 0.0.0.0:51000<->104.21.87.105:443 closed
14:52:56.392 [main] WARN io.cucumber.core.plugin.SerenityReporter -- Feature from file:///D:/SEMESTER%205/All%20Section/Section%203%20-%20Code%20Competence/Code%20Competence%20KM%20QA%202/Weekly2/src/test/resources/Product.feature is not under the 'features' directory. Requirements report will not be correctly generated!
14:52:56.392 [Finalizer] DEBUG org.apache.http.impl.conn.DefaultClientConnection -- Connection 0.0.0.0:51001<->104.21.87.105:443 closed
14:52:56.392 [main] INFO  -- 
  _____   ___   ___   _____     ___   _____     _     ___   _____   ___   ___  
 |_   _| | __| / __| |_   _|   / __| |_   _|   /_\   | _ \ |_   _| | __| |   \ 
   | |   | _|  \__ \   | |     \__ \   | |    / _ \  |   /   | |   | _|  | |) |
   |_|   |___| |___/   |_|     |___/   |_|   /_/ \_\ |_|_\   |_|   |___| |___/ 

[Negative] - PRODUCT_GET all categories product with invalid endpoint(product;[negative]---product-get-all-categories-product-with-invalid-endpoint)
--------------------------------------------------------------------------------
14:52:56.396 [main] DEBUG net.thucydides.core.steps.StepInterceptor -- STARTING STEP: ProductSteps.getAPIAllCategoriesProductInvalid - I GET API all categories product data invalid endpoints
14:52:56.396 [main] DEBUG net.thucydides.core.steps.StepInterceptor -- STEP DONE: I GET API all categories product data invalid endpoints
  &amp#27;[32mGiven &amp#27;[0m&amp#27;[32mI GET API all categories product data invalid endpoints&amp#27;[0m                 &amp#27;[90m# starter.stepdefinition.ProductSteps.getAPIAllCategoriesProductInvalid()&amp#27;[0m
14:52:56.397 [main] DEBUG net.thucydides.core.steps.StepInterceptor -- STARTING STEP: ProductSteps.getHTTPRequestAllCategoriesProductInvalid - I GET HTTP request all categories product data invalid endpoints
14:52:56.398 [main] DEBUG net.thucydides.core.steps.StepInterceptor -- STARTING STEP: Product.getHTTPRequestAllCategoriesProductInvalid - I GET API all categories product data invalid endpoints
14:52:56.398 [main] DEBUG net.thucydides.core.steps.StepInterceptor -- STEP DONE: I GET API all categories product data invalid endpoints
14:52:56.401 [main] DEBUG org.apache.http.impl.conn.BasicClientConnectionManager -- Get connection for route {s}->https://fakestoreapi.com:443
14:52:56.401 [main] DEBUG org.apache.http.impl.conn.DefaultClientConnectionOperator -- Connecting to fakestoreapi.com:443
14:52:56.456 [main] DEBUG org.apache.http.client.protocol.RequestAddCookies -- CookieSpec selected: ignoreCookies
14:52:56.456 [main] DEBUG org.apache.http.client.protocol.RequestAuthCache -- Auth cache not set in the context
14:52:56.456 [main] DEBUG org.apache.http.client.protocol.RequestTargetAuthentication -- Target auth state: UNCHALLENGED
14:52:56.456 [main] DEBUG org.apache.http.client.protocol.RequestProxyAuthentication -- Proxy auth state: UNCHALLENGED
14:52:56.456 [main] DEBUG org.apache.http.impl.client.DefaultHttpClient -- Attempt 1 to execute request
14:52:56.456 [main] DEBUG org.apache.http.impl.conn.DefaultClientConnection -- Sending request: GET /product/categories HTTP/1.1
14:52:56.456 [main] DEBUG org.apache.http.wire --  >> "GET /product/categories HTTP/1.1[\r][\n]"
14:52:56.456 [main] DEBUG org.apache.http.wire --  >> "Accept: */*[\r][\n]"
14:52:56.456 [main] DEBUG org.apache.http.wire --  >> "Host: fakestoreapi.com[\r][\n]"
14:52:56.456 [main] DEBUG org.apache.http.wire --  >> "Connection: Keep-Alive[\r][\n]"
14:52:56.456 [main] DEBUG org.apache.http.wire --  >> "User-Agent: Apache-HttpClient/4.5.13 (Java/17.0.8)[\r][\n]"
14:52:56.456 [main] DEBUG org.apache.http.wire --  >> "Accept-Encoding: gzip,deflate[\r][\n]"
14:52:56.456 [main] DEBUG org.apache.http.wire --  >> "[\r][\n]"
14:52:56.456 [main] DEBUG org.apache.http.headers -- >> GET /product/categories HTTP/1.1
14:52:56.456 [main] DEBUG org.apache.http.headers -- >> Accept: */*
14:52:56.456 [main] DEBUG org.apache.http.headers -- >> Host: fakestoreapi.com
14:52:56.456 [main] DEBUG org.apache.http.headers -- >> Connection: Keep-Alive
14:52:56.456 [main] DEBUG org.apache.http.headers -- >> User-Agent: Apache-HttpClient/4.5.13 (Java/17.0.8)
14:52:56.456 [main] DEBUG org.apache.http.headers -- >> Accept-Encoding: gzip,deflate
14:52:57.142 [main] DEBUG org.apache.http.wire --  << "HTTP/1.1 404 Not Found[\r][\n]"
14:52:57.142 [main] DEBUG org.apache.http.wire --  << "Date: Fri, 06 Oct 2023 07:52:58 GMT[\r][\n]"
14:52:57.142 [main] DEBUG org.apache.http.wire --  << "Content-Type: text/html; charset=utf-8[\r][\n]"
14:52:57.142 [main] DEBUG org.apache.http.wire --  << "Transfer-Encoding: chunked[\r][\n]"
14:52:57.142 [main] DEBUG org.apache.http.wire --  << "Connection: keep-alive[\r][\n]"
14:52:57.142 [main] DEBUG org.apache.http.wire --  << "Access-Control-Allow-Origin: *[\r][\n]"
14:52:57.143 [main] DEBUG org.apache.http.wire --  << "Content-Security-Policy: default-src 'none'[\r][\n]"
14:52:57.143 [main] DEBUG org.apache.http.wire --  << "X-Content-Type-Options: nosniff[\r][\n]"
14:52:57.143 [main] DEBUG org.apache.http.wire --  << "X-Powered-By: Express[\r][\n]"
14:52:57.143 [main] DEBUG org.apache.http.wire --  << "CF-Cache-Status: DYNAMIC[\r][\n]"
14:52:57.143 [main] DEBUG org.apache.http.wire --  << "Report-To: {"endpoints":[{"url":"https:\/\/a.nel.cloudflare.com\/report\/v3?s=%2BmWAgSgXne0PSTv7OF7jIBHacwY50zRuKQuN2fANLCfatQYSigRbfT%2FQYLnxpRQqhzW7HJW0rnpsN6wIe2E%2FJSu4ULh80udo6OBZrtLn4CGt4CnjHSmjFnRdm0I2GmDRzLvE"}],"group":"cf-nel","max_age":604800}[\r][\n]"
14:52:57.143 [main] DEBUG org.apache.http.wire --  << "NEL: {"success_fraction":0,"report_to":"cf-nel","max_age":604800}[\r][\n]"
14:52:57.143 [main] DEBUG org.apache.http.wire --  << "Server: cloudflare[\r][\n]"
14:52:57.143 [main] DEBUG org.apache.http.wire --  << "CF-RAY: 811c53ef88e1a084-SIN[\r][\n]"
14:52:57.143 [main] DEBUG org.apache.http.wire --  << "Content-Encoding: gzip[\r][\n]"
14:52:57.143 [main] DEBUG org.apache.http.wire --  << "alt-svc: h3=":443"; ma=86400[\r][\n]"
14:52:57.143 [main] DEBUG org.apache.http.wire --  << "[\r][\n]"
14:52:57.143 [main] DEBUG org.apache.http.impl.conn.DefaultClientConnection -- Receiving response: HTTP/1.1 404 Not Found
14:52:57.143 [main] DEBUG org.apache.http.headers -- << HTTP/1.1 404 Not Found
14:52:57.143 [main] DEBUG org.apache.http.headers -- << Date: Fri, 06 Oct 2023 07:52:58 GMT
14:52:57.143 [main] DEBUG org.apache.http.headers -- << Content-Type: text/html; charset=utf-8
14:52:57.143 [main] DEBUG org.apache.http.headers -- << Transfer-Encoding: chunked
14:52:57.143 [main] DEBUG org.apache.http.headers -- << Connection: keep-alive
14:52:57.143 [main] DEBUG org.apache.http.headers -- << Access-Control-Allow-Origin: *
14:52:57.143 [main] DEBUG org.apache.http.headers -- << Content-Security-Policy: default-src 'none'
14:52:57.143 [main] DEBUG org.apache.http.headers -- << X-Content-Type-Options: nosniff
14:52:57.143 [main] DEBUG org.apache.http.headers -- << X-Powered-By: Express
14:52:57.143 [main] DEBUG org.apache.http.headers -- << CF-Cache-Status: DYNAMIC
14:52:57.143 [main] DEBUG org.apache.http.headers -- << Report-To: {"endpoints":[{"url":"https:\/\/a.nel.cloudflare.com\/report\/v3?s=%2BmWAgSgXne0PSTv7OF7jIBHacwY50zRuKQuN2fANLCfatQYSigRbfT%2FQYLnxpRQqhzW7HJW0rnpsN6wIe2E%2FJSu4ULh80udo6OBZrtLn4CGt4CnjHSmjFnRdm0I2GmDRzLvE"}],"group":"cf-nel","max_age":604800}
14:52:57.143 [main] DEBUG org.apache.http.headers -- << NEL: {"success_fraction":0,"report_to":"cf-nel","max_age":604800}
14:52:57.143 [main] DEBUG org.apache.http.headers -- << Server: cloudflare
14:52:57.143 [main] DEBUG org.apache.http.headers -- << CF-RAY: 811c53ef88e1a084-SIN
14:52:57.143 [main] DEBUG org.apache.http.headers -- << Content-Encoding: gzip
14:52:57.143 [main] DEBUG org.apache.http.headers -- << alt-svc: h3=":443"; ma=86400
14:52:57.143 [main] DEBUG org.apache.http.impl.client.DefaultHttpClient -- Connection can be kept alive indefinitely
14:52:57.143 [main] DEBUG io.restassured.internal.RestAssuredHttpBuilder -- Parsing response as: text/html; charset=utf-8
14:52:57.143 [main] DEBUG org.apache.http.wire --  << "96[\r][\n]"
14:52:57.143 [main] DEBUG org.apache.http.wire --  << "[0x1f][0x8b][0x8][0x0][0x0][0x0][0x0][0x0][0x0][0x3],[0x8e][0xbd][0xe][0xc2]0[0xc][0x84][0xf7]<E[0xc8][0x8e][0xbc]2[0xb8]YJ[0xc4][0x8]C[0x17]F[0x93][0x98][0xb6]R[0x9a]T[0xae];[0xf0][0xf6]([0xd0][0xe9]t?[0x9f]tx[0xba][0xde][0xfb][0xe1][0xf9][0x8]v[0xd2]%{[0x83]Ml[0xa6]2v[0x8e][0x8b]k[0x1]S[0xf2][0x6][0x17]V[0xb2]q"[0xd9]X;[0xb7][0xeb][0xfb]|i[0xad][0xce][0x9a][0xd9][0x7][0x91]*[0x8]c[0x10][0xe][0xe6]U[0xd3][0xc7][0x1b]\[0x85]}O[0xa5]T[0xb5][0xb7]0XX[0xa5][0xa6]=*DR[0x1e][0xab][0xcc][0xbc]![0xb4][0x8d]A8[0x8][0xf8][0x9d][0xf9][0x2][0x0][0x0][0xff][0xff][0xe3][0x2][0x0][0xa6][0x0][0x12][0x19][0x9d][0x0][0x0][0x0]"
14:52:57.143 [main] DEBUG org.apache.http.wire --  << "[\r][\n]"
14:52:57.144 [main] DEBUG org.apache.http.wire --  << "0[\r][\n]"
14:52:57.144 [main] DEBUG org.apache.http.wire --  << "[\r][\n]"
14:52:57.144 [main] DEBUG io.restassured.internal.RestAssuredHttpBuilder -- Parsed data to instance of: class org.apache.http.conn.EofSensorInputStream
14:52:57.144 [main] DEBUG org.apache.http.impl.conn.BasicClientConnectionManager -- Releasing connection org.apache.http.impl.conn.ManagedClientConnectionImpl@3e9e7a70
14:52:57.144 [main] DEBUG org.apache.http.impl.conn.BasicClientConnectionManager -- Connection can be kept alive indefinitely
14:52:57.146 [main] DEBUG net.thucydides.core.steps.StepInterceptor -- STEP DONE: I GET HTTP request all categories product data invalid endpoints
  &amp#27;[32mWhen &amp#27;[0m&amp#27;[32mI GET HTTP request all categories product data invalid endpoints&amp#27;[0m         &amp#27;[90m# starter.stepdefinition.ProductSteps.getHTTPRequestAllCategoriesProductInvalid()&amp#27;[0m
14:52:57.149 [main] DEBUG net.thucydides.core.steps.StepInterceptor -- STARTING STEP: ProductSteps.receiveInvalidGETallCategoriesResponseCode404 - I receive invalid GET all categories product HTTP response code 404
14:52:57.149 [main] DEBUG net.thucydides.core.steps.StepInterceptor -- STEP DONE: I receive invalid GET all categories product HTTP response code 404
  &amp#27;[32mThen &amp#27;[0m&amp#27;[32mI receive invalid GET all categories product HTTP response code 404&amp#27;[0m      &amp#27;[90m# starter.stepdefinition.ProductSteps.receiveInvalidGETallCategoriesResponseCode404()&amp#27;[0m
14:52:57.150 [main] INFO  -- 
  _____   ___   ___   _____     ___     _     ___   ___   ___   ___  
 |_   _| | __| / __| |_   _|   | _ \   /_\   / __| / __| | __| |   \ 
   | |   | _|  \__ \   | |     |  _/  / _ \  \__ \ \__ \ | _|  | |) |
   |_|   |___| |___/   |_|     |_|   /_/ \_\ |___/ |___/ |___| |___/ 

[Negative] - PRODUCT_GET all categories product with invalid endpoint
----------------------------------------------------------------------
]]></system-out>
  </testcase>
  <testcase name="[Positive] - PRODUCT_GET in category product with valid endpoint" classname="Product" time="0.633">
    <system-out><![CDATA[
Scenario: [Positive] - PRODUCT_GET in category product with valid endpoint &amp#27;[90m# src/test/resources/Product.feature:57&amp#27;[0m
14:52:57.153 [main] INFO io.cucumber.core.plugin.SerenityReporter -- Running feature from file:///D:/SEMESTER%205/All%20Section/Section%203%20-%20Code%20Competence/Code%20Competence%20KM%20QA%202/Weekly2/src/test/resources/Product.feature
14:52:57.153 [main] WARN io.cucumber.core.plugin.SerenityReporter -- Feature from file:///D:/SEMESTER%205/All%20Section/Section%203%20-%20Code%20Competence/Code%20Competence%20KM%20QA%202/Weekly2/src/test/resources/Product.feature is not under the 'features' directory. Requirements report will not be correctly generated!
14:52:57.154 [main] INFO  -- 
  _____   ___   ___   _____     ___   _____     _     ___   _____   ___   ___  
 |_   _| | __| / __| |_   _|   / __| |_   _|   /_\   | _ \ |_   _| | __| |   \ 
   | |   | _|  \__ \   | |     \__ \   | |    / _ \  |   /   | |   | _|  | |) |
   |_|   |___| |___/   |_|     |___/   |_|   /_/ \_\ |_|_\   |_|   |___| |___/ 

[Positive] - PRODUCT_GET in category product with valid endpoint(product;[positive]---product-get-in-category-product-with-valid-endpoint)
--------------------------------------------------------------------------------
14:52:57.158 [main] DEBUG net.thucydides.core.steps.StepInterceptor -- STARTING STEP: ProductSteps.getCategoryProductValidEndpoint - I GET API category product valid endpoints
14:52:57.158 [main] DEBUG net.thucydides.core.steps.StepInterceptor -- STEP DONE: I GET API category product valid endpoints
  &amp#27;[32mGiven &amp#27;[0m&amp#27;[32mI GET API category product valid endpoints&amp#27;[0m                         &amp#27;[90m# starter.stepdefinition.ProductSteps.getCategoryProductValidEndpoint()&amp#27;[0m
14:52:57.160 [main] DEBUG net.thucydides.core.steps.StepInterceptor -- STARTING STEP: ProductSteps.getHTTPRequestValidCategoryProduct - I GET HTTP request valid category product data
14:52:57.160 [main] DEBUG net.thucydides.core.steps.StepInterceptor -- STARTING STEP: Product.getHTTPRequestValidCategoryProduct - I GET API category product valid endpoints
14:52:57.160 [main] DEBUG net.thucydides.core.steps.StepInterceptor -- STEP DONE: I GET API category product valid endpoints
14:52:57.163 [main] DEBUG org.apache.http.impl.conn.BasicClientConnectionManager -- Get connection for route {s}->https://fakestoreapi.com:443
14:52:57.163 [main] DEBUG org.apache.http.impl.conn.DefaultClientConnectionOperator -- Connecting to fakestoreapi.com:443
14:52:57.222 [main] DEBUG org.apache.http.client.protocol.RequestAddCookies -- CookieSpec selected: ignoreCookies
14:52:57.222 [main] DEBUG org.apache.http.client.protocol.RequestAuthCache -- Auth cache not set in the context
14:52:57.222 [main] DEBUG org.apache.http.client.protocol.RequestTargetAuthentication -- Target auth state: UNCHALLENGED
14:52:57.222 [main] DEBUG org.apache.http.client.protocol.RequestProxyAuthentication -- Proxy auth state: UNCHALLENGED
14:52:57.222 [main] DEBUG org.apache.http.impl.client.DefaultHttpClient -- Attempt 1 to execute request
14:52:57.222 [main] DEBUG org.apache.http.impl.conn.DefaultClientConnection -- Sending request: GET /products/category/jewelry HTTP/1.1
14:52:57.222 [main] DEBUG org.apache.http.wire --  >> "GET /products/category/jewelry HTTP/1.1[\r][\n]"
14:52:57.222 [main] DEBUG org.apache.http.wire --  >> "Accept: */*[\r][\n]"
14:52:57.222 [main] DEBUG org.apache.http.wire --  >> "Host: fakestoreapi.com[\r][\n]"
14:52:57.222 [main] DEBUG org.apache.http.wire --  >> "Connection: Keep-Alive[\r][\n]"
14:52:57.222 [main] DEBUG org.apache.http.wire --  >> "User-Agent: Apache-HttpClient/4.5.13 (Java/17.0.8)[\r][\n]"
14:52:57.222 [main] DEBUG org.apache.http.wire --  >> "Accept-Encoding: gzip,deflate[\r][\n]"
14:52:57.222 [main] DEBUG org.apache.http.wire --  >> "[\r][\n]"
14:52:57.222 [main] DEBUG org.apache.http.headers -- >> GET /products/category/jewelry HTTP/1.1
14:52:57.222 [main] DEBUG org.apache.http.headers -- >> Accept: */*
14:52:57.222 [main] DEBUG org.apache.http.headers -- >> Host: fakestoreapi.com
14:52:57.222 [main] DEBUG org.apache.http.headers -- >> Connection: Keep-Alive
14:52:57.222 [main] DEBUG org.apache.http.headers -- >> User-Agent: Apache-HttpClient/4.5.13 (Java/17.0.8)
14:52:57.222 [main] DEBUG org.apache.http.headers -- >> Accept-Encoding: gzip,deflate
14:52:57.777 [main] DEBUG org.apache.http.wire --  << "HTTP/1.1 200 OK[\r][\n]"
14:52:57.777 [main] DEBUG org.apache.http.wire --  << "Date: Fri, 06 Oct 2023 07:52:58 GMT[\r][\n]"
14:52:57.777 [main] DEBUG org.apache.http.wire --  << "Content-Type: application/json; charset=utf-8[\r][\n]"
14:52:57.777 [main] DEBUG org.apache.http.wire --  << "Content-Length: 2[\r][\n]"
14:52:57.777 [main] DEBUG org.apache.http.wire --  << "Connection: keep-alive[\r][\n]"
14:52:57.777 [main] DEBUG org.apache.http.wire --  << "Access-Control-Allow-Origin: *[\r][\n]"
14:52:57.777 [main] DEBUG org.apache.http.wire --  << "Etag: W/"2-l9Fw4VUO7kr8CvBlt4zaMCqXZ0w"[\r][\n]"
14:52:57.777 [main] DEBUG org.apache.http.wire --  << "X-Powered-By: Express[\r][\n]"
14:52:57.777 [main] DEBUG org.apache.http.wire --  << "CF-Cache-Status: DYNAMIC[\r][\n]"
14:52:57.777 [main] DEBUG org.apache.http.wire --  << "Report-To: {"endpoints":[{"url":"https:\/\/a.nel.cloudflare.com\/report\/v3?s=JDMyHM5frCLm3s%2F3xJQFEKKbhvhbTS0IpsZqA19COJlXarbwW0SRPSFMQ3AUO46WQh826xq795%2FwjaMfQl3Vfe8UchJRLwf6gXOpC35ypxaOwqIPfHgBkHsDdowhdAQphmPQ"}],"group":"cf-nel","max_age":604800}[\r][\n]"
14:52:57.777 [main] DEBUG org.apache.http.wire --  << "NEL: {"success_fraction":0,"report_to":"cf-nel","max_age":604800}[\r][\n]"
14:52:57.777 [main] DEBUG org.apache.http.wire --  << "Server: cloudflare[\r][\n]"
14:52:57.777 [main] DEBUG org.apache.http.wire --  << "CF-RAY: 811c53f44a103fb9-SIN[\r][\n]"
14:52:57.777 [main] DEBUG org.apache.http.wire --  << "alt-svc: h3=":443"; ma=86400[\r][\n]"
14:52:57.777 [main] DEBUG org.apache.http.wire --  << "[\r][\n]"
14:52:57.777 [main] DEBUG org.apache.http.impl.conn.DefaultClientConnection -- Receiving response: HTTP/1.1 200 OK
14:52:57.777 [main] DEBUG org.apache.http.headers -- << HTTP/1.1 200 OK
14:52:57.777 [main] DEBUG org.apache.http.headers -- << Date: Fri, 06 Oct 2023 07:52:58 GMT
14:52:57.777 [main] DEBUG org.apache.http.headers -- << Content-Type: application/json; charset=utf-8
14:52:57.777 [main] DEBUG org.apache.http.headers -- << Content-Length: 2
14:52:57.777 [main] DEBUG org.apache.http.headers -- << Connection: keep-alive
14:52:57.777 [main] DEBUG org.apache.http.headers -- << Access-Control-Allow-Origin: *
14:52:57.777 [main] DEBUG org.apache.http.headers -- << Etag: W/"2-l9Fw4VUO7kr8CvBlt4zaMCqXZ0w"
14:52:57.777 [main] DEBUG org.apache.http.headers -- << X-Powered-By: Express
14:52:57.777 [main] DEBUG org.apache.http.headers -- << CF-Cache-Status: DYNAMIC
14:52:57.777 [main] DEBUG org.apache.http.headers -- << Report-To: {"endpoints":[{"url":"https:\/\/a.nel.cloudflare.com\/report\/v3?s=JDMyHM5frCLm3s%2F3xJQFEKKbhvhbTS0IpsZqA19COJlXarbwW0SRPSFMQ3AUO46WQh826xq795%2FwjaMfQl3Vfe8UchJRLwf6gXOpC35ypxaOwqIPfHgBkHsDdowhdAQphmPQ"}],"group":"cf-nel","max_age":604800}
14:52:57.777 [main] DEBUG org.apache.http.headers -- << NEL: {"success_fraction":0,"report_to":"cf-nel","max_age":604800}
14:52:57.777 [main] DEBUG org.apache.http.headers -- << Server: cloudflare
14:52:57.777 [main] DEBUG org.apache.http.headers -- << CF-RAY: 811c53f44a103fb9-SIN
14:52:57.777 [main] DEBUG org.apache.http.headers -- << alt-svc: h3=":443"; ma=86400
14:52:57.777 [main] DEBUG org.apache.http.impl.client.DefaultHttpClient -- Connection can be kept alive indefinitely
14:52:57.777 [main] DEBUG io.restassured.internal.RestAssuredHttpBuilder -- Parsing response as: application/json; charset=utf-8
14:52:57.777 [main] DEBUG io.restassured.internal.RestAssuredHttpBuilder -- Parsed data to instance of: class org.apache.http.conn.EofSensorInputStream
14:52:57.778 [main] DEBUG org.apache.http.wire --  << "[]"
14:52:57.778 [main] DEBUG org.apache.http.impl.conn.BasicClientConnectionManager -- Releasing connection org.apache.http.impl.conn.ManagedClientConnectionImpl@38320819
14:52:57.778 [main] DEBUG org.apache.http.impl.conn.BasicClientConnectionManager -- Connection can be kept alive indefinitely
14:52:57.778 [main] DEBUG net.thucydides.core.steps.StepInterceptor -- STEP DONE: I GET HTTP request valid category product data
  &amp#27;[32mWhen &amp#27;[0m&amp#27;[32mI GET HTTP request valid category product data&amp#27;[0m                      &amp#27;[90m# starter.stepdefinition.ProductSteps.getHTTPRequestValidCategoryProduct()&amp#27;[0m
14:52:57.780 [main] DEBUG net.thucydides.core.steps.StepInterceptor -- STARTING STEP: ProductSteps.responseCategoriesProduct200 - I receive valid GET category product response code 200
14:52:57.781 [main] DEBUG net.thucydides.core.steps.StepInterceptor -- STEP DONE: I receive valid GET category product response code 200
  &amp#27;[32mThen &amp#27;[0m&amp#27;[32mI receive valid GET category product response code 200&amp#27;[0m              &amp#27;[90m# starter.stepdefinition.ProductSteps.responseCategoriesProduct200()&amp#27;[0m
14:52:57.782 [main] INFO  -- 
  _____   ___   ___   _____     ___     _     ___   ___   ___   ___  
 |_   _| | __| / __| |_   _|   | _ \   /_\   / __| / __| | __| |   \ 
   | |   | _|  \__ \   | |     |  _/  / _ \  \__ \ \__ \ | _|  | |) |
   |_|   |___| |___/   |_|     |_|   /_/ \_\ |___/ |___/ |___| |___/ 

[Positive] - PRODUCT_GET in category product with valid endpoint
----------------------------------------------------------------------
]]></system-out>
  </testcase>
  <testcase name="[Negative] - PRODUCT_GET in category product with invalid endpoint" classname="Product" time="1.11">
    <system-out><![CDATA[
Scenario: [Negative] - PRODUCT_GET in category product with invalid endpoint &amp#27;[90m# src/test/resources/Product.feature:62&amp#27;[0m
14:52:57.786 [main] INFO io.cucumber.core.plugin.SerenityReporter -- Running feature from file:///D:/SEMESTER%205/All%20Section/Section%203%20-%20Code%20Competence/Code%20Competence%20KM%20QA%202/Weekly2/src/test/resources/Product.feature
14:52:57.786 [main] WARN io.cucumber.core.plugin.SerenityReporter -- Feature from file:///D:/SEMESTER%205/All%20Section/Section%203%20-%20Code%20Competence/Code%20Competence%20KM%20QA%202/Weekly2/src/test/resources/Product.feature is not under the 'features' directory. Requirements report will not be correctly generated!
14:52:57.789 [main] INFO  -- 
  _____   ___   ___   _____     ___   _____     _     ___   _____   ___   ___  
 |_   _| | __| / __| |_   _|   / __| |_   _|   /_\   | _ \ |_   _| | __| |   \ 
   | |   | _|  \__ \   | |     \__ \   | |    / _ \  |   /   | |   | _|  | |) |
   |_|   |___| |___/   |_|     |___/   |_|   /_/ \_\ |_|_\   |_|   |___| |___/ 

[Negative] - PRODUCT_GET in category product with invalid endpoint(product;[negative]---product-get-in-category-product-with-invalid-endpoint)
--------------------------------------------------------------------------------
14:52:57.793 [main] DEBUG net.thucydides.core.steps.StepInterceptor -- STARTING STEP: ProductSteps.getCategoryProductInvalidEndpoint - I GET API category product invalid endpoints
14:52:57.793 [main] DEBUG net.thucydides.core.steps.StepInterceptor -- STEP DONE: I GET API category product invalid endpoints
  &amp#27;[32mGiven &amp#27;[0m&amp#27;[32mI GET API category product invalid endpoints&amp#27;[0m                         &amp#27;[90m# starter.stepdefinition.ProductSteps.getCategoryProductInvalidEndpoint()&amp#27;[0m
14:52:57.794 [main] DEBUG net.thucydides.core.steps.StepInterceptor -- STARTING STEP: ProductSteps.getHTTPRequestInvalidCategoryProduct - I GET HTTP request invalid category product data
14:52:57.795 [main] DEBUG net.thucydides.core.steps.StepInterceptor -- STARTING STEP: Product.getHTTPRequestInvalidCategoryProduct - I GET API category product invalid endpoints
14:52:57.795 [main] DEBUG net.thucydides.core.steps.StepInterceptor -- STEP DONE: I GET API category product invalid endpoints
14:52:57.799 [main] DEBUG org.apache.http.impl.conn.BasicClientConnectionManager -- Get connection for route {s}->https://fakestoreapi.com:443
14:52:57.799 [main] DEBUG org.apache.http.impl.conn.DefaultClientConnectionOperator -- Connecting to fakestoreapi.com:443
14:52:58.178 [main] DEBUG org.apache.http.client.protocol.RequestAddCookies -- CookieSpec selected: ignoreCookies
14:52:58.178 [main] DEBUG org.apache.http.client.protocol.RequestAuthCache -- Auth cache not set in the context
14:52:58.178 [main] DEBUG org.apache.http.client.protocol.RequestTargetAuthentication -- Target auth state: UNCHALLENGED
14:52:58.178 [main] DEBUG org.apache.http.client.protocol.RequestProxyAuthentication -- Proxy auth state: UNCHALLENGED
14:52:58.178 [main] DEBUG org.apache.http.impl.client.DefaultHttpClient -- Attempt 1 to execute request
14:52:58.178 [main] DEBUG org.apache.http.impl.conn.DefaultClientConnection -- Sending request: GET /product/category/jewelry HTTP/1.1
14:52:58.178 [main] DEBUG org.apache.http.wire --  >> "GET /product/category/jewelry HTTP/1.1[\r][\n]"
14:52:58.178 [main] DEBUG org.apache.http.wire --  >> "Accept: */*[\r][\n]"
14:52:58.178 [main] DEBUG org.apache.http.wire --  >> "Host: fakestoreapi.com[\r][\n]"
14:52:58.178 [main] DEBUG org.apache.http.wire --  >> "Connection: Keep-Alive[\r][\n]"
14:52:58.178 [main] DEBUG org.apache.http.wire --  >> "User-Agent: Apache-HttpClient/4.5.13 (Java/17.0.8)[\r][\n]"
14:52:58.178 [main] DEBUG org.apache.http.wire --  >> "Accept-Encoding: gzip,deflate[\r][\n]"
14:52:58.178 [main] DEBUG org.apache.http.wire --  >> "[\r][\n]"
14:52:58.178 [main] DEBUG org.apache.http.headers -- >> GET /product/category/jewelry HTTP/1.1
14:52:58.178 [main] DEBUG org.apache.http.headers -- >> Accept: */*
14:52:58.178 [main] DEBUG org.apache.http.headers -- >> Host: fakestoreapi.com
14:52:58.178 [main] DEBUG org.apache.http.headers -- >> Connection: Keep-Alive
14:52:58.178 [main] DEBUG org.apache.http.headers -- >> User-Agent: Apache-HttpClient/4.5.13 (Java/17.0.8)
14:52:58.178 [main] DEBUG org.apache.http.headers -- >> Accept-Encoding: gzip,deflate
14:52:58.886 [main] DEBUG org.apache.http.wire --  << "HTTP/1.1 404 Not Found[\r][\n]"
14:52:58.887 [main] DEBUG org.apache.http.wire --  << "Date: Fri, 06 Oct 2023 07:52:59 GMT[\r][\n]"
14:52:58.887 [main] DEBUG org.apache.http.wire --  << "Content-Type: text/html; charset=utf-8[\r][\n]"
14:52:58.887 [main] DEBUG org.apache.http.wire --  << "Transfer-Encoding: chunked[\r][\n]"
14:52:58.887 [main] DEBUG org.apache.http.wire --  << "Connection: keep-alive[\r][\n]"
14:52:58.887 [main] DEBUG org.apache.http.wire --  << "Access-Control-Allow-Origin: *[\r][\n]"
14:52:58.887 [main] DEBUG org.apache.http.wire --  << "Content-Security-Policy: default-src 'none'[\r][\n]"
14:52:58.887 [main] DEBUG org.apache.http.wire --  << "X-Content-Type-Options: nosniff[\r][\n]"
14:52:58.887 [main] DEBUG org.apache.http.wire --  << "X-Powered-By: Express[\r][\n]"
14:52:58.887 [main] DEBUG org.apache.http.wire --  << "CF-Cache-Status: DYNAMIC[\r][\n]"
14:52:58.887 [main] DEBUG org.apache.http.wire --  << "Report-To: {"endpoints":[{"url":"https:\/\/a.nel.cloudflare.com\/report\/v3?s=j65panG7eHUQeVd5yH9cXIkpFLA%2BTx%2FYbl%2BgdvSsO8xCRTTeSl00c2Lv6H3RO9Dp4te9E0dkrUFNWWhomNkQMU8AOCC9Bz7U49%2BqXLp2Mhw3gXDlZdHEXa6VKdK7dkvDO73m"}],"group":"cf-nel","max_age":604800}[\r][\n]"
14:52:58.887 [main] DEBUG org.apache.http.wire --  << "NEL: {"success_fraction":0,"report_to":"cf-nel","max_age":604800}[\r][\n]"
14:52:58.887 [main] DEBUG org.apache.http.wire --  << "Server: cloudflare[\r][\n]"
14:52:58.887 [main] DEBUG org.apache.http.wire --  << "CF-RAY: 811c53fa4a61885b-SIN[\r][\n]"
14:52:58.887 [main] DEBUG org.apache.http.wire --  << "Content-Encoding: gzip[\r][\n]"
14:52:58.887 [main] DEBUG org.apache.http.wire --  << "alt-svc: h3=":443"; ma=86400[\r][\n]"
14:52:58.887 [main] DEBUG org.apache.http.wire --  << "[\r][\n]"
14:52:58.887 [main] DEBUG org.apache.http.impl.conn.DefaultClientConnection -- Receiving response: HTTP/1.1 404 Not Found
14:52:58.887 [main] DEBUG org.apache.http.headers -- << HTTP/1.1 404 Not Found
14:52:58.887 [main] DEBUG org.apache.http.headers -- << Date: Fri, 06 Oct 2023 07:52:59 GMT
14:52:58.887 [main] DEBUG org.apache.http.headers -- << Content-Type: text/html; charset=utf-8
14:52:58.887 [main] DEBUG org.apache.http.headers -- << Transfer-Encoding: chunked
14:52:58.887 [main] DEBUG org.apache.http.headers -- << Connection: keep-alive
14:52:58.887 [main] DEBUG org.apache.http.headers -- << Access-Control-Allow-Origin: *
14:52:58.887 [main] DEBUG org.apache.http.headers -- << Content-Security-Policy: default-src 'none'
14:52:58.887 [main] DEBUG org.apache.http.headers -- << X-Content-Type-Options: nosniff
14:52:58.887 [main] DEBUG org.apache.http.headers -- << X-Powered-By: Express
14:52:58.887 [main] DEBUG org.apache.http.headers -- << CF-Cache-Status: DYNAMIC
14:52:58.887 [main] DEBUG org.apache.http.headers -- << Report-To: {"endpoints":[{"url":"https:\/\/a.nel.cloudflare.com\/report\/v3?s=j65panG7eHUQeVd5yH9cXIkpFLA%2BTx%2FYbl%2BgdvSsO8xCRTTeSl00c2Lv6H3RO9Dp4te9E0dkrUFNWWhomNkQMU8AOCC9Bz7U49%2BqXLp2Mhw3gXDlZdHEXa6VKdK7dkvDO73m"}],"group":"cf-nel","max_age":604800}
14:52:58.887 [main] DEBUG org.apache.http.headers -- << NEL: {"success_fraction":0,"report_to":"cf-nel","max_age":604800}
14:52:58.887 [main] DEBUG org.apache.http.headers -- << Server: cloudflare
14:52:58.887 [main] DEBUG org.apache.http.headers -- << CF-RAY: 811c53fa4a61885b-SIN
14:52:58.887 [main] DEBUG org.apache.http.headers -- << Content-Encoding: gzip
14:52:58.887 [main] DEBUG org.apache.http.headers -- << alt-svc: h3=":443"; ma=86400
14:52:58.887 [main] DEBUG org.apache.http.impl.client.DefaultHttpClient -- Connection can be kept alive indefinitely
14:52:58.887 [main] DEBUG io.restassured.internal.RestAssuredHttpBuilder -- Parsing response as: text/html; charset=utf-8
14:52:58.887 [main] DEBUG org.apache.http.wire --  << "8f[\r][\n]"
14:52:58.887 [main] DEBUG org.apache.http.wire --  << "[0x1f][0x8b][0x8][0x0][0x0][0x0][0x0][0x0][0x0][0x3],[0x8e]?[0xf][0xc2] [0x10][0xc5]w>[0x5][0xb2][0x9b][[0x1d][0xae],[0x95]8[0xda][0xa1][0x8b]#[0xc2][0xd9]j(4[0xe7]5[0x86]oo[0xd0]N/[0xef][0xcf]/yx8_[0xfb][0xf1]68=[0xcb][0x92][0xac][0xc2]&:[0xf9]<u[0x86][0xb2]i[0x1][0xf9]h[0x15].$^[0x87][0xd9][0xf3][0x9b][0xa4]3[0x9b]<[0x8e][0xa7][0xd6][0xca]S[0x12]Y[0xc7]\[0x18][0xe1]o[0x14][0xc2][0xce][0xdc]K[0xac]V[0xe1][0xca]d{[0x9f]s[0x11]}q[0xa3][0x86][0x95]K[0xdc][0x82]@[0xf0]BS[0xe1][\n]"
14:52:58.887 [main] DEBUG org.apache.http.wire --  << "/[0xfa]P[0xe2][0x8a][0xd0][0x96][\n]"
14:52:58.887 [main] DEBUG org.apache.http.wire --  << "a[0xe7][0xe0]w[0xe9][0xb][0x0][0x0][0xff][0xff]"
14:52:58.887 [main] DEBUG org.apache.http.wire --  << "[\r][\n]"
14:52:58.887 [main] DEBUG org.apache.http.wire --  << "b[\r][\n]"
14:52:58.887 [main] DEBUG org.apache.http.wire --  << "[0xe3][0x2][0x0][0xd4][0xba][0xf2][0xac][0xa3][0x0][0x0][0x0]"
14:52:58.887 [main] DEBUG org.apache.http.wire --  << "[\r][\n]"
14:52:58.887 [main] DEBUG org.apache.http.wire --  << "0[\r][\n]"
14:52:58.887 [main] DEBUG org.apache.http.wire --  << "[\r][\n]"
14:52:58.887 [main] DEBUG io.restassured.internal.RestAssuredHttpBuilder -- Parsed data to instance of: class org.apache.http.conn.EofSensorInputStream
14:52:58.887 [main] DEBUG org.apache.http.impl.conn.BasicClientConnectionManager -- Releasing connection org.apache.http.impl.conn.ManagedClientConnectionImpl@63ead376
14:52:58.887 [main] DEBUG org.apache.http.impl.conn.BasicClientConnectionManager -- Connection can be kept alive indefinitely
14:52:58.889 [main] DEBUG net.thucydides.core.steps.StepInterceptor -- STEP DONE: I GET HTTP request invalid category product data
  &amp#27;[32mWhen &amp#27;[0m&amp#27;[32mI GET HTTP request invalid category product data&amp#27;[0m                      &amp#27;[90m# starter.stepdefinition.ProductSteps.getHTTPRequestInvalidCategoryProduct()&amp#27;[0m
14:52:58.891 [main] DEBUG net.thucydides.core.steps.StepInterceptor -- STARTING STEP: ProductSteps.responseInvalidCategoryProduct404 - I receive invalid GET category product response code 404
14:52:58.892 [main] DEBUG net.thucydides.core.steps.StepInterceptor -- STEP DONE: I receive invalid GET category product response code 404
  &amp#27;[32mThen &amp#27;[0m&amp#27;[32mI receive invalid GET category product response code 404&amp#27;[0m              &amp#27;[90m# starter.stepdefinition.ProductSteps.responseInvalidCategoryProduct404()&amp#27;[0m
14:52:58.892 [main] INFO  -- 
  _____   ___   ___   _____     ___     _     ___   ___   ___   ___  
 |_   _| | __| / __| |_   _|   | _ \   /_\   / __| / __| | __| |   \ 
   | |   | _|  \__ \   | |     |  _/  / _ \  \__ \ \__ \ | _|  | |) |
   |_|   |___| |___/   |_|     |_|   /_/ \_\ |___/ |___/ |___| |___/ 

[Negative] - PRODUCT_GET in category product with invalid endpoint
----------------------------------------------------------------------
]]></system-out>
  </testcase>
  <testcase name="[Positive] - PRODUCT_POST new product with valid data" classname="Product" time="0.529">
    <system-out><![CDATA[
Scenario: [Positive] - PRODUCT_POST new product with valid data &amp#27;[90m# src/test/resources/Product.feature:67&amp#27;[0m
14:52:58.896 [main] INFO io.cucumber.core.plugin.SerenityReporter -- Running feature from file:///D:/SEMESTER%205/All%20Section/Section%203%20-%20Code%20Competence/Code%20Competence%20KM%20QA%202/Weekly2/src/test/resources/Product.feature
14:52:58.896 [main] WARN io.cucumber.core.plugin.SerenityReporter -- Feature from file:///D:/SEMESTER%205/All%20Section/Section%203%20-%20Code%20Competence/Code%20Competence%20KM%20QA%202/Weekly2/src/test/resources/Product.feature is not under the 'features' directory. Requirements report will not be correctly generated!
14:52:58.897 [main] INFO  -- 
  _____   ___   ___   _____     ___   _____     _     ___   _____   ___   ___  
 |_   _| | __| / __| |_   _|   / __| |_   _|   /_\   | _ \ |_   _| | __| |   \ 
   | |   | _|  \__ \   | |     \__ \   | |    / _ \  |   /   | |   | _|  | |) |
   |_|   |___| |___/   |_|     |___/   |_|   /_/ \_\ |_|_\   |_|   |___| |___/ 

[Positive] - PRODUCT_POST new product with valid data(product;[positive]---product-post-new-product-with-valid-data)
--------------------------------------------------------------------------------
14:52:58.900 [main] DEBUG net.thucydides.core.steps.StepInterceptor -- STARTING STEP: ProductSteps.setPostHTTPEndpoint - I POST API product endpoints
14:52:58.900 [main] DEBUG net.thucydides.core.steps.StepInterceptor -- STEP DONE: I POST API product endpoints
  &amp#27;[32mGiven &amp#27;[0m&amp#27;[32mI POST API product endpoints&amp#27;[0m                            &amp#27;[90m# starter.stepdefinition.ProductSteps.setPostHTTPEndpoint()&amp#27;[0m
14:52:58.901 [main] DEBUG net.thucydides.core.steps.StepInterceptor -- STARTING STEP: ProductSteps.postHTTPrequestUrl - I POST HTTP request with valid data
14:52:58.902 [main] DEBUG net.thucydides.core.steps.StepInterceptor -- STARTING STEP: Product.postHTTPRequest - I POST API product endpoints
14:52:58.902 [main] DEBUG net.thucydides.core.steps.StepInterceptor -- STEP DONE: I POST API product endpoints
14:52:58.906 [main] DEBUG org.apache.http.impl.conn.BasicClientConnectionManager -- Get connection for route {s}->https://fakestoreapi.com:443
14:52:58.906 [main] DEBUG org.apache.http.impl.conn.DefaultClientConnectionOperator -- Connecting to fakestoreapi.com:443
14:52:58.979 [main] DEBUG org.apache.http.client.protocol.RequestAddCookies -- CookieSpec selected: ignoreCookies
14:52:58.979 [main] DEBUG org.apache.http.client.protocol.RequestAuthCache -- Auth cache not set in the context
14:52:58.979 [main] DEBUG org.apache.http.client.protocol.RequestTargetAuthentication -- Target auth state: UNCHALLENGED
14:52:58.979 [main] DEBUG org.apache.http.client.protocol.RequestProxyAuthentication -- Proxy auth state: UNCHALLENGED
14:52:58.979 [main] DEBUG org.apache.http.impl.client.DefaultHttpClient -- Attempt 1 to execute request
14:52:58.979 [main] DEBUG org.apache.http.impl.conn.DefaultClientConnection -- Sending request: POST /products HTTP/1.1
14:52:58.979 [main] DEBUG org.apache.http.wire --  >> "POST /products HTTP/1.1[\r][\n]"
14:52:58.979 [main] DEBUG org.apache.http.wire --  >> "Accept: */*[\r][\n]"
14:52:58.979 [main] DEBUG org.apache.http.wire --  >> "Content-Type: application/json[\r][\n]"
14:52:58.979 [main] DEBUG org.apache.http.wire --  >> "Content-Length: 129[\r][\n]"
14:52:58.979 [main] DEBUG org.apache.http.wire --  >> "Host: fakestoreapi.com[\r][\n]"
14:52:58.979 [main] DEBUG org.apache.http.wire --  >> "Connection: Keep-Alive[\r][\n]"
14:52:58.979 [main] DEBUG org.apache.http.wire --  >> "User-Agent: Apache-HttpClient/4.5.13 (Java/17.0.8)[\r][\n]"
14:52:58.979 [main] DEBUG org.apache.http.wire --  >> "Accept-Encoding: gzip,deflate[\r][\n]"
14:52:58.979 [main] DEBUG org.apache.http.wire --  >> "[\r][\n]"
14:52:58.979 [main] DEBUG org.apache.http.headers -- >> POST /products HTTP/1.1
14:52:58.979 [main] DEBUG org.apache.http.headers -- >> Accept: */*
14:52:58.979 [main] DEBUG org.apache.http.headers -- >> Content-Type: application/json
14:52:58.979 [main] DEBUG org.apache.http.headers -- >> Content-Length: 129
14:52:58.979 [main] DEBUG org.apache.http.headers -- >> Host: fakestoreapi.com
14:52:58.979 [main] DEBUG org.apache.http.headers -- >> Connection: Keep-Alive
14:52:58.979 [main] DEBUG org.apache.http.headers -- >> User-Agent: Apache-HttpClient/4.5.13 (Java/17.0.8)
14:52:58.979 [main] DEBUG org.apache.http.headers -- >> Accept-Encoding: gzip,deflate
14:52:58.980 [main] DEBUG org.apache.http.wire --  >> "{"image":"https:\/\/i.pravatar.cc","price":"13.5","description":"lorem ipsum set","title":"test product","category":"eceltronic"}"
14:52:59.409 [main] DEBUG org.apache.http.wire --  << "HTTP/1.1 200 OK[\r][\n]"
14:52:59.409 [main] DEBUG org.apache.http.wire --  << "Date: Fri, 06 Oct 2023 07:53:00 GMT[\r][\n]"
14:52:59.409 [main] DEBUG org.apache.http.wire --  << "Content-Type: application/json; charset=utf-8[\r][\n]"
14:52:59.409 [main] DEBUG org.apache.http.wire --  << "Transfer-Encoding: chunked[\r][\n]"
14:52:59.409 [main] DEBUG org.apache.http.wire --  << "Connection: keep-alive[\r][\n]"
14:52:59.409 [main] DEBUG org.apache.http.wire --  << "Access-Control-Allow-Origin: *[\r][\n]"
14:52:59.409 [main] DEBUG org.apache.http.wire --  << "Etag: W/"87-7Suh5RVaa7gsAgY4/Ohdx+mHDy0"[\r][\n]"
14:52:59.409 [main] DEBUG org.apache.http.wire --  << "X-Powered-By: Express[\r][\n]"
14:52:59.409 [main] DEBUG org.apache.http.wire --  << "CF-Cache-Status: DYNAMIC[\r][\n]"
14:52:59.409 [main] DEBUG org.apache.http.wire --  << "Report-To: {"endpoints":[{"url":"https:\/\/a.nel.cloudflare.com\/report\/v3?s=EB6rIC5sOz4T9UIckr3O9btH57VnR9om6HMrivD0kMdL2aWpYSfADkeLaVS47EPRZIKAVyUB6hZtRnZYWNqjR29HSCyAzv6GIgVqOq12YDHHjKX7w9r1DlZ8H%2FmYVk%2BHU%2FcE"}],"group":"cf-nel","max_age":604800}[\r][\n]"
14:52:59.409 [main] DEBUG org.apache.http.wire --  << "NEL: {"success_fraction":0,"report_to":"cf-nel","max_age":604800}[\r][\n]"
14:52:59.409 [main] DEBUG org.apache.http.wire --  << "Server: cloudflare[\r][\n]"
14:52:59.409 [main] DEBUG org.apache.http.wire --  << "CF-RAY: 811c53ff4c0e6014-SIN[\r][\n]"
14:52:59.409 [main] DEBUG org.apache.http.wire --  << "Content-Encoding: gzip[\r][\n]"
14:52:59.409 [main] DEBUG org.apache.http.wire --  << "alt-svc: h3=":443"; ma=86400[\r][\n]"
14:52:59.409 [main] DEBUG org.apache.http.wire --  << "[\r][\n]"
14:52:59.409 [main] DEBUG org.apache.http.impl.conn.DefaultClientConnection -- Receiving response: HTTP/1.1 200 OK
14:52:59.409 [main] DEBUG org.apache.http.headers -- << HTTP/1.1 200 OK
14:52:59.409 [main] DEBUG org.apache.http.headers -- << Date: Fri, 06 Oct 2023 07:53:00 GMT
14:52:59.409 [main] DEBUG org.apache.http.headers -- << Content-Type: application/json; charset=utf-8
14:52:59.409 [main] DEBUG org.apache.http.headers -- << Transfer-Encoding: chunked
14:52:59.409 [main] DEBUG org.apache.http.headers -- << Connection: keep-alive
14:52:59.409 [main] DEBUG org.apache.http.headers -- << Access-Control-Allow-Origin: *
14:52:59.409 [main] DEBUG org.apache.http.headers -- << Etag: W/"87-7Suh5RVaa7gsAgY4/Ohdx+mHDy0"
14:52:59.409 [main] DEBUG org.apache.http.headers -- << X-Powered-By: Express
14:52:59.409 [main] DEBUG org.apache.http.headers -- << CF-Cache-Status: DYNAMIC
14:52:59.409 [main] DEBUG org.apache.http.headers -- << Report-To: {"endpoints":[{"url":"https:\/\/a.nel.cloudflare.com\/report\/v3?s=EB6rIC5sOz4T9UIckr3O9btH57VnR9om6HMrivD0kMdL2aWpYSfADkeLaVS47EPRZIKAVyUB6hZtRnZYWNqjR29HSCyAzv6GIgVqOq12YDHHjKX7w9r1DlZ8H%2FmYVk%2BHU%2FcE"}],"group":"cf-nel","max_age":604800}
14:52:59.409 [main] DEBUG org.apache.http.headers -- << NEL: {"success_fraction":0,"report_to":"cf-nel","max_age":604800}
14:52:59.409 [main] DEBUG org.apache.http.headers -- << Server: cloudflare
14:52:59.409 [main] DEBUG org.apache.http.headers -- << CF-RAY: 811c53ff4c0e6014-SIN
14:52:59.409 [main] DEBUG org.apache.http.headers -- << Content-Encoding: gzip
14:52:59.409 [main] DEBUG org.apache.http.headers -- << alt-svc: h3=":443"; ma=86400
14:52:59.409 [main] DEBUG org.apache.http.impl.client.DefaultHttpClient -- Connection can be kept alive indefinitely
14:52:59.409 [main] DEBUG io.restassured.internal.RestAssuredHttpBuilder -- Parsing response as: application/json; charset=utf-8
14:52:59.409 [main] DEBUG org.apache.http.wire --  << "83[\r][\n]"
14:52:59.409 [main] DEBUG org.apache.http.wire --  << "[0x1f][0x8b][0x8][0x0][0x0][0x0][0x0][0x0][0x0][0x3][0x14][0xca]A[\n]"
14:52:59.409 [main] DEBUG org.apache.http.wire --  << "[0x3]![0xc][0x5][0xd0][0xab][0xc8]_[0x8b][0xc3][0xb4]t[0xe3]m$[0x86][0x99][0x80][0x8e]!f[\n]"
14:52:59.409 [main] DEBUG org.apache.http.wire --  << "[0xa5][0xf4][0xee][0xc5][0xed][0xe3]}![0x15][0xf9][0xb1]G[0xb8]xcd8O[0xf]j[0xa3][0xde][0xe4][0x88]P[0x13]Z[0xbc]?[0xd3][0xb][0x11][0x95]'[0x99][0xa8][0xcb][0xb8][0x90][0xd1][0x86]q[0xf][0xa2][0xf3][0xee]a[0xf2][0xea][0xd2][0xcb][0xb1][0xfa][0xe9][0xae]3o[0x9b]$[0xb5][0xf2].^,[0x11]![0x82][0x8a][0xf3]1[0xec][0x83][0xc]&nn[0xe3][0x12][0xc2][0xef][0xf][0x0][0x0][0xff][0xff][0x3][0x0][0x95]|[0xb7]9[0x87][0x0][0x0][0x0]"
14:52:59.409 [main] DEBUG org.apache.http.wire --  << "[\r][\n]"
14:52:59.409 [main] DEBUG org.apache.http.wire --  << "0[\r][\n]"
14:52:59.409 [main] DEBUG org.apache.http.wire --  << "[\r][\n]"
14:52:59.409 [main] DEBUG io.restassured.internal.RestAssuredHttpBuilder -- Parsed data to instance of: class org.apache.http.conn.EofSensorInputStream
14:52:59.410 [main] DEBUG org.apache.http.impl.conn.BasicClientConnectionManager -- Releasing connection org.apache.http.impl.conn.ManagedClientConnectionImpl@282d1023
14:52:59.410 [main] DEBUG org.apache.http.impl.conn.BasicClientConnectionManager -- Connection can be kept alive indefinitely
14:52:59.410 [main] DEBUG net.thucydides.core.steps.StepInterceptor -- STEP DONE: I POST HTTP request with valid data
  &amp#27;[32mWhen &amp#27;[0m&amp#27;[32mI POST HTTP request with valid data&amp#27;[0m                      &amp#27;[90m# starter.stepdefinition.ProductSteps.postHTTPrequestUrl()&amp#27;[0m
14:52:59.412 [main] DEBUG net.thucydides.core.steps.StepInterceptor -- STARTING STEP: ProductSteps.validBody - I receive valid data for new product
14:52:59.418 [main] DEBUG net.thucydides.core.steps.StepInterceptor -- STEP DONE: I receive valid data for new product
  &amp#27;[32mAnd &amp#27;[0m&amp#27;[32mI receive valid data for new product&amp#27;[0m                      &amp#27;[90m# starter.stepdefinition.ProductSteps.validBody()&amp#27;[0m
14:52:59.420 [main] DEBUG net.thucydides.core.steps.StepInterceptor -- STARTING STEP: ProductSteps.responsePost200 - I receive valid HTTP response code 200
14:52:59.421 [main] DEBUG net.thucydides.core.steps.StepInterceptor -- STEP DONE: I receive valid HTTP response code 200
  &amp#27;[32mThen &amp#27;[0m&amp#27;[32mI receive valid HTTP response 200&amp#27;[0m                        &amp#27;[90m# starter.stepdefinition.ProductSteps.responsePost200()&amp#27;[0m
14:52:59.421 [main] INFO  -- 
  _____   ___   ___   _____     ___     _     ___   ___   ___   ___  
 |_   _| | __| / __| |_   _|   | _ \   /_\   / __| / __| | __| |   \ 
   | |   | _|  \__ \   | |     |  _/  / _ \  \__ \ \__ \ | _|  | |) |
   |_|   |___| |___/   |_|     |_|   /_/ \_\ |___/ |___/ |___| |___/ 

[Positive] - PRODUCT_POST new product with valid data
----------------------------------------------------------------------
]]></system-out>
  </testcase>
  <testcase name="[Negative] - PRODUCT_POST new product with invalid data" classname="Product" time="0.759">
    <system-out><![CDATA[
Scenario: [Negative] - PRODUCT_POST new product with invalid data &amp#27;[90m# src/test/resources/Product.feature:73&amp#27;[0m
14:52:59.426 [main] INFO io.cucumber.core.plugin.SerenityReporter -- Running feature from file:///D:/SEMESTER%205/All%20Section/Section%203%20-%20Code%20Competence/Code%20Competence%20KM%20QA%202/Weekly2/src/test/resources/Product.feature
14:52:59.426 [main] WARN io.cucumber.core.plugin.SerenityReporter -- Feature from file:///D:/SEMESTER%205/All%20Section/Section%203%20-%20Code%20Competence/Code%20Competence%20KM%20QA%202/Weekly2/src/test/resources/Product.feature is not under the 'features' directory. Requirements report will not be correctly generated!
14:52:59.427 [main] INFO  -- 
  _____   ___   ___   _____     ___   _____     _     ___   _____   ___   ___  
 |_   _| | __| / __| |_   _|   / __| |_   _|   /_\   | _ \ |_   _| | __| |   \ 
   | |   | _|  \__ \   | |     \__ \   | |    / _ \  |   /   | |   | _|  | |) |
   |_|   |___| |___/   |_|     |___/   |_|   /_/ \_\ |_|_\   |_|   |___| |___/ 

[Negative] - PRODUCT_POST new product with invalid data(product;[negative]---product-post-new-product-with-invalid-data)
--------------------------------------------------------------------------------
14:52:59.432 [Finalizer] DEBUG org.apache.http.impl.conn.DefaultClientConnection -- Connection 0.0.0.0:51007<->104.21.87.105:443 closed
14:52:59.432 [Finalizer] DEBUG org.apache.http.impl.conn.DefaultClientConnection -- Connection 0.0.0.0:51006<->104.21.87.105:443 closed
14:52:59.433 [Finalizer] DEBUG org.apache.http.impl.conn.DefaultClientConnection -- Connection 0.0.0.0:51005<->104.21.87.105:443 closed
14:52:59.433 [Finalizer] DEBUG org.apache.http.impl.conn.DefaultClientConnection -- Connection 0.0.0.0:51004<->104.21.87.105:443 closed
14:52:59.436 [main] DEBUG net.thucydides.core.steps.StepInterceptor -- STARTING STEP: ProductSteps.setPostApiEndpoint - I POST the API product endpoints
14:52:59.436 [main] DEBUG net.thucydides.core.steps.StepInterceptor -- STEP DONE: I POST the API product endpoints
  &amp#27;[32mGiven &amp#27;[0m&amp#27;[32mI POST the API product endpoints&amp#27;[0m                          &amp#27;[90m# starter.stepdefinition.ProductSteps.setPostApiEndpoint()&amp#27;[0m
14:52:59.437 [main] DEBUG net.thucydides.core.steps.StepInterceptor -- STARTING STEP: ProductSteps.postWrongHttpRequest - I POST wrong HTTP request with valid data
14:52:59.438 [main] DEBUG net.thucydides.core.steps.StepInterceptor -- STARTING STEP: Product.postWrongHttpRequest - I POST the API product endpoints
14:52:59.438 [main] DEBUG net.thucydides.core.steps.StepInterceptor -- STEP DONE: I POST the API product endpoints
14:52:59.442 [main] DEBUG org.apache.http.impl.conn.BasicClientConnectionManager -- Get connection for route {s}->https://fakestoreapi.com:443
14:52:59.442 [main] DEBUG org.apache.http.impl.conn.DefaultClientConnectionOperator -- Connecting to fakestoreapi.com:443
14:52:59.497 [main] DEBUG org.apache.http.client.protocol.RequestAddCookies -- CookieSpec selected: ignoreCookies
14:52:59.497 [main] DEBUG org.apache.http.client.protocol.RequestAuthCache -- Auth cache not set in the context
14:52:59.497 [main] DEBUG org.apache.http.client.protocol.RequestTargetAuthentication -- Target auth state: UNCHALLENGED
14:52:59.497 [main] DEBUG org.apache.http.client.protocol.RequestProxyAuthentication -- Proxy auth state: UNCHALLENGED
14:52:59.497 [main] DEBUG org.apache.http.impl.client.DefaultHttpClient -- Attempt 1 to execute request
14:52:59.497 [main] DEBUG org.apache.http.impl.conn.DefaultClientConnection -- Sending request: POST /barang HTTP/1.1
14:52:59.497 [main] DEBUG org.apache.http.wire --  >> "POST /barang HTTP/1.1[\r][\n]"
14:52:59.497 [main] DEBUG org.apache.http.wire --  >> "Accept: */*[\r][\n]"
14:52:59.497 [main] DEBUG org.apache.http.wire --  >> "Content-Type: application/json[\r][\n]"
14:52:59.497 [main] DEBUG org.apache.http.wire --  >> "Content-Length: 129[\r][\n]"
14:52:59.497 [main] DEBUG org.apache.http.wire --  >> "Host: fakestoreapi.com[\r][\n]"
14:52:59.497 [main] DEBUG org.apache.http.wire --  >> "Connection: Keep-Alive[\r][\n]"
14:52:59.497 [main] DEBUG org.apache.http.wire --  >> "User-Agent: Apache-HttpClient/4.5.13 (Java/17.0.8)[\r][\n]"
14:52:59.497 [main] DEBUG org.apache.http.wire --  >> "Accept-Encoding: gzip,deflate[\r][\n]"
14:52:59.497 [main] DEBUG org.apache.http.wire --  >> "[\r][\n]"
14:52:59.497 [main] DEBUG org.apache.http.headers -- >> POST /barang HTTP/1.1
14:52:59.497 [main] DEBUG org.apache.http.headers -- >> Accept: */*
14:52:59.497 [main] DEBUG org.apache.http.headers -- >> Content-Type: application/json
14:52:59.497 [main] DEBUG org.apache.http.headers -- >> Content-Length: 129
14:52:59.497 [main] DEBUG org.apache.http.headers -- >> Host: fakestoreapi.com
14:52:59.497 [main] DEBUG org.apache.http.headers -- >> Connection: Keep-Alive
14:52:59.497 [main] DEBUG org.apache.http.headers -- >> User-Agent: Apache-HttpClient/4.5.13 (Java/17.0.8)
14:52:59.497 [main] DEBUG org.apache.http.headers -- >> Accept-Encoding: gzip,deflate
14:52:59.497 [main] DEBUG org.apache.http.wire --  >> "{"image":"https:\/\/i.pravatar.cc","price":"13.5","description":"lorem ipsum set","title":"test product","category":"eceltronic"}"
14:53:00.175 [main] DEBUG org.apache.http.wire --  << "HTTP/1.1 404 Not Found[\r][\n]"
14:53:00.175 [main] DEBUG org.apache.http.wire --  << "Date: Fri, 06 Oct 2023 07:53:01 GMT[\r][\n]"
14:53:00.175 [main] DEBUG org.apache.http.wire --  << "Content-Type: text/html; charset=utf-8[\r][\n]"
14:53:00.175 [main] DEBUG org.apache.http.wire --  << "Transfer-Encoding: chunked[\r][\n]"
14:53:00.175 [main] DEBUG org.apache.http.wire --  << "Connection: keep-alive[\r][\n]"
14:53:00.175 [main] DEBUG org.apache.http.wire --  << "Access-Control-Allow-Origin: *[\r][\n]"
14:53:00.175 [main] DEBUG org.apache.http.wire --  << "Content-Security-Policy: default-src 'none'[\r][\n]"
14:53:00.175 [main] DEBUG org.apache.http.wire --  << "X-Content-Type-Options: nosniff[\r][\n]"
14:53:00.175 [main] DEBUG org.apache.http.wire --  << "X-Powered-By: Express[\r][\n]"
14:53:00.175 [main] DEBUG org.apache.http.wire --  << "CF-Cache-Status: DYNAMIC[\r][\n]"
14:53:00.175 [main] DEBUG org.apache.http.wire --  << "Report-To: {"endpoints":[{"url":"https:\/\/a.nel.cloudflare.com\/report\/v3?s=Uw6lvWQPBQ6x9wRTBZCvj1y7xHb%2Bb5VGhLZJ%2BlCQSV8VOgC9l8oMaf12vux0mZSyvP2NeHl6TDnEJRoU3O6p3UnOcsFllKlr9RuB%2FiNYXQxeYOjpWHmaWNEw1Kz9FR%2FU3NHG"}],"group":"cf-nel","max_age":604800}[\r][\n]"
14:53:00.175 [main] DEBUG org.apache.http.wire --  << "NEL: {"success_fraction":0,"report_to":"cf-nel","max_age":604800}[\r][\n]"
14:53:00.175 [main] DEBUG org.apache.http.wire --  << "Server: cloudflare[\r][\n]"
14:53:00.175 [main] DEBUG org.apache.http.wire --  << "CF-RAY: 811c54028e1b4d39-SIN[\r][\n]"
14:53:00.175 [main] DEBUG org.apache.http.wire --  << "Content-Encoding: gzip[\r][\n]"
14:53:00.175 [main] DEBUG org.apache.http.wire --  << "alt-svc: h3=":443"; ma=86400[\r][\n]"
14:53:00.175 [main] DEBUG org.apache.http.wire --  << "[\r][\n]"
14:53:00.175 [main] DEBUG org.apache.http.impl.conn.DefaultClientConnection -- Receiving response: HTTP/1.1 404 Not Found
14:53:00.175 [main] DEBUG org.apache.http.headers -- << HTTP/1.1 404 Not Found
14:53:00.175 [main] DEBUG org.apache.http.headers -- << Date: Fri, 06 Oct 2023 07:53:01 GMT
14:53:00.175 [main] DEBUG org.apache.http.headers -- << Content-Type: text/html; charset=utf-8
14:53:00.175 [main] DEBUG org.apache.http.headers -- << Transfer-Encoding: chunked
14:53:00.175 [main] DEBUG org.apache.http.headers -- << Connection: keep-alive
14:53:00.175 [main] DEBUG org.apache.http.headers -- << Access-Control-Allow-Origin: *
14:53:00.175 [main] DEBUG org.apache.http.headers -- << Content-Security-Policy: default-src 'none'
14:53:00.175 [main] DEBUG org.apache.http.headers -- << X-Content-Type-Options: nosniff
14:53:00.175 [main] DEBUG org.apache.http.headers -- << X-Powered-By: Express
14:53:00.175 [main] DEBUG org.apache.http.headers -- << CF-Cache-Status: DYNAMIC
14:53:00.175 [main] DEBUG org.apache.http.headers -- << Report-To: {"endpoints":[{"url":"https:\/\/a.nel.cloudflare.com\/report\/v3?s=Uw6lvWQPBQ6x9wRTBZCvj1y7xHb%2Bb5VGhLZJ%2BlCQSV8VOgC9l8oMaf12vux0mZSyvP2NeHl6TDnEJRoU3O6p3UnOcsFllKlr9RuB%2FiNYXQxeYOjpWHmaWNEw1Kz9FR%2FU3NHG"}],"group":"cf-nel","max_age":604800}
14:53:00.175 [main] DEBUG org.apache.http.headers -- << NEL: {"success_fraction":0,"report_to":"cf-nel","max_age":604800}
14:53:00.175 [main] DEBUG org.apache.http.headers -- << Server: cloudflare
14:53:00.175 [main] DEBUG org.apache.http.headers -- << CF-RAY: 811c54028e1b4d39-SIN
14:53:00.175 [main] DEBUG org.apache.http.headers -- << Content-Encoding: gzip
14:53:00.175 [main] DEBUG org.apache.http.headers -- << alt-svc: h3=":443"; ma=86400
14:53:00.175 [main] DEBUG org.apache.http.impl.client.DefaultHttpClient -- Connection can be kept alive indefinitely
14:53:00.175 [main] DEBUG io.restassured.internal.RestAssuredHttpBuilder -- Parsing response as: text/html; charset=utf-8
14:53:00.175 [main] DEBUG org.apache.http.wire --  << "8f[\r][\n]"
14:53:00.175 [main] DEBUG org.apache.http.wire --  << "[0x1f][0x8b][0x8][0x0][0x0][0x0][0x0][0x0][0x0][0x3],[0x8e][0xb1][0xe][0xc2]0[0xc]D[0xf7]|[0x85][0xc9][0x8e][0xbc]2[0xb8]YJ[0xe7]V[0xa2][0xb][0xa3]KM[0x8b][0x94]:[0xc8][0x98][0x81][0xbf]G[0x81]N[0xa7][0xbb]w'[0x1d][0x1d][0xce]};^[0x87][0xe]V[0xdf]r[\n]"
14:53:00.175 [main] DEBUG org.apache.http.wire --  << "T[0x5]2[0xeb][0xd2]D[0xd1]X[0x3][0xe1]9[0x5][0xda][0xc4][0x19]n+[0xdb]K[0xbc][0x89]o[0xbf][0x1f]O[0x95][0xfa][0xc3][0xb3][0xa4][0xce][0xac][0x18][0xe1][0xdf][0x4][0xc2]}3[0x95][0xf9][0x93][0x2]=MR[0xcb][0xaa][0xc5]a[0xe8]/#[0xe0][0xc4][0xc6][0xba][0x10]V[0x10][0x8][0xf7][0x1a][0xfe][0x1e]|[0x1][0x0][0x0][0xff][0xff][0xe3][0x2][0x0][0xfc][0xa7]"[\n]"
14:53:00.175 [main] DEBUG org.apache.http.wire --  << "[0x92][0x0][0x0][0x0]"
14:53:00.175 [main] DEBUG org.apache.http.wire --  << "[\r][\n]"
14:53:00.175 [main] DEBUG org.apache.http.wire --  << "0[\r][\n]"
14:53:00.175 [main] DEBUG org.apache.http.wire --  << "[\r][\n]"
14:53:00.175 [main] DEBUG io.restassured.internal.RestAssuredHttpBuilder -- Parsed data to instance of: class org.apache.http.conn.EofSensorInputStream
14:53:00.176 [main] DEBUG org.apache.http.impl.conn.BasicClientConnectionManager -- Releasing connection org.apache.http.impl.conn.ManagedClientConnectionImpl@6dc98c02
14:53:00.176 [main] DEBUG org.apache.http.impl.conn.BasicClientConnectionManager -- Connection can be kept alive indefinitely
14:53:00.178 [main] DEBUG net.thucydides.core.steps.StepInterceptor -- STEP DONE: I POST wrong HTTP request with valid data
  &amp#27;[32mWhen &amp#27;[0m&amp#27;[32mI POST wrong HTTP request with valid data&amp#27;[0m                  &amp#27;[90m# starter.stepdefinition.ProductSteps.postWrongHttpRequest()&amp#27;[0m
14:53:00.179 [main] DEBUG net.thucydides.core.steps.StepInterceptor -- STARTING STEP: ProductSteps.validResponsePost404 - I receive invalid response code 404
14:53:00.179 [main] DEBUG net.thucydides.core.steps.StepInterceptor -- STEP DONE: I receive invalid response code 404
  &amp#27;[32mThen &amp#27;[0m&amp#27;[32mI receive invalid response code 404&amp#27;[0m                        &amp#27;[90m# starter.stepdefinition.ProductSteps.validResponsePost404()&amp#27;[0m
14:53:00.181 [main] INFO  -- 
  _____   ___   ___   _____     ___     _     ___   ___   ___   ___  
 |_   _| | __| / __| |_   _|   | _ \   /_\   / __| / __| | __| |   \ 
   | |   | _|  \__ \   | |     |  _/  / _ \  \__ \ \__ \ | _|  | |) |
   |_|   |___| |___/   |_|     |_|   /_/ \_\ |___/ |___/ |___| |___/ 

[Negative] - PRODUCT_POST new product with invalid data
----------------------------------------------------------------------
]]></system-out>
  </testcase>
  <testcase name="[Positive] - PRODUCT_PUT existing product with valid endpoints" classname="Product" time="0.457">
    <system-out><![CDATA[
Scenario: [Positive] - PRODUCT_PUT existing product with valid endpoints &amp#27;[90m# src/test/resources/Product.feature:78&amp#27;[0m
14:53:00.185 [main] INFO io.cucumber.core.plugin.SerenityReporter -- Running feature from file:///D:/SEMESTER%205/All%20Section/Section%203%20-%20Code%20Competence/Code%20Competence%20KM%20QA%202/Weekly2/src/test/resources/Product.feature
14:53:00.185 [main] WARN io.cucumber.core.plugin.SerenityReporter -- Feature from file:///D:/SEMESTER%205/All%20Section/Section%203%20-%20Code%20Competence/Code%20Competence%20KM%20QA%202/Weekly2/src/test/resources/Product.feature is not under the 'features' directory. Requirements report will not be correctly generated!
14:53:00.186 [main] INFO  -- 
  _____   ___   ___   _____     ___   _____     _     ___   _____   ___   ___  
 |_   _| | __| / __| |_   _|   / __| |_   _|   /_\   | _ \ |_   _| | __| |   \ 
   | |   | _|  \__ \   | |     \__ \   | |    / _ \  |   /   | |   | _|  | |) |
   |_|   |___| |___/   |_|     |___/   |_|   /_/ \_\ |_|_\   |_|   |___| |___/ 

[Positive] - PRODUCT_PUT existing product with valid endpoints(product;[positive]---product-put-existing-product-with-valid-endpoints)
--------------------------------------------------------------------------------
14:53:00.191 [main] DEBUG net.thucydides.core.steps.StepInterceptor -- STARTING STEP: ProductSteps.setPutApiEndpoint - I PUT API with valid endpoints
14:53:00.191 [main] DEBUG net.thucydides.core.steps.StepInterceptor -- STEP DONE: I PUT API with valid endpoints
  &amp#27;[32mGiven &amp#27;[0m&amp#27;[32mI PUT API with valid endpoints&amp#27;[0m                                   &amp#27;[90m# starter.stepdefinition.ProductSteps.setPutApiEndpoint()&amp#27;[0m
14:53:00.192 [main] DEBUG net.thucydides.core.steps.StepInterceptor -- STARTING STEP: ProductSteps.putHTTPValidRequest - I PUT HTTP request with valid endpoints
14:53:00.193 [main] DEBUG net.thucydides.core.steps.StepInterceptor -- STARTING STEP: Product.putHTTPValidRequest - I PUT API with valid endpoints
14:53:00.193 [main] DEBUG net.thucydides.core.steps.StepInterceptor -- STEP DONE: I PUT API with valid endpoints
14:53:00.197 [main] DEBUG org.apache.http.impl.conn.BasicClientConnectionManager -- Get connection for route {s}->https://fakestoreapi.com:443
14:53:00.197 [main] DEBUG org.apache.http.impl.conn.DefaultClientConnectionOperator -- Connecting to fakestoreapi.com:443
14:53:00.254 [main] DEBUG org.apache.http.client.protocol.RequestAddCookies -- CookieSpec selected: ignoreCookies
14:53:00.254 [main] DEBUG org.apache.http.client.protocol.RequestAuthCache -- Auth cache not set in the context
14:53:00.254 [main] DEBUG org.apache.http.client.protocol.RequestTargetAuthentication -- Target auth state: UNCHALLENGED
14:53:00.254 [main] DEBUG org.apache.http.client.protocol.RequestProxyAuthentication -- Proxy auth state: UNCHALLENGED
14:53:00.254 [main] DEBUG org.apache.http.impl.client.DefaultHttpClient -- Attempt 1 to execute request
14:53:00.254 [main] DEBUG org.apache.http.impl.conn.DefaultClientConnection -- Sending request: PUT /products/7 HTTP/1.1
14:53:00.254 [main] DEBUG org.apache.http.wire --  >> "PUT /products/7 HTTP/1.1[\r][\n]"
14:53:00.254 [main] DEBUG org.apache.http.wire --  >> "Accept: */*[\r][\n]"
14:53:00.254 [main] DEBUG org.apache.http.wire --  >> "Content-Type: application/json[\r][\n]"
14:53:00.254 [main] DEBUG org.apache.http.wire --  >> "Content-Length: 129[\r][\n]"
14:53:00.254 [main] DEBUG org.apache.http.wire --  >> "Host: fakestoreapi.com[\r][\n]"
14:53:00.254 [main] DEBUG org.apache.http.wire --  >> "Connection: Keep-Alive[\r][\n]"
14:53:00.254 [main] DEBUG org.apache.http.wire --  >> "User-Agent: Apache-HttpClient/4.5.13 (Java/17.0.8)[\r][\n]"
14:53:00.254 [main] DEBUG org.apache.http.wire --  >> "Accept-Encoding: gzip,deflate[\r][\n]"
14:53:00.254 [main] DEBUG org.apache.http.wire --  >> "[\r][\n]"
14:53:00.254 [main] DEBUG org.apache.http.headers -- >> PUT /products/7 HTTP/1.1
14:53:00.254 [main] DEBUG org.apache.http.headers -- >> Accept: */*
14:53:00.254 [main] DEBUG org.apache.http.headers -- >> Content-Type: application/json
14:53:00.254 [main] DEBUG org.apache.http.headers -- >> Content-Length: 129
14:53:00.254 [main] DEBUG org.apache.http.headers -- >> Host: fakestoreapi.com
14:53:00.254 [main] DEBUG org.apache.http.headers -- >> Connection: Keep-Alive
14:53:00.254 [main] DEBUG org.apache.http.headers -- >> User-Agent: Apache-HttpClient/4.5.13 (Java/17.0.8)
14:53:00.254 [main] DEBUG org.apache.http.headers -- >> Accept-Encoding: gzip,deflate
14:53:00.254 [main] DEBUG org.apache.http.wire --  >> "{"image":"https:\/\/i.pravatar.cc","price":"13.5","description":"lorem ipsum set","title":"test product","category":"eceltronic"}"
14:53:00.625 [main] DEBUG org.apache.http.wire --  << "HTTP/1.1 200 OK[\r][\n]"
14:53:00.625 [main] DEBUG org.apache.http.wire --  << "Date: Fri, 06 Oct 2023 07:53:01 GMT[\r][\n]"
14:53:00.625 [main] DEBUG org.apache.http.wire --  << "Content-Type: application/json; charset=utf-8[\r][\n]"
14:53:00.625 [main] DEBUG org.apache.http.wire --  << "Transfer-Encoding: chunked[\r][\n]"
14:53:00.625 [main] DEBUG org.apache.http.wire --  << "Connection: keep-alive[\r][\n]"
14:53:00.625 [main] DEBUG org.apache.http.wire --  << "Access-Control-Allow-Origin: *[\r][\n]"
14:53:00.625 [main] DEBUG org.apache.http.wire --  << "Etag: W/"86-sMTBouca2BNgrEAB4CRhP9pJA3k"[\r][\n]"
14:53:00.625 [main] DEBUG org.apache.http.wire --  << "X-Powered-By: Express[\r][\n]"
14:53:00.625 [main] DEBUG org.apache.http.wire --  << "CF-Cache-Status: DYNAMIC[\r][\n]"
14:53:00.625 [main] DEBUG org.apache.http.wire --  << "Report-To: {"endpoints":[{"url":"https:\/\/a.nel.cloudflare.com\/report\/v3?s=yh0iPkrp0e0Ye1QzSz97PnEz1t16wyDNttJk4gc0tpHPqNTTwo2pM3tl89Vbno2gj5h9C1KTHHiRHRXDMv9H5RM9sYsN4vQeMlk1I79OQYsLHGuzellcsLpNUreFs2wJ1G4X"}],"group":"cf-nel","max_age":604800}[\r][\n]"
14:53:00.625 [main] DEBUG org.apache.http.wire --  << "NEL: {"success_fraction":0,"report_to":"cf-nel","max_age":604800}[\r][\n]"
14:53:00.625 [main] DEBUG org.apache.http.wire --  << "Server: cloudflare[\r][\n]"
14:53:00.625 [main] DEBUG org.apache.http.wire --  << "CF-RAY: 811c540748653e1f-SIN[\r][\n]"
14:53:00.625 [main] DEBUG org.apache.http.wire --  << "Content-Encoding: gzip[\r][\n]"
14:53:00.625 [main] DEBUG org.apache.http.wire --  << "alt-svc: h3=":443"; ma=86400[\r][\n]"
14:53:00.625 [main] DEBUG org.apache.http.wire --  << "[\r][\n]"
14:53:00.625 [main] DEBUG org.apache.http.impl.conn.DefaultClientConnection -- Receiving response: HTTP/1.1 200 OK
14:53:00.625 [main] DEBUG org.apache.http.headers -- << HTTP/1.1 200 OK
14:53:00.625 [main] DEBUG org.apache.http.headers -- << Date: Fri, 06 Oct 2023 07:53:01 GMT
14:53:00.625 [main] DEBUG org.apache.http.headers -- << Content-Type: application/json; charset=utf-8
14:53:00.625 [main] DEBUG org.apache.http.headers -- << Transfer-Encoding: chunked
14:53:00.625 [main] DEBUG org.apache.http.headers -- << Connection: keep-alive
14:53:00.625 [main] DEBUG org.apache.http.headers -- << Access-Control-Allow-Origin: *
14:53:00.625 [main] DEBUG org.apache.http.headers -- << Etag: W/"86-sMTBouca2BNgrEAB4CRhP9pJA3k"
14:53:00.625 [main] DEBUG org.apache.http.headers -- << X-Powered-By: Express
14:53:00.625 [main] DEBUG org.apache.http.headers -- << CF-Cache-Status: DYNAMIC
14:53:00.625 [main] DEBUG org.apache.http.headers -- << Report-To: {"endpoints":[{"url":"https:\/\/a.nel.cloudflare.com\/report\/v3?s=yh0iPkrp0e0Ye1QzSz97PnEz1t16wyDNttJk4gc0tpHPqNTTwo2pM3tl89Vbno2gj5h9C1KTHHiRHRXDMv9H5RM9sYsN4vQeMlk1I79OQYsLHGuzellcsLpNUreFs2wJ1G4X"}],"group":"cf-nel","max_age":604800}
14:53:00.625 [main] DEBUG org.apache.http.headers -- << NEL: {"success_fraction":0,"report_to":"cf-nel","max_age":604800}
14:53:00.625 [main] DEBUG org.apache.http.headers -- << Server: cloudflare
14:53:00.625 [main] DEBUG org.apache.http.headers -- << CF-RAY: 811c540748653e1f-SIN
14:53:00.625 [main] DEBUG org.apache.http.headers -- << Content-Encoding: gzip
14:53:00.625 [main] DEBUG org.apache.http.headers -- << alt-svc: h3=":443"; ma=86400
14:53:00.625 [main] DEBUG org.apache.http.impl.client.DefaultHttpClient -- Connection can be kept alive indefinitely
14:53:00.625 [main] DEBUG io.restassured.internal.RestAssuredHttpBuilder -- Parsing response as: application/json; charset=utf-8
14:53:00.625 [main] DEBUG org.apache.http.wire --  << "83[\r][\n]"
14:53:00.625 [main] DEBUG org.apache.http.wire --  << "[0x1f][0x8b][0x8][0x0][0x0][0x0][0x0][0x0][0x0][0x3][0x14][0xca][0xd1][\n]"
14:53:00.625 [main] DEBUG org.apache.http.wire --  << "[0xc3] [0xc][0x5][0xd0]_[0x91][0xfb],[0x96]1F[0xc1][0xbf][0x91][0x18][0xba][0x80][0xd6][0x10][0xd3][0xc2][0x18][0xfb][0xf7][0xe1][0xeb][0xe1]|![0x15]y[0x8f]p[0xf1][0xc6][0xc8]p[0x9e][0x1e][0xd4]F[0xbd][0xc8][0x11][0xa1]&[0xb4][0xf8][0xf1]L/DT[0x9e]d[0xa2].[0xe3]DF[0x1b][0xc6]=[0x88][0xce][0xab][0x87][0xc9][0xab]K/[0xc7][0xea]ow[0x9d]y[0xdb]$[0xa9][0x95][0xbb]x[0xb1]D[0x84][0x8]*[0xce][0xc7][0xb0][0xf]2[0x98][0xb8][0xb9][0x8d]S[0x8][0xbf]?[0x0][0x0][0x0][0xff][0xff][0x3][0x0][0xfe]i[0xd5]6[0x86][0x0][0x0][0x0]"
14:53:00.625 [main] DEBUG org.apache.http.wire --  << "[\r][\n]"
14:53:00.625 [main] DEBUG org.apache.http.wire --  << "0[\r][\n]"
14:53:00.625 [main] DEBUG org.apache.http.wire --  << "[\r][\n]"
14:53:00.625 [main] DEBUG io.restassured.internal.RestAssuredHttpBuilder -- Parsed data to instance of: class org.apache.http.conn.EofSensorInputStream
14:53:00.626 [main] DEBUG org.apache.http.impl.conn.BasicClientConnectionManager -- Releasing connection org.apache.http.impl.conn.ManagedClientConnectionImpl@6dae5562
14:53:00.626 [main] DEBUG org.apache.http.impl.conn.BasicClientConnectionManager -- Connection can be kept alive indefinitely
14:53:00.626 [main] DEBUG net.thucydides.core.steps.StepInterceptor -- STEP DONE: I PUT HTTP request with valid endpoints
  &amp#27;[32mWhen &amp#27;[0m&amp#27;[32mI PUT HTTP request with valid endpoints&amp#27;[0m                           &amp#27;[90m# starter.stepdefinition.ProductSteps.putHTTPValidRequest()&amp#27;[0m
14:53:00.628 [main] DEBUG net.thucydides.core.steps.StepInterceptor -- STARTING STEP: ProductSteps.receiveValidUpdateData - I receive valid data for updated product
14:53:00.635 [main] DEBUG net.thucydides.core.steps.StepInterceptor -- STEP DONE: I receive valid data for updated product
  &amp#27;[32mAnd &amp#27;[0m&amp#27;[32mI receive valid data for updated product&amp#27;[0m                           &amp#27;[90m# starter.stepdefinition.ProductSteps.receiveValidUpdateData()&amp#27;[0m
14:53:00.636 [main] DEBUG net.thucydides.core.steps.StepInterceptor -- STARTING STEP: ProductSteps.receiveValidProductPUTResponseCode200 - I receive valid PUT product response code 200
14:53:00.637 [main] DEBUG net.thucydides.core.steps.StepInterceptor -- STEP DONE: I receive valid PUT product response code 200
  &amp#27;[32mThen &amp#27;[0m&amp#27;[32mI receive valid PUT product response code 200&amp#27;[0m                     &amp#27;[90m# starter.stepdefinition.ProductSteps.receiveValidProductPUTResponseCode200()&amp#27;[0m
14:53:00.638 [main] INFO  -- 
  _____   ___   ___   _____     ___     _     ___   ___   ___   ___  
 |_   _| | __| / __| |_   _|   | _ \   /_\   / __| / __| | __| |   \ 
   | |   | _|  \__ \   | |     |  _/  / _ \  \__ \ \__ \ | _|  | |) |
   |_|   |___| |___/   |_|     |_|   /_/ \_\ |___/ |___/ |___| |___/ 

[Positive] - PRODUCT_PUT existing product with valid endpoints
----------------------------------------------------------------------
]]></system-out>
  </testcase>
  <testcase name="[Negative] - PRODUCT_PUT existing product with invalid endpoints" classname="Product" time="0.546">
    <system-out><![CDATA[
Scenario: [Negative] - PRODUCT_PUT existing product with invalid endpoints &amp#27;[90m# src/test/resources/Product.feature:84&amp#27;[0m
14:53:00.642 [main] INFO io.cucumber.core.plugin.SerenityReporter -- Running feature from file:///D:/SEMESTER%205/All%20Section/Section%203%20-%20Code%20Competence/Code%20Competence%20KM%20QA%202/Weekly2/src/test/resources/Product.feature
14:53:00.642 [main] WARN io.cucumber.core.plugin.SerenityReporter -- Feature from file:///D:/SEMESTER%205/All%20Section/Section%203%20-%20Code%20Competence/Code%20Competence%20KM%20QA%202/Weekly2/src/test/resources/Product.feature is not under the 'features' directory. Requirements report will not be correctly generated!
14:53:00.642 [main] INFO  -- 
  _____   ___   ___   _____     ___   _____     _     ___   _____   ___   ___  
 |_   _| | __| / __| |_   _|   / __| |_   _|   /_\   | _ \ |_   _| | __| |   \ 
   | |   | _|  \__ \   | |     \__ \   | |    / _ \  |   /   | |   | _|  | |) |
   |_|   |___| |___/   |_|     |___/   |_|   /_/ \_\ |_|_\   |_|   |___| |___/ 

[Negative] - PRODUCT_PUT existing product with invalid endpoints(product;[negative]---product-put-existing-product-with-invalid-endpoints)
--------------------------------------------------------------------------------
14:53:00.646 [main] DEBUG net.thucydides.core.steps.StepInterceptor -- STARTING STEP: ProductSteps.setPutInvalidEndpoint - I PUT API with invalid endpoints
14:53:00.646 [main] DEBUG net.thucydides.core.steps.StepInterceptor -- STEP DONE: I PUT API with invalid endpoints
  &amp#27;[32mGiven &amp#27;[0m&amp#27;[32mI PUT API with invalid endpoints&amp#27;[0m                                   &amp#27;[90m# starter.stepdefinition.ProductSteps.setPutInvalidEndpoint()&amp#27;[0m
14:53:00.647 [main] DEBUG net.thucydides.core.steps.StepInterceptor -- STARTING STEP: ProductSteps.putHTTPInvalidRequest - I PUT HTTP request with invalid endpoints
14:53:00.649 [main] DEBUG net.thucydides.core.steps.StepInterceptor -- STARTING STEP: Product.putHTTPInvalidRequest - I PUT API with invalid endpoints
14:53:00.649 [main] DEBUG net.thucydides.core.steps.StepInterceptor -- STEP DONE: I PUT API with invalid endpoints
14:53:00.653 [main] DEBUG org.apache.http.impl.conn.BasicClientConnectionManager -- Get connection for route {s}->https://fakestoreapi.com:443
14:53:00.653 [main] DEBUG org.apache.http.impl.conn.DefaultClientConnectionOperator -- Connecting to fakestoreapi.com:443
14:53:00.727 [main] DEBUG org.apache.http.client.protocol.RequestAddCookies -- CookieSpec selected: ignoreCookies
14:53:00.727 [main] DEBUG org.apache.http.client.protocol.RequestAuthCache -- Auth cache not set in the context
14:53:00.727 [main] DEBUG org.apache.http.client.protocol.RequestTargetAuthentication -- Target auth state: UNCHALLENGED
14:53:00.727 [main] DEBUG org.apache.http.client.protocol.RequestProxyAuthentication -- Proxy auth state: UNCHALLENGED
14:53:00.727 [main] DEBUG org.apache.http.impl.client.DefaultHttpClient -- Attempt 1 to execute request
14:53:00.727 [main] DEBUG org.apache.http.impl.conn.DefaultClientConnection -- Sending request: PUT /product/7 HTTP/1.1
14:53:00.727 [main] DEBUG org.apache.http.wire --  >> "PUT /product/7 HTTP/1.1[\r][\n]"
14:53:00.727 [main] DEBUG org.apache.http.wire --  >> "Accept: */*[\r][\n]"
14:53:00.727 [main] DEBUG org.apache.http.wire --  >> "Content-Type: application/json[\r][\n]"
14:53:00.727 [main] DEBUG org.apache.http.wire --  >> "Content-Length: 129[\r][\n]"
14:53:00.727 [main] DEBUG org.apache.http.wire --  >> "Host: fakestoreapi.com[\r][\n]"
14:53:00.727 [main] DEBUG org.apache.http.wire --  >> "Connection: Keep-Alive[\r][\n]"
14:53:00.727 [main] DEBUG org.apache.http.wire --  >> "User-Agent: Apache-HttpClient/4.5.13 (Java/17.0.8)[\r][\n]"
14:53:00.727 [main] DEBUG org.apache.http.wire --  >> "Accept-Encoding: gzip,deflate[\r][\n]"
14:53:00.727 [main] DEBUG org.apache.http.wire --  >> "[\r][\n]"
14:53:00.727 [main] DEBUG org.apache.http.headers -- >> PUT /product/7 HTTP/1.1
14:53:00.727 [main] DEBUG org.apache.http.headers -- >> Accept: */*
14:53:00.727 [main] DEBUG org.apache.http.headers -- >> Content-Type: application/json
14:53:00.727 [main] DEBUG org.apache.http.headers -- >> Content-Length: 129
14:53:00.727 [main] DEBUG org.apache.http.headers -- >> Host: fakestoreapi.com
14:53:00.727 [main] DEBUG org.apache.http.headers -- >> Connection: Keep-Alive
14:53:00.727 [main] DEBUG org.apache.http.headers -- >> User-Agent: Apache-HttpClient/4.5.13 (Java/17.0.8)
14:53:00.727 [main] DEBUG org.apache.http.headers -- >> Accept-Encoding: gzip,deflate
14:53:00.727 [main] DEBUG org.apache.http.wire --  >> "{"image":"https:\/\/i.pravatar.cc","price":"13.5","description":"lorem ipsum set","title":"test product","category":"eceltronic"}"
14:53:01.178 [main] DEBUG org.apache.http.wire --  << "HTTP/1.1 404 Not Found[\r][\n]"
14:53:01.178 [main] DEBUG org.apache.http.wire --  << "Date: Fri, 06 Oct 2023 07:53:02 GMT[\r][\n]"
14:53:01.178 [main] DEBUG org.apache.http.wire --  << "Content-Type: text/html; charset=utf-8[\r][\n]"
14:53:01.178 [main] DEBUG org.apache.http.wire --  << "Transfer-Encoding: chunked[\r][\n]"
14:53:01.178 [main] DEBUG org.apache.http.wire --  << "Connection: keep-alive[\r][\n]"
14:53:01.178 [main] DEBUG org.apache.http.wire --  << "Access-Control-Allow-Origin: *[\r][\n]"
14:53:01.178 [main] DEBUG org.apache.http.wire --  << "Content-Security-Policy: default-src 'none'[\r][\n]"
14:53:01.178 [main] DEBUG org.apache.http.wire --  << "X-Content-Type-Options: nosniff[\r][\n]"
14:53:01.178 [main] DEBUG org.apache.http.wire --  << "X-Powered-By: Express[\r][\n]"
14:53:01.178 [main] DEBUG org.apache.http.wire --  << "CF-Cache-Status: DYNAMIC[\r][\n]"
14:53:01.178 [main] DEBUG org.apache.http.wire --  << "Report-To: {"endpoints":[{"url":"https:\/\/a.nel.cloudflare.com\/report\/v3?s=bVUnX%2Fgun2YUeCp1OpNytysJk1SSCJ%2FVbvnMdbe9MzYkvEktlFlWazUCwFwgAXxevuDVXGGDKlPy%2FnZV8FHQj2FLALOuP%2Fa9%2B770kxwShk%2BYZH4%2BzN3bkkY382IyJ%2B6ySrcF"}],"group":"cf-nel","max_age":604800}[\r][\n]"
14:53:01.178 [main] DEBUG org.apache.http.wire --  << "NEL: {"success_fraction":0,"report_to":"cf-nel","max_age":604800}[\r][\n]"
14:53:01.178 [main] DEBUG org.apache.http.wire --  << "Server: cloudflare[\r][\n]"
14:53:01.178 [main] DEBUG org.apache.http.wire --  << "CF-RAY: 811c540a3f324106-SIN[\r][\n]"
14:53:01.178 [main] DEBUG org.apache.http.wire --  << "Content-Encoding: gzip[\r][\n]"
14:53:01.178 [main] DEBUG org.apache.http.wire --  << "alt-svc: h3=":443"; ma=86400[\r][\n]"
14:53:01.178 [main] DEBUG org.apache.http.wire --  << "[\r][\n]"
14:53:01.178 [main] DEBUG org.apache.http.impl.conn.DefaultClientConnection -- Receiving response: HTTP/1.1 404 Not Found
14:53:01.178 [main] DEBUG org.apache.http.headers -- << HTTP/1.1 404 Not Found
14:53:01.178 [main] DEBUG org.apache.http.headers -- << Date: Fri, 06 Oct 2023 07:53:02 GMT
14:53:01.178 [main] DEBUG org.apache.http.headers -- << Content-Type: text/html; charset=utf-8
14:53:01.178 [main] DEBUG org.apache.http.headers -- << Transfer-Encoding: chunked
14:53:01.178 [main] DEBUG org.apache.http.headers -- << Connection: keep-alive
14:53:01.178 [main] DEBUG org.apache.http.headers -- << Access-Control-Allow-Origin: *
14:53:01.178 [main] DEBUG org.apache.http.headers -- << Content-Security-Policy: default-src 'none'
14:53:01.178 [main] DEBUG org.apache.http.headers -- << X-Content-Type-Options: nosniff
14:53:01.178 [main] DEBUG org.apache.http.headers -- << X-Powered-By: Express
14:53:01.178 [main] DEBUG org.apache.http.headers -- << CF-Cache-Status: DYNAMIC
14:53:01.178 [main] DEBUG org.apache.http.headers -- << Report-To: {"endpoints":[{"url":"https:\/\/a.nel.cloudflare.com\/report\/v3?s=bVUnX%2Fgun2YUeCp1OpNytysJk1SSCJ%2FVbvnMdbe9MzYkvEktlFlWazUCwFwgAXxevuDVXGGDKlPy%2FnZV8FHQj2FLALOuP%2Fa9%2B770kxwShk%2BYZH4%2BzN3bkkY382IyJ%2B6ySrcF"}],"group":"cf-nel","max_age":604800}
14:53:01.178 [main] DEBUG org.apache.http.headers -- << NEL: {"success_fraction":0,"report_to":"cf-nel","max_age":604800}
14:53:01.178 [main] DEBUG org.apache.http.headers -- << Server: cloudflare
14:53:01.178 [main] DEBUG org.apache.http.headers -- << CF-RAY: 811c540a3f324106-SIN
14:53:01.178 [main] DEBUG org.apache.http.headers -- << Content-Encoding: gzip
14:53:01.178 [main] DEBUG org.apache.http.headers -- << alt-svc: h3=":443"; ma=86400
14:53:01.178 [main] DEBUG org.apache.http.impl.client.DefaultHttpClient -- Connection can be kept alive indefinitely
14:53:01.178 [main] DEBUG io.restassured.internal.RestAssuredHttpBuilder -- Parsing response as: text/html; charset=utf-8
14:53:01.178 [main] DEBUG org.apache.http.wire --  << "86[\r][\n]"
14:53:01.178 [main] DEBUG org.apache.http.wire --  << "[0x1f][0x8b][0x8][0x0][0x0][0x0][0x0][0x0][0x0][0x3],[0x8e][0xb1][0xe][0xc2]0[0xc]D[0xf7]|[0x85][0xc9][0x8e]<[0xc2][0xe0]z)[0x9d][0xe9]P[0x6][0xc6][0xd0][0x18][0x8a][0x94]&[0x95][0xeb][0xe][0xfc]=[\n]"
14:53:01.178 [main] DEBUG org.apache.http.wire --  << "t:[0xdd][0xbd];[0xe9][0xe8]p[0xb9][0xb6][0xc3][0xbd][0xef]`[0xb2]9[0xb1][0xa3]*[0x90]B~5^[0xb2][0xaf][0x81][0x84][0xc8][0x8e]f[0xb1][0x0][0xe3][0x14]t[0x15]k[0xfc]f[0xcf][0xe3][0xb9]R{[[0x12][0xee]T[0x8b][0x12][0xfe][0x8d]#[0xdc]7[0x8f][0x12]?[0xec]hQ[0xe1]6[0xe4]\[0xc][0xfa][0xdb][0x0][0xb8]h[0x89][0xdb]hx"[0xac][0xc8][0x11][0xee]E[0xfc]}[0xf8][0x2][0x0][0x0][0xff][0xff]"
14:53:01.178 [main] DEBUG org.apache.http.wire --  << "[\r][\n]"
14:53:01.178 [main] DEBUG org.apache.http.wire --  << "b[\r][\n]"
14:53:01.178 [main] DEBUG org.apache.http.wire --  << "[0xe3][0x2][0x0][0x90][0x86][0xf8]S[0x94][0x0][0x0][0x0]"
14:53:01.178 [main] DEBUG org.apache.http.wire --  << "[\r][\n]"
14:53:01.178 [main] DEBUG org.apache.http.wire --  << "0[\r][\n]"
14:53:01.178 [main] DEBUG org.apache.http.wire --  << "[\r][\n]"
14:53:01.178 [main] DEBUG io.restassured.internal.RestAssuredHttpBuilder -- Parsed data to instance of: class org.apache.http.conn.EofSensorInputStream
14:53:01.179 [main] DEBUG org.apache.http.impl.conn.BasicClientConnectionManager -- Releasing connection org.apache.http.impl.conn.ManagedClientConnectionImpl@331fe6d4
14:53:01.179 [main] DEBUG org.apache.http.impl.conn.BasicClientConnectionManager -- Connection can be kept alive indefinitely
14:53:01.180 [main] DEBUG net.thucydides.core.steps.StepInterceptor -- STEP DONE: I PUT HTTP request with invalid endpoints
  &amp#27;[32mWhen &amp#27;[0m&amp#27;[32mI PUT HTTP request with invalid endpoints&amp#27;[0m                           &amp#27;[90m# starter.stepdefinition.ProductSteps.putHTTPInvalidRequest()&amp#27;[0m
14:53:01.181 [main] DEBUG net.thucydides.core.steps.StepInterceptor -- STARTING STEP: ProductSteps.receiveInvalidUpdatedProduct - I receive invalid data for updated product
14:53:01.182 [main] DEBUG net.thucydides.core.steps.StepInterceptor -- STEP DONE: I receive invalid data for updated product
  &amp#27;[32mAnd &amp#27;[0m&amp#27;[32mI receive invalid data for updated product&amp#27;[0m                           &amp#27;[90m# starter.stepdefinition.ProductSteps.receiveInvalidUpdatedProduct()&amp#27;[0m
14:53:01.183 [main] DEBUG net.thucydides.core.steps.StepInterceptor -- STARTING STEP: ProductSteps.receiveInvalidPUTResponseCode404 - I receive invalid PUT response 404
14:53:01.183 [main] DEBUG net.thucydides.core.steps.StepInterceptor -- STEP DONE: I receive invalid PUT response 404
  &amp#27;[32mThen &amp#27;[0m&amp#27;[32mI receive invalid PUT response 404&amp#27;[0m                                  &amp#27;[90m# starter.stepdefinition.ProductSteps.receiveInvalidPUTResponseCode404()&amp#27;[0m
14:53:01.184 [main] INFO  -- 
  _____   ___   ___   _____     ___     _     ___   ___   ___   ___  
 |_   _| | __| / __| |_   _|   | _ \   /_\   / __| / __| | __| |   \ 
   | |   | _|  \__ \   | |     |  _/  / _ \  \__ \ \__ \ | _|  | |) |
   |_|   |___| |___/   |_|     |_|   /_/ \_\ |___/ |___/ |___| |___/ 

[Negative] - PRODUCT_PUT existing product with invalid endpoints
----------------------------------------------------------------------
]]></system-out>
  </testcase>
  <testcase name="[Positive] - PRODUCT_DELETE existing product with valid id" classname="Product" time="0.618">
    <system-out><![CDATA[
Scenario: [Positive] - PRODUCT_DELETE existing product with valid id &amp#27;[90m# src/test/resources/Product.feature:90&amp#27;[0m
14:53:01.186 [main] INFO io.cucumber.core.plugin.SerenityReporter -- Running feature from file:///D:/SEMESTER%205/All%20Section/Section%203%20-%20Code%20Competence/Code%20Competence%20KM%20QA%202/Weekly2/src/test/resources/Product.feature
14:53:01.186 [main] WARN io.cucumber.core.plugin.SerenityReporter -- Feature from file:///D:/SEMESTER%205/All%20Section/Section%203%20-%20Code%20Competence/Code%20Competence%20KM%20QA%202/Weekly2/src/test/resources/Product.feature is not under the 'features' directory. Requirements report will not be correctly generated!
14:53:01.187 [main] INFO  -- 
  _____   ___   ___   _____     ___   _____     _     ___   _____   ___   ___  
 |_   _| | __| / __| |_   _|   / __| |_   _|   /_\   | _ \ |_   _| | __| |   \ 
   | |   | _|  \__ \   | |     \__ \   | |    / _ \  |   /   | |   | _|  | |) |
   |_|   |___| |___/   |_|     |___/   |_|   /_/ \_\ |_|_\   |_|   |___| |___/ 

[Positive] - PRODUCT_DELETE existing product with valid id(product;[positive]---product-delete-existing-product-with-valid-id)
--------------------------------------------------------------------------------
14:53:01.192 [main] DEBUG net.thucydides.core.steps.StepInterceptor -- STARTING STEP: ProductSteps.setDeleteProductWithValidIDEndpoint - I DELETE API product with valid id endpoints
14:53:01.192 [main] DEBUG net.thucydides.core.steps.StepInterceptor -- STEP DONE: I DELETE API product with valid id endpoints
  &amp#27;[32mGiven &amp#27;[0m&amp#27;[32mI DELETE API product with valid id endpoints&amp#27;[0m                 &amp#27;[90m# starter.stepdefinition.ProductSteps.setDeleteProductWithValidIDEndpoint()&amp#27;[0m
14:53:01.193 [main] DEBUG net.thucydides.core.steps.StepInterceptor -- STARTING STEP: ProductSteps.deleteHTTPValidRequestWithProduct - I DELETE product HTTP request with valid id
14:53:01.194 [main] DEBUG net.thucydides.core.steps.StepInterceptor -- STARTING STEP: Product.deleteHTTPValidRequestWithProduct - I DELETE API product with valid id endpoints
14:53:01.194 [main] DEBUG net.thucydides.core.steps.StepInterceptor -- STEP DONE: I DELETE API product with valid id endpoints
14:53:01.198 [main] DEBUG org.apache.http.impl.conn.BasicClientConnectionManager -- Get connection for route {s}->https://fakestoreapi.com:443
14:53:01.198 [main] DEBUG org.apache.http.impl.conn.DefaultClientConnectionOperator -- Connecting to fakestoreapi.com:443
14:53:01.257 [main] DEBUG org.apache.http.client.protocol.RequestAddCookies -- CookieSpec selected: ignoreCookies
14:53:01.257 [main] DEBUG org.apache.http.client.protocol.RequestAuthCache -- Auth cache not set in the context
14:53:01.257 [main] DEBUG org.apache.http.client.protocol.RequestTargetAuthentication -- Target auth state: UNCHALLENGED
14:53:01.257 [main] DEBUG org.apache.http.client.protocol.RequestProxyAuthentication -- Proxy auth state: UNCHALLENGED
14:53:01.257 [main] DEBUG org.apache.http.impl.client.DefaultHttpClient -- Attempt 1 to execute request
14:53:01.257 [main] DEBUG org.apache.http.impl.conn.DefaultClientConnection -- Sending request: DELETE /products/6 HTTP/1.1
14:53:01.257 [main] DEBUG org.apache.http.wire --  >> "DELETE /products/6 HTTP/1.1[\r][\n]"
14:53:01.257 [main] DEBUG org.apache.http.wire --  >> "Accept: */*[\r][\n]"
14:53:01.257 [main] DEBUG org.apache.http.wire --  >> "Host: fakestoreapi.com[\r][\n]"
14:53:01.257 [main] DEBUG org.apache.http.wire --  >> "Connection: Keep-Alive[\r][\n]"
14:53:01.257 [main] DEBUG org.apache.http.wire --  >> "User-Agent: Apache-HttpClient/4.5.13 (Java/17.0.8)[\r][\n]"
14:53:01.257 [main] DEBUG org.apache.http.wire --  >> "Accept-Encoding: gzip,deflate[\r][\n]"
14:53:01.257 [main] DEBUG org.apache.http.wire --  >> "[\r][\n]"
14:53:01.257 [main] DEBUG org.apache.http.headers -- >> DELETE /products/6 HTTP/1.1
14:53:01.257 [main] DEBUG org.apache.http.headers -- >> Accept: */*
14:53:01.257 [main] DEBUG org.apache.http.headers -- >> Host: fakestoreapi.com
14:53:01.257 [main] DEBUG org.apache.http.headers -- >> Connection: Keep-Alive
14:53:01.257 [main] DEBUG org.apache.http.headers -- >> User-Agent: Apache-HttpClient/4.5.13 (Java/17.0.8)
14:53:01.257 [main] DEBUG org.apache.http.headers -- >> Accept-Encoding: gzip,deflate
14:53:01.797 [main] DEBUG org.apache.http.wire --  << "HTTP/1.1 200 OK[\r][\n]"
14:53:01.797 [main] DEBUG org.apache.http.wire --  << "Date: Fri, 06 Oct 2023 07:53:02 GMT[\r][\n]"
14:53:01.797 [main] DEBUG org.apache.http.wire --  << "Content-Type: application/json; charset=utf-8[\r][\n]"
14:53:01.797 [main] DEBUG org.apache.http.wire --  << "Transfer-Encoding: chunked[\r][\n]"
14:53:01.797 [main] DEBUG org.apache.http.wire --  << "Connection: keep-alive[\r][\n]"
14:53:01.797 [main] DEBUG org.apache.http.wire --  << "Access-Control-Allow-Origin: *[\r][\n]"
14:53:01.797 [main] DEBUG org.apache.http.wire --  << "Etag: W/"191-EV97H53ZS0vezbgpImU4b+hiAfg"[\r][\n]"
14:53:01.797 [main] DEBUG org.apache.http.wire --  << "X-Powered-By: Express[\r][\n]"
14:53:01.797 [main] DEBUG org.apache.http.wire --  << "CF-Cache-Status: DYNAMIC[\r][\n]"
14:53:01.797 [main] DEBUG org.apache.http.wire --  << "Report-To: {"endpoints":[{"url":"https:\/\/a.nel.cloudflare.com\/report\/v3?s=r6IPCJgJA8B8Wx%2Bp9nWc62DFN10JTeN7PbI3RXK%2Fh5%2BxM7xSOtVj6GdkK5ZtlqZngzk6NMYGh9BBgxVaSfV1u6payuS9ryJ7Giyknl9SvYAdARGcU1eKft34fwmLEg5WjQTI"}],"group":"cf-nel","max_age":604800}[\r][\n]"
14:53:01.797 [main] DEBUG org.apache.http.wire --  << "NEL: {"success_fraction":0,"report_to":"cf-nel","max_age":604800}[\r][\n]"
14:53:01.797 [main] DEBUG org.apache.http.wire --  << "Server: cloudflare[\r][\n]"
14:53:01.797 [main] DEBUG org.apache.http.wire --  << "CF-RAY: 811c540d7b7791b7-SIN[\r][\n]"
14:53:01.797 [main] DEBUG org.apache.http.wire --  << "Content-Encoding: gzip[\r][\n]"
14:53:01.797 [main] DEBUG org.apache.http.wire --  << "alt-svc: h3=":443"; ma=86400[\r][\n]"
14:53:01.797 [main] DEBUG org.apache.http.wire --  << "[\r][\n]"
14:53:01.797 [main] DEBUG org.apache.http.impl.conn.DefaultClientConnection -- Receiving response: HTTP/1.1 200 OK
14:53:01.797 [main] DEBUG org.apache.http.headers -- << HTTP/1.1 200 OK
14:53:01.797 [main] DEBUG org.apache.http.headers -- << Date: Fri, 06 Oct 2023 07:53:02 GMT
14:53:01.797 [main] DEBUG org.apache.http.headers -- << Content-Type: application/json; charset=utf-8
14:53:01.797 [main] DEBUG org.apache.http.headers -- << Transfer-Encoding: chunked
14:53:01.797 [main] DEBUG org.apache.http.headers -- << Connection: keep-alive
14:53:01.797 [main] DEBUG org.apache.http.headers -- << Access-Control-Allow-Origin: *
14:53:01.797 [main] DEBUG org.apache.http.headers -- << Etag: W/"191-EV97H53ZS0vezbgpImU4b+hiAfg"
14:53:01.798 [main] DEBUG org.apache.http.headers -- << X-Powered-By: Express
14:53:01.798 [main] DEBUG org.apache.http.headers -- << CF-Cache-Status: DYNAMIC
14:53:01.798 [main] DEBUG org.apache.http.headers -- << Report-To: {"endpoints":[{"url":"https:\/\/a.nel.cloudflare.com\/report\/v3?s=r6IPCJgJA8B8Wx%2Bp9nWc62DFN10JTeN7PbI3RXK%2Fh5%2BxM7xSOtVj6GdkK5ZtlqZngzk6NMYGh9BBgxVaSfV1u6payuS9ryJ7Giyknl9SvYAdARGcU1eKft34fwmLEg5WjQTI"}],"group":"cf-nel","max_age":604800}
14:53:01.798 [main] DEBUG org.apache.http.headers -- << NEL: {"success_fraction":0,"report_to":"cf-nel","max_age":604800}
14:53:01.798 [main] DEBUG org.apache.http.headers -- << Server: cloudflare
14:53:01.798 [main] DEBUG org.apache.http.headers -- << CF-RAY: 811c540d7b7791b7-SIN
14:53:01.798 [main] DEBUG org.apache.http.headers -- << Content-Encoding: gzip
14:53:01.798 [main] DEBUG org.apache.http.headers -- << alt-svc: h3=":443"; ma=86400
14:53:01.798 [main] DEBUG org.apache.http.impl.client.DefaultHttpClient -- Connection can be kept alive indefinitely
14:53:01.798 [main] DEBUG io.restassured.internal.RestAssuredHttpBuilder -- Parsing response as: application/json; charset=utf-8
14:53:01.798 [main] DEBUG org.apache.http.wire --  << "11c[\r][\n]"
14:53:01.798 [main] DEBUG org.apache.http.wire --  << "[0x1f][0x8b][0x8][0x0][0x0][0x0][0x0][0x0][0x0][0x3][0xac][0x90][0xc1]N[0xc3]0[0x10]De[0xb5]g[0xcb]iU[0x8][0xe0][0x1b]*R9[0xa4][0x12]P[0xf5][0x1c]-[0xf6]6[0xd9][0x92][0xda][0x91][0xbd][0xa5][0x84][0xaa][0xff][0x8e][0xf2][0xf][0xdc]f[0xe]O[0xf3]4W[0x94][0x80][0xae]6[0xa8][0xa2][0x3][0xa3][0xc3]][0x1a]$[0xc0]&[\r][0x1][0xde]XE[0x19][0xb6][0xe2]s[0x1a][0xe9][0x9b][0x1][\r][0x8e]Y<[0xa3][[0xd6][0x8f][0x6][0x3][0x17][0x9f]eTIq[0x6]I[0xa5][0x1c][0xc8][0xcf][0x15]6g[0xca][0x14][0x95]9X[0xf8]`=[0xe7][0x8])[0x3][0xff][0xf8][0x9e]b[0xc7]@q[0x82][0x94][0x3]g[0xb8][0x88][0xf6][0x12]a[0xb5][0x80]@S[0xb1]/\[0xa4][0x8b][0x1c][0x80]b[0x80]2K|N[0xf0]J[0x7][0xe6]_XsT[0xce] [0x11][0xb4]g[0xd8]GQ[0xe][0xb0]SR.[0x16][0xfe]e[0x1d][\r]zR[0xee]R[0x9e][0xd0][0xe1][0x91]/<p[0x9e][0xd0][0xa0][0x9c][0xa8][0x9b][0xcf][0xe9]U[0xc7][0xe2][0xaa][0xea]@_\4e[0xa6]Q[0xac]O[0xa7]JN]U/[0xcb][0xe7]V[0xf6]1m[0x1a][0xdb]>[0xaf][0xdb]}S[0xdf]-[0xda][0xf7][0xa6][0xbe]o[0xb7][0xcd][0xaa][0xb5][0xc7][0xb1]C[0x83][0x99]Tb[0x87][0xee]:'F[0xb7][0xb2]O[0x6]}:GE[0xf7][0xb0][0xb8][0xdd][0xfe][0x0][0x0][0x0][0xff][0xff][0x3][0x0]b[0xe4][0xde]@[0x91][0x1][0x0][0x0]"
14:53:01.798 [main] DEBUG org.apache.http.wire --  << "[\r][\n]"
14:53:01.798 [main] DEBUG org.apache.http.wire --  << "0[\r][\n]"
14:53:01.798 [main] DEBUG org.apache.http.wire --  << "[\r][\n]"
14:53:01.798 [main] DEBUG io.restassured.internal.RestAssuredHttpBuilder -- Parsed data to instance of: class org.apache.http.conn.EofSensorInputStream
14:53:01.799 [main] DEBUG org.apache.http.impl.conn.BasicClientConnectionManager -- Releasing connection org.apache.http.impl.conn.ManagedClientConnectionImpl@9d4d221
14:53:01.799 [main] DEBUG org.apache.http.impl.conn.BasicClientConnectionManager -- Connection can be kept alive indefinitely
14:53:01.799 [main] DEBUG net.thucydides.core.steps.StepInterceptor -- STEP DONE: I DELETE product HTTP request with valid id
  &amp#27;[32mWhen &amp#27;[0m&amp#27;[32mI DELETE product HTTP request with valid id&amp#27;[0m                   &amp#27;[90m# starter.stepdefinition.ProductSteps.deleteHTTPValidRequestWithProduct()&amp#27;[0m
14:53:01.800 [main] DEBUG net.thucydides.core.steps.StepInterceptor -- STARTING STEP: ProductSteps.receiveValidDELETEProductResponseCode200 - I receive valid DELETE product response code 200
14:53:01.801 [main] DEBUG net.thucydides.core.steps.StepInterceptor -- STEP DONE: I receive valid DELETE product response code 200
  &amp#27;[32mAnd &amp#27;[0m&amp#27;[32mI receive valid DELETE product response code 200&amp#27;[0m               &amp#27;[90m# starter.stepdefinition.ProductSteps.receiveValidDELETEProductResponseCode200()&amp#27;[0m
14:53:01.801 [main] INFO  -- 
  _____   ___   ___   _____     ___     _     ___   ___   ___   ___  
 |_   _| | __| / __| |_   _|   | _ \   /_\   / __| / __| | __| |   \ 
   | |   | _|  \__ \   | |     |  _/  / _ \  \__ \ \__ \ | _|  | |) |
   |_|   |___| |___/   |_|     |_|   /_/ \_\ |___/ |___/ |___| |___/ 

[Positive] - PRODUCT_DELETE existing product with valid id
----------------------------------------------------------------------
]]></system-out>
  </testcase>
  <testcase name="[Negative] - PRODUCT_DELETE existing cart with invalid id" classname="Product" time="0.457">
    <system-out><![CDATA[
Scenario: [Negative] - PRODUCT_DELETE existing cart with invalid id &amp#27;[90m# src/test/resources/Product.feature:95&amp#27;[0m
14:53:01.805 [main] INFO io.cucumber.core.plugin.SerenityReporter -- Running feature from file:///D:/SEMESTER%205/All%20Section/Section%203%20-%20Code%20Competence/Code%20Competence%20KM%20QA%202/Weekly2/src/test/resources/Product.feature
14:53:01.805 [main] WARN io.cucumber.core.plugin.SerenityReporter -- Feature from file:///D:/SEMESTER%205/All%20Section/Section%203%20-%20Code%20Competence/Code%20Competence%20KM%20QA%202/Weekly2/src/test/resources/Product.feature is not under the 'features' directory. Requirements report will not be correctly generated!
14:53:01.806 [main] INFO  -- 
  _____   ___   ___   _____     ___   _____     _     ___   _____   ___   ___  
 |_   _| | __| / __| |_   _|   / __| |_   _|   /_\   | _ \ |_   _| | __| |   \ 
   | |   | _|  \__ \   | |     \__ \   | |    / _ \  |   /   | |   | _|  | |) |
   |_|   |___| |___/   |_|     |___/   |_|   /_/ \_\ |_|_\   |_|   |___| |___/ 

[Negative] - PRODUCT_DELETE existing cart with invalid id(product;[negative]---product-delete-existing-cart-with-invalid-id)
--------------------------------------------------------------------------------
14:53:01.811 [Finalizer] DEBUG org.apache.http.impl.conn.DefaultClientConnection -- Connection 0.0.0.0:51009<->104.21.87.105:443 closed
14:53:01.811 [Finalizer] DEBUG org.apache.http.impl.conn.DefaultClientConnection -- Connection 0.0.0.0:51008<->104.21.87.105:443 closed
14:53:01.811 [Finalizer] DEBUG org.apache.http.impl.conn.DefaultClientConnection -- Connection 0.0.0.0:51011<->104.21.87.105:443 closed
14:53:01.812 [Finalizer] DEBUG org.apache.http.impl.conn.DefaultClientConnection -- Connection 0.0.0.0:51010<->104.21.87.105:443 closed
14:53:01.814 [main] DEBUG net.thucydides.core.steps.StepInterceptor -- STARTING STEP: ProductSteps.setDeleteProductWithInvalidIDEndpoint - I DELETE API product with invalid id endpoints
14:53:01.814 [main] DEBUG net.thucydides.core.steps.StepInterceptor -- STEP DONE: I DELETE API product with invalid id endpoints
  &amp#27;[32mGiven &amp#27;[0m&amp#27;[32mI DELETE API product with invalid id endpoints&amp#27;[0m              &amp#27;[90m# starter.stepdefinition.ProductSteps.setDeleteProductWithInvalidIDEndpoint()&amp#27;[0m
14:53:01.815 [main] DEBUG net.thucydides.core.steps.StepInterceptor -- STARTING STEP: ProductSteps.deleteHTTPInvalidRequestWithProduct - I DELETE product HTTP request with invalid id
14:53:01.816 [main] DEBUG net.thucydides.core.steps.StepInterceptor -- STARTING STEP: Product.deleteHTTPInvalidRequestWithProduct - I DELETE API product with invalid id endpoints
14:53:01.816 [main] DEBUG net.thucydides.core.steps.StepInterceptor -- STEP DONE: I DELETE API product with invalid id endpoints
14:53:01.819 [main] DEBUG org.apache.http.impl.conn.BasicClientConnectionManager -- Get connection for route {s}->https://fakestoreapi.com:443
14:53:01.819 [main] DEBUG org.apache.http.impl.conn.DefaultClientConnectionOperator -- Connecting to fakestoreapi.com:443
14:53:01.876 [main] DEBUG org.apache.http.client.protocol.RequestAddCookies -- CookieSpec selected: ignoreCookies
14:53:01.876 [main] DEBUG org.apache.http.client.protocol.RequestAuthCache -- Auth cache not set in the context
14:53:01.876 [main] DEBUG org.apache.http.client.protocol.RequestTargetAuthentication -- Target auth state: UNCHALLENGED
14:53:01.876 [main] DEBUG org.apache.http.client.protocol.RequestProxyAuthentication -- Proxy auth state: UNCHALLENGED
14:53:01.876 [main] DEBUG org.apache.http.impl.client.DefaultHttpClient -- Attempt 1 to execute request
14:53:01.876 [main] DEBUG org.apache.http.impl.conn.DefaultClientConnection -- Sending request: DELETE /product/6 HTTP/1.1
14:53:01.876 [main] DEBUG org.apache.http.wire --  >> "DELETE /product/6 HTTP/1.1[\r][\n]"
14:53:01.876 [main] DEBUG org.apache.http.wire --  >> "Accept: */*[\r][\n]"
14:53:01.876 [main] DEBUG org.apache.http.wire --  >> "Host: fakestoreapi.com[\r][\n]"
14:53:01.876 [main] DEBUG org.apache.http.wire --  >> "Connection: Keep-Alive[\r][\n]"
14:53:01.876 [main] DEBUG org.apache.http.wire --  >> "User-Agent: Apache-HttpClient/4.5.13 (Java/17.0.8)[\r][\n]"
14:53:01.876 [main] DEBUG org.apache.http.wire --  >> "Accept-Encoding: gzip,deflate[\r][\n]"
14:53:01.876 [main] DEBUG org.apache.http.wire --  >> "[\r][\n]"
14:53:01.876 [main] DEBUG org.apache.http.headers -- >> DELETE /product/6 HTTP/1.1
14:53:01.876 [main] DEBUG org.apache.http.headers -- >> Accept: */*
14:53:01.876 [main] DEBUG org.apache.http.headers -- >> Host: fakestoreapi.com
14:53:01.876 [main] DEBUG org.apache.http.headers -- >> Connection: Keep-Alive
14:53:01.876 [main] DEBUG org.apache.http.headers -- >> User-Agent: Apache-HttpClient/4.5.13 (Java/17.0.8)
14:53:01.876 [main] DEBUG org.apache.http.headers -- >> Accept-Encoding: gzip,deflate
14:53:02.254 [main] DEBUG org.apache.http.wire --  << "HTTP/1.1 404 Not Found[\r][\n]"
14:53:02.254 [main] DEBUG org.apache.http.wire --  << "Date: Fri, 06 Oct 2023 07:53:03 GMT[\r][\n]"
14:53:02.254 [main] DEBUG org.apache.http.wire --  << "Content-Type: text/html; charset=utf-8[\r][\n]"
14:53:02.254 [main] DEBUG org.apache.http.wire --  << "Transfer-Encoding: chunked[\r][\n]"
14:53:02.254 [main] DEBUG org.apache.http.wire --  << "Connection: keep-alive[\r][\n]"
14:53:02.255 [main] DEBUG org.apache.http.wire --  << "Access-Control-Allow-Origin: *[\r][\n]"
14:53:02.255 [main] DEBUG org.apache.http.wire --  << "Content-Security-Policy: default-src 'none'[\r][\n]"
14:53:02.255 [main] DEBUG org.apache.http.wire --  << "X-Content-Type-Options: nosniff[\r][\n]"
14:53:02.255 [main] DEBUG org.apache.http.wire --  << "X-Powered-By: Express[\r][\n]"
14:53:02.255 [main] DEBUG org.apache.http.wire --  << "CF-Cache-Status: DYNAMIC[\r][\n]"
14:53:02.255 [main] DEBUG org.apache.http.wire --  << "Report-To: {"endpoints":[{"url":"https:\/\/a.nel.cloudflare.com\/report\/v3?s=r%2B7ux2aLZeL1KdihO8gHAh%2BT14DOviuNdZWF3KYwnFzfwlwmFf%2FgluA58qKVbVEy5CEjMeKSK9WokM6o3bwyeway7Q7hkuTGW04gb5d9Y1tNHms59kH%2BIkNcaXaFrhml6dFc"}],"group":"cf-nel","max_age":604800}[\r][\n]"
14:53:02.255 [main] DEBUG org.apache.http.wire --  << "NEL: {"success_fraction":0,"report_to":"cf-nel","max_age":604800}[\r][\n]"
14:53:02.255 [main] DEBUG org.apache.http.wire --  << "Server: cloudflare[\r][\n]"
14:53:02.255 [main] DEBUG org.apache.http.wire --  << "CF-RAY: 811c54116ad13f58-SIN[\r][\n]"
14:53:02.255 [main] DEBUG org.apache.http.wire --  << "Content-Encoding: gzip[\r][\n]"
14:53:02.255 [main] DEBUG org.apache.http.wire --  << "alt-svc: h3=":443"; ma=86400[\r][\n]"
14:53:02.255 [main] DEBUG org.apache.http.wire --  << "[\r][\n]"
14:53:02.255 [main] DEBUG org.apache.http.impl.conn.DefaultClientConnection -- Receiving response: HTTP/1.1 404 Not Found
14:53:02.255 [main] DEBUG org.apache.http.headers -- << HTTP/1.1 404 Not Found
14:53:02.255 [main] DEBUG org.apache.http.headers -- << Date: Fri, 06 Oct 2023 07:53:03 GMT
14:53:02.255 [main] DEBUG org.apache.http.headers -- << Content-Type: text/html; charset=utf-8
14:53:02.255 [main] DEBUG org.apache.http.headers -- << Transfer-Encoding: chunked
14:53:02.255 [main] DEBUG org.apache.http.headers -- << Connection: keep-alive
14:53:02.255 [main] DEBUG org.apache.http.headers -- << Access-Control-Allow-Origin: *
14:53:02.255 [main] DEBUG org.apache.http.headers -- << Content-Security-Policy: default-src 'none'
14:53:02.255 [main] DEBUG org.apache.http.headers -- << X-Content-Type-Options: nosniff
14:53:02.255 [main] DEBUG org.apache.http.headers -- << X-Powered-By: Express
14:53:02.255 [main] DEBUG org.apache.http.headers -- << CF-Cache-Status: DYNAMIC
14:53:02.255 [main] DEBUG org.apache.http.headers -- << Report-To: {"endpoints":[{"url":"https:\/\/a.nel.cloudflare.com\/report\/v3?s=r%2B7ux2aLZeL1KdihO8gHAh%2BT14DOviuNdZWF3KYwnFzfwlwmFf%2FgluA58qKVbVEy5CEjMeKSK9WokM6o3bwyeway7Q7hkuTGW04gb5d9Y1tNHms59kH%2BIkNcaXaFrhml6dFc"}],"group":"cf-nel","max_age":604800}
14:53:02.255 [main] DEBUG org.apache.http.headers -- << NEL: {"success_fraction":0,"report_to":"cf-nel","max_age":604800}
14:53:02.255 [main] DEBUG org.apache.http.headers -- << Server: cloudflare
14:53:02.255 [main] DEBUG org.apache.http.headers -- << CF-RAY: 811c54116ad13f58-SIN
14:53:02.255 [main] DEBUG org.apache.http.headers -- << Content-Encoding: gzip
14:53:02.255 [main] DEBUG org.apache.http.headers -- << alt-svc: h3=":443"; ma=86400
14:53:02.255 [main] DEBUG org.apache.http.impl.client.DefaultHttpClient -- Connection can be kept alive indefinitely
14:53:02.255 [main] DEBUG io.restassured.internal.RestAssuredHttpBuilder -- Parsing response as: text/html; charset=utf-8
14:53:02.255 [main] DEBUG org.apache.http.wire --  << "94[\r][\n]"
14:53:02.255 [main] DEBUG org.apache.http.wire --  << "[0x1f][0x8b][0x8][0x0][0x0][0x0][0x0][0x0][0x0][0x3],[0x8e][0xb1][0xe][0xc2]0[0xc]D[0xf7]|E[0xc8][0x8e][0xbc][0xa1][0xe]n[0x96]6[0x1b]R[0x19][0xba]0[0x9a][0xc6]P[0xa4]4[0xa9][0x8c];[0xf4][0xef]Q[0xa0][0xd3][0xe9][0xee][0xdd]I[0x87][0xa7]~[0xe8][0xc6][0xfb]-[0xd8]Y[0x97][0xe4][\r]V[0xb1][0x89][0xf2][0xab]u[0x9c]][\r][0x98][0xa2]7[0xb8][0xb0][0x92][0x9d]f[0x92][0xf]k[0xeb]6}[0x9e][0x9b]J[0xf5][0xad][0x89]}[0x10])[0x82][0xf0]7[0x6][0xe1][0xd8]<J[0xdc][0xbd][0xc1]U[0xd8]w[0x94]sQ[0xdb][0x87]k[0x18][0x83][0x85]UJ[0xdc]&[0x85][0xb]B[0xa5][0x6][0xe1][0xe8][0xc2][0xef][0xc6][0x17][0x0][0x0][0xff][0xff][0xe3][0x2][0x0][0x17]+v[0x1c][0x97][0x0][0x0][0x0]"
14:53:02.255 [main] DEBUG org.apache.http.wire --  << "[\r][\n]"
14:53:02.255 [main] DEBUG org.apache.http.wire --  << "0[\r][\n]"
14:53:02.255 [main] DEBUG org.apache.http.wire --  << "[\r][\n]"
14:53:02.255 [main] DEBUG io.restassured.internal.RestAssuredHttpBuilder -- Parsed data to instance of: class org.apache.http.conn.EofSensorInputStream
14:53:02.256 [main] DEBUG org.apache.http.impl.conn.BasicClientConnectionManager -- Releasing connection org.apache.http.impl.conn.ManagedClientConnectionImpl@5545137d
14:53:02.256 [main] DEBUG org.apache.http.impl.conn.BasicClientConnectionManager -- Connection can be kept alive indefinitely
14:53:02.256 [main] DEBUG net.thucydides.core.steps.StepInterceptor -- STEP DONE: I DELETE product HTTP request with invalid id
  &amp#27;[32mWhen &amp#27;[0m&amp#27;[32mI DELETE product HTTP request with invalid id&amp#27;[0m                &amp#27;[90m# starter.stepdefinition.ProductSteps.deleteHTTPInvalidRequestWithProduct()&amp#27;[0m
14:53:02.258 [main] DEBUG net.thucydides.core.steps.StepInterceptor -- STARTING STEP: ProductSteps.receiveInvalidDELETEProductResponseCode404 - I receive invalid DELETE product response code 404
14:53:02.258 [main] DEBUG net.thucydides.core.steps.StepInterceptor -- STEP DONE: I receive invalid DELETE product response code 404
  &amp#27;[32mAnd &amp#27;[0m&amp#27;[32mI receive invalid DELETE product response code 404&amp#27;[0m            &amp#27;[90m# starter.stepdefinition.ProductSteps.receiveInvalidDELETEProductResponseCode404()&amp#27;[0m
14:53:02.259 [main] INFO  -- 
  _____   ___   ___   _____     ___     _     ___   ___   ___   ___  
 |_   _| | __| / __| |_   _|   | _ \   /_\   / __| / __| | __| |   \ 
   | |   | _|  \__ \   | |     |  _/  / _ \  \__ \ \__ \ | _|  | |) |
   |_|   |___| |___/   |_|     |_|   /_/ \_\ |___/ |___/ |___| |___/ 

[Negative] - PRODUCT_DELETE existing cart with invalid id
----------------------------------------------------------------------
]]></system-out>
  </testcase>
  <testcase name="[Positive] - USER_ GET all detail data user with valid url" classname="User" time="0.646">
    <system-out><![CDATA[14:53:02.259 [main] INFO io.cucumber.core.plugin.SerenityReporter -- Running feature from file:///D:/SEMESTER%205/All%20Section/Section%203%20-%20Code%20Competence/Code%20Competence%20KM%20QA%202/Weekly2/src/test/resources/User.feature
14:53:02.259 [main] WARN io.cucumber.core.plugin.SerenityReporter -- Feature from file:///D:/SEMESTER%205/All%20Section/Section%203%20-%20Code%20Competence/Code%20Competence%20KM%20QA%202/Weekly2/src/test/resources/User.feature is not under the 'features' directory. Requirements report will not be correctly generated!
14:53:02.260 [main] DEBUG net.thucydides.core.steps.StepEventBus -- Test suite started for story net.thucydides.core.model.Story@11de416
14:53:02.260 [main] INFO  -- Test Suite Started: User

Scenario: [Positive] - USER_ GET all detail data user with valid url &amp#27;[90m# src/test/resources/User.feature:3&amp#27;[0m
14:53:02.262 [main] INFO io.cucumber.core.plugin.SerenityReporter -- Running feature from file:///D:/SEMESTER%205/All%20Section/Section%203%20-%20Code%20Competence/Code%20Competence%20KM%20QA%202/Weekly2/src/test/resources/User.feature
14:53:02.262 [main] WARN io.cucumber.core.plugin.SerenityReporter -- Feature from file:///D:/SEMESTER%205/All%20Section/Section%203%20-%20Code%20Competence/Code%20Competence%20KM%20QA%202/Weekly2/src/test/resources/User.feature is not under the 'features' directory. Requirements report will not be correctly generated!
14:53:02.263 [main] INFO  -- 
  _____   ___   ___   _____     ___   _____     _     ___   _____   ___   ___  
 |_   _| | __| / __| |_   _|   / __| |_   _|   /_\   | _ \ |_   _| | __| |   \ 
   | |   | _|  \__ \   | |     \__ \   | |    / _ \  |   /   | |   | _|  | |) |
   |_|   |___| |___/   |_|     |___/   |_|   /_/ \_\ |_|_\   |_|   |___| |___/ 

[Positive] - USER_ GET all detail data user with valid url(user;[positive]---user--get-all-detail-data-user-with-valid-url)
--------------------------------------------------------------------------------
14:53:02.278 [main] DEBUG net.thucydides.core.steps.StepInterceptor -- STARTING STEP: UserSteps.getValidAPIAllDetailDataUser - I GET API all detail data user with valid url
14:53:02.278 [main] DEBUG net.thucydides.core.steps.StepInterceptor -- STEP DONE: I GET API all detail data user with valid url
  &amp#27;[32mGiven &amp#27;[0m&amp#27;[32mI GET API all detail data user with valid url&amp#27;[0m                &amp#27;[90m# starter.stepdefinition.UserSteps.getValidAPIAllDetailDataUser()&amp#27;[0m
14:53:02.279 [main] DEBUG net.thucydides.core.steps.StepInterceptor -- STARTING STEP: UserSteps.getHTTPValidRequestAllDetailDataUser - I GET HTTP request all detail data user with valid url
14:53:02.280 [main] DEBUG net.thucydides.core.steps.StepInterceptor -- STARTING STEP: User.getHTTPValidRequestAllDetailDataUser - I GET API all detail data user with valid url
14:53:02.280 [main] DEBUG net.thucydides.core.steps.StepInterceptor -- STEP DONE: I GET API all detail data user with valid url
14:53:02.282 [main] DEBUG org.apache.http.impl.conn.BasicClientConnectionManager -- Get connection for route {s}->https://fakestoreapi.com:443
14:53:02.283 [main] DEBUG org.apache.http.impl.conn.DefaultClientConnectionOperator -- Connecting to fakestoreapi.com:443
14:53:02.353 [main] DEBUG org.apache.http.client.protocol.RequestAddCookies -- CookieSpec selected: ignoreCookies
14:53:02.353 [main] DEBUG org.apache.http.client.protocol.RequestAuthCache -- Auth cache not set in the context
14:53:02.353 [main] DEBUG org.apache.http.client.protocol.RequestTargetAuthentication -- Target auth state: UNCHALLENGED
14:53:02.353 [main] DEBUG org.apache.http.client.protocol.RequestProxyAuthentication -- Proxy auth state: UNCHALLENGED
14:53:02.353 [main] DEBUG org.apache.http.impl.client.DefaultHttpClient -- Attempt 1 to execute request
14:53:02.353 [main] DEBUG org.apache.http.impl.conn.DefaultClientConnection -- Sending request: GET /users HTTP/1.1
14:53:02.353 [main] DEBUG org.apache.http.wire --  >> "GET /users HTTP/1.1[\r][\n]"
14:53:02.353 [main] DEBUG org.apache.http.wire --  >> "Accept: */*[\r][\n]"
14:53:02.353 [main] DEBUG org.apache.http.wire --  >> "Host: fakestoreapi.com[\r][\n]"
14:53:02.353 [main] DEBUG org.apache.http.wire --  >> "Connection: Keep-Alive[\r][\n]"
14:53:02.353 [main] DEBUG org.apache.http.wire --  >> "User-Agent: Apache-HttpClient/4.5.13 (Java/17.0.8)[\r][\n]"
14:53:02.353 [main] DEBUG org.apache.http.wire --  >> "Accept-Encoding: gzip,deflate[\r][\n]"
14:53:02.353 [main] DEBUG org.apache.http.wire --  >> "[\r][\n]"
14:53:02.353 [main] DEBUG org.apache.http.headers -- >> GET /users HTTP/1.1
14:53:02.353 [main] DEBUG org.apache.http.headers -- >> Accept: */*
14:53:02.353 [main] DEBUG org.apache.http.headers -- >> Host: fakestoreapi.com
14:53:02.353 [main] DEBUG org.apache.http.headers -- >> Connection: Keep-Alive
14:53:02.353 [main] DEBUG org.apache.http.headers -- >> User-Agent: Apache-HttpClient/4.5.13 (Java/17.0.8)
14:53:02.353 [main] DEBUG org.apache.http.headers -- >> Accept-Encoding: gzip,deflate
14:53:02.900 [main] DEBUG org.apache.http.wire --  << "HTTP/1.1 200 OK[\r][\n]"
14:53:02.900 [main] DEBUG org.apache.http.wire --  << "Date: Fri, 06 Oct 2023 07:53:03 GMT[\r][\n]"
14:53:02.900 [main] DEBUG org.apache.http.wire --  << "Content-Type: application/json; charset=utf-8[\r][\n]"
14:53:02.900 [main] DEBUG org.apache.http.wire --  << "Transfer-Encoding: chunked[\r][\n]"
14:53:02.900 [main] DEBUG org.apache.http.wire --  << "Connection: keep-alive[\r][\n]"
14:53:02.900 [main] DEBUG org.apache.http.wire --  << "Access-Control-Allow-Origin: *[\r][\n]"
14:53:02.900 [main] DEBUG org.apache.http.wire --  << "Etag: W/"bae-Vi0JNVg0EAD6LcGk4v18ASK0bgA"[\r][\n]"
14:53:02.900 [main] DEBUG org.apache.http.wire --  << "X-Powered-By: Express[\r][\n]"
14:53:02.900 [main] DEBUG org.apache.http.wire --  << "CF-Cache-Status: DYNAMIC[\r][\n]"
14:53:02.900 [main] DEBUG org.apache.http.wire --  << "Report-To: {"endpoints":[{"url":"https:\/\/a.nel.cloudflare.com\/report\/v3?s=8XOYJYSShGB6G54R5DvM3OKsVbP8XK43fejjwmEZ8WjuX9fOM27MZurGEpG%2Fs31EbN22gcLdiAer2y2fDC0fh2fnqICtTwwQyuwXFXqYN%2BckA9Rxl077sz%2BREWkPN2Zqgohb"}],"group":"cf-nel","max_age":604800}[\r][\n]"
14:53:02.900 [main] DEBUG org.apache.http.wire --  << "NEL: {"success_fraction":0,"report_to":"cf-nel","max_age":604800}[\r][\n]"
14:53:02.900 [main] DEBUG org.apache.http.wire --  << "Server: cloudflare[\r][\n]"
14:53:02.900 [main] DEBUG org.apache.http.wire --  << "CF-RAY: 811c5414594e2ec8-SIN[\r][\n]"
14:53:02.900 [main] DEBUG org.apache.http.wire --  << "Content-Encoding: gzip[\r][\n]"
14:53:02.900 [main] DEBUG org.apache.http.wire --  << "alt-svc: h3=":443"; ma=86400[\r][\n]"
14:53:02.900 [main] DEBUG org.apache.http.wire --  << "[\r][\n]"
14:53:02.900 [main] DEBUG org.apache.http.impl.conn.DefaultClientConnection -- Receiving response: HTTP/1.1 200 OK
14:53:02.900 [main] DEBUG org.apache.http.headers -- << HTTP/1.1 200 OK
14:53:02.900 [main] DEBUG org.apache.http.headers -- << Date: Fri, 06 Oct 2023 07:53:03 GMT
14:53:02.900 [main] DEBUG org.apache.http.headers -- << Content-Type: application/json; charset=utf-8
14:53:02.900 [main] DEBUG org.apache.http.headers -- << Transfer-Encoding: chunked
14:53:02.900 [main] DEBUG org.apache.http.headers -- << Connection: keep-alive
14:53:02.900 [main] DEBUG org.apache.http.headers -- << Access-Control-Allow-Origin: *
14:53:02.900 [main] DEBUG org.apache.http.headers -- << Etag: W/"bae-Vi0JNVg0EAD6LcGk4v18ASK0bgA"
14:53:02.900 [main] DEBUG org.apache.http.headers -- << X-Powered-By: Express
14:53:02.900 [main] DEBUG org.apache.http.headers -- << CF-Cache-Status: DYNAMIC
14:53:02.900 [main] DEBUG org.apache.http.headers -- << Report-To: {"endpoints":[{"url":"https:\/\/a.nel.cloudflare.com\/report\/v3?s=8XOYJYSShGB6G54R5DvM3OKsVbP8XK43fejjwmEZ8WjuX9fOM27MZurGEpG%2Fs31EbN22gcLdiAer2y2fDC0fh2fnqICtTwwQyuwXFXqYN%2BckA9Rxl077sz%2BREWkPN2Zqgohb"}],"group":"cf-nel","max_age":604800}
14:53:02.900 [main] DEBUG org.apache.http.headers -- << NEL: {"success_fraction":0,"report_to":"cf-nel","max_age":604800}
14:53:02.900 [main] DEBUG org.apache.http.headers -- << Server: cloudflare
14:53:02.900 [main] DEBUG org.apache.http.headers -- << CF-RAY: 811c5414594e2ec8-SIN
14:53:02.900 [main] DEBUG org.apache.http.headers -- << Content-Encoding: gzip
14:53:02.900 [main] DEBUG org.apache.http.headers -- << alt-svc: h3=":443"; ma=86400
14:53:02.900 [main] DEBUG org.apache.http.impl.client.DefaultHttpClient -- Connection can be kept alive indefinitely
14:53:02.900 [main] DEBUG io.restassured.internal.RestAssuredHttpBuilder -- Parsing response as: application/json; charset=utf-8
14:53:02.900 [main] DEBUG org.apache.http.wire --  << "37f[\r][\n]"
14:53:02.900 [main] DEBUG org.apache.http.wire --  << "[0x1f][0x8b][0x8][0x0][0x0][0x0][0x0][0x0][0x0][0x3][0xb4][0xd6]O[0x8f][0xe3]&[0x14][0x0][0xf0][0xaf]b[0xb1][0xdb][0x1e][0xa2][0x10][0xf1][0x1f][0xdb][0xa7][0xa9][0xa6]Z[0xf5][0xb0][0xb7]=[0xf4]P[0xb5][0x11][0x8d][0xc9][0x84]1[0x86][0x8][0x9c]D[0xd3][0xd1]~[0xf7][0xca][0x9e]d[0x2]N[0xbd][0xda][0xa8][0xed][0xd1]![0xef][0x81]z~[0x8f][0xdf]^[0x81]j[0x9a][0xa0]c[0x4][0xf5]+x[0xd2][0xde][0xfa][0x8d][0xea][0x8d]w[0xc3][0xa3]U=[0xa8][0x1][0xa4]rE1[0xaf][0xc0][0x12]X[0xef][0x9e]@[\r]J[0xbc][0xc2][0xac][0x12][0xe0][0xeb][0x12]lL[0xff][0x2]j[0xd0][0x1a][0xbb][0xf1][0xde]j[0xb0][0x4][0xb1][0xf]Z[0xf]qN[0x9f][0x8a][0xe0]U[0x3][0x96][0xc0][0x1d][0xba]?u[0x0][0xb5][0x14]%Y[0x82][0xbf][0xcc]~[0xe3][0x1b][\r]j[0x80]IE[0x4][0xa4][0xa5]dC.[0xd3][0x80][0x1a]/[0x81][0xee][0x94][0xb1][0xa0][0x6][0xcf]~[0xe7][0x1e][0x9e][0x86][0x87][0xd5][0xc6]w`[0x9][0xe]Q[0x7][0xa7]:}^[0x1b][0x12][0xef]U[0x8c]'[0x1f][0x1a]P[0x83][0x8e][0x96][0xa1][0xfb][0xf4]q[0xd8]m[0xfc][0xcf]+[0xd8][0x9a][0x10][0xfb]$`x[0x1][0xf5][0xfe]K[0xe3][0xf5][0xb0][0xe9]~[0xe7][0xdd]x[0x14][0xc8]%[0x82][0x84][\n]"
14:53:02.900 [main] DEBUG org.apache.http.wire --  << "([0x11][0xa5]`[0x9][0xd6][0xeb]#[0xa8][0xd1][0xd7][0xe5][0xff][0x7][0xf4][0xd9][0x1f]u[0x88][0xc5]g[0x97][\n]"
14:53:02.900 [main] DEBUG org.apache.http.wire --  << "[0x11]![0xbf]-D[0xae]B[0x9d][0xf][0xc1]D?[0xab][0xd4][0xf9][0xb0]&[0x14][0xb3][0x1c][0xaa][0xa4][0x81][0xff][0xb1][0x9e]qj[0xd4][0xd1]49[0xd4]e[0x97][0xff]H[0x8b][0xa1][0x15]eB^[0xb1] E+L1J[0xb4][0x1e][0xf][0xd6]v[0xca][0xa5]X[0x9f][0x82]r[0x1b][0x1d][0x8b][0xc7]>[0xd1]*EjE*.$[0xc4][0x8c][0x93][0x8b][0x15][0xbd]Z[0xb5][0xfa]hf[0xa1][0xc6][0xc5][0xf0]2[0xee][0x98]H[0xb5][0xfa][0x88]HE[0xe5][0xc3][0xc][0xd6][0x18][0x96]c[0x8d]Ir(!![0xaa][0x18][0xc4][0x94][0xf1][0xbb][0xa0][0xf8][\r][0x14][0xb9][0x81][0xfa][0xa2]\[0xf1][0x93][0xeb][0xbd]3>[0xc5][0xfa][0xe5][0xe0][0xfa][0xa1][0xb4][0x1e][0x83][0xd6]m[0xf1]sH[0xc8][0x4][0xe3],E[0xab]JB[0x19][0xc4][0x92][0xbe][0x17][0x18][0xbb][0xa2]5[0xf3][0xb5][0xd5]x[0xa7][0x83][0xcf][0xbd][0xf4]I7[0xde][0xcd]U[0x96][0x9f]R[0xf9]N[0x87][0xdc]J[\n]"
14:53:02.900 [main] DEBUG org.apache.http.wire --  << "[0xe]eYA1[0x1c][0xe7][0xdf][0x15][0x15][0xbb][0xb1][0x8a][0xff]l[0xa5][0x1a][0xd5][0xc5][0xe2]KZV[0x84][0xf1][0x94][0xa8]D[0xb2][0x12][0x10][0x93]+[0x11]O[0x88]t[0xd0][0xed],[0xd2][0xb0][0x98][0x1b]=[0xb7][0xf6]i[0xb1][0xe6]bN[0xe9][0x1c][0x91]8[0xed][0xfd]I[[0x9b]CU\@[0x84]0[0xc4][0xd5][0x9d]E5[0x94][0x90][0x90])[0x14]F+![0xcb]*[0x81][0xd2][0xb6][0xd8][0xab][0x98]![0xed][0x83][0x8f]{[0xbd][0xe9][0x8b][0x98]:a[0xc2][0xf2]^E[0x99][0x80][0x88]qqq[0x12][0x89][0xd3][0xd0]X[0xd6]aV[0xea]m9[0xb7][0xa2]L[0x96][0x8b][0xf][0x9c]}[0xaf][\n]"
14:53:02.900 [main] DEBUG org.apache.http.wire --  << "[0x87][0x18]o[0xb0][0x84],!e[0x1c]V[0xe5][0xc8][0xfe][0xfd]Xx[0xa8][0xaa]1[0xe6][0x8c]E[0xd0]J0[0x9c]Zm[0x83][0x8e].[0xa3][0x8a][0xaa]i[0xac][0x9e]@Q[0x96][0xcd][0xbd]JPYBD[0x18][0xbf]H[0xc9][0xa4][0xab][0x9b]`T7[0x7][0x15][0xdd]K[0xa3]'N[B[0xcb][0x1f][0x1f][0x16]s[0xb3][0xef]-a[0xe]u"
14:53:02.900 [main] DEBUG org.apache.http.wire --  << "N[0x93]9aBa[0xc5](D\[0xd0][0xfb];U[0xea][0x84]o[0x9c]:[0x1d]U[0xaa]tT[0xd6][0xbe][0x14]G[0xa3]O[0x85]uwI[0x95]W[0xa9][0x93][0xb1][0xf6][0x1b]T;[0xbf]o[0x8d][0x8b][0xb9][0xd5][0xaf]o1\|[0xdc]=[0xcf]x[0x9d][0xd3][0xe6]`[0x97]d[0x99][0x18][0x1b][0xce][0x86]0De[0x85][0xee][0xed]W[0x98]LK[0x8b]O[0xc8][0x8c][0xea]L[0xd6][0xa9][0x8e][0xde]5[0xca][0xea]B[0x1d]uBF[0xf3]nu+V%SP[0xf5]zv[0x8][0xaa]^[0xaf]w[0x93][0x9][0xb8][0xd5][0xcf][0xed][0xc3]b[0xee][0xb6]0[0x84]L[0x98][0x94][0xd5][0xb7]_[0x1f][0xe3][0x2][0xe2][0xea][0xce][0x9e]N[0xd1][0x8a]0Y[0x96][0xf9][0x0][0xe4]l[0xc2][0xb4][0xf5][0xa1]/N[0xea][0xc5]ew+[0xaf][0xda][0xc2][0xaa][0x93][0x9b]Xq[0x92][0xdd][0x18]0"\@[0xc6][0xe9][0xfb][0x8d][0x1][0xa3][0xe4][0x2]j[0xba][0xce][0xcc]r[0xbd][0xad][0xae]'[0xed][0xbd][0xb5][0xda][0xb8][0xc5][0x87][0x1f][0x16]s[0xf7][0xd0]1*7[0x1b]c&[0x9f]"bca1>[0xe][0xb5]3[0xda][0xef][0x3][0x0][0x0][0xff][0xff][0x3][0x0]z[\r][0xe]b[0xae][0xb][0x0][0x0]"
14:53:02.900 [main] DEBUG org.apache.http.wire --  << "[\r][\n]"
14:53:02.900 [main] DEBUG org.apache.http.wire --  << "0[\r][\n]"
14:53:02.900 [main] DEBUG org.apache.http.wire --  << "[\r][\n]"
14:53:02.900 [main] DEBUG io.restassured.internal.RestAssuredHttpBuilder -- Parsed data to instance of: class org.apache.http.conn.EofSensorInputStream
14:53:02.902 [main] DEBUG org.apache.http.impl.conn.BasicClientConnectionManager -- Releasing connection org.apache.http.impl.conn.ManagedClientConnectionImpl@1495f70
14:53:02.902 [main] DEBUG org.apache.http.impl.conn.BasicClientConnectionManager -- Connection can be kept alive indefinitely
14:53:02.903 [main] DEBUG net.thucydides.core.steps.StepInterceptor -- STEP DONE: I GET HTTP request all detail data user with valid url
  &amp#27;[32mWhen &amp#27;[0m&amp#27;[32mI GET HTTP request all detail data user with valid url&amp#27;[0m        &amp#27;[90m# starter.stepdefinition.UserSteps.getHTTPValidRequestAllDetailDataUser()&amp#27;[0m
14:53:02.905 [main] DEBUG net.thucydides.core.steps.StepInterceptor -- STARTING STEP: UserSteps.receiveValidAllDetailDataUserResponseCode200 - I receive valid GET all detail data user response code 200
14:53:02.905 [main] DEBUG net.thucydides.core.steps.StepInterceptor -- STEP DONE: I receive valid GET all detail data user response code 200
  &amp#27;[32mThen &amp#27;[0m&amp#27;[32mI receive valid GET all detail data user response code 200&amp#27;[0m    &amp#27;[90m# starter.stepdefinition.UserSteps.receiveValidAllDetailDataUserResponseCode200()&amp#27;[0m
14:53:02.906 [main] INFO  -- 
  _____   ___   ___   _____     ___     _     ___   ___   ___   ___  
 |_   _| | __| / __| |_   _|   | _ \   /_\   / __| / __| | __| |   \ 
   | |   | _|  \__ \   | |     |  _/  / _ \  \__ \ \__ \ | _|  | |) |
   |_|   |___| |___/   |_|     |_|   /_/ \_\ |___/ |___/ |___| |___/ 

[Positive] - USER_ GET all detail data user with valid url
----------------------------------------------------------------------
]]></system-out>
  </testcase>
  <testcase name="[Negative] - USER_GET all detail data cart with invalid url" classname="User" time="0.44">
    <system-out><![CDATA[
Scenario: [Negative] - USER_GET all detail data cart with invalid url &amp#27;[90m# src/test/resources/User.feature:8&amp#27;[0m
14:53:02.909 [main] INFO io.cucumber.core.plugin.SerenityReporter -- Running feature from file:///D:/SEMESTER%205/All%20Section/Section%203%20-%20Code%20Competence/Code%20Competence%20KM%20QA%202/Weekly2/src/test/resources/User.feature
14:53:02.909 [main] WARN io.cucumber.core.plugin.SerenityReporter -- Feature from file:///D:/SEMESTER%205/All%20Section/Section%203%20-%20Code%20Competence/Code%20Competence%20KM%20QA%202/Weekly2/src/test/resources/User.feature is not under the 'features' directory. Requirements report will not be correctly generated!
14:53:02.910 [main] INFO  -- 
  _____   ___   ___   _____     ___   _____     _     ___   _____   ___   ___  
 |_   _| | __| / __| |_   _|   / __| |_   _|   /_\   | _ \ |_   _| | __| |   \ 
   | |   | _|  \__ \   | |     \__ \   | |    / _ \  |   /   | |   | _|  | |) |
   |_|   |___| |___/   |_|     |___/   |_|   /_/ \_\ |_|_\   |_|   |___| |___/ 

[Negative] - USER_GET all detail data cart with invalid url(user;[negative]---user-get-all-detail-data-cart-with-invalid-url)
--------------------------------------------------------------------------------
14:53:02.913 [main] DEBUG net.thucydides.core.steps.StepInterceptor -- STARTING STEP: UserSteps.getInvalidAPIAllDetailDataUser - I GET API all detail data user with invalid endpoints
14:53:02.913 [main] DEBUG net.thucydides.core.steps.StepInterceptor -- STEP DONE: I GET API all detail data user with invalid endpoints
  &amp#27;[32mGiven &amp#27;[0m&amp#27;[32mI GET API all detail data user with invalid endpoints&amp#27;[0m         &amp#27;[90m# starter.stepdefinition.UserSteps.getInvalidAPIAllDetailDataUser()&amp#27;[0m
14:53:02.914 [main] DEBUG net.thucydides.core.steps.StepInterceptor -- STARTING STEP: UserSteps.getHTTPInvalidRequestAllDetailDataUser - I GET HTTP request all detail data user with invalid url
14:53:02.915 [main] DEBUG net.thucydides.core.steps.StepInterceptor -- STARTING STEP: User.getHTTPInvalidRequestAllDetailDataUser - I GET API all detail data user with invalid endpoints
14:53:02.915 [main] DEBUG net.thucydides.core.steps.StepInterceptor -- STEP DONE: I GET API all detail data user with invalid endpoints
14:53:02.917 [main] DEBUG org.apache.http.impl.conn.BasicClientConnectionManager -- Get connection for route {s}->https://fakestoreapi.com:443
14:53:02.917 [main] DEBUG org.apache.http.impl.conn.DefaultClientConnectionOperator -- Connecting to fakestoreapi.com:443
14:53:02.970 [main] DEBUG org.apache.http.client.protocol.RequestAddCookies -- CookieSpec selected: ignoreCookies
14:53:02.970 [main] DEBUG org.apache.http.client.protocol.RequestAuthCache -- Auth cache not set in the context
14:53:02.970 [main] DEBUG org.apache.http.client.protocol.RequestTargetAuthentication -- Target auth state: UNCHALLENGED
14:53:02.970 [main] DEBUG org.apache.http.client.protocol.RequestProxyAuthentication -- Proxy auth state: UNCHALLENGED
14:53:02.971 [main] DEBUG org.apache.http.impl.client.DefaultHttpClient -- Attempt 1 to execute request
14:53:02.971 [main] DEBUG org.apache.http.impl.conn.DefaultClientConnection -- Sending request: GET /user HTTP/1.1
14:53:02.971 [main] DEBUG org.apache.http.wire --  >> "GET /user HTTP/1.1[\r][\n]"
14:53:02.971 [main] DEBUG org.apache.http.wire --  >> "Accept: */*[\r][\n]"
14:53:02.971 [main] DEBUG org.apache.http.wire --  >> "Host: fakestoreapi.com[\r][\n]"
14:53:02.971 [main] DEBUG org.apache.http.wire --  >> "Connection: Keep-Alive[\r][\n]"
14:53:02.971 [main] DEBUG org.apache.http.wire --  >> "User-Agent: Apache-HttpClient/4.5.13 (Java/17.0.8)[\r][\n]"
14:53:02.971 [main] DEBUG org.apache.http.wire --  >> "Accept-Encoding: gzip,deflate[\r][\n]"
14:53:02.971 [main] DEBUG org.apache.http.wire --  >> "[\r][\n]"
14:53:02.971 [main] DEBUG org.apache.http.headers -- >> GET /user HTTP/1.1
14:53:02.971 [main] DEBUG org.apache.http.headers -- >> Accept: */*
14:53:02.971 [main] DEBUG org.apache.http.headers -- >> Host: fakestoreapi.com
14:53:02.971 [main] DEBUG org.apache.http.headers -- >> Connection: Keep-Alive
14:53:02.971 [main] DEBUG org.apache.http.headers -- >> User-Agent: Apache-HttpClient/4.5.13 (Java/17.0.8)
14:53:02.971 [main] DEBUG org.apache.http.headers -- >> Accept-Encoding: gzip,deflate
14:53:03.342 [main] DEBUG org.apache.http.wire --  << "HTTP/1.1 404 Not Found[\r][\n]"
14:53:03.342 [main] DEBUG org.apache.http.wire --  << "Date: Fri, 06 Oct 2023 07:53:04 GMT[\r][\n]"
14:53:03.342 [main] DEBUG org.apache.http.wire --  << "Content-Type: text/html; charset=utf-8[\r][\n]"
14:53:03.342 [main] DEBUG org.apache.http.wire --  << "Transfer-Encoding: chunked[\r][\n]"
14:53:03.342 [main] DEBUG org.apache.http.wire --  << "Connection: keep-alive[\r][\n]"
14:53:03.342 [main] DEBUG org.apache.http.wire --  << "Access-Control-Allow-Origin: *[\r][\n]"
14:53:03.342 [main] DEBUG org.apache.http.wire --  << "Content-Security-Policy: default-src 'none'[\r][\n]"
14:53:03.342 [main] DEBUG org.apache.http.wire --  << "X-Content-Type-Options: nosniff[\r][\n]"
14:53:03.342 [main] DEBUG org.apache.http.wire --  << "X-Powered-By: Express[\r][\n]"
14:53:03.342 [main] DEBUG org.apache.http.wire --  << "CF-Cache-Status: DYNAMIC[\r][\n]"
14:53:03.342 [main] DEBUG org.apache.http.wire --  << "Report-To: {"endpoints":[{"url":"https:\/\/a.nel.cloudflare.com\/report\/v3?s=ACXIatwq4i%2Fe99D%2FDEqXw%2BIbj9zw3GlV80Rdq%2FYsaWTxH8v1%2F9Ymskr94hvQJr5YaEFWvwGjU4%2Fsavw3%2BEiS8XjA7hUDNv4Y%2FJGBdIdVVi1%2Bf4%2BMRTwAXAQ5zV8pM0UbHT%2BV"}],"group":"cf-nel","max_age":604800}[\r][\n]"
14:53:03.342 [main] DEBUG org.apache.http.wire --  << "NEL: {"success_fraction":0,"report_to":"cf-nel","max_age":604800}[\r][\n]"
14:53:03.342 [main] DEBUG org.apache.http.wire --  << "Server: cloudflare[\r][\n]"
14:53:03.342 [main] DEBUG org.apache.http.wire --  << "CF-RAY: 811c541839084076-SIN[\r][\n]"
14:53:03.342 [main] DEBUG org.apache.http.wire --  << "Content-Encoding: gzip[\r][\n]"
14:53:03.342 [main] DEBUG org.apache.http.wire --  << "alt-svc: h3=":443"; ma=86400[\r][\n]"
14:53:03.342 [main] DEBUG org.apache.http.wire --  << "[\r][\n]"
14:53:03.342 [main] DEBUG org.apache.http.impl.conn.DefaultClientConnection -- Receiving response: HTTP/1.1 404 Not Found
14:53:03.342 [main] DEBUG org.apache.http.headers -- << HTTP/1.1 404 Not Found
14:53:03.342 [main] DEBUG org.apache.http.headers -- << Date: Fri, 06 Oct 2023 07:53:04 GMT
14:53:03.342 [main] DEBUG org.apache.http.headers -- << Content-Type: text/html; charset=utf-8
14:53:03.342 [main] DEBUG org.apache.http.headers -- << Transfer-Encoding: chunked
14:53:03.342 [main] DEBUG org.apache.http.headers -- << Connection: keep-alive
14:53:03.342 [main] DEBUG org.apache.http.headers -- << Access-Control-Allow-Origin: *
14:53:03.342 [main] DEBUG org.apache.http.headers -- << Content-Security-Policy: default-src 'none'
14:53:03.342 [main] DEBUG org.apache.http.headers -- << X-Content-Type-Options: nosniff
14:53:03.342 [main] DEBUG org.apache.http.headers -- << X-Powered-By: Express
14:53:03.342 [main] DEBUG org.apache.http.headers -- << CF-Cache-Status: DYNAMIC
14:53:03.342 [main] DEBUG org.apache.http.headers -- << Report-To: {"endpoints":[{"url":"https:\/\/a.nel.cloudflare.com\/report\/v3?s=ACXIatwq4i%2Fe99D%2FDEqXw%2BIbj9zw3GlV80Rdq%2FYsaWTxH8v1%2F9Ymskr94hvQJr5YaEFWvwGjU4%2Fsavw3%2BEiS8XjA7hUDNv4Y%2FJGBdIdVVi1%2Bf4%2BMRTwAXAQ5zV8pM0UbHT%2BV"}],"group":"cf-nel","max_age":604800}
14:53:03.342 [main] DEBUG org.apache.http.headers -- << NEL: {"success_fraction":0,"report_to":"cf-nel","max_age":604800}
14:53:03.342 [main] DEBUG org.apache.http.headers -- << Server: cloudflare
14:53:03.342 [main] DEBUG org.apache.http.headers -- << CF-RAY: 811c541839084076-SIN
14:53:03.342 [main] DEBUG org.apache.http.headers -- << Content-Encoding: gzip
14:53:03.342 [main] DEBUG org.apache.http.headers -- << alt-svc: h3=":443"; ma=86400
14:53:03.342 [main] DEBUG org.apache.http.impl.client.DefaultHttpClient -- Connection can be kept alive indefinitely
14:53:03.342 [main] DEBUG io.restassured.internal.RestAssuredHttpBuilder -- Parsing response as: text/html; charset=utf-8
14:53:03.342 [main] DEBUG org.apache.http.wire --  << "82[\r][\n]"
14:53:03.342 [main] DEBUG org.apache.http.wire --  << "[0x1f][0x8b][0x8][0x0][0x0][0x0][0x0][0x0][0x0][0x3],[0x8d][0xb1][0xe][0xc2]0[0xc]Dw[0x85][0xc9][0x8e][0xbc]2[0xb8]YJ[0xc4][0x8]C[0x17]FC[\r]EJ[0x13][0xe4][0xba][0x3][0x8f][0x2][0x9d]N[0xf7][0xee]N[0xc7][0xbb][0xe3][0xb9][0x1f][0xae][0x97][0x84][0x93][0xcf]9[0x2]7[0xc1],[0xe5][0xd9][0x5]-[0xa1][0x1][0x95]1[0x2][0xcf][0xea][0x82][0xf7]IlQ[0xef][0xc2][0xea][0x8f][0xfd][0xa1][0xa5][0xfe][0xf2][0xac]1[0x99]Uc[0xfa][0x1b]`[0xda]6[0xb7]:~"[0xf0][0xdb]4[0xf6]RJu<[0xa5][0x1]i][0xd4][0x98][0x1a][0x5][0xa6][0xad]C[0xbf][0xfb]/[0x0][0x0][0x0][0xff][0xff]"
14:53:03.342 [main] DEBUG org.apache.http.wire --  << "[\r][\n]"
14:53:03.342 [main] DEBUG org.apache.http.wire --  << "b[\r][\n]"
14:53:03.342 [main] DEBUG org.apache.http.wire --  << "[0xe3][0x2][0x0]#*[0x80][0xcf][0x8f][0x0][0x0][0x0]"
14:53:03.342 [main] DEBUG org.apache.http.wire --  << "[\r][\n]"
14:53:03.342 [main] DEBUG org.apache.http.wire --  << "0[\r][\n]"
14:53:03.343 [main] DEBUG org.apache.http.wire --  << "[\r][\n]"
14:53:03.343 [main] DEBUG io.restassured.internal.RestAssuredHttpBuilder -- Parsed data to instance of: class org.apache.http.conn.EofSensorInputStream
14:53:03.343 [main] DEBUG org.apache.http.impl.conn.BasicClientConnectionManager -- Releasing connection org.apache.http.impl.conn.ManagedClientConnectionImpl@38cbbd0b
14:53:03.343 [main] DEBUG org.apache.http.impl.conn.BasicClientConnectionManager -- Connection can be kept alive indefinitely
14:53:03.344 [main] DEBUG net.thucydides.core.steps.StepInterceptor -- STEP DONE: I GET HTTP request all detail data user with invalid url
  &amp#27;[32mWhen &amp#27;[0m&amp#27;[32mI GET HTTP request all detail data user with invalid url&amp#27;[0m       &amp#27;[90m# starter.stepdefinition.UserSteps.getHTTPInvalidRequestAllDetailDataUser()&amp#27;[0m
14:53:03.345 [main] DEBUG net.thucydides.core.steps.StepInterceptor -- STARTING STEP: UserSteps.receiveInvalidAllDetailDataUserResponseCode404 - I receive invalid GET all detail data user response code 404
14:53:03.346 [main] DEBUG net.thucydides.core.steps.StepInterceptor -- STEP DONE: I receive invalid GET all detail data user response code 404
  &amp#27;[32mThen &amp#27;[0m&amp#27;[32mI receive invalid GET all detail data user response code 404&amp#27;[0m   &amp#27;[90m# starter.stepdefinition.UserSteps.receiveInvalidAllDetailDataUserResponseCode404()&amp#27;[0m
14:53:03.346 [main] INFO  -- 
  _____   ___   ___   _____     ___     _     ___   ___   ___   ___  
 |_   _| | __| / __| |_   _|   | _ \   /_\   / __| / __| | __| |   \ 
   | |   | _|  \__ \   | |     |  _/  / _ \  \__ \ \__ \ | _|  | |) |
   |_|   |___| |___/   |_|     |_|   /_/ \_\ |___/ |___/ |___| |___/ 

[Negative] - USER_GET all detail data cart with invalid url
----------------------------------------------------------------------
]]></system-out>
  </testcase>
  <testcase name="[Positive] - USER_GET a single user with valid endpoints" classname="User" time="0.705">
    <system-out><![CDATA[
Scenario: [Positive] - USER_GET a single user with valid endpoints &amp#27;[90m# src/test/resources/User.feature:13&amp#27;[0m
14:53:03.349 [main] INFO io.cucumber.core.plugin.SerenityReporter -- Running feature from file:///D:/SEMESTER%205/All%20Section/Section%203%20-%20Code%20Competence/Code%20Competence%20KM%20QA%202/Weekly2/src/test/resources/User.feature
14:53:03.349 [main] WARN io.cucumber.core.plugin.SerenityReporter -- Feature from file:///D:/SEMESTER%205/All%20Section/Section%203%20-%20Code%20Competence/Code%20Competence%20KM%20QA%202/Weekly2/src/test/resources/User.feature is not under the 'features' directory. Requirements report will not be correctly generated!
14:53:03.349 [main] INFO  -- 
  _____   ___   ___   _____     ___   _____     _     ___   _____   ___   ___  
 |_   _| | __| / __| |_   _|   / __| |_   _|   /_\   | _ \ |_   _| | __| |   \ 
   | |   | _|  \__ \   | |     \__ \   | |    / _ \  |   /   | |   | _|  | |) |
   |_|   |___| |___/   |_|     |___/   |_|   /_/ \_\ |_|_\   |_|   |___| |___/ 

[Positive] - USER_GET a single user with valid endpoints(user;[positive]---user-get-a-single-user-with-valid-endpoints)
--------------------------------------------------------------------------------
14:53:03.354 [main] DEBUG net.thucydides.core.steps.StepInterceptor -- STARTING STEP: UserSteps.getSingleUserValidEndpoint - I GET API single user with valid endpoints
14:53:03.354 [main] DEBUG net.thucydides.core.steps.StepInterceptor -- STEP DONE: I GET API single user with valid endpoints
  &amp#27;[32mGiven &amp#27;[0m&amp#27;[32mI GET API single user with valid endpoints&amp#27;[0m                 &amp#27;[90m# starter.stepdefinition.UserSteps.getSingleUserValidEndpoint()&amp#27;[0m
14:53:03.355 [main] DEBUG net.thucydides.core.steps.StepInterceptor -- STARTING STEP: UserSteps.getSingleUserValidRequest - I GET HTTP request single user with valid endpoints
14:53:03.356 [main] DEBUG net.thucydides.core.steps.StepInterceptor -- STARTING STEP: User.getSingleUserValidRequest - I GET API single user with valid endpoints
14:53:03.356 [main] DEBUG net.thucydides.core.steps.StepInterceptor -- STEP DONE: I GET API single user with valid endpoints
14:53:03.359 [main] DEBUG org.apache.http.impl.conn.BasicClientConnectionManager -- Get connection for route {s}->https://fakestoreapi.com:443
14:53:03.359 [main] DEBUG org.apache.http.impl.conn.DefaultClientConnectionOperator -- Connecting to fakestoreapi.com:443
14:53:03.495 [main] DEBUG org.apache.http.client.protocol.RequestAddCookies -- CookieSpec selected: ignoreCookies
14:53:03.495 [main] DEBUG org.apache.http.client.protocol.RequestAuthCache -- Auth cache not set in the context
14:53:03.495 [main] DEBUG org.apache.http.client.protocol.RequestTargetAuthentication -- Target auth state: UNCHALLENGED
14:53:03.495 [main] DEBUG org.apache.http.client.protocol.RequestProxyAuthentication -- Proxy auth state: UNCHALLENGED
14:53:03.495 [main] DEBUG org.apache.http.impl.client.DefaultHttpClient -- Attempt 1 to execute request
14:53:03.495 [main] DEBUG org.apache.http.impl.conn.DefaultClientConnection -- Sending request: GET /users/1 HTTP/1.1
14:53:03.495 [main] DEBUG org.apache.http.wire --  >> "GET /users/1 HTTP/1.1[\r][\n]"
14:53:03.495 [main] DEBUG org.apache.http.wire --  >> "Accept: */*[\r][\n]"
14:53:03.495 [main] DEBUG org.apache.http.wire --  >> "Host: fakestoreapi.com[\r][\n]"
14:53:03.495 [main] DEBUG org.apache.http.wire --  >> "Connection: Keep-Alive[\r][\n]"
14:53:03.495 [main] DEBUG org.apache.http.wire --  >> "User-Agent: Apache-HttpClient/4.5.13 (Java/17.0.8)[\r][\n]"
14:53:03.495 [main] DEBUG org.apache.http.wire --  >> "Accept-Encoding: gzip,deflate[\r][\n]"
14:53:03.495 [main] DEBUG org.apache.http.wire --  >> "[\r][\n]"
14:53:03.495 [main] DEBUG org.apache.http.headers -- >> GET /users/1 HTTP/1.1
14:53:03.495 [main] DEBUG org.apache.http.headers -- >> Accept: */*
14:53:03.495 [main] DEBUG org.apache.http.headers -- >> Host: fakestoreapi.com
14:53:03.495 [main] DEBUG org.apache.http.headers -- >> Connection: Keep-Alive
14:53:03.495 [main] DEBUG org.apache.http.headers -- >> User-Agent: Apache-HttpClient/4.5.13 (Java/17.0.8)
14:53:03.495 [main] DEBUG org.apache.http.headers -- >> Accept-Encoding: gzip,deflate
14:53:04.041 [main] DEBUG org.apache.http.wire --  << "HTTP/1.1 200 OK[\r][\n]"
14:53:04.041 [main] DEBUG org.apache.http.wire --  << "Date: Fri, 06 Oct 2023 07:53:05 GMT[\r][\n]"
14:53:04.041 [main] DEBUG org.apache.http.wire --  << "Content-Type: application/json; charset=utf-8[\r][\n]"
14:53:04.041 [main] DEBUG org.apache.http.wire --  << "Transfer-Encoding: chunked[\r][\n]"
14:53:04.041 [main] DEBUG org.apache.http.wire --  << "Connection: keep-alive[\r][\n]"
14:53:04.041 [main] DEBUG org.apache.http.wire --  << "Access-Control-Allow-Origin: *[\r][\n]"
14:53:04.041 [main] DEBUG org.apache.http.wire --  << "Etag: W/"120-HNMhv14aQeBJetA9fBvavCZ+gdk"[\r][\n]"
14:53:04.041 [main] DEBUG org.apache.http.wire --  << "X-Powered-By: Express[\r][\n]"
14:53:04.041 [main] DEBUG org.apache.http.wire --  << "CF-Cache-Status: DYNAMIC[\r][\n]"
14:53:04.041 [main] DEBUG org.apache.http.wire --  << "Report-To: {"endpoints":[{"url":"https:\/\/a.nel.cloudflare.com\/report\/v3?s=r89o%2BRWe7ciyIL%2Fs5GCelEhtE7oMl8XD6JL65y%2FlhYFx3WISndx29MDiYZ9VQtJZDngcrLHNISs2D7Fbi3BpnErG%2FKPPIk3S%2FwKUBGJytSP7k%2FW%2Bc0Kt2r3qb9INmFZ35%2BT8"}],"group":"cf-nel","max_age":604800}[\r][\n]"
14:53:04.041 [main] DEBUG org.apache.http.wire --  << "NEL: {"success_fraction":0,"report_to":"cf-nel","max_age":604800}[\r][\n]"
14:53:04.041 [main] DEBUG org.apache.http.wire --  << "Server: cloudflare[\r][\n]"
14:53:04.041 [main] DEBUG org.apache.http.wire --  << "CF-RAY: 811c541b7f8a6baa-SIN[\r][\n]"
14:53:04.041 [main] DEBUG org.apache.http.wire --  << "Content-Encoding: gzip[\r][\n]"
14:53:04.041 [main] DEBUG org.apache.http.wire --  << "alt-svc: h3=":443"; ma=86400[\r][\n]"
14:53:04.041 [main] DEBUG org.apache.http.wire --  << "[\r][\n]"
14:53:04.041 [main] DEBUG org.apache.http.impl.conn.DefaultClientConnection -- Receiving response: HTTP/1.1 200 OK
14:53:04.041 [main] DEBUG org.apache.http.headers -- << HTTP/1.1 200 OK
14:53:04.041 [main] DEBUG org.apache.http.headers -- << Date: Fri, 06 Oct 2023 07:53:05 GMT
14:53:04.041 [main] DEBUG org.apache.http.headers -- << Content-Type: application/json; charset=utf-8
14:53:04.041 [main] DEBUG org.apache.http.headers -- << Transfer-Encoding: chunked
14:53:04.041 [main] DEBUG org.apache.http.headers -- << Connection: keep-alive
14:53:04.041 [main] DEBUG org.apache.http.headers -- << Access-Control-Allow-Origin: *
14:53:04.041 [main] DEBUG org.apache.http.headers -- << Etag: W/"120-HNMhv14aQeBJetA9fBvavCZ+gdk"
14:53:04.041 [main] DEBUG org.apache.http.headers -- << X-Powered-By: Express
14:53:04.041 [main] DEBUG org.apache.http.headers -- << CF-Cache-Status: DYNAMIC
14:53:04.041 [main] DEBUG org.apache.http.headers -- << Report-To: {"endpoints":[{"url":"https:\/\/a.nel.cloudflare.com\/report\/v3?s=r89o%2BRWe7ciyIL%2Fs5GCelEhtE7oMl8XD6JL65y%2FlhYFx3WISndx29MDiYZ9VQtJZDngcrLHNISs2D7Fbi3BpnErG%2FKPPIk3S%2FwKUBGJytSP7k%2FW%2Bc0Kt2r3qb9INmFZ35%2BT8"}],"group":"cf-nel","max_age":604800}
14:53:04.041 [main] DEBUG org.apache.http.headers -- << NEL: {"success_fraction":0,"report_to":"cf-nel","max_age":604800}
14:53:04.041 [main] DEBUG org.apache.http.headers -- << Server: cloudflare
14:53:04.041 [main] DEBUG org.apache.http.headers -- << CF-RAY: 811c541b7f8a6baa-SIN
14:53:04.041 [main] DEBUG org.apache.http.headers -- << Content-Encoding: gzip
14:53:04.041 [main] DEBUG org.apache.http.headers -- << alt-svc: h3=":443"; ma=86400
14:53:04.041 [main] DEBUG org.apache.http.impl.client.DefaultHttpClient -- Connection can be kept alive indefinitely
14:53:04.042 [main] DEBUG io.restassured.internal.RestAssuredHttpBuilder -- Parsing response as: application/json; charset=utf-8
14:53:04.042 [main] DEBUG org.apache.http.wire --  << "e3[\r][\n]"
14:53:04.042 [main] DEBUG org.apache.http.wire --  << "[0x1f][0x8b][0x8][0x0][0x0][0x0][0x0][0x0][0x0][0x3]LO[0xcb]N[0xc3]0[0x10][0xfc][0x15]4[0xe2][0xe8]DI[0xdc][0xc6][0x89]O=[0xf1][0x1b][0x95][0x89][0x97][0xd4]`{#[0xdb][0xa5][0x82][0xa8][0xff][0x8e]\![0xc4]qvv^;[0x8c][0xb5][0x89]r[0x86][0xde][0xb1][0x12]{^Lq[0x1c]+[0xf4][0xa6]@[0xa3][0x91][0xaa][0x95][0xfd]q[0x86][0x80][0xe7][0xb8]Bc[0xea][0xdb][0xfe]0[0x8f][0xb8][0xb],[0xae]|A[0xe3][0xc3][0xf9][0x85][0xd9][0x13][0x4]rIDU[0x17][0xe9][0xf6][0x94][0xd8]X[0x8][0xc4]kx[0xa5][0x4][0xad][0xc6]i[0x10][0xf8]v[0xdb][0xc2][0x96][0xa0][0xd1][0xf][0xf3]06rR[0x87][0xea][0xe5],t/@[0xc1]8[0xf][0x8d]w[0xbe][0xc4][0xd3]ZA[0xbb]p[0x80][0xc0]5S[0x8a]&[0xd0]/W[0x8d]7[0x93][0xf3][0x8d][0x93][0x85]F[0x90]S[\n]"
14:53:04.042 [main] DEBUG org.apache.http.wire --  << "/[0xcf]5[0xed][0xf1][0xb3][0xe3][0xcd][0xa5]\[0xfe][0x9][0xea][0x0][0xf3]w[0xb1]L5t[0xbb]p|Ti[0x8e][0xaa]k[0x6]96[0xaa][0x93][0x12][0x2][0xe7][0xf3]'tw[0xff][0x1][0x0][0x0][0xff][0xff][0x3][0x0][0xee][0xd7][0xb6][0xa6] [0x1][0x0][0x0]"
14:53:04.042 [main] DEBUG org.apache.http.wire --  << "[\r][\n]"
14:53:04.042 [main] DEBUG org.apache.http.wire --  << "0[\r][\n]"
14:53:04.042 [main] DEBUG org.apache.http.wire --  << "[\r][\n]"
14:53:04.042 [main] DEBUG io.restassured.internal.RestAssuredHttpBuilder -- Parsed data to instance of: class org.apache.http.conn.EofSensorInputStream
14:53:04.042 [main] DEBUG org.apache.http.impl.conn.BasicClientConnectionManager -- Releasing connection org.apache.http.impl.conn.ManagedClientConnectionImpl@6f2f4b9e
14:53:04.042 [main] DEBUG org.apache.http.impl.conn.BasicClientConnectionManager -- Connection can be kept alive indefinitely
14:53:04.043 [main] DEBUG net.thucydides.core.steps.StepInterceptor -- STEP DONE: I GET HTTP request single user with valid endpoints
  &amp#27;[32mWhen &amp#27;[0m&amp#27;[32mI GET HTTP request single user with valid endpoints&amp#27;[0m         &amp#27;[90m# starter.stepdefinition.UserSteps.getSingleUserValidRequest()&amp#27;[0m
14:53:04.044 [main] DEBUG net.thucydides.core.steps.StepInterceptor -- STARTING STEP: UserSteps.receiveValidDataForSingleUser - I receive valid data for single user
14:53:04.050 [main] DEBUG net.thucydides.core.steps.StepInterceptor -- STEP DONE: I receive valid data for single user
  &amp#27;[32mAnd &amp#27;[0m&amp#27;[32mI receive valid data for single user&amp#27;[0m                         &amp#27;[90m# starter.stepdefinition.UserSteps.receiveValidDataForSingleUser()&amp#27;[0m
14:53:04.051 [main] DEBUG net.thucydides.core.steps.StepInterceptor -- STARTING STEP: UserSteps.receiveValidSingleUserResponseCode200 - I receive valid GET single user response code 200
14:53:04.051 [main] DEBUG net.thucydides.core.steps.StepInterceptor -- STEP DONE: I receive valid GET single user response code 200
  &amp#27;[32mThen &amp#27;[0m&amp#27;[32mI receive valid GET single user response code 200&amp#27;[0m           &amp#27;[90m# starter.stepdefinition.UserSteps.receiveValidSingleUserResponseCode200()&amp#27;[0m
14:53:04.052 [main] INFO  -- 
  _____   ___   ___   _____     ___     _     ___   ___   ___   ___  
 |_   _| | __| / __| |_   _|   | _ \   /_\   / __| / __| | __| |   \ 
   | |   | _|  \__ \   | |     |  _/  / _ \  \__ \ \__ \ | _|  | |) |
   |_|   |___| |___/   |_|     |_|   /_/ \_\ |___/ |___/ |___| |___/ 

[Positive] - USER_GET a single user with valid endpoints
----------------------------------------------------------------------
]]></system-out>
  </testcase>
  <testcase name="[Negative] - USER_GET a single user with invalid endpoints" classname="User" time="0.448">
    <system-out><![CDATA[14:53:04.058 [Finalizer] DEBUG org.apache.http.impl.conn.DefaultClientConnection -- Connection 0.0.0.0:51014<->104.21.87.105:443 closed
14:53:04.059 [Finalizer] DEBUG org.apache.http.impl.conn.DefaultClientConnection -- Connection 0.0.0.0:51015<->104.21.87.105:443 closed

Scenario: [Negative] - USER_GET a single user with invalid endpoints &amp#27;[90m# src/test/resources/User.feature:19&amp#27;[0m
14:53:04.059 [Finalizer] DEBUG org.apache.http.impl.conn.DefaultClientConnection -- Connection 0.0.0.0:51012<->104.21.87.105:443 closed
14:53:04.059 [Finalizer] DEBUG org.apache.http.impl.conn.DefaultClientConnection -- Connection 0.0.0.0:51013<->104.21.87.105:443 closed
14:53:04.059 [main] INFO io.cucumber.core.plugin.SerenityReporter -- Running feature from file:///D:/SEMESTER%205/All%20Section/Section%203%20-%20Code%20Competence/Code%20Competence%20KM%20QA%202/Weekly2/src/test/resources/User.feature
14:53:04.059 [main] WARN io.cucumber.core.plugin.SerenityReporter -- Feature from file:///D:/SEMESTER%205/All%20Section/Section%203%20-%20Code%20Competence/Code%20Competence%20KM%20QA%202/Weekly2/src/test/resources/User.feature is not under the 'features' directory. Requirements report will not be correctly generated!
14:53:04.059 [main] INFO  -- 
  _____   ___   ___   _____     ___   _____     _     ___   _____   ___   ___  
 |_   _| | __| / __| |_   _|   / __| |_   _|   /_\   | _ \ |_   _| | __| |   \ 
   | |   | _|  \__ \   | |     \__ \   | |    / _ \  |   /   | |   | _|  | |) |
   |_|   |___| |___/   |_|     |___/   |_|   /_/ \_\ |_|_\   |_|   |___| |___/ 

[Negative] - USER_GET a single user with invalid endpoints(user;[negative]---user-get-a-single-user-with-invalid-endpoints)
--------------------------------------------------------------------------------
14:53:04.063 [main] DEBUG net.thucydides.core.steps.StepInterceptor -- STARTING STEP: UserSteps.getSingleUserInvalidEndpoint - I GET API single user with invalid endpoints
14:53:04.063 [main] DEBUG net.thucydides.core.steps.StepInterceptor -- STEP DONE: I GET API single user with invalid endpoints
  &amp#27;[32mGiven &amp#27;[0m&amp#27;[32mI GET API single user with invalid endpoints&amp#27;[0m                 &amp#27;[90m# starter.stepdefinition.UserSteps.getSingleUserInvalidEndpoint()&amp#27;[0m
14:53:04.064 [main] DEBUG net.thucydides.core.steps.StepInterceptor -- STARTING STEP: UserSteps.getSingleUserInvalidRequest - I GET HTTP request single user with invalid endpoints
14:53:04.064 [main] DEBUG net.thucydides.core.steps.StepInterceptor -- STARTING STEP: User.getSingleUserInvalidRequest - I GET API single user with invalid endpoints
14:53:04.065 [main] DEBUG net.thucydides.core.steps.StepInterceptor -- STEP DONE: I GET API single user with invalid endpoints
14:53:04.067 [main] DEBUG org.apache.http.impl.conn.BasicClientConnectionManager -- Get connection for route {s}->https://fakestoreapi.com:443
14:53:04.067 [main] DEBUG org.apache.http.impl.conn.DefaultClientConnectionOperator -- Connecting to fakestoreapi.com:443
14:53:04.134 [main] DEBUG org.apache.http.client.protocol.RequestAddCookies -- CookieSpec selected: ignoreCookies
14:53:04.134 [main] DEBUG org.apache.http.client.protocol.RequestAuthCache -- Auth cache not set in the context
14:53:04.134 [main] DEBUG org.apache.http.client.protocol.RequestTargetAuthentication -- Target auth state: UNCHALLENGED
14:53:04.134 [main] DEBUG org.apache.http.client.protocol.RequestProxyAuthentication -- Proxy auth state: UNCHALLENGED
14:53:04.134 [main] DEBUG org.apache.http.impl.client.DefaultHttpClient -- Attempt 1 to execute request
14:53:04.134 [main] DEBUG org.apache.http.impl.conn.DefaultClientConnection -- Sending request: GET /user/1 HTTP/1.1
14:53:04.134 [main] DEBUG org.apache.http.wire --  >> "GET /user/1 HTTP/1.1[\r][\n]"
14:53:04.134 [main] DEBUG org.apache.http.wire --  >> "Accept: */*[\r][\n]"
14:53:04.134 [main] DEBUG org.apache.http.wire --  >> "Host: fakestoreapi.com[\r][\n]"
14:53:04.134 [main] DEBUG org.apache.http.wire --  >> "Connection: Keep-Alive[\r][\n]"
14:53:04.134 [main] DEBUG org.apache.http.wire --  >> "User-Agent: Apache-HttpClient/4.5.13 (Java/17.0.8)[\r][\n]"
14:53:04.134 [main] DEBUG org.apache.http.wire --  >> "Accept-Encoding: gzip,deflate[\r][\n]"
14:53:04.134 [main] DEBUG org.apache.http.wire --  >> "[\r][\n]"
14:53:04.134 [main] DEBUG org.apache.http.headers -- >> GET /user/1 HTTP/1.1
14:53:04.134 [main] DEBUG org.apache.http.headers -- >> Accept: */*
14:53:04.134 [main] DEBUG org.apache.http.headers -- >> Host: fakestoreapi.com
14:53:04.135 [main] DEBUG org.apache.http.headers -- >> Connection: Keep-Alive
14:53:04.135 [main] DEBUG org.apache.http.headers -- >> User-Agent: Apache-HttpClient/4.5.13 (Java/17.0.8)
14:53:04.135 [main] DEBUG org.apache.http.headers -- >> Accept-Encoding: gzip,deflate
14:53:04.493 [main] DEBUG org.apache.http.wire --  << "HTTP/1.1 404 Not Found[\r][\n]"
14:53:04.493 [main] DEBUG org.apache.http.wire --  << "Date: Fri, 06 Oct 2023 07:53:05 GMT[\r][\n]"
14:53:04.493 [main] DEBUG org.apache.http.wire --  << "Content-Type: text/html; charset=utf-8[\r][\n]"
14:53:04.493 [main] DEBUG org.apache.http.wire --  << "Transfer-Encoding: chunked[\r][\n]"
14:53:04.493 [main] DEBUG org.apache.http.wire --  << "Connection: keep-alive[\r][\n]"
14:53:04.493 [main] DEBUG org.apache.http.wire --  << "Access-Control-Allow-Origin: *[\r][\n]"
14:53:04.493 [main] DEBUG org.apache.http.wire --  << "Content-Security-Policy: default-src 'none'[\r][\n]"
14:53:04.493 [main] DEBUG org.apache.http.wire --  << "X-Content-Type-Options: nosniff[\r][\n]"
14:53:04.493 [main] DEBUG org.apache.http.wire --  << "X-Powered-By: Express[\r][\n]"
14:53:04.493 [main] DEBUG org.apache.http.wire --  << "CF-Cache-Status: DYNAMIC[\r][\n]"
14:53:04.493 [main] DEBUG org.apache.http.wire --  << "Report-To: {"endpoints":[{"url":"https:\/\/a.nel.cloudflare.com\/report\/v3?s=bE%2FlCzOIOAuhomSPDZXoCwDvjNlZltbpMHwH1%2BIokJKRqLf9HtUtPGwl24PXvWCRHS2%2BB4ztBrZRJD%2FoIYwJlPTIDINScEPjAL6R9Mafr3Pdf786APZmDWsqkVFxL4UEVEFe"}],"group":"cf-nel","max_age":604800}[\r][\n]"
14:53:04.493 [main] DEBUG org.apache.http.wire --  << "NEL: {"success_fraction":0,"report_to":"cf-nel","max_age":604800}[\r][\n]"
14:53:04.493 [main] DEBUG org.apache.http.wire --  << "Server: cloudflare[\r][\n]"
14:53:04.493 [main] DEBUG org.apache.http.wire --  << "CF-RAY: 811c541f7ebd4110-SIN[\r][\n]"
14:53:04.493 [main] DEBUG org.apache.http.wire --  << "Content-Encoding: gzip[\r][\n]"
14:53:04.493 [main] DEBUG org.apache.http.wire --  << "alt-svc: h3=":443"; ma=86400[\r][\n]"
14:53:04.493 [main] DEBUG org.apache.http.wire --  << "[\r][\n]"
14:53:04.493 [main] DEBUG org.apache.http.impl.conn.DefaultClientConnection -- Receiving response: HTTP/1.1 404 Not Found
14:53:04.493 [main] DEBUG org.apache.http.headers -- << HTTP/1.1 404 Not Found
14:53:04.493 [main] DEBUG org.apache.http.headers -- << Date: Fri, 06 Oct 2023 07:53:05 GMT
14:53:04.493 [main] DEBUG org.apache.http.headers -- << Content-Type: text/html; charset=utf-8
14:53:04.493 [main] DEBUG org.apache.http.headers -- << Transfer-Encoding: chunked
14:53:04.493 [main] DEBUG org.apache.http.headers -- << Connection: keep-alive
14:53:04.493 [main] DEBUG org.apache.http.headers -- << Access-Control-Allow-Origin: *
14:53:04.493 [main] DEBUG org.apache.http.headers -- << Content-Security-Policy: default-src 'none'
14:53:04.493 [main] DEBUG org.apache.http.headers -- << X-Content-Type-Options: nosniff
14:53:04.493 [main] DEBUG org.apache.http.headers -- << X-Powered-By: Express
14:53:04.493 [main] DEBUG org.apache.http.headers -- << CF-Cache-Status: DYNAMIC
14:53:04.493 [main] DEBUG org.apache.http.headers -- << Report-To: {"endpoints":[{"url":"https:\/\/a.nel.cloudflare.com\/report\/v3?s=bE%2FlCzOIOAuhomSPDZXoCwDvjNlZltbpMHwH1%2BIokJKRqLf9HtUtPGwl24PXvWCRHS2%2BB4ztBrZRJD%2FoIYwJlPTIDINScEPjAL6R9Mafr3Pdf786APZmDWsqkVFxL4UEVEFe"}],"group":"cf-nel","max_age":604800}
14:53:04.493 [main] DEBUG org.apache.http.headers -- << NEL: {"success_fraction":0,"report_to":"cf-nel","max_age":604800}
14:53:04.493 [main] DEBUG org.apache.http.headers -- << Server: cloudflare
14:53:04.493 [main] DEBUG org.apache.http.headers -- << CF-RAY: 811c541f7ebd4110-SIN
14:53:04.493 [main] DEBUG org.apache.http.headers -- << Content-Encoding: gzip
14:53:04.493 [main] DEBUG org.apache.http.headers -- << alt-svc: h3=":443"; ma=86400
14:53:04.493 [main] DEBUG org.apache.http.impl.client.DefaultHttpClient -- Connection can be kept alive indefinitely
14:53:04.493 [main] DEBUG io.restassured.internal.RestAssuredHttpBuilder -- Parsing response as: text/html; charset=utf-8
14:53:04.493 [main] DEBUG org.apache.http.wire --  << "90[\r][\n]"
14:53:04.493 [main] DEBUG org.apache.http.wire --  << "[0x1f][0x8b][0x8][0x0][0x0][0x0][0x0][0x0][0x0][0x3],[0x8e][0xb1][0xe][0xc2]0[0xc]Dw[0x85][0xc9][0x8e],6[0x6]7K[0x89][0x18]a[0xe8][0xd2]1PC[0x91][0xd2][0xa4]r[0xdd][0x81][0xbf][0xaf][0x2][0x9d]N[0xf7][0xee]N:>\nm[0xd7][0xdf][0x3][0x8e]6%[0xf]\[0x5]S[0xcc][0xef][0xc6]Iv[0x15]H[0x1c]<[0xf0]$[0x16][0xf1]9F][0xc4][0x1a][0xb7][0xda][0xeb]x[0xae][0xa9]},[0x89][0xf][0xaa]E[0x99][0xfe][0x6][0x98][0xf6][0xcd][0xa3][0xc]_[0xf]<[0xab][0xf8]6[0xe6]\[0xc][0xaf][0xa1]CZ[0x17]Q:1U[0xe]L{[0x8b]~[0x7]6[0x0][0x0][0x0][0xff][0xff][0xe3][0x2][0x0][0xa7][0x1f][0xfb]`[0x91][0x0][0x0][0x0]"
14:53:04.493 [main] DEBUG org.apache.http.wire --  << "[\r][\n]"
14:53:04.493 [main] DEBUG org.apache.http.wire --  << "0[\r][\n]"
14:53:04.493 [main] DEBUG org.apache.http.wire --  << "[\r][\n]"
14:53:04.493 [main] DEBUG io.restassured.internal.RestAssuredHttpBuilder -- Parsed data to instance of: class org.apache.http.conn.EofSensorInputStream
14:53:04.494 [main] DEBUG org.apache.http.impl.conn.BasicClientConnectionManager -- Releasing connection org.apache.http.impl.conn.ManagedClientConnectionImpl@21b508a0
14:53:04.494 [main] DEBUG org.apache.http.impl.conn.BasicClientConnectionManager -- Connection can be kept alive indefinitely
14:53:04.494 [main] DEBUG net.thucydides.core.steps.StepInterceptor -- STEP DONE: I GET HTTP request single user with invalid endpoints
  &amp#27;[32mWhen &amp#27;[0m&amp#27;[32mI GET HTTP request single user with invalid endpoints&amp#27;[0m         &amp#27;[90m# starter.stepdefinition.UserSteps.getSingleUserInvalidRequest()&amp#27;[0m
14:53:04.496 [main] DEBUG net.thucydides.core.steps.StepInterceptor -- STARTING STEP: UserSteps.receiveInvalidDataForSingleUser - I receive invalid data for single user
14:53:04.496 [main] DEBUG net.thucydides.core.steps.StepInterceptor -- STEP DONE: I receive invalid data for single user
  &amp#27;[32mAnd &amp#27;[0m&amp#27;[32mI receive invalid data for single user&amp#27;[0m                         &amp#27;[90m# starter.stepdefinition.UserSteps.receiveInvalidDataForSingleUser()&amp#27;[0m
14:53:04.498 [main] DEBUG net.thucydides.core.steps.StepInterceptor -- STARTING STEP: UserSteps.receiveInvalidSingleUserResponseCode404 - I receive invalid GET single user response code 404
14:53:04.498 [main] DEBUG net.thucydides.core.steps.StepInterceptor -- STEP DONE: I receive invalid GET single user response code 404
  &amp#27;[32mThen &amp#27;[0m&amp#27;[32mI receive invalid GET single user response code 404&amp#27;[0m           &amp#27;[90m# starter.stepdefinition.UserSteps.receiveInvalidSingleUserResponseCode404()&amp#27;[0m
14:53:04.499 [main] INFO  -- 
  _____   ___   ___   _____     ___     _     ___   ___   ___   ___  
 |_   _| | __| / __| |_   _|   | _ \   /_\   / __| / __| | __| |   \ 
   | |   | _|  \__ \   | |     |  _/  / _ \  \__ \ \__ \ | _|  | |) |
   |_|   |___| |___/   |_|     |_|   /_/ \_\ |___/ |___/ |___| |___/ 

[Negative] - USER_GET a single user with invalid endpoints
----------------------------------------------------------------------
]]></system-out>
  </testcase>
  <testcase name="[Positive] - USER_GET limit result with valid param" classname="User" time="0.618">
    <system-out><![CDATA[
Scenario: [Positive] - USER_GET limit result with valid param &amp#27;[90m# src/test/resources/User.feature:25&amp#27;[0m
14:53:04.502 [main] INFO io.cucumber.core.plugin.SerenityReporter -- Running feature from file:///D:/SEMESTER%205/All%20Section/Section%203%20-%20Code%20Competence/Code%20Competence%20KM%20QA%202/Weekly2/src/test/resources/User.feature
14:53:04.502 [main] WARN io.cucumber.core.plugin.SerenityReporter -- Feature from file:///D:/SEMESTER%205/All%20Section/Section%203%20-%20Code%20Competence/Code%20Competence%20KM%20QA%202/Weekly2/src/test/resources/User.feature is not under the 'features' directory. Requirements report will not be correctly generated!
14:53:04.502 [main] INFO  -- 
  _____   ___   ___   _____     ___   _____     _     ___   _____   ___   ___  
 |_   _| | __| / __| |_   _|   / __| |_   _|   /_\   | _ \ |_   _| | __| |   \ 
   | |   | _|  \__ \   | |     \__ \   | |    / _ \  |   /   | |   | _|  | |) |
   |_|   |___| |___/   |_|     |___/   |_|   /_/ \_\ |_|_\   |_|   |___| |___/ 

[Positive] - USER_GET limit result with valid param(user;[positive]---user-get-limit-result-with-valid-param)
--------------------------------------------------------------------------------
14:53:04.505 [main] DEBUG net.thucydides.core.steps.StepInterceptor -- STARTING STEP: UserSteps.getLimitUserRequest - I GET user limit result
14:53:04.505 [main] DEBUG net.thucydides.core.steps.StepInterceptor -- STEP DONE: I GET user limit result
  &amp#27;[32mGiven &amp#27;[0m&amp#27;[32mI GET user limit result&amp#27;[0m                               &amp#27;[90m# starter.stepdefinition.UserSteps.getLimitUserRequest()&amp#27;[0m
14:53:04.506 [main] DEBUG net.thucydides.core.steps.StepInterceptor -- STARTING STEP: UserSteps.getHTTPRequestWithLimitUserParam - I GET HTTP request with valid param
14:53:04.507 [main] DEBUG net.thucydides.core.steps.StepInterceptor -- STARTING STEP: User.getHTTPRequestWithLimitUserParam - I GET user limit result
14:53:04.507 [main] DEBUG net.thucydides.core.steps.StepInterceptor -- STEP DONE: I GET user limit result
14:53:04.510 [main] DEBUG org.apache.http.impl.conn.BasicClientConnectionManager -- Get connection for route {s}->https://fakestoreapi.com:443
14:53:04.510 [main] DEBUG org.apache.http.impl.conn.DefaultClientConnectionOperator -- Connecting to fakestoreapi.com:443
14:53:04.571 [main] DEBUG org.apache.http.client.protocol.RequestAddCookies -- CookieSpec selected: ignoreCookies
14:53:04.571 [main] DEBUG org.apache.http.client.protocol.RequestAuthCache -- Auth cache not set in the context
14:53:04.571 [main] DEBUG org.apache.http.client.protocol.RequestTargetAuthentication -- Target auth state: UNCHALLENGED
14:53:04.571 [main] DEBUG org.apache.http.client.protocol.RequestProxyAuthentication -- Proxy auth state: UNCHALLENGED
14:53:04.571 [main] DEBUG org.apache.http.impl.client.DefaultHttpClient -- Attempt 1 to execute request
14:53:04.571 [main] DEBUG org.apache.http.impl.conn.DefaultClientConnection -- Sending request: GET /users?limit=5 HTTP/1.1
14:53:04.571 [main] DEBUG org.apache.http.wire --  >> "GET /users?limit=5 HTTP/1.1[\r][\n]"
14:53:04.571 [main] DEBUG org.apache.http.wire --  >> "Accept: */*[\r][\n]"
14:53:04.571 [main] DEBUG org.apache.http.wire --  >> "Host: fakestoreapi.com[\r][\n]"
14:53:04.571 [main] DEBUG org.apache.http.wire --  >> "Connection: Keep-Alive[\r][\n]"
14:53:04.571 [main] DEBUG org.apache.http.wire --  >> "User-Agent: Apache-HttpClient/4.5.13 (Java/17.0.8)[\r][\n]"
14:53:04.572 [main] DEBUG org.apache.http.wire --  >> "Accept-Encoding: gzip,deflate[\r][\n]"
14:53:04.572 [main] DEBUG org.apache.http.wire --  >> "[\r][\n]"
14:53:04.572 [main] DEBUG org.apache.http.headers -- >> GET /users?limit=5 HTTP/1.1
14:53:04.572 [main] DEBUG org.apache.http.headers -- >> Accept: */*
14:53:04.572 [main] DEBUG org.apache.http.headers -- >> Host: fakestoreapi.com
14:53:04.572 [main] DEBUG org.apache.http.headers -- >> Connection: Keep-Alive
14:53:04.572 [main] DEBUG org.apache.http.headers -- >> User-Agent: Apache-HttpClient/4.5.13 (Java/17.0.8)
14:53:04.572 [main] DEBUG org.apache.http.headers -- >> Accept-Encoding: gzip,deflate
14:53:05.104 [main] DEBUG org.apache.http.wire --  << "HTTP/1.1 200 OK[\r][\n]"
14:53:05.105 [main] DEBUG org.apache.http.wire --  << "Date: Fri, 06 Oct 2023 07:53:06 GMT[\r][\n]"
14:53:05.105 [main] DEBUG org.apache.http.wire --  << "Content-Type: application/json; charset=utf-8[\r][\n]"
14:53:05.105 [main] DEBUG org.apache.http.wire --  << "Transfer-Encoding: chunked[\r][\n]"
14:53:05.105 [main] DEBUG org.apache.http.wire --  << "Connection: keep-alive[\r][\n]"
14:53:05.105 [main] DEBUG org.apache.http.wire --  << "Access-Control-Allow-Origin: *[\r][\n]"
14:53:05.105 [main] DEBUG org.apache.http.wire --  << "Etag: W/"5ce-+0GJhAfCK2NBgUwTph+dnA6PeEY"[\r][\n]"
14:53:05.105 [main] DEBUG org.apache.http.wire --  << "X-Powered-By: Express[\r][\n]"
14:53:05.105 [main] DEBUG org.apache.http.wire --  << "CF-Cache-Status: DYNAMIC[\r][\n]"
14:53:05.105 [main] DEBUG org.apache.http.wire --  << "Report-To: {"endpoints":[{"url":"https:\/\/a.nel.cloudflare.com\/report\/v3?s=S8KEIt3S5pPU7tp9DGHT46%2FvcuQi3RX%2B7bjTICrF8bw4TrUP0TWXkAreKJyRctGdV7qcFcTbJI2PLFbfcstZ2b1hmr0XKhn4dkCHsJDsJB69h2J2oON%2FkoVBbj8MGK0QlOiT"}],"group":"cf-nel","max_age":604800}[\r][\n]"
14:53:05.105 [main] DEBUG org.apache.http.wire --  << "NEL: {"success_fraction":0,"report_to":"cf-nel","max_age":604800}[\r][\n]"
14:53:05.105 [main] DEBUG org.apache.http.wire --  << "Server: cloudflare[\r][\n]"
14:53:05.105 [main] DEBUG org.apache.http.wire --  << "CF-RAY: 811c54223ef09e41-SIN[\r][\n]"
14:53:05.105 [main] DEBUG org.apache.http.wire --  << "Content-Encoding: gzip[\r][\n]"
14:53:05.105 [main] DEBUG org.apache.http.wire --  << "alt-svc: h3=":443"; ma=86400[\r][\n]"
14:53:05.105 [main] DEBUG org.apache.http.wire --  << "[\r][\n]"
14:53:05.105 [main] DEBUG org.apache.http.impl.conn.DefaultClientConnection -- Receiving response: HTTP/1.1 200 OK
14:53:05.105 [main] DEBUG org.apache.http.headers -- << HTTP/1.1 200 OK
14:53:05.105 [main] DEBUG org.apache.http.headers -- << Date: Fri, 06 Oct 2023 07:53:06 GMT
14:53:05.105 [main] DEBUG org.apache.http.headers -- << Content-Type: application/json; charset=utf-8
14:53:05.105 [main] DEBUG org.apache.http.headers -- << Transfer-Encoding: chunked
14:53:05.105 [main] DEBUG org.apache.http.headers -- << Connection: keep-alive
14:53:05.105 [main] DEBUG org.apache.http.headers -- << Access-Control-Allow-Origin: *
14:53:05.105 [main] DEBUG org.apache.http.headers -- << Etag: W/"5ce-+0GJhAfCK2NBgUwTph+dnA6PeEY"
14:53:05.105 [main] DEBUG org.apache.http.headers -- << X-Powered-By: Express
14:53:05.105 [main] DEBUG org.apache.http.headers -- << CF-Cache-Status: DYNAMIC
14:53:05.105 [main] DEBUG org.apache.http.headers -- << Report-To: {"endpoints":[{"url":"https:\/\/a.nel.cloudflare.com\/report\/v3?s=S8KEIt3S5pPU7tp9DGHT46%2FvcuQi3RX%2B7bjTICrF8bw4TrUP0TWXkAreKJyRctGdV7qcFcTbJI2PLFbfcstZ2b1hmr0XKhn4dkCHsJDsJB69h2J2oON%2FkoVBbj8MGK0QlOiT"}],"group":"cf-nel","max_age":604800}
14:53:05.105 [main] DEBUG org.apache.http.headers -- << NEL: {"success_fraction":0,"report_to":"cf-nel","max_age":604800}
14:53:05.105 [main] DEBUG org.apache.http.headers -- << Server: cloudflare
14:53:05.105 [main] DEBUG org.apache.http.headers -- << CF-RAY: 811c54223ef09e41-SIN
14:53:05.105 [main] DEBUG org.apache.http.headers -- << Content-Encoding: gzip
14:53:05.105 [main] DEBUG org.apache.http.headers -- << alt-svc: h3=":443"; ma=86400
14:53:05.105 [main] DEBUG org.apache.http.impl.client.DefaultHttpClient -- Connection can be kept alive indefinitely
14:53:05.105 [main] DEBUG io.restassured.internal.RestAssuredHttpBuilder -- Parsing response as: application/json; charset=utf-8
14:53:05.105 [main] DEBUG org.apache.http.wire --  << "20d[\r][\n]"
14:53:05.105 [main] DEBUG org.apache.http.wire --  << "[0x1f][0x8b][0x8][0x0][0x0][0x0][0x0][0x0][0x0][0x3][0xb4][0xd2]Mo[0xd3]@[0x10][0x6][0xe0][0xbf][0x12][0x8d]8!o[0xe4][0xfd][0xb6]}*[\n]"
14:53:05.105 [main] DEBUG org.apache.http.wire --  << "[0xaa]8[0xf4][0xd6]#[0x82]h[0xeb][0x1d]R7[0xf6]N[0xb4]v[0x12][0x95][0xaa][0xff][0x1d]9j[0x9b]5[0xc1]H[0x8]8[0xae][0xc7]3[0xb3][0xfb][0xe8][0xfd][0xfc][0x4][0xce][0xfb][0x88]}[0xf][0xd5][0x13]l[0x90]Z[0xaa][0xdd][0xd0]P[0x18][0x8f][0xad][0x1b][0xa0][0x2]&[0xed]Rr]B[0x6]-[0x85][\r]TP[0xf0]%W[0xa5][0x81][0xe7][0xc][0xea]fx[0x84][\n]"
14:53:05.105 [main] DEBUG org.apache.http.wire --  << "[0xb6]M[[0x13][0xb5][0x8][0x19][0xf4]CD[0x1c][0xfb][0x2][0x1e][0x17][0x91][0x9c][0x87][0xc][0xc2][0xbe][0xbb][0xc3][0x8][0x95]5[0x85][0xc8][0xe0]{[0xb3][0xab][0xc9]#T[0xc0]E)[0xc][0x93][0x85]U[0xe3][0xac][0xc6]C[0xc5]3[0xc0][0xce]5-T[0xf0]@[0xf7][0xe1]j3[0x1e][0x96]5u[0x90][0xc1][0xbe][0xc7][0x18]\[0x87]/[0xb5]q[0xf0][0xce][0xf5][0xfd][0x91][0xa2][0x87][\n]"
14:53:05.105 [main] DEBUG org.apache.http.wire --  << ":Y[0xc4][0xee][0xfa][0xdd][0xb8][0xed][0xf4][0xcf][0x13]|kb?$[\r][0xe3][0x3][0xdc][0xdb][0x17]O8.[0xdd][0xdd]S8][0x85]i[0x9b]3![\r][0xb3][0xb9][0x94][0x90][0xc1]z}[0x80]*[0xce][0xfe][0x1f][0xd0][\r][0x1d]0[0xf6][0x8b][0x9b][0x90][\n]"
14:53:05.105 [main] DEBUG org.apache.http.wire --  << "[0x9]c/$[0xce]B[0x1d][0xc5][0xd8][0xf4]4[0xab][0xd4]Q\[0xb][0xc9][0xd5][0x14][0xaa][0x90]Q][0xcf]8ywh[0xfc][0x14][0xea]u[0xcb]?[0xd2]R[0xf9]R*c[0xcf]XL[0xe6]K.y[0x9e]h[0xad][0xf6]m[0xdb][0xb9][0x90]b]G[0x17]j[0xec][0x17][0xab]![0xd1]*Lj%Jm,[0xe3]J[0x8b]W+y[0xb6][0xda][0xe2][0xa1][0x99][0x85]:[0x15][0xe3][0xe3]ic"[0xb5][0xc5]C.Ji[0xaf]f[0xb0]NmS[0xac][0xd3][0x90])[0x94][0xb1],/[0x15][0xe3]R[0xe9]?[0x82][0xd2][0x17]P[0xe2][0x2][0xea][0xd6][0x85][0xc5][0x87]0Ph([0xc5][0xfa][0xb4][0xf][0xc3][0x18][0xad]UD[0xdc].>[0xc6][0x84][0xcc]([0xad]R[0xb4][0xb2][0x10]R1n[0xe5][[0xc0][0xd4][0x19][0xcd][0xcf]g[0xcb]S[0xc0]HS/<[0xa2][0xa7]0[0x97],[0xfa][0x99][0x8a]:[0x8c]S+k4[0xb3]E[0xc9][0xcc]x[0x9d][0xbf][0xb][0x95][0xba][0xb0][0xea]m[0xe5][0xbc][0xeb][0xfa][0xc5]m[0x1a]+[0xa1]tJT[0xe4][0xb6]4[0x8c][0x8b]3[0x91]N[0x88]0[0xe2]v[0x16]i,N[0x8d][0x1e][0xb6][0xed][0xe6][0xfd]Z[0x9b]9[0xa5][0x97][0x8e][0xc4]iGGl[0xdb])T[0xa9][\r][0xcb]s[0xce]x[0x99][0x86][0xea][0xcb][0xf][0x0][0x0][0x0][0xff][0xff][0x3][0x0][0xfa]L[0xa2][0x82][0xce][0x5][0x0][0x0]"
14:53:05.105 [main] DEBUG org.apache.http.wire --  << "[\r][\n]"
14:53:05.105 [main] DEBUG org.apache.http.wire --  << "0[\r][\n]"
14:53:05.105 [main] DEBUG org.apache.http.wire --  << "[\r][\n]"
14:53:05.105 [main] DEBUG io.restassured.internal.RestAssuredHttpBuilder -- Parsed data to instance of: class org.apache.http.conn.EofSensorInputStream
14:53:05.106 [main] DEBUG org.apache.http.impl.conn.BasicClientConnectionManager -- Releasing connection org.apache.http.impl.conn.ManagedClientConnectionImpl@7dc16d33
14:53:05.106 [main] DEBUG org.apache.http.impl.conn.BasicClientConnectionManager -- Connection can be kept alive indefinitely
14:53:05.106 [main] DEBUG net.thucydides.core.steps.StepInterceptor -- STEP DONE: I GET HTTP request with valid param
  &amp#27;[32mWhen &amp#27;[0m&amp#27;[32mI GET HTTP request with valid param&amp#27;[0m                    &amp#27;[90m# starter.stepdefinition.UserSteps.getHTTPRequestWithLimitUserParam()&amp#27;[0m
14:53:05.108 [main] DEBUG net.thucydides.core.steps.StepInterceptor -- STARTING STEP: UserSteps.receiveLimitResultWithRequestParam - I receive limit result with request param
14:53:05.115 [main] DEBUG net.thucydides.core.steps.StepInterceptor -- STEP DONE: I receive limit result with request param
  &amp#27;[32mAnd &amp#27;[0m&amp#27;[32mI receive limit result with request param&amp#27;[0m               &amp#27;[90m# starter.stepdefinition.UserSteps.receiveLimitResultWithRequestParam()&amp#27;[0m
14:53:05.116 [main] DEBUG net.thucydides.core.steps.StepInterceptor -- STARTING STEP: UserSteps.receiveValidLimitResponseCode200 - I receive valid GET limit result response code 200
14:53:05.117 [main] DEBUG net.thucydides.core.steps.StepInterceptor -- STEP DONE: I receive valid GET limit result response code 200
  &amp#27;[32mThen &amp#27;[0m&amp#27;[32mI receive valid GET limit result response code 200&amp#27;[0m     &amp#27;[90m# starter.stepdefinition.UserSteps.receiveValidLimitResponseCode200()&amp#27;[0m
14:53:05.117 [main] INFO  -- 
  _____   ___   ___   _____     ___     _     ___   ___   ___   ___  
 |_   _| | __| / __| |_   _|   | _ \   /_\   / __| / __| | __| |   \ 
   | |   | _|  \__ \   | |     |  _/  / _ \  \__ \ \__ \ | _|  | |) |
   |_|   |___| |___/   |_|     |_|   /_/ \_\ |___/ |___/ |___| |___/ 

[Positive] - USER_GET limit result with valid param
----------------------------------------------------------------------
]]></system-out>
  </testcase>
  <testcase name="[Negative] - USER_GET limit result with invalid param" classname="User" time="0.922">
    <system-out><![CDATA[
Scenario: [Negative] - USER_GET limit result with invalid param &amp#27;[90m# src/test/resources/User.feature:31&amp#27;[0m
14:53:05.120 [main] INFO io.cucumber.core.plugin.SerenityReporter -- Running feature from file:///D:/SEMESTER%205/All%20Section/Section%203%20-%20Code%20Competence/Code%20Competence%20KM%20QA%202/Weekly2/src/test/resources/User.feature
14:53:05.120 [main] WARN io.cucumber.core.plugin.SerenityReporter -- Feature from file:///D:/SEMESTER%205/All%20Section/Section%203%20-%20Code%20Competence/Code%20Competence%20KM%20QA%202/Weekly2/src/test/resources/User.feature is not under the 'features' directory. Requirements report will not be correctly generated!
14:53:05.121 [main] INFO  -- 
  _____   ___   ___   _____     ___   _____     _     ___   _____   ___   ___  
 |_   _| | __| / __| |_   _|   / __| |_   _|   /_\   | _ \ |_   _| | __| |   \ 
   | |   | _|  \__ \   | |     \__ \   | |    / _ \  |   /   | |   | _|  | |) |
   |_|   |___| |___/   |_|     |___/   |_|   /_/ \_\ |_|_\   |_|   |___| |___/ 

[Negative] - USER_GET limit result with invalid param(user;[negative]---user-get-limit-result-with-invalid-param)
--------------------------------------------------------------------------------
14:53:05.124 [main] DEBUG net.thucydides.core.steps.StepInterceptor -- STARTING STEP: UserSteps.getLimitUserRequestInvalid - I GET user limit result invalid param
14:53:05.124 [main] DEBUG net.thucydides.core.steps.StepInterceptor -- STEP DONE: I GET user limit result invalid param
  &amp#27;[32mGiven &amp#27;[0m&amp#27;[32mI GET user limit result invalid param&amp#27;[0m                   &amp#27;[90m# starter.stepdefinition.UserSteps.getLimitUserRequestInvalid()&amp#27;[0m
14:53:05.125 [main] DEBUG net.thucydides.core.steps.StepInterceptor -- STARTING STEP: UserSteps.getHTTPInvalidRequestWithLimitParam - I GET HTTP request with invalid param
14:53:05.126 [main] DEBUG net.thucydides.core.steps.StepInterceptor -- STARTING STEP: User.getHTTPInvalidRequestWithLimitParam - I GET user limit result invalid param
14:53:05.126 [main] DEBUG net.thucydides.core.steps.StepInterceptor -- STEP DONE: I GET user limit result invalid param
14:53:05.129 [main] DEBUG org.apache.http.impl.conn.BasicClientConnectionManager -- Get connection for route {s}->https://fakestoreapi.com:443
14:53:05.129 [main] DEBUG org.apache.http.impl.conn.DefaultClientConnectionOperator -- Connecting to fakestoreapi.com:443
14:53:05.186 [main] DEBUG org.apache.http.client.protocol.RequestAddCookies -- CookieSpec selected: ignoreCookies
14:53:05.186 [main] DEBUG org.apache.http.client.protocol.RequestAuthCache -- Auth cache not set in the context
14:53:05.186 [main] DEBUG org.apache.http.client.protocol.RequestTargetAuthentication -- Target auth state: UNCHALLENGED
14:53:05.186 [main] DEBUG org.apache.http.client.protocol.RequestProxyAuthentication -- Proxy auth state: UNCHALLENGED
14:53:05.186 [main] DEBUG org.apache.http.impl.client.DefaultHttpClient -- Attempt 1 to execute request
14:53:05.186 [main] DEBUG org.apache.http.impl.conn.DefaultClientConnection -- Sending request: GET /user?limit=5 HTTP/1.1
14:53:05.186 [main] DEBUG org.apache.http.wire --  >> "GET /user?limit=5 HTTP/1.1[\r][\n]"
14:53:05.186 [main] DEBUG org.apache.http.wire --  >> "Accept: */*[\r][\n]"
14:53:05.186 [main] DEBUG org.apache.http.wire --  >> "Host: fakestoreapi.com[\r][\n]"
14:53:05.186 [main] DEBUG org.apache.http.wire --  >> "Connection: Keep-Alive[\r][\n]"
14:53:05.186 [main] DEBUG org.apache.http.wire --  >> "User-Agent: Apache-HttpClient/4.5.13 (Java/17.0.8)[\r][\n]"
14:53:05.186 [main] DEBUG org.apache.http.wire --  >> "Accept-Encoding: gzip,deflate[\r][\n]"
14:53:05.186 [main] DEBUG org.apache.http.wire --  >> "[\r][\n]"
14:53:05.186 [main] DEBUG org.apache.http.headers -- >> GET /user?limit=5 HTTP/1.1
14:53:05.186 [main] DEBUG org.apache.http.headers -- >> Accept: */*
14:53:05.186 [main] DEBUG org.apache.http.headers -- >> Host: fakestoreapi.com
14:53:05.186 [main] DEBUG org.apache.http.headers -- >> Connection: Keep-Alive
14:53:05.186 [main] DEBUG org.apache.http.headers -- >> User-Agent: Apache-HttpClient/4.5.13 (Java/17.0.8)
14:53:05.186 [main] DEBUG org.apache.http.headers -- >> Accept-Encoding: gzip,deflate
14:53:06.034 [main] DEBUG org.apache.http.wire --  << "HTTP/1.1 404 Not Found[\r][\n]"
14:53:06.034 [main] DEBUG org.apache.http.wire --  << "Date: Fri, 06 Oct 2023 07:53:07 GMT[\r][\n]"
14:53:06.034 [main] DEBUG org.apache.http.wire --  << "Content-Type: text/html; charset=utf-8[\r][\n]"
14:53:06.034 [main] DEBUG org.apache.http.wire --  << "Transfer-Encoding: chunked[\r][\n]"
14:53:06.034 [main] DEBUG org.apache.http.wire --  << "Connection: keep-alive[\r][\n]"
14:53:06.034 [main] DEBUG org.apache.http.wire --  << "Access-Control-Allow-Origin: *[\r][\n]"
14:53:06.034 [main] DEBUG org.apache.http.wire --  << "Content-Security-Policy: default-src 'none'[\r][\n]"
14:53:06.034 [main] DEBUG org.apache.http.wire --  << "X-Content-Type-Options: nosniff[\r][\n]"
14:53:06.034 [main] DEBUG org.apache.http.wire --  << "X-Powered-By: Express[\r][\n]"
14:53:06.034 [main] DEBUG org.apache.http.wire --  << "CF-Cache-Status: DYNAMIC[\r][\n]"
14:53:06.034 [main] DEBUG org.apache.http.wire --  << "Report-To: {"endpoints":[{"url":"https:\/\/a.nel.cloudflare.com\/report\/v3?s=UeTM0JqV0Ww8Sa6YAUiyfu4shj7LFa2BO8cZLr3WBOz7mTeT1mSJvydLkAOhfhHdFNvP7AmcXqQiVJdV5Y8ZTVV%2FKlsI4rC%2FQ%2Fm1OY3vngpgdMEYqQGDE5RTLptGoQ%2BLhYo0"}],"group":"cf-nel","max_age":604800}[\r][\n]"
14:53:06.034 [main] DEBUG org.apache.http.wire --  << "NEL: {"success_fraction":0,"report_to":"cf-nel","max_age":604800}[\r][\n]"
14:53:06.034 [main] DEBUG org.apache.http.wire --  << "Server: cloudflare[\r][\n]"
14:53:06.034 [main] DEBUG org.apache.http.wire --  << "CF-RAY: 811c542609eba077-SIN[\r][\n]"
14:53:06.034 [main] DEBUG org.apache.http.wire --  << "Content-Encoding: gzip[\r][\n]"
14:53:06.034 [main] DEBUG org.apache.http.wire --  << "alt-svc: h3=":443"; ma=86400[\r][\n]"
14:53:06.034 [main] DEBUG org.apache.http.wire --  << "[\r][\n]"
14:53:06.034 [main] DEBUG org.apache.http.impl.conn.DefaultClientConnection -- Receiving response: HTTP/1.1 404 Not Found
14:53:06.034 [main] DEBUG org.apache.http.headers -- << HTTP/1.1 404 Not Found
14:53:06.034 [main] DEBUG org.apache.http.headers -- << Date: Fri, 06 Oct 2023 07:53:07 GMT
14:53:06.034 [main] DEBUG org.apache.http.headers -- << Content-Type: text/html; charset=utf-8
14:53:06.034 [main] DEBUG org.apache.http.headers -- << Transfer-Encoding: chunked
14:53:06.034 [main] DEBUG org.apache.http.headers -- << Connection: keep-alive
14:53:06.034 [main] DEBUG org.apache.http.headers -- << Access-Control-Allow-Origin: *
14:53:06.034 [main] DEBUG org.apache.http.headers -- << Content-Security-Policy: default-src 'none'
14:53:06.034 [main] DEBUG org.apache.http.headers -- << X-Content-Type-Options: nosniff
14:53:06.034 [main] DEBUG org.apache.http.headers -- << X-Powered-By: Express
14:53:06.034 [main] DEBUG org.apache.http.headers -- << CF-Cache-Status: DYNAMIC
14:53:06.034 [main] DEBUG org.apache.http.headers -- << Report-To: {"endpoints":[{"url":"https:\/\/a.nel.cloudflare.com\/report\/v3?s=UeTM0JqV0Ww8Sa6YAUiyfu4shj7LFa2BO8cZLr3WBOz7mTeT1mSJvydLkAOhfhHdFNvP7AmcXqQiVJdV5Y8ZTVV%2FKlsI4rC%2FQ%2Fm1OY3vngpgdMEYqQGDE5RTLptGoQ%2BLhYo0"}],"group":"cf-nel","max_age":604800}
14:53:06.034 [main] DEBUG org.apache.http.headers -- << NEL: {"success_fraction":0,"report_to":"cf-nel","max_age":604800}
14:53:06.034 [main] DEBUG org.apache.http.headers -- << Server: cloudflare
14:53:06.034 [main] DEBUG org.apache.http.headers -- << CF-RAY: 811c542609eba077-SIN
14:53:06.034 [main] DEBUG org.apache.http.headers -- << Content-Encoding: gzip
14:53:06.034 [main] DEBUG org.apache.http.headers -- << alt-svc: h3=":443"; ma=86400
14:53:06.034 [main] DEBUG org.apache.http.impl.client.DefaultHttpClient -- Connection can be kept alive indefinitely
14:53:06.034 [main] DEBUG io.restassured.internal.RestAssuredHttpBuilder -- Parsing response as: text/html; charset=utf-8
14:53:06.034 [main] DEBUG org.apache.http.wire --  << "82[\r][\n]"
14:53:06.034 [main] DEBUG org.apache.http.wire --  << "[0x1f][0x8b][0x8][0x0][0x0][0x0][0x0][0x0][0x0][0x3],[0x8d][0xb1][0xe][0xc2]0[0xc]Dw[0x85][0xc9][0x8e][0xbc]2[0xb8]YJ[0xc4][0x8]C[0x17]FC[\r]EJ[0x13][0xe4][0xba][0x3][0x8f][0x2][0x9d]N[0xf7][0xee]N[0xc7][0xbb][0xe3][0xb9][0x1f][0xae][0x97][0x84][0x93][0xcf]9[0x2]7[0xc1],[0xe5][0xd9][0x5]-[0xa1][0x1][0x95]1[0x2][0xcf][0xea][0x82][0xf7]IlQ[0xef][0xc2][0xea][0x8f][0xfd][0xa1][0xa5][0xfe][0xf2][0xac]1[0x99]Uc[0xfa][0x1b]`[0xda]6[0xb7]:~"[0xf0][0xdb]4[0xf6]RJu<[0xa5][0x1]i][0xd4][0x98][0x1a][0x5][0xa6][0xad]C[0xbf][0xfb]/[0x0][0x0][0x0][0xff][0xff]"
14:53:06.034 [main] DEBUG org.apache.http.wire --  << "[\r][\n]"
14:53:06.034 [main] DEBUG org.apache.http.wire --  << "b[\r][\n]"
14:53:06.034 [main] DEBUG org.apache.http.wire --  << "[0xe3][0x2][0x0]#*[0x80][0xcf][0x8f][0x0][0x0][0x0]"
14:53:06.034 [main] DEBUG org.apache.http.wire --  << "[\r][\n]"
14:53:06.034 [main] DEBUG org.apache.http.wire --  << "0[\r][\n]"
14:53:06.034 [main] DEBUG org.apache.http.wire --  << "[\r][\n]"
14:53:06.034 [main] DEBUG io.restassured.internal.RestAssuredHttpBuilder -- Parsed data to instance of: class org.apache.http.conn.EofSensorInputStream
14:53:06.035 [main] DEBUG org.apache.http.impl.conn.BasicClientConnectionManager -- Releasing connection org.apache.http.impl.conn.ManagedClientConnectionImpl@64f55630
14:53:06.035 [main] DEBUG org.apache.http.impl.conn.BasicClientConnectionManager -- Connection can be kept alive indefinitely
14:53:06.036 [main] DEBUG net.thucydides.core.steps.StepInterceptor -- STEP DONE: I GET HTTP request with invalid param
  &amp#27;[32mWhen &amp#27;[0m&amp#27;[32mI GET HTTP request with invalid param&amp#27;[0m                    &amp#27;[90m# starter.stepdefinition.UserSteps.getHTTPInvalidRequestWithLimitParam()&amp#27;[0m
14:53:06.037 [main] DEBUG net.thucydides.core.steps.StepInterceptor -- STARTING STEP: UserSteps.receiveLimitResultWithInvalidRequestParam - I receive limit result with invalid request param
14:53:06.037 [main] DEBUG net.thucydides.core.steps.StepInterceptor -- STEP DONE: I receive limit result with invalid request param
  &amp#27;[32mAnd &amp#27;[0m&amp#27;[32mI receive limit result with invalid request param&amp#27;[0m         &amp#27;[90m# starter.stepdefinition.UserSteps.receiveLimitResultWithInvalidRequestParam()&amp#27;[0m
14:53:06.039 [main] DEBUG net.thucydides.core.steps.StepInterceptor -- STARTING STEP: UserSteps.receiveInvalidLimitResponseCode404 - I receive invalid GET limit result response code 404
14:53:06.039 [main] DEBUG net.thucydides.core.steps.StepInterceptor -- STEP DONE: I receive invalid GET limit result response code 404
  &amp#27;[32mThen &amp#27;[0m&amp#27;[32mI receive invalid GET limit result response code 404&amp#27;[0m     &amp#27;[90m# starter.stepdefinition.UserSteps.receiveInvalidLimitResponseCode404()&amp#27;[0m
14:53:06.040 [main] INFO  -- 
  _____   ___   ___   _____     ___     _     ___   ___   ___   ___  
 |_   _| | __| / __| |_   _|   | _ \   /_\   / __| / __| | __| |   \ 
   | |   | _|  \__ \   | |     |  _/  / _ \  \__ \ \__ \ | _|  | |) |
   |_|   |___| |___/   |_|     |_|   /_/ \_\ |___/ |___/ |___| |___/ 

[Negative] - USER_GET limit result with invalid param
----------------------------------------------------------------------
]]></system-out>
  </testcase>
  <testcase name="[Positive] - USER_GET sort result user in descending with valid endpoint" classname="User" time="0.634">
    <system-out><![CDATA[
Scenario: [Positive] - USER_GET sort result user in descending with valid endpoint &amp#27;[90m# src/test/resources/User.feature:37&amp#27;[0m
14:53:06.044 [main] INFO io.cucumber.core.plugin.SerenityReporter -- Running feature from file:///D:/SEMESTER%205/All%20Section/Section%203%20-%20Code%20Competence/Code%20Competence%20KM%20QA%202/Weekly2/src/test/resources/User.feature
14:53:06.044 [main] WARN io.cucumber.core.plugin.SerenityReporter -- Feature from file:///D:/SEMESTER%205/All%20Section/Section%203%20-%20Code%20Competence/Code%20Competence%20KM%20QA%202/Weekly2/src/test/resources/User.feature is not under the 'features' directory. Requirements report will not be correctly generated!
14:53:06.044 [main] INFO  -- 
  _____   ___   ___   _____     ___   _____     _     ___   _____   ___   ___  
 |_   _| | __| / __| |_   _|   / __| |_   _|   /_\   | _ \ |_   _| | __| |   \ 
   | |   | _|  \__ \   | |     \__ \   | |    / _ \  |   /   | |   | _|  | |) |
   |_|   |___| |___/   |_|     |___/   |_|   /_/ \_\ |_|_\   |_|   |___| |___/ 

[Positive] - USER_GET sort result user in descending with valid endpoint(user;[positive]---user-get-sort-result-user-in-descending-with-valid-endpoint)
--------------------------------------------------------------------------------
14:53:06.048 [main] DEBUG net.thucydides.core.steps.StepInterceptor -- STARTING STEP: UserSteps.getSortUserValidEndpoint - I GET API user sort result with valid endpoint
14:53:06.048 [main] DEBUG net.thucydides.core.steps.StepInterceptor -- STEP DONE: I GET API user sort result with valid endpoint
  &amp#27;[32mGiven &amp#27;[0m&amp#27;[32mI GET API user sort result with valid endpoint&amp#27;[0m                             &amp#27;[90m# starter.stepdefinition.UserSteps.getSortUserValidEndpoint()&amp#27;[0m
14:53:06.050 [main] DEBUG net.thucydides.core.steps.StepInterceptor -- STARTING STEP: UserSteps.getHTTPValidRequestSortUser - I GET HTTP request sort user with valid endpoint
14:53:06.052 [main] DEBUG net.thucydides.core.steps.StepInterceptor -- STARTING STEP: User.getHTTPValidRequestSortUser - I GET API user sort result with valid endpoint
14:53:06.052 [main] DEBUG net.thucydides.core.steps.StepInterceptor -- STEP DONE: I GET API user sort result with valid endpoint
14:53:06.058 [main] DEBUG org.apache.http.impl.conn.BasicClientConnectionManager -- Get connection for route {s}->https://fakestoreapi.com:443
14:53:06.058 [main] DEBUG org.apache.http.impl.conn.DefaultClientConnectionOperator -- Connecting to fakestoreapi.com:443
14:53:06.118 [main] DEBUG org.apache.http.client.protocol.RequestAddCookies -- CookieSpec selected: ignoreCookies
14:53:06.118 [main] DEBUG org.apache.http.client.protocol.RequestAuthCache -- Auth cache not set in the context
14:53:06.118 [main] DEBUG org.apache.http.client.protocol.RequestTargetAuthentication -- Target auth state: UNCHALLENGED
14:53:06.118 [main] DEBUG org.apache.http.client.protocol.RequestProxyAuthentication -- Proxy auth state: UNCHALLENGED
14:53:06.118 [main] DEBUG org.apache.http.impl.client.DefaultHttpClient -- Attempt 1 to execute request
14:53:06.118 [main] DEBUG org.apache.http.impl.conn.DefaultClientConnection -- Sending request: GET /users?sort=desc HTTP/1.1
14:53:06.118 [main] DEBUG org.apache.http.wire --  >> "GET /users?sort=desc HTTP/1.1[\r][\n]"
14:53:06.118 [main] DEBUG org.apache.http.wire --  >> "Accept: */*[\r][\n]"
14:53:06.118 [main] DEBUG org.apache.http.wire --  >> "Host: fakestoreapi.com[\r][\n]"
14:53:06.118 [main] DEBUG org.apache.http.wire --  >> "Connection: Keep-Alive[\r][\n]"
14:53:06.118 [main] DEBUG org.apache.http.wire --  >> "User-Agent: Apache-HttpClient/4.5.13 (Java/17.0.8)[\r][\n]"
14:53:06.118 [main] DEBUG org.apache.http.wire --  >> "Accept-Encoding: gzip,deflate[\r][\n]"
14:53:06.118 [main] DEBUG org.apache.http.wire --  >> "[\r][\n]"
14:53:06.118 [main] DEBUG org.apache.http.headers -- >> GET /users?sort=desc HTTP/1.1
14:53:06.118 [main] DEBUG org.apache.http.headers -- >> Accept: */*
14:53:06.118 [main] DEBUG org.apache.http.headers -- >> Host: fakestoreapi.com
14:53:06.118 [main] DEBUG org.apache.http.headers -- >> Connection: Keep-Alive
14:53:06.118 [main] DEBUG org.apache.http.headers -- >> User-Agent: Apache-HttpClient/4.5.13 (Java/17.0.8)
14:53:06.118 [main] DEBUG org.apache.http.headers -- >> Accept-Encoding: gzip,deflate
14:53:06.667 [main] DEBUG org.apache.http.wire --  << "HTTP/1.1 200 OK[\r][\n]"
14:53:06.667 [main] DEBUG org.apache.http.wire --  << "Date: Fri, 06 Oct 2023 07:53:07 GMT[\r][\n]"
14:53:06.667 [main] DEBUG org.apache.http.wire --  << "Content-Type: application/json; charset=utf-8[\r][\n]"
14:53:06.667 [main] DEBUG org.apache.http.wire --  << "Transfer-Encoding: chunked[\r][\n]"
14:53:06.667 [main] DEBUG org.apache.http.wire --  << "Connection: keep-alive[\r][\n]"
14:53:06.667 [main] DEBUG org.apache.http.wire --  << "Access-Control-Allow-Origin: *[\r][\n]"
14:53:06.667 [main] DEBUG org.apache.http.wire --  << "Etag: W/"bae-RmXgfZyGPwU9Dh6EKhIQkuNoVzY"[\r][\n]"
14:53:06.667 [main] DEBUG org.apache.http.wire --  << "X-Powered-By: Express[\r][\n]"
14:53:06.667 [main] DEBUG org.apache.http.wire --  << "CF-Cache-Status: DYNAMIC[\r][\n]"
14:53:06.667 [main] DEBUG org.apache.http.wire --  << "Report-To: {"endpoints":[{"url":"https:\/\/a.nel.cloudflare.com\/report\/v3?s=9O5qWnb08BiFST3Uktu07HEy5hxuDtZseURHS4QXk4CJBE6jnqsyBzWLbryMF5aKp03vCC%2FQkMU3YfJpbydqrmp%2FQncrWe3yUmIN%2BuJ6MXOAFGVZET82EPipFE94r4CML%2Fu9"}],"group":"cf-nel","max_age":604800}[\r][\n]"
14:53:06.667 [main] DEBUG org.apache.http.wire --  << "NEL: {"success_fraction":0,"report_to":"cf-nel","max_age":604800}[\r][\n]"
14:53:06.667 [main] DEBUG org.apache.http.wire --  << "Server: cloudflare[\r][\n]"
14:53:06.667 [main] DEBUG org.apache.http.wire --  << "CF-RAY: 811c542be81e4062-SIN[\r][\n]"
14:53:06.667 [main] DEBUG org.apache.http.wire --  << "Content-Encoding: gzip[\r][\n]"
14:53:06.667 [main] DEBUG org.apache.http.wire --  << "alt-svc: h3=":443"; ma=86400[\r][\n]"
14:53:06.667 [main] DEBUG org.apache.http.wire --  << "[\r][\n]"
14:53:06.667 [main] DEBUG org.apache.http.impl.conn.DefaultClientConnection -- Receiving response: HTTP/1.1 200 OK
14:53:06.667 [main] DEBUG org.apache.http.headers -- << HTTP/1.1 200 OK
14:53:06.667 [main] DEBUG org.apache.http.headers -- << Date: Fri, 06 Oct 2023 07:53:07 GMT
14:53:06.667 [main] DEBUG org.apache.http.headers -- << Content-Type: application/json; charset=utf-8
14:53:06.667 [main] DEBUG org.apache.http.headers -- << Transfer-Encoding: chunked
14:53:06.667 [main] DEBUG org.apache.http.headers -- << Connection: keep-alive
14:53:06.667 [main] DEBUG org.apache.http.headers -- << Access-Control-Allow-Origin: *
14:53:06.667 [main] DEBUG org.apache.http.headers -- << Etag: W/"bae-RmXgfZyGPwU9Dh6EKhIQkuNoVzY"
14:53:06.667 [main] DEBUG org.apache.http.headers -- << X-Powered-By: Express
14:53:06.667 [main] DEBUG org.apache.http.headers -- << CF-Cache-Status: DYNAMIC
14:53:06.667 [main] DEBUG org.apache.http.headers -- << Report-To: {"endpoints":[{"url":"https:\/\/a.nel.cloudflare.com\/report\/v3?s=9O5qWnb08BiFST3Uktu07HEy5hxuDtZseURHS4QXk4CJBE6jnqsyBzWLbryMF5aKp03vCC%2FQkMU3YfJpbydqrmp%2FQncrWe3yUmIN%2BuJ6MXOAFGVZET82EPipFE94r4CML%2Fu9"}],"group":"cf-nel","max_age":604800}
14:53:06.667 [main] DEBUG org.apache.http.headers -- << NEL: {"success_fraction":0,"report_to":"cf-nel","max_age":604800}
14:53:06.667 [main] DEBUG org.apache.http.headers -- << Server: cloudflare
14:53:06.667 [main] DEBUG org.apache.http.headers -- << CF-RAY: 811c542be81e4062-SIN
14:53:06.667 [main] DEBUG org.apache.http.headers -- << Content-Encoding: gzip
14:53:06.667 [main] DEBUG org.apache.http.headers -- << alt-svc: h3=":443"; ma=86400
14:53:06.667 [main] DEBUG org.apache.http.impl.client.DefaultHttpClient -- Connection can be kept alive indefinitely
14:53:06.667 [main] DEBUG io.restassured.internal.RestAssuredHttpBuilder -- Parsing response as: application/json; charset=utf-8
14:53:06.667 [main] DEBUG org.apache.http.wire --  << "37f[\r][\n]"
14:53:06.667 [main] DEBUG org.apache.http.wire --  << "[0x1f][0x8b][0x8][0x0][0x0][0x0][0x0][0x0][0x0][0x3][0xbc][0xd6]O[0x8f][0xe3]&[0x14][0x0][0xf0][0xaf]b[0xb1][0xdb][0x1e][0xa2][0x10][0xf1][0x1f][0xdb][0xa7][0xa9][0xa6]Z[0xf5][0xb0][0xb7]=[0xf4]P[0xb5][0x11][0x8d][0xc9][0x84][0x9][0x86][0x8][0x9c]D[0xe9]h[0xbf]{[0x85]73[0x81]d=[0xdd]\z[0xb4][0x9f][0x1f][0xc6]??[0x1e][0xfc][0xf1][0x2]T[0xd7][0x5][0x1d]#h_[0xc0][0x93][0xf6][0xd6][0xaf][0xd4]`[0xbc]K[0x97]V[\r][0xa0][0x5][0x14]-[0x8][0x93]u[\r][0xe6][0xc0]z[0xf7][0x4]Z[0x0][0x9]Zp[0xc6][0x19]n[0xc0][0xd7]9X[0x99][0xe1][0x4]Z[0xb0][0xf6]a[0xa8][0x8e][0xea][0xe4]4[0x98][0x83]8[0x4][0xad]S[0xb2]W[0xdb][0xca][0xaa][0xa3][0xab][0xd4]![0xdd]w[0xfb][0xfe]o[0x1d]@[0xcb][0x89][0x98][0x83][0xcc]n[0xe5];[\r]Z[0x80][0x11][0xe1][0x2]2NI[0x1a][0xd0]t[0xa0][0xc5]h[0xe]t[0xaf][0x8c][0x5]-x6}o[0xf4][0xc3]S[0xba]\[0xac]|[0xf][0xe6]`[0x1f]up[0xaa][0xd7]o[0xd1][0xe5][0x16][0xcc][0xc1]N[0xc5]x[0xf4][0xa1][0x3]-[0xd8]Zm[0xdc][0xec][0xc3]O[0xb3][0xf4][0xd2][0xf1][0xc1][0x17][0xb0]6![0xe]EV[0xfa]$[0xf5]vo[0xcc]I[0x13][0xd8]m[0xbc][0x1b][0xa7][0x5]1b[0x10]![0xc][0x19][0x17][0x12][0xcc][0xc1]ry[0x0]-[0xfa]:[0xff]o4[0x86][0x16][0x98]0..h[0xa3]Y![0xd6][0x1b][0xd5][0x9b][0x1c]K[0x1d][0xbc][0xeb][0x94][0xd5]WX[0x94][0xf1][0x1c][0xab][0x11]T[0xd6][0x10][0x11][0xc6]_[0xb1][0x9a][0x8b][0xd5]V[\r][0x93]R)[0xb6][0xdc]\9[0xad][0xf5][0xf3][0xf6]a[0xb6][0x9c]`J)%[0xd2]FY][0x1a][0x9]Y'[0x1f][0x88][0x1b][0xca][0xee]2[0xe2]hA[0xb]"[0x8c][0x16][0xe2][0x8a]HG[0x95][0xb][0x1d][0x94][0xb5][0xa7][0xea]`[0xf4][0xb1][0xb2].#[0xc2][0x94][0x91][0xf7][0x8d][0xea][0x8b][0xd1][0xd1]XkT?[0xc5][0xb4][0xf1][0xbb][0xad]q[0xb1]t[0xfa][0xfd][[0xe][0x17][0x1f]7[0xcf][0x13]V[0xe7]a[0xaf][0xb8][0xce][0x83][0x15]b,[0xcd][\r]a[0x88][0xea][0x6][0xdd]%[0x86][0xaf][0xc5][0xc8][0x8d][0xd8]:[0xe8][0xe8]|n[0x16]U[0xd7]Y][0xc5][0xe1]./y[0xf1][0xea]Mx[0x87]+[0xba]S[0xa7]C[0xa9][0xb5]&[0xb4][0xfe][0xf9]a[0xf6]qB[0xea][0xdb][0x80]%[0xd4]y[0x98]r[0xf5][0x11][\n]"
14:53:06.667 [main] DEBUG org.apache.http.wire --  << "[0x1b]F![0xe2][0x82][0xde][0xe5]D[0xd0][0x2][0xb])[0xb3][0x8e][0x95]JK[0xd6]9[0x94][0xb6][0xd5]N[0xc5]Bj[0x17]|[0xdc][0xe9][0xd5]peEX[0xd1][0xab][0x8]e[0x2][0xa2][0xf4][0x1b][0xce]T[0xe2]B[0xd5][0xa9][0x83][0xe9][0x96]a[0xca][0xea][0x1c].[0xb1]([0x93][0xf5][0xec][0x3]g[0x13]XcNi[0x15][0xf6]1jko[0x97]!e[0x1c]6[0xf5]X w[0xb5]*[0xca]D[0x8e][0x95][0x9a][0x17][0xc5]([0xc3][0x8a][0xca]U[0xbf][0xb8][0xc1];S[0x80][0xa9]N[0xf5][0xb1][0xfa][0x92]k[0x91][0xb2]Y[0xd5]H6"[0xfd]H[0xf6][0xaa][0xc5]3-[0x1d][0xf4]v[0xd2]*[0x5]K[0xa9][0xe7][0xad]}[0x9a]-[0xc7][0xcf][0xfb][0xae][0xd4]9#[0x93][0xda][0xf9][0xe3][\r]T[0xc3][0xc5][0xb8][0xfa]p[0xc3][0xf8][0xfd][0xfd][0xaa][0x80]"7P_[0xbe][0xf][0xf5][0xdb][0xde][\r]:[0xc4][0xea]1h[0xbd][0xad]~[\r][0x19][0x98]`[0xbc][0xa8][0xaf][0xa6]&[0x94]A,/b,[0x13]"
14:53:06.667 [main] DEBUG org.apache.http.wire --  << "[0xf3]n[0xd2][0xcb];[0x1d]|[0x9][0xa6][0x8f][0xba][0xf3]n[0x8a]k[0x8c][0xe4]e[0xe5][0xfb][0xeb][0x15]([0x5][0x87][0xb2]n[0xa0][0x90]w[0xf6][0xf6][0xdb][0xa2][0xa2]7V[0x8f]{k{[0xe5]r[0xa7]OA[0xb9][0x95][0x8e][0xd5]c^RuqV [\r][0x17][0x12]b[0xc6][0xdf][0xce][\n]"
14:53:06.667 [main] DEBUG org.apache.http.wire --  << "4[0xdb][0xfe][0xf4][0xc1]L[\n]"
14:53:06.667 [main] DEBUG org.apache.http.wire --  << "[0x8d][0xc1]p[0x1a][0xdf][0x98]o[0x81][0xfa][0x80]HC[0xe5][0xc3][0xd4][0x1e][0x98][0xd2][0xae][0xa4][0xd2] [0x5]T[0x9a][0x13]j[0x18][0xc4][0xf4][0xce][0xa2][0x82]T.([0xe6][0xcd]E[0xaa][0xc6][0xb][0xcc][0x1a][0x91]Am[0x8d]]yo[0x8b][0x83][0xd5]gH[0x5][0xf5]9[0xdf][0x5]%[0x11][0xb2]lU[\r][0x11][0x90][0xd6][0xf2][0xad][0x94]H[0xd6][0xd5]}[0x8]&N[0xd7]S[0xef][0xc3][0x92]P[0xcc]J[0xac][0x9a][0x6][0xfe][0xd7][0xf2][0xc7][[0xd5][0xeb][[0xae][0xb4]$[0x82][0x84][\n]"
14:53:06.667 [main] DEBUG org.apache.http.wire --  << "([0x11][0xa5][0xff][0x8b][0x96][0xd3][0xc7]*x[0xd5][0xe5]X[0xa2]&[0xef]c[0xe1][0xec][0x8][0xea]7[0x93]P)[0xd6][0x95]J=[0xad]C[0xff]ij[0xfb]K[0x9][0xa5]R[0xe7][0xf5][0x8f][0x0][0xfd][0xf9]/[0x0][0x0][0x0][0xff][0xff][0x3][0x0]{[0xfb][0x97][0xa6][0xae][0xb][0x0][0x0]"
14:53:06.667 [main] DEBUG org.apache.http.wire --  << "[\r][\n]"
14:53:06.667 [main] DEBUG org.apache.http.wire --  << "0[\r][\n]"
14:53:06.667 [main] DEBUG org.apache.http.wire --  << "[\r][\n]"
14:53:06.667 [main] DEBUG io.restassured.internal.RestAssuredHttpBuilder -- Parsed data to instance of: class org.apache.http.conn.EofSensorInputStream
14:53:06.669 [main] DEBUG org.apache.http.impl.conn.BasicClientConnectionManager -- Releasing connection org.apache.http.impl.conn.ManagedClientConnectionImpl@6107b3cb
14:53:06.669 [main] DEBUG org.apache.http.impl.conn.BasicClientConnectionManager -- Connection can be kept alive indefinitely
14:53:06.670 [main] DEBUG net.thucydides.core.steps.StepInterceptor -- STEP DONE: I GET HTTP request sort user with valid endpoint
  &amp#27;[32mWhen &amp#27;[0m&amp#27;[32mI GET HTTP request sort user with valid endpoint&amp#27;[0m                            &amp#27;[90m# starter.stepdefinition.UserSteps.getHTTPValidRequestSortUser()&amp#27;[0m
14:53:06.671 [main] DEBUG net.thucydides.core.steps.StepInterceptor -- STARTING STEP: UserSteps.receiveValidResponseSortUser200 - I receive valid GET sort result user descending response code 200
14:53:06.673 [main] DEBUG net.thucydides.core.steps.StepInterceptor -- STEP DONE: I receive valid GET sort result user descending response code 200
  &amp#27;[32mThen &amp#27;[0m&amp#27;[32mI receive valid GET sort result user descending response code 200&amp#27;[0m           &amp#27;[90m# starter.stepdefinition.UserSteps.receiveValidResponseSortUser200()&amp#27;[0m
14:53:06.674 [main] INFO  -- 
  _____   ___   ___   _____     ___     _     ___   ___   ___   ___  
 |_   _| | __| / __| |_   _|   | _ \   /_\   / __| / __| | __| |   \ 
   | |   | _|  \__ \   | |     |  _/  / _ \  \__ \ \__ \ | _|  | |) |
   |_|   |___| |___/   |_|     |_|   /_/ \_\ |___/ |___/ |___| |___/ 

[Positive] - USER_GET sort result user in descending with valid endpoint
----------------------------------------------------------------------
]]></system-out>
  </testcase>
  <testcase name="[Negative] - USER_GET sort result user in descending with invalid endpoint" classname="User" time="0.45">
    <system-out><![CDATA[14:53:06.679 [Finalizer] DEBUG org.apache.http.impl.conn.DefaultClientConnection -- Connection 0.0.0.0:51018<->104.21.87.105:443 closed
14:53:06.679 [Finalizer] DEBUG org.apache.http.impl.conn.DefaultClientConnection -- Connection 0.0.0.0:51019<->104.21.87.105:443 closed
14:53:06.679 [Finalizer] DEBUG org.apache.http.impl.conn.DefaultClientConnection -- Connection 0.0.0.0:51016<->104.21.87.105:443 closed
14:53:06.679 [Finalizer] DEBUG org.apache.http.impl.conn.DefaultClientConnection -- Connection 0.0.0.0:51017<->104.21.87.105:443 closed

Scenario: [Negative] - USER_GET sort result user in descending with invalid endpoint &amp#27;[90m# src/test/resources/User.feature:42&amp#27;[0m
14:53:06.681 [main] INFO io.cucumber.core.plugin.SerenityReporter -- Running feature from file:///D:/SEMESTER%205/All%20Section/Section%203%20-%20Code%20Competence/Code%20Competence%20KM%20QA%202/Weekly2/src/test/resources/User.feature
14:53:06.681 [main] WARN io.cucumber.core.plugin.SerenityReporter -- Feature from file:///D:/SEMESTER%205/All%20Section/Section%203%20-%20Code%20Competence/Code%20Competence%20KM%20QA%202/Weekly2/src/test/resources/User.feature is not under the 'features' directory. Requirements report will not be correctly generated!
14:53:06.682 [main] INFO  -- 
  _____   ___   ___   _____     ___   _____     _     ___   _____   ___   ___  
 |_   _| | __| / __| |_   _|   / __| |_   _|   /_\   | _ \ |_   _| | __| |   \ 
   | |   | _|  \__ \   | |     \__ \   | |    / _ \  |   /   | |   | _|  | |) |
   |_|   |___| |___/   |_|     |___/   |_|   /_/ \_\ |_|_\   |_|   |___| |___/ 

[Negative] - USER_GET sort result user in descending with invalid endpoint(user;[negative]---user-get-sort-result-user-in-descending-with-invalid-endpoint)
--------------------------------------------------------------------------------
14:53:06.685 [main] DEBUG net.thucydides.core.steps.StepInterceptor -- STARTING STEP: UserSteps.getSortUserInvalidEndpoint - I GET API user sort result with invalid endpoint
14:53:06.685 [main] DEBUG net.thucydides.core.steps.StepInterceptor -- STEP DONE: I GET API user sort result with invalid endpoint
  &amp#27;[32mGiven &amp#27;[0m&amp#27;[32mI GET API user sort result with invalid endpoint&amp#27;[0m                             &amp#27;[90m# starter.stepdefinition.UserSteps.getSortUserInvalidEndpoint()&amp#27;[0m
14:53:06.687 [main] DEBUG net.thucydides.core.steps.StepInterceptor -- STARTING STEP: UserSteps.getHTTPInvalidRequestSortUser - I GET HTTP request sort user with invalid endpoint
14:53:06.687 [main] DEBUG net.thucydides.core.steps.StepInterceptor -- STARTING STEP: User.getHTTPInvalidRequestSortUser - I GET API user sort result with invalid endpoint
14:53:06.687 [main] DEBUG net.thucydides.core.steps.StepInterceptor -- STEP DONE: I GET API user sort result with invalid endpoint
14:53:06.690 [main] DEBUG org.apache.http.impl.conn.BasicClientConnectionManager -- Get connection for route {s}->https://fakestoreapi.com:443
14:53:06.690 [main] DEBUG org.apache.http.impl.conn.DefaultClientConnectionOperator -- Connecting to fakestoreapi.com:443
14:53:06.746 [main] DEBUG org.apache.http.client.protocol.RequestAddCookies -- CookieSpec selected: ignoreCookies
14:53:06.747 [main] DEBUG org.apache.http.client.protocol.RequestAuthCache -- Auth cache not set in the context
14:53:06.747 [main] DEBUG org.apache.http.client.protocol.RequestTargetAuthentication -- Target auth state: UNCHALLENGED
14:53:06.747 [main] DEBUG org.apache.http.client.protocol.RequestProxyAuthentication -- Proxy auth state: UNCHALLENGED
14:53:06.747 [main] DEBUG org.apache.http.impl.client.DefaultHttpClient -- Attempt 1 to execute request
14:53:06.747 [main] DEBUG org.apache.http.impl.conn.DefaultClientConnection -- Sending request: GET /user?sort=desc HTTP/1.1
14:53:06.747 [main] DEBUG org.apache.http.wire --  >> "GET /user?sort=desc HTTP/1.1[\r][\n]"
14:53:06.747 [main] DEBUG org.apache.http.wire --  >> "Accept: */*[\r][\n]"
14:53:06.747 [main] DEBUG org.apache.http.wire --  >> "Host: fakestoreapi.com[\r][\n]"
14:53:06.747 [main] DEBUG org.apache.http.wire --  >> "Connection: Keep-Alive[\r][\n]"
14:53:06.747 [main] DEBUG org.apache.http.wire --  >> "User-Agent: Apache-HttpClient/4.5.13 (Java/17.0.8)[\r][\n]"
14:53:06.747 [main] DEBUG org.apache.http.wire --  >> "Accept-Encoding: gzip,deflate[\r][\n]"
14:53:06.747 [main] DEBUG org.apache.http.wire --  >> "[\r][\n]"
14:53:06.747 [main] DEBUG org.apache.http.headers -- >> GET /user?sort=desc HTTP/1.1
14:53:06.747 [main] DEBUG org.apache.http.headers -- >> Accept: */*
14:53:06.747 [main] DEBUG org.apache.http.headers -- >> Host: fakestoreapi.com
14:53:06.747 [main] DEBUG org.apache.http.headers -- >> Connection: Keep-Alive
14:53:06.747 [main] DEBUG org.apache.http.headers -- >> User-Agent: Apache-HttpClient/4.5.13 (Java/17.0.8)
14:53:06.747 [main] DEBUG org.apache.http.headers -- >> Accept-Encoding: gzip,deflate
14:53:07.118 [main] DEBUG org.apache.http.wire --  << "HTTP/1.1 404 Not Found[\r][\n]"
14:53:07.118 [main] DEBUG org.apache.http.wire --  << "Date: Fri, 06 Oct 2023 07:53:08 GMT[\r][\n]"
14:53:07.118 [main] DEBUG org.apache.http.wire --  << "Content-Type: text/html; charset=utf-8[\r][\n]"
14:53:07.118 [main] DEBUG org.apache.http.wire --  << "Transfer-Encoding: chunked[\r][\n]"
14:53:07.118 [main] DEBUG org.apache.http.wire --  << "Connection: keep-alive[\r][\n]"
14:53:07.118 [main] DEBUG org.apache.http.wire --  << "Access-Control-Allow-Origin: *[\r][\n]"
14:53:07.118 [main] DEBUG org.apache.http.wire --  << "Content-Security-Policy: default-src 'none'[\r][\n]"
14:53:07.118 [main] DEBUG org.apache.http.wire --  << "X-Content-Type-Options: nosniff[\r][\n]"
14:53:07.118 [main] DEBUG org.apache.http.wire --  << "X-Powered-By: Express[\r][\n]"
14:53:07.118 [main] DEBUG org.apache.http.wire --  << "CF-Cache-Status: DYNAMIC[\r][\n]"
14:53:07.118 [main] DEBUG org.apache.http.wire --  << "Report-To: {"endpoints":[{"url":"https:\/\/a.nel.cloudflare.com\/report\/v3?s=BsF2eW8F6%2FhbK1%2B%2FQUkekPP6vPzSZWxQZ9J%2FfPdWMXkn0UG7hZeiAvK4bZGPNux4EU%2FwnubzzpYpZhkxRUnvajewLf1Fdtp3C5OblxQcR96fkBQ3LGH7VFavv9UBeMDLtDea"}],"group":"cf-nel","max_age":604800}[\r][\n]"
14:53:07.118 [main] DEBUG org.apache.http.wire --  << "NEL: {"success_fraction":0,"report_to":"cf-nel","max_age":604800}[\r][\n]"
14:53:07.118 [main] DEBUG org.apache.http.wire --  << "Server: cloudflare[\r][\n]"
14:53:07.118 [main] DEBUG org.apache.http.wire --  << "CF-RAY: 811c542fd894494f-SIN[\r][\n]"
14:53:07.118 [main] DEBUG org.apache.http.wire --  << "Content-Encoding: gzip[\r][\n]"
14:53:07.118 [main] DEBUG org.apache.http.wire --  << "alt-svc: h3=":443"; ma=86400[\r][\n]"
14:53:07.118 [main] DEBUG org.apache.http.wire --  << "[\r][\n]"
14:53:07.118 [main] DEBUG org.apache.http.impl.conn.DefaultClientConnection -- Receiving response: HTTP/1.1 404 Not Found
14:53:07.118 [main] DEBUG org.apache.http.headers -- << HTTP/1.1 404 Not Found
14:53:07.118 [main] DEBUG org.apache.http.headers -- << Date: Fri, 06 Oct 2023 07:53:08 GMT
14:53:07.118 [main] DEBUG org.apache.http.headers -- << Content-Type: text/html; charset=utf-8
14:53:07.118 [main] DEBUG org.apache.http.headers -- << Transfer-Encoding: chunked
14:53:07.118 [main] DEBUG org.apache.http.headers -- << Connection: keep-alive
14:53:07.118 [main] DEBUG org.apache.http.headers -- << Access-Control-Allow-Origin: *
14:53:07.118 [main] DEBUG org.apache.http.headers -- << Content-Security-Policy: default-src 'none'
14:53:07.118 [main] DEBUG org.apache.http.headers -- << X-Content-Type-Options: nosniff
14:53:07.118 [main] DEBUG org.apache.http.headers -- << X-Powered-By: Express
14:53:07.118 [main] DEBUG org.apache.http.headers -- << CF-Cache-Status: DYNAMIC
14:53:07.118 [main] DEBUG org.apache.http.headers -- << Report-To: {"endpoints":[{"url":"https:\/\/a.nel.cloudflare.com\/report\/v3?s=BsF2eW8F6%2FhbK1%2B%2FQUkekPP6vPzSZWxQZ9J%2FfPdWMXkn0UG7hZeiAvK4bZGPNux4EU%2FwnubzzpYpZhkxRUnvajewLf1Fdtp3C5OblxQcR96fkBQ3LGH7VFavv9UBeMDLtDea"}],"group":"cf-nel","max_age":604800}
14:53:07.118 [main] DEBUG org.apache.http.headers -- << NEL: {"success_fraction":0,"report_to":"cf-nel","max_age":604800}
14:53:07.118 [main] DEBUG org.apache.http.headers -- << Server: cloudflare
14:53:07.118 [main] DEBUG org.apache.http.headers -- << CF-RAY: 811c542fd894494f-SIN
14:53:07.118 [main] DEBUG org.apache.http.headers -- << Content-Encoding: gzip
14:53:07.118 [main] DEBUG org.apache.http.headers -- << alt-svc: h3=":443"; ma=86400
14:53:07.118 [main] DEBUG org.apache.http.impl.client.DefaultHttpClient -- Connection can be kept alive indefinitely
14:53:07.118 [main] DEBUG io.restassured.internal.RestAssuredHttpBuilder -- Parsing response as: text/html; charset=utf-8
14:53:07.118 [main] DEBUG org.apache.http.wire --  << "8d[\r][\n]"
14:53:07.118 [main] DEBUG org.apache.http.wire --  << "[0x1f][0x8b][0x8][0x0][0x0][0x0][0x0][0x0][0x0][0x3],[0x8d][0xb1][0xe][0xc2]0[0xc]Dw[0x85][0xc9][0x8e][0xbc]2[0xb8]YJ[0xc4][0x8]C[0x17]FC[\r]EJ[0x13][0xe4][0xba][0x3][0x8f][0x2][0x9d]N[0xf7][0xee]N[0xc7][0xbb][0xe3][0xb9][0x1f][0xae][0x97][0x84][0x93][0xcf]9[0x2]7[0xc1],[0xe5][0xd9][0x5]-[0xa1][0x1][0x95]1[0x2][0xcf][0xea][0x82][0xf7]IlQ[0xef][0xc2][0xea][0x8f][0xfd][0xa1][0xa5][0xfe][0xf2][0xac]1[0x99]Uc[0xfa][0x1b]`[0xda]6[0xb7]:~"[0xf0][0xdb]4[0xf6]RJu<[0xa5][0x1]i][0xd4][0x98][0x1a][0x5][0xa6][0xad]C[0xbf][0xfb]/[0x0][0x0][0x0][0xff][0xff][0xe3][0x2][0x0]#*[0x80][0xcf][0x8f][0x0][0x0][0x0]"
14:53:07.118 [main] DEBUG org.apache.http.wire --  << "[\r][\n]"
14:53:07.120 [main] DEBUG org.apache.http.wire --  << "0[\r][\n]"
14:53:07.120 [main] DEBUG org.apache.http.wire --  << "[\r][\n]"
14:53:07.120 [main] DEBUG io.restassured.internal.RestAssuredHttpBuilder -- Parsed data to instance of: class org.apache.http.conn.EofSensorInputStream
14:53:07.120 [main] DEBUG org.apache.http.impl.conn.BasicClientConnectionManager -- Releasing connection org.apache.http.impl.conn.ManagedClientConnectionImpl@608c03e3
14:53:07.120 [main] DEBUG org.apache.http.impl.conn.BasicClientConnectionManager -- Connection can be kept alive indefinitely
14:53:07.121 [main] DEBUG net.thucydides.core.steps.StepInterceptor -- STEP DONE: I GET HTTP request sort user with invalid endpoint
  &amp#27;[32mWhen &amp#27;[0m&amp#27;[32mI GET HTTP request sort user with invalid endpoint&amp#27;[0m                            &amp#27;[90m# starter.stepdefinition.UserSteps.getHTTPInvalidRequestSortUser()&amp#27;[0m
14:53:07.123 [main] DEBUG net.thucydides.core.steps.StepInterceptor -- STARTING STEP: UserSteps.receiveInvalidResponseSortUser404 - I receive invalid GET sort result user descending response code 404
14:53:07.123 [main] DEBUG net.thucydides.core.steps.StepInterceptor -- STEP DONE: I receive invalid GET sort result user descending response code 404
  &amp#27;[32mThen &amp#27;[0m&amp#27;[32mI receive invalid GET sort result user descending response code 404&amp#27;[0m           &amp#27;[90m# starter.stepdefinition.UserSteps.receiveInvalidResponseSortUser404()&amp#27;[0m
14:53:07.124 [main] INFO  -- 
  _____   ___   ___   _____     ___     _     ___   ___   ___   ___  
 |_   _| | __| / __| |_   _|   | _ \   /_\   / __| / __| | __| |   \ 
   | |   | _|  \__ \   | |     |  _/  / _ \  \__ \ \__ \ | _|  | |) |
   |_|   |___| |___/   |_|     |_|   /_/ \_\ |___/ |___/ |___| |___/ 

[Negative] - USER_GET sort result user in descending with invalid endpoint
----------------------------------------------------------------------
]]></system-out>
  </testcase>
  <testcase name="[Positive] - USER_POST new product with valid data" classname="User" time="0.637">
    <system-out><![CDATA[
Scenario: [Positive] - USER_POST new product with valid data &amp#27;[90m# src/test/resources/User.feature:47&amp#27;[0m
14:53:07.126 [main] INFO io.cucumber.core.plugin.SerenityReporter -- Running feature from file:///D:/SEMESTER%205/All%20Section/Section%203%20-%20Code%20Competence/Code%20Competence%20KM%20QA%202/Weekly2/src/test/resources/User.feature
14:53:07.126 [main] WARN io.cucumber.core.plugin.SerenityReporter -- Feature from file:///D:/SEMESTER%205/All%20Section/Section%203%20-%20Code%20Competence/Code%20Competence%20KM%20QA%202/Weekly2/src/test/resources/User.feature is not under the 'features' directory. Requirements report will not be correctly generated!
14:53:07.127 [main] INFO  -- 
  _____   ___   ___   _____     ___   _____     _     ___   _____   ___   ___  
 |_   _| | __| / __| |_   _|   / __| |_   _|   /_\   | _ \ |_   _| | __| |   \ 
   | |   | _|  \__ \   | |     \__ \   | |    / _ \  |   /   | |   | _|  | |) |
   |_|   |___| |___/   |_|     |___/   |_|   /_/ \_\ |_|_\   |_|   |___| |___/ 

[Positive] - USER_POST new product with valid data(user;[positive]---user-post-new-product-with-valid-data)
--------------------------------------------------------------------------------
14:53:07.130 [main] DEBUG net.thucydides.core.steps.StepInterceptor -- STARTING STEP: UserSteps.setPostUserEndpoint - I access POST API user endpoints
14:53:07.130 [main] DEBUG net.thucydides.core.steps.StepInterceptor -- STEP DONE: I access POST API user endpoints
  &amp#27;[32mGiven &amp#27;[0m&amp#27;[32mI access POST API user endpoints&amp#27;[0m                     &amp#27;[90m# starter.stepdefinition.UserSteps.setPostUserEndpoint()&amp#27;[0m
14:53:07.131 [main] DEBUG net.thucydides.core.steps.StepInterceptor -- STARTING STEP: UserSteps.postUserHTTPRequest - I POST HTTP request with a valid data
14:53:07.132 [main] DEBUG net.thucydides.core.steps.StepInterceptor -- STARTING STEP: User.postUserHTTPRequest - I access POST API user endpoints
14:53:07.132 [main] DEBUG net.thucydides.core.steps.StepInterceptor -- STEP DONE: I access POST API user endpoints
14:53:07.137 [main] DEBUG org.apache.http.impl.conn.BasicClientConnectionManager -- Get connection for route {s}->https://fakestoreapi.com:443
14:53:07.137 [main] DEBUG org.apache.http.impl.conn.DefaultClientConnectionOperator -- Connecting to fakestoreapi.com:443
14:53:07.208 [main] DEBUG org.apache.http.client.protocol.RequestAddCookies -- CookieSpec selected: ignoreCookies
14:53:07.208 [main] DEBUG org.apache.http.client.protocol.RequestAuthCache -- Auth cache not set in the context
14:53:07.208 [main] DEBUG org.apache.http.client.protocol.RequestTargetAuthentication -- Target auth state: UNCHALLENGED
14:53:07.208 [main] DEBUG org.apache.http.client.protocol.RequestProxyAuthentication -- Proxy auth state: UNCHALLENGED
14:53:07.208 [main] DEBUG org.apache.http.impl.client.DefaultHttpClient -- Attempt 1 to execute request
14:53:07.208 [main] DEBUG org.apache.http.impl.conn.DefaultClientConnection -- Sending request: POST /users HTTP/1.1
14:53:07.208 [main] DEBUG org.apache.http.wire --  >> "POST /users HTTP/1.1[\r][\n]"
14:53:07.208 [main] DEBUG org.apache.http.wire --  >> "Accept: */*[\r][\n]"
14:53:07.208 [main] DEBUG org.apache.http.wire --  >> "Content-Type: application/json[\r][\n]"
14:53:07.208 [main] DEBUG org.apache.http.wire --  >> "Content-Length: 274[\r][\n]"
14:53:07.208 [main] DEBUG org.apache.http.wire --  >> "Host: fakestoreapi.com[\r][\n]"
14:53:07.208 [main] DEBUG org.apache.http.wire --  >> "Connection: Keep-Alive[\r][\n]"
14:53:07.208 [main] DEBUG org.apache.http.wire --  >> "User-Agent: Apache-HttpClient/4.5.13 (Java/17.0.8)[\r][\n]"
14:53:07.208 [main] DEBUG org.apache.http.wire --  >> "Accept-Encoding: gzip,deflate[\r][\n]"
14:53:07.208 [main] DEBUG org.apache.http.wire --  >> "[\r][\n]"
14:53:07.208 [main] DEBUG org.apache.http.headers -- >> POST /users HTTP/1.1
14:53:07.208 [main] DEBUG org.apache.http.headers -- >> Accept: */*
14:53:07.208 [main] DEBUG org.apache.http.headers -- >> Content-Type: application/json
14:53:07.208 [main] DEBUG org.apache.http.headers -- >> Content-Length: 274
14:53:07.208 [main] DEBUG org.apache.http.headers -- >> Host: fakestoreapi.com
14:53:07.208 [main] DEBUG org.apache.http.headers -- >> Connection: Keep-Alive
14:53:07.208 [main] DEBUG org.apache.http.headers -- >> User-Agent: Apache-HttpClient/4.5.13 (Java/17.0.8)
14:53:07.208 [main] DEBUG org.apache.http.headers -- >> Accept-Encoding: gzip,deflate
14:53:07.208 [main] DEBUG org.apache.http.wire --  >> "{"password":"m38rmF$","address":{"zipcode":"12926-3874","number":3,"city":"kilcoole","street":"7835 new road","geolocation":{"lat":"-37.3159","long":"81.1496"}},"phone":"1-570-236-7033","name":{"firstname":"John","lastname":"Doe"},"email":"John@gmail.com","username":"john"}"
14:53:07.749 [main] DEBUG org.apache.http.wire --  << "HTTP/1.1 200 OK[\r][\n]"
14:53:07.749 [main] DEBUG org.apache.http.wire --  << "Date: Fri, 06 Oct 2023 07:53:08 GMT[\r][\n]"
14:53:07.749 [main] DEBUG org.apache.http.wire --  << "Content-Type: application/json; charset=utf-8[\r][\n]"
14:53:07.749 [main] DEBUG org.apache.http.wire --  << "Content-Length: 8[\r][\n]"
14:53:07.749 [main] DEBUG org.apache.http.wire --  << "Connection: keep-alive[\r][\n]"
14:53:07.749 [main] DEBUG org.apache.http.wire --  << "Access-Control-Allow-Origin: *[\r][\n]"
14:53:07.749 [main] DEBUG org.apache.http.wire --  << "Etag: W/"8-h5EdGu1QmHe4OkjsU292jNzSLfE"[\r][\n]"
14:53:07.749 [main] DEBUG org.apache.http.wire --  << "X-Powered-By: Express[\r][\n]"
14:53:07.749 [main] DEBUG org.apache.http.wire --  << "CF-Cache-Status: DYNAMIC[\r][\n]"
14:53:07.749 [main] DEBUG org.apache.http.wire --  << "Report-To: {"endpoints":[{"url":"https:\/\/a.nel.cloudflare.com\/report\/v3?s=Ru%2BcD%2FtJFOIK6gGaCv%2BIhubPUIxoopdwW2v5RNueWRRQSiVHOhIAvDOjdEqd6tBpVLLYhvQpQvy%2FgXtagLmCHMcI%2Bvbr0k07dBvG8AX%2BbwpycstrmiOz2DQh%2FSHNFtO1Zyqx"}],"group":"cf-nel","max_age":604800}[\r][\n]"
14:53:07.749 [main] DEBUG org.apache.http.wire --  << "NEL: {"success_fraction":0,"report_to":"cf-nel","max_age":604800}[\r][\n]"
14:53:07.749 [main] DEBUG org.apache.http.wire --  << "Server: cloudflare[\r][\n]"
14:53:07.749 [main] DEBUG org.apache.http.wire --  << "CF-RAY: 811c5432bec73de4-SIN[\r][\n]"
14:53:07.749 [main] DEBUG org.apache.http.wire --  << "alt-svc: h3=":443"; ma=86400[\r][\n]"
14:53:07.749 [main] DEBUG org.apache.http.wire --  << "[\r][\n]"
14:53:07.749 [main] DEBUG org.apache.http.impl.conn.DefaultClientConnection -- Receiving response: HTTP/1.1 200 OK
14:53:07.749 [main] DEBUG org.apache.http.headers -- << HTTP/1.1 200 OK
14:53:07.749 [main] DEBUG org.apache.http.headers -- << Date: Fri, 06 Oct 2023 07:53:08 GMT
14:53:07.749 [main] DEBUG org.apache.http.headers -- << Content-Type: application/json; charset=utf-8
14:53:07.749 [main] DEBUG org.apache.http.headers -- << Content-Length: 8
14:53:07.749 [main] DEBUG org.apache.http.headers -- << Connection: keep-alive
14:53:07.749 [main] DEBUG org.apache.http.headers -- << Access-Control-Allow-Origin: *
14:53:07.749 [main] DEBUG org.apache.http.headers -- << Etag: W/"8-h5EdGu1QmHe4OkjsU292jNzSLfE"
14:53:07.749 [main] DEBUG org.apache.http.headers -- << X-Powered-By: Express
14:53:07.749 [main] DEBUG org.apache.http.headers -- << CF-Cache-Status: DYNAMIC
14:53:07.749 [main] DEBUG org.apache.http.headers -- << Report-To: {"endpoints":[{"url":"https:\/\/a.nel.cloudflare.com\/report\/v3?s=Ru%2BcD%2FtJFOIK6gGaCv%2BIhubPUIxoopdwW2v5RNueWRRQSiVHOhIAvDOjdEqd6tBpVLLYhvQpQvy%2FgXtagLmCHMcI%2Bvbr0k07dBvG8AX%2BbwpycstrmiOz2DQh%2FSHNFtO1Zyqx"}],"group":"cf-nel","max_age":604800}
14:53:07.749 [main] DEBUG org.apache.http.headers -- << NEL: {"success_fraction":0,"report_to":"cf-nel","max_age":604800}
14:53:07.749 [main] DEBUG org.apache.http.headers -- << Server: cloudflare
14:53:07.749 [main] DEBUG org.apache.http.headers -- << CF-RAY: 811c5432bec73de4-SIN
14:53:07.749 [main] DEBUG org.apache.http.headers -- << alt-svc: h3=":443"; ma=86400
14:53:07.750 [main] DEBUG org.apache.http.impl.client.DefaultHttpClient -- Connection can be kept alive indefinitely
14:53:07.750 [main] DEBUG io.restassured.internal.RestAssuredHttpBuilder -- Parsing response as: application/json; charset=utf-8
14:53:07.750 [main] DEBUG io.restassured.internal.RestAssuredHttpBuilder -- Parsed data to instance of: class org.apache.http.conn.EofSensorInputStream
14:53:07.750 [main] DEBUG org.apache.http.wire --  << "{"id":1}"
14:53:07.750 [main] DEBUG org.apache.http.impl.conn.BasicClientConnectionManager -- Releasing connection org.apache.http.impl.conn.ManagedClientConnectionImpl@2045108
14:53:07.750 [main] DEBUG org.apache.http.impl.conn.BasicClientConnectionManager -- Connection can be kept alive indefinitely
14:53:07.750 [main] DEBUG net.thucydides.core.steps.StepInterceptor -- STEP DONE: I POST HTTP request with a valid data
  &amp#27;[32mWhen &amp#27;[0m&amp#27;[32mI POST HTTP request with a valid data&amp#27;[0m                 &amp#27;[90m# starter.stepdefinition.UserSteps.postUserHTTPRequest()&amp#27;[0m
14:53:07.752 [main] DEBUG net.thucydides.core.steps.StepInterceptor -- STARTING STEP: UserSteps.validResponsePostUser - I receive valid data for new user
14:53:07.758 [main] DEBUG net.thucydides.core.steps.StepInterceptor -- STEP DONE: I receive valid data for new user
  &amp#27;[32mAnd &amp#27;[0m&amp#27;[32mI receive valid data for new user&amp#27;[0m                      &amp#27;[90m# starter.stepdefinition.UserSteps.validResponsePostUser()&amp#27;[0m
14:53:07.760 [main] DEBUG net.thucydides.core.steps.StepInterceptor -- STARTING STEP: UserSteps.receiveResponsePostUser200 - I receive valid HTTP response code 200
14:53:07.760 [main] DEBUG net.thucydides.core.steps.StepInterceptor -- STEP DONE: I receive valid HTTP response code 200
  &amp#27;[32mThen &amp#27;[0m&amp#27;[32mI receive an valid POST response code 200&amp#27;[0m             &amp#27;[90m# starter.stepdefinition.UserSteps.receiveResponsePostUser200()&amp#27;[0m
14:53:07.761 [main] INFO  -- 
  _____   ___   ___   _____     ___     _     ___   ___   ___   ___  
 |_   _| | __| / __| |_   _|   | _ \   /_\   / __| / __| | __| |   \ 
   | |   | _|  \__ \   | |     |  _/  / _ \  \__ \ \__ \ | _|  | |) |
   |_|   |___| |___/   |_|     |_|   /_/ \_\ |___/ |___/ |___| |___/ 

[Positive] - USER_POST new product with valid data
----------------------------------------------------------------------
]]></system-out>
  </testcase>
  <testcase name="[Negative] - USER_POST new product with invalid data" classname="User" time="0.533">
    <system-out><![CDATA[
Scenario: [Negative] - USER_POST new product with invalid data &amp#27;[90m# src/test/resources/User.feature:53&amp#27;[0m
14:53:07.763 [main] INFO io.cucumber.core.plugin.SerenityReporter -- Running feature from file:///D:/SEMESTER%205/All%20Section/Section%203%20-%20Code%20Competence/Code%20Competence%20KM%20QA%202/Weekly2/src/test/resources/User.feature
14:53:07.763 [main] WARN io.cucumber.core.plugin.SerenityReporter -- Feature from file:///D:/SEMESTER%205/All%20Section/Section%203%20-%20Code%20Competence/Code%20Competence%20KM%20QA%202/Weekly2/src/test/resources/User.feature is not under the 'features' directory. Requirements report will not be correctly generated!
14:53:07.764 [main] INFO  -- 
  _____   ___   ___   _____     ___   _____     _     ___   _____   ___   ___  
 |_   _| | __| / __| |_   _|   / __| |_   _|   /_\   | _ \ |_   _| | __| |   \ 
   | |   | _|  \__ \   | |     \__ \   | |    / _ \  |   /   | |   | _|  | |) |
   |_|   |___| |___/   |_|     |___/   |_|   /_/ \_\ |_|_\   |_|   |___| |___/ 

[Negative] - USER_POST new product with invalid data(user;[negative]---user-post-new-product-with-invalid-data)
--------------------------------------------------------------------------------
14:53:07.767 [main] DEBUG net.thucydides.core.steps.StepInterceptor -- STARTING STEP: UserSteps.postAPIUserEndpointsInvalid - I POST the API user endpoints invalid
14:53:07.767 [main] DEBUG net.thucydides.core.steps.StepInterceptor -- STEP DONE: I POST the API user endpoints invalid
  &amp#27;[32mGiven &amp#27;[0m&amp#27;[32mI POST the API user endpoints invalid&amp#27;[0m                  &amp#27;[90m# starter.stepdefinition.UserSteps.postAPIUserEndpointsInvalid()&amp#27;[0m
14:53:07.768 [main] DEBUG net.thucydides.core.steps.StepInterceptor -- STARTING STEP: UserSteps.postHTTPRequestInvalidData - I POST HTTP request with an invalid data
14:53:07.769 [main] DEBUG net.thucydides.core.steps.StepInterceptor -- STARTING STEP: User.postUserInvalidHTTPRequest - I POST the API user endpoints invalid
14:53:07.769 [main] DEBUG net.thucydides.core.steps.StepInterceptor -- STEP DONE: I POST the API user endpoints invalid
14:53:07.773 [main] DEBUG org.apache.http.impl.conn.BasicClientConnectionManager -- Get connection for route {s}->https://fakestoreapi.com:443
14:53:07.773 [main] DEBUG org.apache.http.impl.conn.DefaultClientConnectionOperator -- Connecting to fakestoreapi.com:443
14:53:07.847 [main] DEBUG org.apache.http.client.protocol.RequestAddCookies -- CookieSpec selected: ignoreCookies
14:53:07.847 [main] DEBUG org.apache.http.client.protocol.RequestAuthCache -- Auth cache not set in the context
14:53:07.847 [main] DEBUG org.apache.http.client.protocol.RequestTargetAuthentication -- Target auth state: UNCHALLENGED
14:53:07.847 [main] DEBUG org.apache.http.client.protocol.RequestProxyAuthentication -- Proxy auth state: UNCHALLENGED
14:53:07.847 [main] DEBUG org.apache.http.impl.client.DefaultHttpClient -- Attempt 1 to execute request
14:53:07.847 [main] DEBUG org.apache.http.impl.conn.DefaultClientConnection -- Sending request: POST /user HTTP/1.1
14:53:07.847 [main] DEBUG org.apache.http.wire --  >> "POST /user HTTP/1.1[\r][\n]"
14:53:07.847 [main] DEBUG org.apache.http.wire --  >> "Accept: */*[\r][\n]"
14:53:07.847 [main] DEBUG org.apache.http.wire --  >> "Content-Type: application/json[\r][\n]"
14:53:07.847 [main] DEBUG org.apache.http.wire --  >> "Content-Length: 274[\r][\n]"
14:53:07.847 [main] DEBUG org.apache.http.wire --  >> "Host: fakestoreapi.com[\r][\n]"
14:53:07.847 [main] DEBUG org.apache.http.wire --  >> "Connection: Keep-Alive[\r][\n]"
14:53:07.847 [main] DEBUG org.apache.http.wire --  >> "User-Agent: Apache-HttpClient/4.5.13 (Java/17.0.8)[\r][\n]"
14:53:07.847 [main] DEBUG org.apache.http.wire --  >> "Accept-Encoding: gzip,deflate[\r][\n]"
14:53:07.847 [main] DEBUG org.apache.http.wire --  >> "[\r][\n]"
14:53:07.847 [main] DEBUG org.apache.http.headers -- >> POST /user HTTP/1.1
14:53:07.847 [main] DEBUG org.apache.http.headers -- >> Accept: */*
14:53:07.847 [main] DEBUG org.apache.http.headers -- >> Content-Type: application/json
14:53:07.847 [main] DEBUG org.apache.http.headers -- >> Content-Length: 274
14:53:07.847 [main] DEBUG org.apache.http.headers -- >> Host: fakestoreapi.com
14:53:07.847 [main] DEBUG org.apache.http.headers -- >> Connection: Keep-Alive
14:53:07.847 [main] DEBUG org.apache.http.headers -- >> User-Agent: Apache-HttpClient/4.5.13 (Java/17.0.8)
14:53:07.847 [main] DEBUG org.apache.http.headers -- >> Accept-Encoding: gzip,deflate
14:53:07.847 [main] DEBUG org.apache.http.wire --  >> "{"password":"m38rmF$","address":{"zipcode":"12926-3874","number":3,"city":"kilcoole","street":"7835 new road","geolocation":{"lat":"-37.3159","long":"81.1496"}},"phone":"1-570-236-7033","name":{"firstname":"John","lastname":"Doe"},"email":"John@gmail.com","username":"john"}"
14:53:08.288 [main] DEBUG org.apache.http.wire --  << "HTTP/1.1 404 Not Found[\r][\n]"
14:53:08.288 [main] DEBUG org.apache.http.wire --  << "Date: Fri, 06 Oct 2023 07:53:09 GMT[\r][\n]"
14:53:08.288 [main] DEBUG org.apache.http.wire --  << "Content-Type: text/html; charset=utf-8[\r][\n]"
14:53:08.288 [main] DEBUG org.apache.http.wire --  << "Transfer-Encoding: chunked[\r][\n]"
14:53:08.288 [main] DEBUG org.apache.http.wire --  << "Connection: keep-alive[\r][\n]"
14:53:08.288 [main] DEBUG org.apache.http.wire --  << "Access-Control-Allow-Origin: *[\r][\n]"
14:53:08.288 [main] DEBUG org.apache.http.wire --  << "Content-Security-Policy: default-src 'none'[\r][\n]"
14:53:08.288 [main] DEBUG org.apache.http.wire --  << "X-Content-Type-Options: nosniff[\r][\n]"
14:53:08.288 [main] DEBUG org.apache.http.wire --  << "X-Powered-By: Express[\r][\n]"
14:53:08.288 [main] DEBUG org.apache.http.wire --  << "CF-Cache-Status: DYNAMIC[\r][\n]"
14:53:08.288 [main] DEBUG org.apache.http.wire --  << "Report-To: {"endpoints":[{"url":"https:\/\/a.nel.cloudflare.com\/report\/v3?s=oPminxD1FSOnXlGmwC%2BDNdJn0Nx0L3BNu6fuRi2WvmY96WY4l01UqzmyyGLmX2e90sF8rtpu%2Fr%2F8wirucz1cmXHybATOLdd7NxUM2nRu1QpAabbg0UNmBf1eUUcf%2FkDWura%2F"}],"group":"cf-nel","max_age":604800}[\r][\n]"
14:53:08.288 [main] DEBUG org.apache.http.wire --  << "NEL: {"success_fraction":0,"report_to":"cf-nel","max_age":604800}[\r][\n]"
14:53:08.288 [main] DEBUG org.apache.http.wire --  << "Server: cloudflare[\r][\n]"
14:53:08.288 [main] DEBUG org.apache.http.wire --  << "CF-RAY: 811c5436bbdb44b3-SIN[\r][\n]"
14:53:08.288 [main] DEBUG org.apache.http.wire --  << "Content-Encoding: gzip[\r][\n]"
14:53:08.288 [main] DEBUG org.apache.http.wire --  << "alt-svc: h3=":443"; ma=86400[\r][\n]"
14:53:08.288 [main] DEBUG org.apache.http.wire --  << "[\r][\n]"
14:53:08.288 [main] DEBUG org.apache.http.impl.conn.DefaultClientConnection -- Receiving response: HTTP/1.1 404 Not Found
14:53:08.288 [main] DEBUG org.apache.http.headers -- << HTTP/1.1 404 Not Found
14:53:08.288 [main] DEBUG org.apache.http.headers -- << Date: Fri, 06 Oct 2023 07:53:09 GMT
14:53:08.288 [main] DEBUG org.apache.http.headers -- << Content-Type: text/html; charset=utf-8
14:53:08.288 [main] DEBUG org.apache.http.headers -- << Transfer-Encoding: chunked
14:53:08.288 [main] DEBUG org.apache.http.headers -- << Connection: keep-alive
14:53:08.288 [main] DEBUG org.apache.http.headers -- << Access-Control-Allow-Origin: *
14:53:08.288 [main] DEBUG org.apache.http.headers -- << Content-Security-Policy: default-src 'none'
14:53:08.288 [main] DEBUG org.apache.http.headers -- << X-Content-Type-Options: nosniff
14:53:08.288 [main] DEBUG org.apache.http.headers -- << X-Powered-By: Express
14:53:08.288 [main] DEBUG org.apache.http.headers -- << CF-Cache-Status: DYNAMIC
14:53:08.288 [main] DEBUG org.apache.http.headers -- << Report-To: {"endpoints":[{"url":"https:\/\/a.nel.cloudflare.com\/report\/v3?s=oPminxD1FSOnXlGmwC%2BDNdJn0Nx0L3BNu6fuRi2WvmY96WY4l01UqzmyyGLmX2e90sF8rtpu%2Fr%2F8wirucz1cmXHybATOLdd7NxUM2nRu1QpAabbg0UNmBf1eUUcf%2FkDWura%2F"}],"group":"cf-nel","max_age":604800}
14:53:08.288 [main] DEBUG org.apache.http.headers -- << NEL: {"success_fraction":0,"report_to":"cf-nel","max_age":604800}
14:53:08.288 [main] DEBUG org.apache.http.headers -- << Server: cloudflare
14:53:08.288 [main] DEBUG org.apache.http.headers -- << CF-RAY: 811c5436bbdb44b3-SIN
14:53:08.288 [main] DEBUG org.apache.http.headers -- << Content-Encoding: gzip
14:53:08.288 [main] DEBUG org.apache.http.headers -- << alt-svc: h3=":443"; ma=86400
14:53:08.288 [main] DEBUG org.apache.http.impl.client.DefaultHttpClient -- Connection can be kept alive indefinitely
14:53:08.288 [main] DEBUG io.restassured.internal.RestAssuredHttpBuilder -- Parsing response as: text/html; charset=utf-8
14:53:08.288 [main] DEBUG org.apache.http.wire --  << "8d[\r][\n]"
14:53:08.288 [main] DEBUG org.apache.http.wire --  << "[0x1f][0x8b][0x8][0x0][0x0][0x0][0x0][0x0][0x0][0x3],[0x8d][0xb1][0xe][0xc2]0[0xc]DwE[0xc8][0x8e][0xbc]2[0xb8]^J[0xe7]V[0xa2][0xb][0xa3][0xa1][0x86]"[0xa5][0x9]r[0xdd][0x81][0xbf]G[0x81]N[0xa7]{w[0xa7][0xa3][0xc3][0xb9]o[0xc7][0xeb][0xd0][0x85][0xd9][0x97][0xc4]@UB[0x92][0xfc]l[0xa2][0xe6]X[0x81][0xca][0xc4]@[0x8b][0xba][0x84][0xfb],[0xb6][0xaa]7q[0xf3][0xc7][0xf1]TSyR[0xee][0xcc][0x8a][0x11][0xfe][\r][0x10][0xee][0x9b][[0x99]>[0xc][0xf4]6[0xe5]Vr.[0x1e][0x86][0xfe]2[0x6][0xdc]V5[0xc2][0x8a][0x81]p/[0xe1][0xef][0xff][0xb][0x0][0x0][0xff][0xff][0xe3][0x2][0x0]E[0xf5][0x91]\[0x90][0x0][0x0][0x0]"
14:53:08.288 [main] DEBUG org.apache.http.wire --  << "[\r][\n]"
14:53:08.288 [main] DEBUG org.apache.http.wire --  << "0[\r][\n]"
14:53:08.288 [main] DEBUG org.apache.http.wire --  << "[\r][\n]"
14:53:08.288 [main] DEBUG io.restassured.internal.RestAssuredHttpBuilder -- Parsed data to instance of: class org.apache.http.conn.EofSensorInputStream
14:53:08.289 [main] DEBUG org.apache.http.impl.conn.BasicClientConnectionManager -- Releasing connection org.apache.http.impl.conn.ManagedClientConnectionImpl@7424a39e
14:53:08.289 [main] DEBUG org.apache.http.impl.conn.BasicClientConnectionManager -- Connection can be kept alive indefinitely
14:53:08.289 [main] DEBUG net.thucydides.core.steps.StepInterceptor -- STEP DONE: I POST HTTP request with an invalid data
  &amp#27;[32mWhen &amp#27;[0m&amp#27;[32mI POST HTTP request with an invalid data&amp#27;[0m                &amp#27;[90m# starter.stepdefinition.UserSteps.postHTTPRequestInvalidData()&amp#27;[0m
14:53:08.291 [main] DEBUG net.thucydides.core.steps.StepInterceptor -- STARTING STEP: UserSteps.failedReceiveData - I failed to receive data
14:53:08.291 [main] DEBUG net.thucydides.core.steps.StepInterceptor -- STEP DONE: I failed to receive data
  &amp#27;[32mAnd &amp#27;[0m&amp#27;[32mI failed to receive data&amp#27;[0m                                 &amp#27;[90m# starter.stepdefinition.UserSteps.failedReceiveData()&amp#27;[0m
14:53:08.292 [main] DEBUG net.thucydides.core.steps.StepInterceptor -- STARTING STEP: UserSteps.receiveInvalidPOSTResponseCode404 - I receive invalid POST response code 404
14:53:08.292 [main] DEBUG net.thucydides.core.steps.StepInterceptor -- STEP DONE: I receive invalid POST response code 404
  &amp#27;[32mThen &amp#27;[0m&amp#27;[32mI receive invalid POST response code 404&amp#27;[0m                &amp#27;[90m# starter.stepdefinition.UserSteps.receiveInvalidPOSTResponseCode404()&amp#27;[0m
14:53:08.294 [main] INFO  -- 
  _____   ___   ___   _____     ___     _     ___   ___   ___   ___  
 |_   _| | __| / __| |_   _|   | _ \   /_\   / __| / __| | __| |   \ 
   | |   | _|  \__ \   | |     |  _/  / _ \  \__ \ \__ \ | _|  | |) |
   |_|   |___| |___/   |_|     |_|   /_/ \_\ |___/ |___/ |___| |___/ 

[Negative] - USER_POST new product with invalid data
----------------------------------------------------------------------
]]></system-out>
  </testcase>
  <testcase name="[Positive] - USER_PUT existing user with valid endpoints" classname="User" time="0.721">
    <system-out><![CDATA[
Scenario: [Positive] - USER_PUT existing user with valid endpoints &amp#27;[90m# src/test/resources/User.feature:59&amp#27;[0m
14:53:08.296 [main] INFO io.cucumber.core.plugin.SerenityReporter -- Running feature from file:///D:/SEMESTER%205/All%20Section/Section%203%20-%20Code%20Competence/Code%20Competence%20KM%20QA%202/Weekly2/src/test/resources/User.feature
14:53:08.296 [main] WARN io.cucumber.core.plugin.SerenityReporter -- Feature from file:///D:/SEMESTER%205/All%20Section/Section%203%20-%20Code%20Competence/Code%20Competence%20KM%20QA%202/Weekly2/src/test/resources/User.feature is not under the 'features' directory. Requirements report will not be correctly generated!
14:53:08.297 [main] INFO  -- 
  _____   ___   ___   _____     ___   _____     _     ___   _____   ___   ___  
 |_   _| | __| / __| |_   _|   / __| |_   _|   /_\   | _ \ |_   _| | __| |   \ 
   | |   | _|  \__ \   | |     \__ \   | |    / _ \  |   /   | |   | _|  | |) |
   |_|   |___| |___/   |_|     |___/   |_|   /_/ \_\ |_|_\   |_|   |___| |___/ 

[Positive] - USER_PUT existing user with valid endpoints(user;[positive]---user-put-existing-user-with-valid-endpoints)
--------------------------------------------------------------------------------
14:53:08.301 [main] DEBUG net.thucydides.core.steps.StepInterceptor -- STARTING STEP: UserSteps.putUserValidEndpoint - I PUT API user with valid endpoints
14:53:08.301 [main] DEBUG net.thucydides.core.steps.StepInterceptor -- STEP DONE: I PUT API user with valid endpoints
  &amp#27;[32mGiven &amp#27;[0m&amp#27;[32mI PUT API user with valid endpoints&amp#27;[0m                        &amp#27;[90m# starter.stepdefinition.UserSteps.putUserValidEndpoint()&amp#27;[0m
14:53:08.302 [main] DEBUG net.thucydides.core.steps.StepInterceptor -- STARTING STEP: UserSteps.putUserValidRequest - I PUT an HTTP request with valid endpoints
14:53:08.353 [Finalizer] DEBUG org.apache.http.impl.conn.DefaultClientConnection -- Connection 0.0.0.0:51023<->104.21.87.105:443 closed
14:53:08.353 [Finalizer] DEBUG org.apache.http.impl.conn.DefaultClientConnection -- Connection 0.0.0.0:51020<->104.21.87.105:443 closed
14:53:08.353 [Finalizer] DEBUG org.apache.http.impl.conn.DefaultClientConnection -- Connection 0.0.0.0:51021<->104.21.87.105:443 closed
14:53:08.353 [Finalizer] DEBUG org.apache.http.impl.conn.DefaultClientConnection -- Connection 0.0.0.0:51022<->104.21.87.105:443 closed
14:53:08.491 [main] DEBUG net.thucydides.core.steps.StepInterceptor -- STARTING STEP: User.putUserValidRequest - I PUT API user with valid endpoints
14:53:08.491 [main] DEBUG net.thucydides.core.steps.StepInterceptor -- STEP DONE: I PUT API user with valid endpoints
14:53:08.495 [main] DEBUG org.apache.http.impl.conn.BasicClientConnectionManager -- Get connection for route {s}->https://fakestoreapi.com:443
14:53:08.495 [main] DEBUG org.apache.http.impl.conn.DefaultClientConnectionOperator -- Connecting to fakestoreapi.com:443
14:53:08.565 [main] DEBUG org.apache.http.client.protocol.RequestAddCookies -- CookieSpec selected: ignoreCookies
14:53:08.565 [main] DEBUG org.apache.http.client.protocol.RequestAuthCache -- Auth cache not set in the context
14:53:08.565 [main] DEBUG org.apache.http.client.protocol.RequestTargetAuthentication -- Target auth state: UNCHALLENGED
14:53:08.565 [main] DEBUG org.apache.http.client.protocol.RequestProxyAuthentication -- Proxy auth state: UNCHALLENGED
14:53:08.565 [main] DEBUG org.apache.http.impl.client.DefaultHttpClient -- Attempt 1 to execute request
14:53:08.565 [main] DEBUG org.apache.http.impl.conn.DefaultClientConnection -- Sending request: PUT /users/1 HTTP/1.1
14:53:08.565 [main] DEBUG org.apache.http.wire --  >> "PUT /users/1 HTTP/1.1[\r][\n]"
14:53:08.565 [main] DEBUG org.apache.http.wire --  >> "Accept: */*[\r][\n]"
14:53:08.565 [main] DEBUG org.apache.http.wire --  >> "Content-Type: application/json[\r][\n]"
14:53:08.565 [main] DEBUG org.apache.http.wire --  >> "Content-Length: 281[\r][\n]"
14:53:08.565 [main] DEBUG org.apache.http.wire --  >> "Host: fakestoreapi.com[\r][\n]"
14:53:08.565 [main] DEBUG org.apache.http.wire --  >> "Connection: Keep-Alive[\r][\n]"
14:53:08.565 [main] DEBUG org.apache.http.wire --  >> "User-Agent: Apache-HttpClient/4.5.13 (Java/17.0.8)[\r][\n]"
14:53:08.565 [main] DEBUG org.apache.http.wire --  >> "Accept-Encoding: gzip,deflate[\r][\n]"
14:53:08.565 [main] DEBUG org.apache.http.wire --  >> "[\r][\n]"
14:53:08.565 [main] DEBUG org.apache.http.headers -- >> PUT /users/1 HTTP/1.1
14:53:08.565 [main] DEBUG org.apache.http.headers -- >> Accept: */*
14:53:08.565 [main] DEBUG org.apache.http.headers -- >> Content-Type: application/json
14:53:08.565 [main] DEBUG org.apache.http.headers -- >> Content-Length: 281
14:53:08.565 [main] DEBUG org.apache.http.headers -- >> Host: fakestoreapi.com
14:53:08.565 [main] DEBUG org.apache.http.headers -- >> Connection: Keep-Alive
14:53:08.565 [main] DEBUG org.apache.http.headers -- >> User-Agent: Apache-HttpClient/4.5.13 (Java/17.0.8)
14:53:08.565 [main] DEBUG org.apache.http.headers -- >> Accept-Encoding: gzip,deflate
14:53:08.566 [main] DEBUG org.apache.http.wire --  >> "{"password":"m38rmF$","address":{"zipcode":"12926-3874","number":3,"city":"kilcoole","street":"7835 new road","geolocation":{"lat":"-37.3159","long":"81.1496"}},"phone":"1-570-236-7033","name":{"firstname":"John","lastname":"Doe"},"id":7,"email":"John@gmail.com","username":"john"}"
14:53:09.004 [main] DEBUG org.apache.http.wire --  << "HTTP/1.1 200 OK[\r][\n]"
14:53:09.004 [main] DEBUG org.apache.http.wire --  << "Date: Fri, 06 Oct 2023 07:53:10 GMT[\r][\n]"
14:53:09.004 [main] DEBUG org.apache.http.wire --  << "Content-Type: application/json; charset=utf-8[\r][\n]"
14:53:09.004 [main] DEBUG org.apache.http.wire --  << "Transfer-Encoding: chunked[\r][\n]"
14:53:09.004 [main] DEBUG org.apache.http.wire --  << "Connection: keep-alive[\r][\n]"
14:53:09.004 [main] DEBUG org.apache.http.wire --  << "Access-Control-Allow-Origin: *[\r][\n]"
14:53:09.004 [main] DEBUG org.apache.http.wire --  << "Etag: W/"119-zx7TjneBRNNgYhYzXViHtRbuZ6U"[\r][\n]"
14:53:09.004 [main] DEBUG org.apache.http.wire --  << "X-Powered-By: Express[\r][\n]"
14:53:09.004 [main] DEBUG org.apache.http.wire --  << "CF-Cache-Status: DYNAMIC[\r][\n]"
14:53:09.004 [main] DEBUG org.apache.http.wire --  << "Report-To: {"endpoints":[{"url":"https:\/\/a.nel.cloudflare.com\/report\/v3?s=V2xvgb9%2Fs814o%2FJcyHBUvWhBkpUHBhxPAHgQeZk7Gm8lsal%2BY6QUQ6Oycek9cJn8%2FmSBvgFAIS1cn3e2JDfDtOX3pXugPS19x%2Bz70k2WZJtvWgPQOM0EK6yhe16F2tPew0Qg"}],"group":"cf-nel","max_age":604800}[\r][\n]"
14:53:09.004 [main] DEBUG org.apache.http.wire --  << "NEL: {"success_fraction":0,"report_to":"cf-nel","max_age":604800}[\r][\n]"
14:53:09.004 [main] DEBUG org.apache.http.wire --  << "Server: cloudflare[\r][\n]"
14:53:09.004 [main] DEBUG org.apache.http.wire --  << "CF-RAY: 811c543b3e054d7b-SIN[\r][\n]"
14:53:09.004 [main] DEBUG org.apache.http.wire --  << "Content-Encoding: gzip[\r][\n]"
14:53:09.004 [main] DEBUG org.apache.http.wire --  << "alt-svc: h3=":443"; ma=86400[\r][\n]"
14:53:09.004 [main] DEBUG org.apache.http.wire --  << "[\r][\n]"
14:53:09.004 [main] DEBUG org.apache.http.impl.conn.DefaultClientConnection -- Receiving response: HTTP/1.1 200 OK
14:53:09.004 [main] DEBUG org.apache.http.headers -- << HTTP/1.1 200 OK
14:53:09.004 [main] DEBUG org.apache.http.headers -- << Date: Fri, 06 Oct 2023 07:53:10 GMT
14:53:09.004 [main] DEBUG org.apache.http.headers -- << Content-Type: application/json; charset=utf-8
14:53:09.004 [main] DEBUG org.apache.http.headers -- << Transfer-Encoding: chunked
14:53:09.004 [main] DEBUG org.apache.http.headers -- << Connection: keep-alive
14:53:09.004 [main] DEBUG org.apache.http.headers -- << Access-Control-Allow-Origin: *
14:53:09.004 [main] DEBUG org.apache.http.headers -- << Etag: W/"119-zx7TjneBRNNgYhYzXViHtRbuZ6U"
14:53:09.004 [main] DEBUG org.apache.http.headers -- << X-Powered-By: Express
14:53:09.004 [main] DEBUG org.apache.http.headers -- << CF-Cache-Status: DYNAMIC
14:53:09.004 [main] DEBUG org.apache.http.headers -- << Report-To: {"endpoints":[{"url":"https:\/\/a.nel.cloudflare.com\/report\/v3?s=V2xvgb9%2Fs814o%2FJcyHBUvWhBkpUHBhxPAHgQeZk7Gm8lsal%2BY6QUQ6Oycek9cJn8%2FmSBvgFAIS1cn3e2JDfDtOX3pXugPS19x%2Bz70k2WZJtvWgPQOM0EK6yhe16F2tPew0Qg"}],"group":"cf-nel","max_age":604800}
14:53:09.004 [main] DEBUG org.apache.http.headers -- << NEL: {"success_fraction":0,"report_to":"cf-nel","max_age":604800}
14:53:09.004 [main] DEBUG org.apache.http.headers -- << Server: cloudflare
14:53:09.004 [main] DEBUG org.apache.http.headers -- << CF-RAY: 811c543b3e054d7b-SIN
14:53:09.004 [main] DEBUG org.apache.http.headers -- << Content-Encoding: gzip
14:53:09.004 [main] DEBUG org.apache.http.headers -- << alt-svc: h3=":443"; ma=86400
14:53:09.004 [main] DEBUG org.apache.http.impl.client.DefaultHttpClient -- Connection can be kept alive indefinitely
14:53:09.004 [main] DEBUG io.restassured.internal.RestAssuredHttpBuilder -- Parsing response as: application/json; charset=utf-8
14:53:09.004 [main] DEBUG org.apache.http.wire --  << "e2[\r][\n]"
14:53:09.004 [main] DEBUG org.apache.http.wire --  << "[0x1f][0x8b][0x8][0x0][0x0][0x0][0x0][0x0][0x0][0x3]<[0x8e][0xc1]N[0xc3]0[0x18][0x83]_e[0xb2]8&[0xd5][0xda][0xac]M[0x9b][0x13][0x7][0xc4][0x81][0xb7][0x8][0xcd]O[0x17][0x96][0xe4][0xaf][0x92]N[0x13]L}w[0x14][0x98]8[0xda][0xb2]?[0xfb][0x8e][0xd5][0x96]r[0xe3][0xec]`[0x10][0xd5][0x98][0xe3][0xeb][0x13][0x4][0xac]s[0x99]J[0x81][0xb9][0xe3][0xdb][0xaf]3;[0x82]A[0xdb]M[0xdd] [0xd5][0xa8]O[0x10]H[0xd7][0xf8]N[0x19]F[0x9][0xcc]~[0xfb][0x82][0xc1][0xc5][0x87][0x99]9[0x10][0x4][0xca][0x96][0x89]6[0x18][0xe8]Q[0xf5][0x87]D[0xb7]Cf[0xeb] [0xb0][0x10][0x7][0x9e][0xed][0xe6]9Uv[0xb0]5$[0x95]nT[0xdb]O[0x10][0x8][0x9c][0x16][0x18][0x8c]m[0xd3][0x9e][0xa6][0x1][0xfb].[0xb0][0x9e]9[0xfd][0xae][0xcb]^[0x1f]e[0xa7][0x6][0xa9][0x8f]J[0xd5][0x7]6R[0x85]|[0xf8]\[0xb6]?[0x81]7>[0xa7][0x8a][0xb1][0xff][0xce][0xb][0x13]v[0x1][0xef]`[0xb4][0x0]E[0xeb][0xc3]#[0xf7][0xbc]T[0xd1][0xcc][0x1c]!p-[0x94][0x1f][0x8d][0xcf][0xca][0xd8][0x0][0x0][0x0][0xff][0xff][0x3][0x0]] N)[0x19][0x1][0x0][0x0]"
14:53:09.004 [main] DEBUG org.apache.http.wire --  << "[\r][\n]"
14:53:09.004 [main] DEBUG org.apache.http.wire --  << "0[\r][\n]"
14:53:09.004 [main] DEBUG org.apache.http.wire --  << "[\r][\n]"
14:53:09.004 [main] DEBUG io.restassured.internal.RestAssuredHttpBuilder -- Parsed data to instance of: class org.apache.http.conn.EofSensorInputStream
14:53:09.005 [main] DEBUG org.apache.http.impl.conn.BasicClientConnectionManager -- Releasing connection org.apache.http.impl.conn.ManagedClientConnectionImpl@4e791e53
14:53:09.005 [main] DEBUG org.apache.http.impl.conn.BasicClientConnectionManager -- Connection can be kept alive indefinitely
14:53:09.005 [main] DEBUG net.thucydides.core.steps.StepInterceptor -- STEP DONE: I PUT an HTTP request with valid endpoints
  &amp#27;[32mWhen &amp#27;[0m&amp#27;[32mI PUT an HTTP request with valid endpoints&amp#27;[0m                  &amp#27;[90m# starter.stepdefinition.UserSteps.putUserValidRequest()&amp#27;[0m
14:53:09.007 [main] DEBUG net.thucydides.core.steps.StepInterceptor -- STARTING STEP: UserSteps.receiveValidDataUpdatedUser - I receive valid data for updated user
14:53:09.013 [main] DEBUG net.thucydides.core.steps.StepInterceptor -- STEP DONE: I receive valid data for updated user
  &amp#27;[32mAnd &amp#27;[0m&amp#27;[32mI receive valid data for updated user&amp#27;[0m                        &amp#27;[90m# starter.stepdefinition.UserSteps.receiveValidDataUpdatedUser()&amp#27;[0m
14:53:09.014 [main] DEBUG net.thucydides.core.steps.StepInterceptor -- STARTING STEP: UserSteps.receivePUTValidResponseCode200 - I receive valid PUT response code 200
14:53:09.014 [main] DEBUG net.thucydides.core.steps.StepInterceptor -- STEP DONE: I receive valid PUT response code 200
  &amp#27;[32mThen &amp#27;[0m&amp#27;[32mI receive valid PUT response code 200&amp#27;[0m                       &amp#27;[90m# starter.stepdefinition.UserSteps.receivePUTValidResponseCode200()&amp#27;[0m
14:53:09.015 [main] INFO  -- 
  _____   ___   ___   _____     ___     _     ___   ___   ___   ___  
 |_   _| | __| / __| |_   _|   | _ \   /_\   / __| / __| | __| |   \ 
   | |   | _|  \__ \   | |     |  _/  / _ \  \__ \ \__ \ | _|  | |) |
   |_|   |___| |___/   |_|     |_|   /_/ \_\ |___/ |___/ |___| |___/ 

[Positive] - USER_PUT existing user with valid endpoints
----------------------------------------------------------------------
]]></system-out>
  </testcase>
  <testcase name="[Negative] - USER_PUT existing user with invalid endpoints" classname="User" time="0.444">
    <system-out><![CDATA[
Scenario: [Negative] - USER_PUT existing user with invalid endpoints &amp#27;[90m# src/test/resources/User.feature:65&amp#27;[0m
14:53:09.019 [main] INFO io.cucumber.core.plugin.SerenityReporter -- Running feature from file:///D:/SEMESTER%205/All%20Section/Section%203%20-%20Code%20Competence/Code%20Competence%20KM%20QA%202/Weekly2/src/test/resources/User.feature
14:53:09.019 [main] WARN io.cucumber.core.plugin.SerenityReporter -- Feature from file:///D:/SEMESTER%205/All%20Section/Section%203%20-%20Code%20Competence/Code%20Competence%20KM%20QA%202/Weekly2/src/test/resources/User.feature is not under the 'features' directory. Requirements report will not be correctly generated!
14:53:09.020 [main] INFO  -- 
  _____   ___   ___   _____     ___   _____     _     ___   _____   ___   ___  
 |_   _| | __| / __| |_   _|   / __| |_   _|   /_\   | _ \ |_   _| | __| |   \ 
   | |   | _|  \__ \   | |     \__ \   | |    / _ \  |   /   | |   | _|  | |) |
   |_|   |___| |___/   |_|     |___/   |_|   /_/ \_\ |_|_\   |_|   |___| |___/ 

[Negative] - USER_PUT existing user with invalid endpoints(user;[negative]---user-put-existing-user-with-invalid-endpoints)
--------------------------------------------------------------------------------
14:53:09.024 [main] DEBUG net.thucydides.core.steps.StepInterceptor -- STARTING STEP: UserSteps.putUserInvalidEndpoint - I PUT API user with invalid endpoints
14:53:09.024 [main] DEBUG net.thucydides.core.steps.StepInterceptor -- STEP DONE: I PUT API user with invalid endpoints
  &amp#27;[32mGiven &amp#27;[0m&amp#27;[32mI PUT API user with invalid endpoints&amp#27;[0m                        &amp#27;[90m# starter.stepdefinition.UserSteps.putUserInvalidEndpoint()&amp#27;[0m
14:53:09.025 [main] DEBUG net.thucydides.core.steps.StepInterceptor -- STARTING STEP: UserSteps.putUserInvalidRequest - I PUT an HTTP request with invalid endpoints
14:53:09.027 [main] DEBUG net.thucydides.core.steps.StepInterceptor -- STARTING STEP: User.putUserInvalidRequest - I PUT API user with invalid endpoints
14:53:09.027 [main] DEBUG net.thucydides.core.steps.StepInterceptor -- STEP DONE: I PUT API user with invalid endpoints
14:53:09.031 [main] DEBUG org.apache.http.impl.conn.BasicClientConnectionManager -- Get connection for route {s}->https://fakestoreapi.com:443
14:53:09.031 [main] DEBUG org.apache.http.impl.conn.DefaultClientConnectionOperator -- Connecting to fakestoreapi.com:443
14:53:09.091 [main] DEBUG org.apache.http.client.protocol.RequestAddCookies -- CookieSpec selected: ignoreCookies
14:53:09.092 [main] DEBUG org.apache.http.client.protocol.RequestAuthCache -- Auth cache not set in the context
14:53:09.092 [main] DEBUG org.apache.http.client.protocol.RequestTargetAuthentication -- Target auth state: UNCHALLENGED
14:53:09.092 [main] DEBUG org.apache.http.client.protocol.RequestProxyAuthentication -- Proxy auth state: UNCHALLENGED
14:53:09.092 [main] DEBUG org.apache.http.impl.client.DefaultHttpClient -- Attempt 1 to execute request
14:53:09.092 [main] DEBUG org.apache.http.impl.conn.DefaultClientConnection -- Sending request: PUT /user/1 HTTP/1.1
14:53:09.092 [main] DEBUG org.apache.http.wire --  >> "PUT /user/1 HTTP/1.1[\r][\n]"
14:53:09.092 [main] DEBUG org.apache.http.wire --  >> "Accept: */*[\r][\n]"
14:53:09.092 [main] DEBUG org.apache.http.wire --  >> "Content-Type: application/json[\r][\n]"
14:53:09.092 [main] DEBUG org.apache.http.wire --  >> "Content-Length: 281[\r][\n]"
14:53:09.092 [main] DEBUG org.apache.http.wire --  >> "Host: fakestoreapi.com[\r][\n]"
14:53:09.092 [main] DEBUG org.apache.http.wire --  >> "Connection: Keep-Alive[\r][\n]"
14:53:09.092 [main] DEBUG org.apache.http.wire --  >> "User-Agent: Apache-HttpClient/4.5.13 (Java/17.0.8)[\r][\n]"
14:53:09.092 [main] DEBUG org.apache.http.wire --  >> "Accept-Encoding: gzip,deflate[\r][\n]"
14:53:09.092 [main] DEBUG org.apache.http.wire --  >> "[\r][\n]"
14:53:09.092 [main] DEBUG org.apache.http.headers -- >> PUT /user/1 HTTP/1.1
14:53:09.092 [main] DEBUG org.apache.http.headers -- >> Accept: */*
14:53:09.092 [main] DEBUG org.apache.http.headers -- >> Content-Type: application/json
14:53:09.092 [main] DEBUG org.apache.http.headers -- >> Content-Length: 281
14:53:09.092 [main] DEBUG org.apache.http.headers -- >> Host: fakestoreapi.com
14:53:09.092 [main] DEBUG org.apache.http.headers -- >> Connection: Keep-Alive
14:53:09.092 [main] DEBUG org.apache.http.headers -- >> User-Agent: Apache-HttpClient/4.5.13 (Java/17.0.8)
14:53:09.092 [main] DEBUG org.apache.http.headers -- >> Accept-Encoding: gzip,deflate
14:53:09.092 [main] DEBUG org.apache.http.wire --  >> "{"password":"m38rmF$","address":{"zipcode":"12926-3874","number":3,"city":"kilcoole","street":"7835 new road","geolocation":{"lat":"-37.3159","long":"81.1496"}},"phone":"1-570-236-7033","name":{"firstname":"John","lastname":"Doe"},"id":7,"email":"John@gmail.com","username":"john"}"
14:53:09.453 [main] DEBUG org.apache.http.wire --  << "HTTP/1.1 404 Not Found[\r][\n]"
14:53:09.454 [main] DEBUG org.apache.http.wire --  << "Date: Fri, 06 Oct 2023 07:53:10 GMT[\r][\n]"
14:53:09.454 [main] DEBUG org.apache.http.wire --  << "Content-Type: text/html; charset=utf-8[\r][\n]"
14:53:09.454 [main] DEBUG org.apache.http.wire --  << "Transfer-Encoding: chunked[\r][\n]"
14:53:09.454 [main] DEBUG org.apache.http.wire --  << "Connection: keep-alive[\r][\n]"
14:53:09.454 [main] DEBUG org.apache.http.wire --  << "Access-Control-Allow-Origin: *[\r][\n]"
14:53:09.454 [main] DEBUG org.apache.http.wire --  << "Content-Security-Policy: default-src 'none'[\r][\n]"
14:53:09.454 [main] DEBUG org.apache.http.wire --  << "X-Content-Type-Options: nosniff[\r][\n]"
14:53:09.454 [main] DEBUG org.apache.http.wire --  << "X-Powered-By: Express[\r][\n]"
14:53:09.454 [main] DEBUG org.apache.http.wire --  << "CF-Cache-Status: DYNAMIC[\r][\n]"
14:53:09.454 [main] DEBUG org.apache.http.wire --  << "Report-To: {"endpoints":[{"url":"https:\/\/a.nel.cloudflare.com\/report\/v3?s=NWvkN9Weh5HboK%2FryzsAmiLQgiss7qj%2FUWA7XFLQk4XLBqjuOj%2FX61cutYVkXuSYpdwMC5JhLLrdYRnEhehiMBwPaBRfRzFCGO9f72Ff3Ch53uU5CtBidnBOvBH0pWFsgKRW"}],"group":"cf-nel","max_age":604800}[\r][\n]"
14:53:09.454 [main] DEBUG org.apache.http.wire --  << "NEL: {"success_fraction":0,"report_to":"cf-nel","max_age":604800}[\r][\n]"
14:53:09.454 [main] DEBUG org.apache.http.wire --  << "Server: cloudflare[\r][\n]"
14:53:09.454 [main] DEBUG org.apache.http.wire --  << "CF-RAY: 811c543e7f594d33-SIN[\r][\n]"
14:53:09.454 [main] DEBUG org.apache.http.wire --  << "Content-Encoding: gzip[\r][\n]"
14:53:09.454 [main] DEBUG org.apache.http.wire --  << "alt-svc: h3=":443"; ma=86400[\r][\n]"
14:53:09.454 [main] DEBUG org.apache.http.wire --  << "[\r][\n]"
14:53:09.454 [main] DEBUG org.apache.http.impl.conn.DefaultClientConnection -- Receiving response: HTTP/1.1 404 Not Found
14:53:09.454 [main] DEBUG org.apache.http.headers -- << HTTP/1.1 404 Not Found
14:53:09.454 [main] DEBUG org.apache.http.headers -- << Date: Fri, 06 Oct 2023 07:53:10 GMT
14:53:09.454 [main] DEBUG org.apache.http.headers -- << Content-Type: text/html; charset=utf-8
14:53:09.454 [main] DEBUG org.apache.http.headers -- << Transfer-Encoding: chunked
14:53:09.454 [main] DEBUG org.apache.http.headers -- << Connection: keep-alive
14:53:09.454 [main] DEBUG org.apache.http.headers -- << Access-Control-Allow-Origin: *
14:53:09.454 [main] DEBUG org.apache.http.headers -- << Content-Security-Policy: default-src 'none'
14:53:09.454 [main] DEBUG org.apache.http.headers -- << X-Content-Type-Options: nosniff
14:53:09.454 [main] DEBUG org.apache.http.headers -- << X-Powered-By: Express
14:53:09.454 [main] DEBUG org.apache.http.headers -- << CF-Cache-Status: DYNAMIC
14:53:09.454 [main] DEBUG org.apache.http.headers -- << Report-To: {"endpoints":[{"url":"https:\/\/a.nel.cloudflare.com\/report\/v3?s=NWvkN9Weh5HboK%2FryzsAmiLQgiss7qj%2FUWA7XFLQk4XLBqjuOj%2FX61cutYVkXuSYpdwMC5JhLLrdYRnEhehiMBwPaBRfRzFCGO9f72Ff3Ch53uU5CtBidnBOvBH0pWFsgKRW"}],"group":"cf-nel","max_age":604800}
14:53:09.454 [main] DEBUG org.apache.http.headers -- << NEL: {"success_fraction":0,"report_to":"cf-nel","max_age":604800}
14:53:09.454 [main] DEBUG org.apache.http.headers -- << Server: cloudflare
14:53:09.454 [main] DEBUG org.apache.http.headers -- << CF-RAY: 811c543e7f594d33-SIN
14:53:09.454 [main] DEBUG org.apache.http.headers -- << Content-Encoding: gzip
14:53:09.454 [main] DEBUG org.apache.http.headers -- << alt-svc: h3=":443"; ma=86400
14:53:09.454 [main] DEBUG org.apache.http.impl.client.DefaultHttpClient -- Connection can be kept alive indefinitely
14:53:09.454 [main] DEBUG io.restassured.internal.RestAssuredHttpBuilder -- Parsing response as: text/html; charset=utf-8
14:53:09.454 [main] DEBUG org.apache.http.wire --  << "8f[\r][\n]"
14:53:09.454 [main] DEBUG org.apache.http.wire --  << "[0x1f][0x8b][0x8][0x0][0x0][0x0][0x0][0x0][0x0][0x3],[0x8e][0xb1][0xe][0xc2]0[0xc]Dw[0x85][0xc9][0x8e],6[0x6][0xd7]K[0xe9]L[0x87]20[0x6]j(R[0x9a] [0xd7][0x1d][0xf8]{[0x14][0xe8]t[0xba]ww[0xd2][0xf1][0xee]tn[0x87]k[0xdf][0xe1][0xe4]s[0x12][0xe0]*[0x98]b~6As[0xa8]@[0xe3]([0xc0][0xb3]z[0xc4][0xfb][0x14]mQo[0xc2][0xea][0x8f][0xfd][0xb1][0xa6][0xfe][0xf2][0xa4][0xd2][0x99][0x15]c[0xfa][0x1b]`[0xda]6[0xb7]2~[0x4][0xf8]m*m[0xcc][0xb9]8[0xf6][0x97][0x1]i][0xd4][0xe8][0xc0]T90m-[0xfa][0x1d][0xf8][0x2][0x0][0x0][0xff][0xff][0xe3][0x2][0x0]4[0xb2][0x9]c[0x91][0x0][0x0][0x0]"
14:53:09.454 [main] DEBUG org.apache.http.wire --  << "[\r][\n]"
14:53:09.454 [main] DEBUG org.apache.http.wire --  << "0[\r][\n]"
14:53:09.454 [main] DEBUG org.apache.http.wire --  << "[\r][\n]"
14:53:09.454 [main] DEBUG io.restassured.internal.RestAssuredHttpBuilder -- Parsed data to instance of: class org.apache.http.conn.EofSensorInputStream
14:53:09.455 [main] DEBUG org.apache.http.impl.conn.BasicClientConnectionManager -- Releasing connection org.apache.http.impl.conn.ManagedClientConnectionImpl@4ae45ff
14:53:09.455 [main] DEBUG org.apache.http.impl.conn.BasicClientConnectionManager -- Connection can be kept alive indefinitely
14:53:09.455 [main] DEBUG net.thucydides.core.steps.StepInterceptor -- STEP DONE: I PUT an HTTP request with invalid endpoints
  &amp#27;[32mWhen &amp#27;[0m&amp#27;[32mI PUT an HTTP request with invalid endpoints&amp#27;[0m                  &amp#27;[90m# starter.stepdefinition.UserSteps.putUserInvalidRequest()&amp#27;[0m
14:53:09.457 [main] DEBUG net.thucydides.core.steps.StepInterceptor -- STARTING STEP: UserSteps.receiveInvalidDataUpdatedUser - I receive invalid data for updated user
14:53:09.457 [main] DEBUG net.thucydides.core.steps.StepInterceptor -- STEP DONE: I receive invalid data for updated user
  &amp#27;[32mAnd &amp#27;[0m&amp#27;[32mI receive invalid data for updated user&amp#27;[0m                        &amp#27;[90m# starter.stepdefinition.UserSteps.receiveInvalidDataUpdatedUser()&amp#27;[0m
14:53:09.458 [main] DEBUG net.thucydides.core.steps.StepInterceptor -- STARTING STEP: UserSteps.receivePUTInvalidResponseCode404 - I receive invalid PUT response code 404
14:53:09.458 [main] DEBUG net.thucydides.core.steps.StepInterceptor -- STEP DONE: I receive invalid PUT response code 404
  &amp#27;[32mThen &amp#27;[0m&amp#27;[32mI receive invalid PUT response code 404&amp#27;[0m                       &amp#27;[90m# starter.stepdefinition.UserSteps.receivePUTInvalidResponseCode404()&amp#27;[0m
14:53:09.459 [main] INFO  -- 
  _____   ___   ___   _____     ___     _     ___   ___   ___   ___  
 |_   _| | __| / __| |_   _|   | _ \   /_\   / __| / __| | __| |   \ 
   | |   | _|  \__ \   | |     |  _/  / _ \  \__ \ \__ \ | _|  | |) |
   |_|   |___| |___/   |_|     |_|   /_/ \_\ |___/ |___/ |___| |___/ 

[Negative] - USER_PUT existing user with invalid endpoints
----------------------------------------------------------------------
]]></system-out>
  </testcase>
  <testcase name="[Positive] - USER_DELETE existing user with valid id" classname="User" time="0.925">
    <system-out><![CDATA[
Scenario: [Positive] - USER_DELETE existing user with valid id &amp#27;[90m# src/test/resources/User.feature:71&amp#27;[0m
14:53:09.461 [main] INFO io.cucumber.core.plugin.SerenityReporter -- Running feature from file:///D:/SEMESTER%205/All%20Section/Section%203%20-%20Code%20Competence/Code%20Competence%20KM%20QA%202/Weekly2/src/test/resources/User.feature
14:53:09.461 [main] WARN io.cucumber.core.plugin.SerenityReporter -- Feature from file:///D:/SEMESTER%205/All%20Section/Section%203%20-%20Code%20Competence/Code%20Competence%20KM%20QA%202/Weekly2/src/test/resources/User.feature is not under the 'features' directory. Requirements report will not be correctly generated!
14:53:09.461 [main] INFO  -- 
  _____   ___   ___   _____     ___   _____     _     ___   _____   ___   ___  
 |_   _| | __| / __| |_   _|   / __| |_   _|   /_\   | _ \ |_   _| | __| |   \ 
   | |   | _|  \__ \   | |     \__ \   | |    / _ \  |   /   | |   | _|  | |) |
   |_|   |___| |___/   |_|     |___/   |_|   /_/ \_\ |_|_\   |_|   |___| |___/ 

[Positive] - USER_DELETE existing user with valid id(user;[positive]---user-delete-existing-user-with-valid-id)
--------------------------------------------------------------------------------
14:53:09.464 [main] DEBUG net.thucydides.core.steps.StepInterceptor -- STARTING STEP: UserSteps.setDeleteUserValidIDEndpoint - I DELETE API user with valid id endpoints
14:53:09.464 [main] DEBUG net.thucydides.core.steps.StepInterceptor -- STEP DONE: I DELETE API user with valid id endpoints
  &amp#27;[32mGiven &amp#27;[0m&amp#27;[32mI DELETE API user with valid id endpoints&amp#27;[0m              &amp#27;[90m# starter.stepdefinition.UserSteps.setDeleteUserValidIDEndpoint()&amp#27;[0m
14:53:09.466 [main] DEBUG net.thucydides.core.steps.StepInterceptor -- STARTING STEP: UserSteps.deleteUserValidRequest - I DELETE user HTTP request with valid id
14:53:09.467 [main] DEBUG net.thucydides.core.steps.StepInterceptor -- STARTING STEP: User.deleteUserValidRequest - I DELETE API user with valid id endpoints
14:53:09.467 [main] DEBUG net.thucydides.core.steps.StepInterceptor -- STEP DONE: I DELETE API user with valid id endpoints
14:53:09.470 [main] DEBUG org.apache.http.impl.conn.BasicClientConnectionManager -- Get connection for route {s}->https://fakestoreapi.com:443
14:53:09.470 [main] DEBUG org.apache.http.impl.conn.DefaultClientConnectionOperator -- Connecting to fakestoreapi.com:443
14:53:09.530 [main] DEBUG org.apache.http.client.protocol.RequestAddCookies -- CookieSpec selected: ignoreCookies
14:53:09.530 [main] DEBUG org.apache.http.client.protocol.RequestAuthCache -- Auth cache not set in the context
14:53:09.530 [main] DEBUG org.apache.http.client.protocol.RequestTargetAuthentication -- Target auth state: UNCHALLENGED
14:53:09.530 [main] DEBUG org.apache.http.client.protocol.RequestProxyAuthentication -- Proxy auth state: UNCHALLENGED
14:53:09.530 [main] DEBUG org.apache.http.impl.client.DefaultHttpClient -- Attempt 1 to execute request
14:53:09.530 [main] DEBUG org.apache.http.impl.conn.DefaultClientConnection -- Sending request: DELETE /users/6 HTTP/1.1
14:53:09.530 [main] DEBUG org.apache.http.wire --  >> "DELETE /users/6 HTTP/1.1[\r][\n]"
14:53:09.530 [main] DEBUG org.apache.http.wire --  >> "Accept: */*[\r][\n]"
14:53:09.530 [main] DEBUG org.apache.http.wire --  >> "Host: fakestoreapi.com[\r][\n]"
14:53:09.530 [main] DEBUG org.apache.http.wire --  >> "Connection: Keep-Alive[\r][\n]"
14:53:09.530 [main] DEBUG org.apache.http.wire --  >> "User-Agent: Apache-HttpClient/4.5.13 (Java/17.0.8)[\r][\n]"
14:53:09.530 [main] DEBUG org.apache.http.wire --  >> "Accept-Encoding: gzip,deflate[\r][\n]"
14:53:09.530 [main] DEBUG org.apache.http.wire --  >> "[\r][\n]"
14:53:09.530 [main] DEBUG org.apache.http.headers -- >> DELETE /users/6 HTTP/1.1
14:53:09.530 [main] DEBUG org.apache.http.headers -- >> Accept: */*
14:53:09.530 [main] DEBUG org.apache.http.headers -- >> Host: fakestoreapi.com
14:53:09.530 [main] DEBUG org.apache.http.headers -- >> Connection: Keep-Alive
14:53:09.530 [main] DEBUG org.apache.http.headers -- >> User-Agent: Apache-HttpClient/4.5.13 (Java/17.0.8)
14:53:09.530 [main] DEBUG org.apache.http.headers -- >> Accept-Encoding: gzip,deflate
14:53:10.379 [main] DEBUG org.apache.http.wire --  << "HTTP/1.1 200 OK[\r][\n]"
14:53:10.379 [main] DEBUG org.apache.http.wire --  << "Date: Fri, 06 Oct 2023 07:53:11 GMT[\r][\n]"
14:53:10.379 [main] DEBUG org.apache.http.wire --  << "Content-Type: application/json; charset=utf-8[\r][\n]"
14:53:10.379 [main] DEBUG org.apache.http.wire --  << "Transfer-Encoding: chunked[\r][\n]"
14:53:10.379 [main] DEBUG org.apache.http.wire --  << "Connection: keep-alive[\r][\n]"
14:53:10.379 [main] DEBUG org.apache.http.wire --  << "Access-Control-Allow-Origin: *[\r][\n]"
14:53:10.379 [main] DEBUG org.apache.http.wire --  << "Etag: W/"12c-qh6raI/EWS3a5DDlu8tTdvjmcN0"[\r][\n]"
14:53:10.379 [main] DEBUG org.apache.http.wire --  << "X-Powered-By: Express[\r][\n]"
14:53:10.379 [main] DEBUG org.apache.http.wire --  << "CF-Cache-Status: DYNAMIC[\r][\n]"
14:53:10.379 [main] DEBUG org.apache.http.wire --  << "Report-To: {"endpoints":[{"url":"https:\/\/a.nel.cloudflare.com\/report\/v3?s=Ye7%2BXCMKWBSt1hgVZxALUkpiqO9%2BsJZlebvExOJOem5fHn%2FPr7EdlXQw9jwyMRSH129bYtHjs7he9La%2FoFqTJmbSGbuKzagIRAmpJu%2BYaF4YEUUT%2FI9aF4CO7ph3SSDJSteW"}],"group":"cf-nel","max_age":604800}[\r][\n]"
14:53:10.379 [main] DEBUG org.apache.http.wire --  << "NEL: {"success_fraction":0,"report_to":"cf-nel","max_age":604800}[\r][\n]"
14:53:10.379 [main] DEBUG org.apache.http.wire --  << "Server: cloudflare[\r][\n]"
14:53:10.379 [main] DEBUG org.apache.http.wire --  << "CF-RAY: 811c544139c3a3ef-SIN[\r][\n]"
14:53:10.379 [main] DEBUG org.apache.http.wire --  << "Content-Encoding: gzip[\r][\n]"
14:53:10.379 [main] DEBUG org.apache.http.wire --  << "alt-svc: h3=":443"; ma=86400[\r][\n]"
14:53:10.379 [main] DEBUG org.apache.http.wire --  << "[\r][\n]"
14:53:10.379 [main] DEBUG org.apache.http.impl.conn.DefaultClientConnection -- Receiving response: HTTP/1.1 200 OK
14:53:10.379 [main] DEBUG org.apache.http.headers -- << HTTP/1.1 200 OK
14:53:10.379 [main] DEBUG org.apache.http.headers -- << Date: Fri, 06 Oct 2023 07:53:11 GMT
14:53:10.379 [main] DEBUG org.apache.http.headers -- << Content-Type: application/json; charset=utf-8
14:53:10.379 [main] DEBUG org.apache.http.headers -- << Transfer-Encoding: chunked
14:53:10.379 [main] DEBUG org.apache.http.headers -- << Connection: keep-alive
14:53:10.379 [main] DEBUG org.apache.http.headers -- << Access-Control-Allow-Origin: *
14:53:10.379 [main] DEBUG org.apache.http.headers -- << Etag: W/"12c-qh6raI/EWS3a5DDlu8tTdvjmcN0"
14:53:10.379 [main] DEBUG org.apache.http.headers -- << X-Powered-By: Express
14:53:10.379 [main] DEBUG org.apache.http.headers -- << CF-Cache-Status: DYNAMIC
14:53:10.379 [main] DEBUG org.apache.http.headers -- << Report-To: {"endpoints":[{"url":"https:\/\/a.nel.cloudflare.com\/report\/v3?s=Ye7%2BXCMKWBSt1hgVZxALUkpiqO9%2BsJZlebvExOJOem5fHn%2FPr7EdlXQw9jwyMRSH129bYtHjs7he9La%2FoFqTJmbSGbuKzagIRAmpJu%2BYaF4YEUUT%2FI9aF4CO7ph3SSDJSteW"}],"group":"cf-nel","max_age":604800}
14:53:10.379 [main] DEBUG org.apache.http.headers -- << NEL: {"success_fraction":0,"report_to":"cf-nel","max_age":604800}
14:53:10.379 [main] DEBUG org.apache.http.headers -- << Server: cloudflare
14:53:10.379 [main] DEBUG org.apache.http.headers -- << CF-RAY: 811c544139c3a3ef-SIN
14:53:10.379 [main] DEBUG org.apache.http.headers -- << Content-Encoding: gzip
14:53:10.379 [main] DEBUG org.apache.http.headers -- << alt-svc: h3=":443"; ma=86400
14:53:10.379 [main] DEBUG org.apache.http.impl.client.DefaultHttpClient -- Connection can be kept alive indefinitely
14:53:10.379 [main] DEBUG io.restassured.internal.RestAssuredHttpBuilder -- Parsing response as: application/json; charset=utf-8
14:53:10.379 [main] DEBUG org.apache.http.wire --  << "e9[\r][\n]"
14:53:10.379 [main] DEBUG org.apache.http.wire --  << "[0x1f][0x8b][0x8][0x0][0x0][0x0][0x0][0x0][0x0][0x3]L[0x8f][0xcd]n[0xc4] [0xc][0x84]_e5[0xbd]U$[0xca][0xf]!YN[0xfb]&[0x11][\r]n[0x8a]D[0x2][0xc2]d[0xab]6[0xda]w[0xaf][0xd8]C[0xdb][0xe3][0x8c][0xe7][0xf3][0xd8]'[0x8c][0xb5][0x89][0x98][0xa1]O[0xac][0x14]|XLva/[0xd2][0x9b][0xc][0x8d][0xae][0xa9][5[0x8e][0x10][0xf0]a_[0xa1]Q[0xb5]M[0xad][0xc6][0xe9][0x8a][0x87][0xc0][0xe2][0xf2][0x17]4[0xc8]_[0xa2][0xe1][0x0][0x1][0xce][0x89][0xa8]`1[0x5][0x8e][0xb4][0xe4][0xb]g[0x8][0xec][0xc7][0xf6]F[0x9][0xba][0xed][0xa4][0xc0][0xb7][0x8b]K[0xb0][0x4][0x8d][0xb6][0xeb][0xa5][0xaa][0x1a]9[0xa8][0xb2][0xcc]Yh%@[0x9b]q[0x1e][0x1a][0xd6][0xdc][0x9d][0x9d][0xd3]m-[0xba]^[0xc2][0x6][0x81][0x83])[0xed]f[0xa3][0xbf]1[0x4][0xa2]a[0xfe][0xc][0xc9]B[0xa3][0x97][0xe3][0xf4][0xfa]2[0xc8]R[0xf9][0x8c][0x9d]xw[0x89][0xf3][0xa6]|b~[0xad]t0[0x93][0xf7][0xa5]?~[0x84][0xfd]yU[0xa5][0xc6][0xa9][0xea][0xe5]P][0xa7]AA`[0x9e][0xef][0xd0][0xcd][0xe3][0x7][0x0][0x0][0xff][0xff][0x3][0x0]I/*[0x8c],[0x1][0x0][0x0]"
14:53:10.379 [main] DEBUG org.apache.http.wire --  << "[\r][\n]"
14:53:10.379 [main] DEBUG org.apache.http.wire --  << "0[\r][\n]"
14:53:10.379 [main] DEBUG org.apache.http.wire --  << "[\r][\n]"
14:53:10.379 [main] DEBUG io.restassured.internal.RestAssuredHttpBuilder -- Parsed data to instance of: class org.apache.http.conn.EofSensorInputStream
14:53:10.380 [main] DEBUG org.apache.http.impl.conn.BasicClientConnectionManager -- Releasing connection org.apache.http.impl.conn.ManagedClientConnectionImpl@63c78e5e
14:53:10.380 [main] DEBUG org.apache.http.impl.conn.BasicClientConnectionManager -- Connection can be kept alive indefinitely
14:53:10.380 [main] DEBUG net.thucydides.core.steps.StepInterceptor -- STEP DONE: I DELETE user HTTP request with valid id
  &amp#27;[32mWhen &amp#27;[0m&amp#27;[32mI DELETE user HTTP request with valid id&amp#27;[0m                &amp#27;[90m# starter.stepdefinition.UserSteps.deleteUserValidRequest()&amp#27;[0m
14:53:10.382 [main] DEBUG net.thucydides.core.steps.StepInterceptor -- STARTING STEP: UserSteps.receiveValidDELETEresponseCode200 - I receive valid DELETE user response code 200
14:53:10.383 [main] DEBUG net.thucydides.core.steps.StepInterceptor -- STEP DONE: I receive valid DELETE user response code 200
  &amp#27;[32mAnd &amp#27;[0m&amp#27;[32mI receive valid DELETE user response code 200&amp#27;[0m            &amp#27;[90m# starter.stepdefinition.UserSteps.receiveValidDELETEresponseCode200()&amp#27;[0m
14:53:10.383 [main] INFO  -- 
  _____   ___   ___   _____     ___     _     ___   ___   ___   ___  
 |_   _| | __| / __| |_   _|   | _ \   /_\   / __| / __| | __| |   \ 
   | |   | _|  \__ \   | |     |  _/  / _ \  \__ \ \__ \ | _|  | |) |
   |_|   |___| |___/   |_|     |_|   /_/ \_\ |___/ |___/ |___| |___/ 

[Positive] - USER_DELETE existing user with valid id
----------------------------------------------------------------------
]]></system-out>
  </testcase>
  <testcase name="[Negative] - USER_DELETE existing user with invalid id" classname="User" time="0.79">
    <system-out><![CDATA[14:53:10.392 [Finalizer] DEBUG org.apache.http.impl.conn.DefaultClientConnection -- Connection 0.0.0.0:51025<->104.21.87.105:443 closed
14:53:10.392 [Finalizer] DEBUG org.apache.http.impl.conn.DefaultClientConnection -- Connection 0.0.0.0:51024<->104.21.87.105:443 closed

Scenario: [Negative] - USER_DELETE existing user with invalid id &amp#27;[90m# src/test/resources/User.feature:76&amp#27;[0m
14:53:10.393 [main] INFO io.cucumber.core.plugin.SerenityReporter -- Running feature from file:///D:/SEMESTER%205/All%20Section/Section%203%20-%20Code%20Competence/Code%20Competence%20KM%20QA%202/Weekly2/src/test/resources/User.feature
14:53:10.393 [main] WARN io.cucumber.core.plugin.SerenityReporter -- Feature from file:///D:/SEMESTER%205/All%20Section/Section%203%20-%20Code%20Competence/Code%20Competence%20KM%20QA%202/Weekly2/src/test/resources/User.feature is not under the 'features' directory. Requirements report will not be correctly generated!
14:53:10.394 [main] INFO  -- 
  _____   ___   ___   _____     ___   _____     _     ___   _____   ___   ___  
 |_   _| | __| / __| |_   _|   / __| |_   _|   /_\   | _ \ |_   _| | __| |   \ 
   | |   | _|  \__ \   | |     \__ \   | |    / _ \  |   /   | |   | _|  | |) |
   |_|   |___| |___/   |_|     |___/   |_|   /_/ \_\ |_|_\   |_|   |___| |___/ 

[Negative] - USER_DELETE existing user with invalid id(user;[negative]---user-delete-existing-user-with-invalid-id)
--------------------------------------------------------------------------------
14:53:10.397 [main] DEBUG net.thucydides.core.steps.StepInterceptor -- STARTING STEP: UserSteps.setDeleteUserInvalidEndpoint - I DELETE API user with invalid id endpoints
14:53:10.397 [main] DEBUG net.thucydides.core.steps.StepInterceptor -- STEP DONE: I DELETE API user with invalid id endpoints
  &amp#27;[32mGiven &amp#27;[0m&amp#27;[32mI DELETE API user with invalid id endpoints&amp#27;[0m              &amp#27;[90m# starter.stepdefinition.UserSteps.setDeleteUserInvalidEndpoint()&amp#27;[0m
14:53:10.398 [main] DEBUG net.thucydides.core.steps.StepInterceptor -- STARTING STEP: UserSteps.deleteUserInvalidRequest - I DELETE user HTTP request with invalid id
14:53:10.398 [main] DEBUG net.thucydides.core.steps.StepInterceptor -- STARTING STEP: User.deleteUserInvalidRequest - I DELETE API user with invalid id endpoints
14:53:10.398 [main] DEBUG net.thucydides.core.steps.StepInterceptor -- STEP DONE: I DELETE API user with invalid id endpoints
14:53:10.401 [main] DEBUG org.apache.http.impl.conn.BasicClientConnectionManager -- Get connection for route {s}->https://fakestoreapi.com:443
14:53:10.401 [main] DEBUG org.apache.http.impl.conn.DefaultClientConnectionOperator -- Connecting to fakestoreapi.com:443
14:53:10.465 [main] DEBUG org.apache.http.client.protocol.RequestAddCookies -- CookieSpec selected: ignoreCookies
14:53:10.465 [main] DEBUG org.apache.http.client.protocol.RequestAuthCache -- Auth cache not set in the context
14:53:10.465 [main] DEBUG org.apache.http.client.protocol.RequestTargetAuthentication -- Target auth state: UNCHALLENGED
14:53:10.465 [main] DEBUG org.apache.http.client.protocol.RequestProxyAuthentication -- Proxy auth state: UNCHALLENGED
14:53:10.465 [main] DEBUG org.apache.http.impl.client.DefaultHttpClient -- Attempt 1 to execute request
14:53:10.465 [main] DEBUG org.apache.http.impl.conn.DefaultClientConnection -- Sending request: DELETE /user/11 HTTP/1.1
14:53:10.465 [main] DEBUG org.apache.http.wire --  >> "DELETE /user/11 HTTP/1.1[\r][\n]"
14:53:10.465 [main] DEBUG org.apache.http.wire --  >> "Accept: */*[\r][\n]"
14:53:10.465 [main] DEBUG org.apache.http.wire --  >> "Host: fakestoreapi.com[\r][\n]"
14:53:10.465 [main] DEBUG org.apache.http.wire --  >> "Connection: Keep-Alive[\r][\n]"
14:53:10.465 [main] DEBUG org.apache.http.wire --  >> "User-Agent: Apache-HttpClient/4.5.13 (Java/17.0.8)[\r][\n]"
14:53:10.465 [main] DEBUG org.apache.http.wire --  >> "Accept-Encoding: gzip,deflate[\r][\n]"
14:53:10.465 [main] DEBUG org.apache.http.wire --  >> "[\r][\n]"
14:53:10.465 [main] DEBUG org.apache.http.headers -- >> DELETE /user/11 HTTP/1.1
14:53:10.465 [main] DEBUG org.apache.http.headers -- >> Accept: */*
14:53:10.465 [main] DEBUG org.apache.http.headers -- >> Host: fakestoreapi.com
14:53:10.465 [main] DEBUG org.apache.http.headers -- >> Connection: Keep-Alive
14:53:10.465 [main] DEBUG org.apache.http.headers -- >> User-Agent: Apache-HttpClient/4.5.13 (Java/17.0.8)
14:53:10.465 [main] DEBUG org.apache.http.headers -- >> Accept-Encoding: gzip,deflate
14:53:11.170 [main] DEBUG org.apache.http.wire --  << "HTTP/1.1 404 Not Found[\r][\n]"
14:53:11.170 [main] DEBUG org.apache.http.wire --  << "Date: Fri, 06 Oct 2023 07:53:12 GMT[\r][\n]"
14:53:11.170 [main] DEBUG org.apache.http.wire --  << "Content-Type: text/html; charset=utf-8[\r][\n]"
14:53:11.170 [main] DEBUG org.apache.http.wire --  << "Transfer-Encoding: chunked[\r][\n]"
14:53:11.170 [main] DEBUG org.apache.http.wire --  << "Connection: keep-alive[\r][\n]"
14:53:11.170 [main] DEBUG org.apache.http.wire --  << "Access-Control-Allow-Origin: *[\r][\n]"
14:53:11.170 [main] DEBUG org.apache.http.wire --  << "Content-Security-Policy: default-src 'none'[\r][\n]"
14:53:11.170 [main] DEBUG org.apache.http.wire --  << "X-Content-Type-Options: nosniff[\r][\n]"
14:53:11.170 [main] DEBUG org.apache.http.wire --  << "X-Powered-By: Express[\r][\n]"
14:53:11.170 [main] DEBUG org.apache.http.wire --  << "CF-Cache-Status: DYNAMIC[\r][\n]"
14:53:11.170 [main] DEBUG org.apache.http.wire --  << "Report-To: {"endpoints":[{"url":"https:\/\/a.nel.cloudflare.com\/report\/v3?s=bMbl8q05XbvwffUaE4rrArxJ2TLIcVha1ne8Agg3l56OL7vaV68B5ZnTs1v4CLvDpA0C9wJUQaJHplqz8Iqi1je4JhO13wRfHmHEGmURc%2BeHw1PV0nYOtevOPGmfzwhxjrdw"}],"group":"cf-nel","max_age":604800}[\r][\n]"
14:53:11.170 [main] DEBUG org.apache.http.wire --  << "NEL: {"success_fraction":0,"report_to":"cf-nel","max_age":604800}[\r][\n]"
14:53:11.170 [main] DEBUG org.apache.http.wire --  << "Server: cloudflare[\r][\n]"
14:53:11.170 [main] DEBUG org.apache.http.wire --  << "CF-RAY: 811c544718e63fe0-SIN[\r][\n]"
14:53:11.170 [main] DEBUG org.apache.http.wire --  << "Content-Encoding: gzip[\r][\n]"
14:53:11.170 [main] DEBUG org.apache.http.wire --  << "alt-svc: h3=":443"; ma=86400[\r][\n]"
14:53:11.170 [main] DEBUG org.apache.http.wire --  << "[\r][\n]"
14:53:11.170 [main] DEBUG org.apache.http.impl.conn.DefaultClientConnection -- Receiving response: HTTP/1.1 404 Not Found
14:53:11.170 [main] DEBUG org.apache.http.headers -- << HTTP/1.1 404 Not Found
14:53:11.170 [main] DEBUG org.apache.http.headers -- << Date: Fri, 06 Oct 2023 07:53:12 GMT
14:53:11.170 [main] DEBUG org.apache.http.headers -- << Content-Type: text/html; charset=utf-8
14:53:11.170 [main] DEBUG org.apache.http.headers -- << Transfer-Encoding: chunked
14:53:11.170 [main] DEBUG org.apache.http.headers -- << Connection: keep-alive
14:53:11.170 [main] DEBUG org.apache.http.headers -- << Access-Control-Allow-Origin: *
14:53:11.170 [main] DEBUG org.apache.http.headers -- << Content-Security-Policy: default-src 'none'
14:53:11.170 [main] DEBUG org.apache.http.headers -- << X-Content-Type-Options: nosniff
14:53:11.170 [main] DEBUG org.apache.http.headers -- << X-Powered-By: Express
14:53:11.170 [main] DEBUG org.apache.http.headers -- << CF-Cache-Status: DYNAMIC
14:53:11.170 [main] DEBUG org.apache.http.headers -- << Report-To: {"endpoints":[{"url":"https:\/\/a.nel.cloudflare.com\/report\/v3?s=bMbl8q05XbvwffUaE4rrArxJ2TLIcVha1ne8Agg3l56OL7vaV68B5ZnTs1v4CLvDpA0C9wJUQaJHplqz8Iqi1je4JhO13wRfHmHEGmURc%2BeHw1PV0nYOtevOPGmfzwhxjrdw"}],"group":"cf-nel","max_age":604800}
14:53:11.170 [main] DEBUG org.apache.http.headers -- << NEL: {"success_fraction":0,"report_to":"cf-nel","max_age":604800}
14:53:11.170 [main] DEBUG org.apache.http.headers -- << Server: cloudflare
14:53:11.170 [main] DEBUG org.apache.http.headers -- << CF-RAY: 811c544718e63fe0-SIN
14:53:11.170 [main] DEBUG org.apache.http.headers -- << Content-Encoding: gzip
14:53:11.170 [main] DEBUG org.apache.http.headers -- << alt-svc: h3=":443"; ma=86400
14:53:11.170 [main] DEBUG org.apache.http.impl.client.DefaultHttpClient -- Connection can be kept alive indefinitely
14:53:11.170 [main] DEBUG io.restassured.internal.RestAssuredHttpBuilder -- Parsing response as: text/html; charset=utf-8
14:53:11.170 [main] DEBUG org.apache.http.wire --  << "93[\r][\n]"
14:53:11.170 [main] DEBUG org.apache.http.wire --  << "[0x1f][0x8b][0x8][0x0][0x0][0x0][0x0][0x0][0x0][0x3],[0x8e][0xb1][0xe][0xc2]0[0xc]D[0xf7]|[0x85][0xc9][0x8e][0xac]n[0xc]n[0x96]6[0x1b][0x12][0xc]][0x18][\r]5[0x14])M*[0xd7][0x1d][0xf8]{[0x14][0xe8]t[0xba]{w[0xd2][0xd1][0xa1][0xbf]t[0xc3][0xed][0x1a]a[0xb2]9[0x5]GU q~[0xb5]^[0xb2][0xaf][0x81][0xf0][0x18][0x1c][0xcd]b[0xc][0x8f][0x89]u[0x15]k[0xfd]f[0xcf][0xe3][0xa9]R{[[0x92][0x10]U[0x8b][0x12][0xfe][0x8d]#[0xdc]7[0xf7]2~[0x82][0xa3]E%t[0x9c]s1[0xe8][0xe3]9[0xe][0x11]p[E[0xb1]i[0x8]+s[0x84]{[0x13]'[0xbe][0x0][0x0][0x0][0xff][0xff][0xe3][0x2][0x0][0x91]s[0x1b]~[0x95][0x0][0x0][0x0]"
14:53:11.170 [main] DEBUG org.apache.http.wire --  << "[\r][\n]"
14:53:11.170 [main] DEBUG org.apache.http.wire --  << "0[\r][\n]"
14:53:11.170 [main] DEBUG org.apache.http.wire --  << "[\r][\n]"
14:53:11.170 [main] DEBUG io.restassured.internal.RestAssuredHttpBuilder -- Parsed data to instance of: class org.apache.http.conn.EofSensorInputStream
14:53:11.171 [main] DEBUG org.apache.http.impl.conn.BasicClientConnectionManager -- Releasing connection org.apache.http.impl.conn.ManagedClientConnectionImpl@58fcb07b
14:53:11.171 [main] DEBUG org.apache.http.impl.conn.BasicClientConnectionManager -- Connection can be kept alive indefinitely
14:53:11.172 [main] DEBUG net.thucydides.core.steps.StepInterceptor -- STEP DONE: I DELETE user HTTP request with invalid id
  &amp#27;[32mWhen &amp#27;[0m&amp#27;[32mI DELETE user HTTP request with invalid id&amp#27;[0m                &amp#27;[90m# starter.stepdefinition.UserSteps.deleteUserInvalidRequest()&amp#27;[0m
14:53:11.173 [main] DEBUG net.thucydides.core.steps.StepInterceptor -- STARTING STEP: UserSteps.receiveInvalidDELETEresponseCode404 - I receive invalid DELETE user response code 404
14:53:11.173 [main] DEBUG net.thucydides.core.steps.StepInterceptor -- STEP DONE: I receive invalid DELETE user response code 404
  &amp#27;[32mAnd &amp#27;[0m&amp#27;[32mI receive invalid DELETE user response code 404&amp#27;[0m            &amp#27;[90m# starter.stepdefinition.UserSteps.receiveInvalidDELETEresponseCode404()&amp#27;[0m
14:53:11.174 [main] INFO  -- 
  _____   ___   ___   _____     ___     _     ___   ___   ___   ___  
 |_   _| | __| / __| |_   _|   | _ \   /_\   / __| / __| | __| |   \ 
   | |   | _|  \__ \   | |     |  _/  / _ \  \__ \ \__ \ | _|  | |) |
   |_|   |___| |___/   |_|     |_|   /_/ \_\ |___/ |___/ |___| |___/ 

[Negative] - USER_DELETE existing user with invalid id
----------------------------------------------------------------------
]]></system-out>
  </testcase>
</testsuite>